<?xml version="1.0" encoding="UTF-8"?>
<testsuite xmlns:xsi="http://www.w3.org/2001/XMLSchema-instance" xsi:noNamespaceSchemaLocation="https://maven.apache.org/surefire/maven-surefire-plugin/xsd/surefire-test-report-3.0.xsd" version="3.0" name="original.ByLengthTest" time="0.016" tests="64" errors="0" skipped="0" failures="0">
  <properties>
[...]
</properties>
  <testcase name="testByLength_EmptyArray_ReturnsEmptyList" classname="original.ByLengthTest" time="0.001"/>
  <testcase name="Empty_array_test" classname="original.ByLengthTest" time="0"/>
  <testcase name="testByLength_NumbersOutsideRange2" classname="original.ByLengthTest" time="0"/>
  <testcase name="testEmptyArray" classname="original.ByLengthTest" time="0"/>
  <testcase name="testByLength_WithEdgeCaseElementArray_ReturnsCorrectOutput" classname="original.ByLengthTest" time="0"/>
  <testcase name="testEdgeCaseMaxValue" classname="original.ByLengthTest" time="0"/>
  <testcase name="testByLength_SingleValidElement" classname="original.ByLengthTest" time="0"/>
  <testcase name="testByLength_with_input_containing_five_and_eight" classname="original.ByLengthTest" time="0"/>
  <testcase name="testByLength_NonIntegerElements_1" classname="original.ByLengthTest" time="0"/>
  <testcase name="testByLength_InvalidElements" classname="original.ByLengthTest" time="0.001"/>
  <testcase name="Multiple_elements_in_range_test_2" classname="original.ByLengthTest" time="0"/>
  <testcase name="testByLength_NullInputList" classname="original.ByLengthTest" time="0"/>
  <testcase name="testByLength_NullInput" classname="original.ByLengthTest" time="0.001"/>
  <testcase name="testByLength_NonIntegerElements" classname="original.ByLengthTest" time="0"/>
  <testcase name="testByLengthWithSingleDigitNumber" classname="original.ByLengthTest" time="0"/>
  <testcase name="testByLength_DuplicateValidElements" classname="original.ByLengthTest" time="0"/>
  <testcase name="TestByLength_MultipleInvalid" classname="original.ByLengthTest" time="0"/>
  <testcase name="testIgnoringOutOfRangeElements" classname="original.ByLengthTest" time="0"/>
  <testcase name="testByLengthWithOutOfRangeNumber" classname="original.ByLengthTest" time="0"/>
  <testcase name="testMultipleElementsInArray1" classname="original.ByLengthTest" time="0"/>
  <testcase name="testMultipleElementArray" classname="original.ByLengthTest" time="0"/>
  <testcase name="testByLength_AllInputsOutsideValidRange1" classname="original.ByLengthTest" time="0.001"/>
  <testcase name="testByLengthWithEmptyList" classname="original.ByLengthTest" time="0"/>
  <testcase name="testByLength_WithEmptyArray_ReturnsEmptyArray" classname="original.ByLengthTest" time="0"/>
  <testcase name="testByLength_InvalidIntegerValues_Fixed" classname="original.ByLengthTest" time="0"/>
  <testcase name="testByLength_NonIntegerElements_Fixed" classname="original.ByLengthTest" time="0"/>
  <testcase name="testByLength_with_input_containing_seven" classname="original.ByLengthTest" time="0"/>
  <testcase name="Elements_out_of_range_test" classname="original.ByLengthTest" time="0.001"/>
  <testcase name="testEmptyArray2" classname="original.ByLengthTest" time="0"/>
  <testcase name="testIgnoreNonIntegerValues" classname="original.ByLengthTest" time="0"/>
  <testcase name="testByLength_WithOutOfRangeElementArray_ReturnsEmptyArray" classname="original.ByLengthTest" time="0"/>
  <testcase name="testByLengthWithMultipleDigitNumbers" classname="original.ByLengthTest" time="0.001"/>
  <testcase name="testByLength_OutsideRange" classname="original.ByLengthTest" time="0"/>
  <testcase name="testByLength_SingleElementArray" classname="original.ByLengthTest" time="0"/>
  <testcase name="testMultipleElementsArray" classname="original.ByLengthTest" time="0"/>
  <testcase name="testByLength_NumbersOutsideRange" classname="original.ByLengthTest" time="0"/>
  <testcase name="testEdgeCaseInvalidInput" classname="original.ByLengthTest" time="0"/>
  <testcase name="testByLength_MixOfValidAndInvalidElements2" classname="original.ByLengthTest" time="0"/>
  <testcase name="Single_element_test" classname="original.ByLengthTest" time="0"/>
  <testcase name="testByLength_AllInputsOutsideValidRange" classname="original.ByLengthTest" time="0"/>
  <testcase name="TestByLength_HappyPath_SortedReversedArray_2" classname="original.ByLengthTest" time="0"/>
  <testcase name="testByLength_with_input_containing_six" classname="original.ByLengthTest" time="0"/>
  <testcase name="TestByLength_MultipleDigits_1" classname="original.ByLengthTest" time="0"/>
  <testcase name="testEdgeCaseTen" classname="original.ByLengthTest" time="0"/>
  <testcase name="testIgnoringNonIntegerElements" classname="original.ByLengthTest" time="0"/>
  <testcase name="testEdgeCaseMinValue" classname="original.ByLengthTest" time="0"/>
  <testcase name="testSingleElementArrayWithinRange" classname="original.ByLengthTest" time="0.001"/>
  <testcase name="testByLength_SingleElementArray_Fixed" classname="original.ByLengthTest" time="0.001"/>
  <testcase name="testIgnoringDuplicateElements" classname="original.ByLengthTest" time="0"/>
  <testcase name="testEdgeCaseZero" classname="original.ByLengthTest" time="0"/>
  <testcase name="testByLength_EmptyArray" classname="original.ByLengthTest" time="0"/>
  <testcase name="testSingleElementArray" classname="original.ByLengthTest" time="0"/>
  <testcase name="testSingleElementArrayUniqueId" classname="original.ByLengthTest" time="0"/>
  <testcase name="TestByLength_SingleElementArray_1" classname="original.ByLengthTest" time="0"/>
  <testcase name="testByLength_WithNonIntegerElementArray_ReturnsCorrectOutput" classname="original.ByLengthTest" time="0"/>
  <testcase name="testNothing" classname="original.ByLengthTest" time="0"/>
  <testcase name="testByLength_EmptyArray_Fixed" classname="original.ByLengthTest" time="0"/>
  <testcase name="testByLength_SortAndReverseWithDuplicateInputs" classname="original.ByLengthTest" time="0"/>
  <testcase name="testByLength_NonIntegerElements_Fixed_1" classname="original.ByLengthTest" time="0"/>
  <testcase name="testByLength_OutOfRangeElements" classname="original.ByLengthTest" time="0"/>
  <testcase name="testByLength_WithSingleElementArray_ReturnsCorrectOutput" classname="original.ByLengthTest" time="0"/>
  <testcase name="TestByLength_NoValidDigits" classname="original.ByLengthTest" time="0"/>
  <testcase name="testByLength_WithDuplicateElementArray_ReturnsCorrectOutput" classname="original.ByLengthTest" time="0"/>
  <testcase name="testByLength_MultipleElementsArray" classname="original.ByLengthTest" time="0"/>
</testsuite>