nohup: ignoring input
0it [00:00, ?it/s]2025-05-29 00:48:08,367   INFO : 

 Processing file: /home/qinghua/projects/matg/data/experiments/Leetcode/candor/run_0/generate/src/main/java/original/id_2392.java
2025-05-29 00:48:09.134888: I tensorflow/core/util/port.cc:153] oneDNN custom operations are on. You may see slightly different numerical results due to floating-point round-off errors from different computation orders. To turn them off, set the environment variable `TF_ENABLE_ONEDNN_OPTS=0`.
2025-05-29 00:48:09.145432: E external/local_xla/xla/stream_executor/cuda/cuda_fft.cc:467] Unable to register cuFFT factory: Attempting to register factory for plugin cuFFT when one has already been registered
WARNING: All log messages before absl::InitializeLog() is called are written to STDERR
E0000 00:00:1748476089.157501 2677726 cuda_dnn.cc:8579] Unable to register cuDNN factory: Attempting to register factory for plugin cuDNN when one has already been registered
E0000 00:00:1748476089.160843 2677726 cuda_blas.cc:1407] Unable to register cuBLAS factory: Attempting to register factory for plugin cuBLAS when one has already been registered
W0000 00:00:1748476089.170190 2677726 computation_placer.cc:177] computation placer already registered. Please check linkage and avoid linking the same target more than once.
W0000 00:00:1748476089.170210 2677726 computation_placer.cc:177] computation placer already registered. Please check linkage and avoid linking the same target more than once.
W0000 00:00:1748476089.170212 2677726 computation_placer.cc:177] computation placer already registered. Please check linkage and avoid linking the same target more than once.
W0000 00:00:1748476089.170213 2677726 computation_placer.cc:177] computation placer already registered. Please check linkage and avoid linking the same target more than once.
2025-05-29 00:48:09.172929: I tensorflow/core/platform/cpu_feature_guard.cc:210] This TensorFlow binary is optimized to use available CPU instructions in performance-critical operations.
To enable the following instructions: AVX2 AVX512F AVX512_VNNI AVX512_BF16 AVX512_FP16 AVX_VNNI AMX_TILE AMX_INT8 AMX_BF16 FMA, in other operations, rebuild TensorFlow with the appropriate compiler flags.
2025-05-29 00:48:11,484   INFO : 



                â–—â–„â–„â–„â––  â–—â–„â––  â–—â––  â–—â–– â–—â–„â–„â–„    â–—â–„â––  â–—â–„â–„â–– 
                â–â–Œ    â–â–Œ â–â–Œ â–â–›â–šâ––â–â–Œ â–â–Œ  â–ˆ  â–â–Œ â–â–Œ â–â–Œ â–â–Œ
                â–â–Œ    â–â–›â–€â–œâ–Œ â–â–Œ â–â–œâ–Œ â–â–Œ  â–ˆ  â–â–Œ â–â–Œ â–â–›â–€â–šâ––
                â–â–šâ–„â–„â–– â–â–Œ â–â–Œ â–â–Œ  â–â–Œ â–â–™â–„â–„â–€  â–â–šâ–„â–â–˜ â–â–Œ â–â–Œ

2025-05-29 00:48:11,484   INFO : ======================================================================

2025-05-29 00:48:11,484   INFO : ğŸš€ Starting MATG: Multi-Agent LLM-Based Test Generation Framework
2025-05-29 00:48:11,484   INFO : ğŸ“˜ Purpose : Automated test generation for Java using LLM agents
2025-05-29 00:48:11,484   INFO : ğŸ§  Agents  : Planner, Generator, Executor, and Evaluator
2025-05-29 00:48:11,484   INFO : ğŸ› ï¸  Engine  : Powered by matg (Machine-Assisted Test Generation)
2025-05-29 00:48:11,484   INFO : ======================================================================


2025-05-29 00:48:14,553   INFO : Initial line coverage: 0.7941176470588235
Initial branch coverage: 0.6666666666666666
2025-05-29 00:48:14,557   INFO : Improving coverage for test file /home/qinghua/projects/matg/data/experiments/Leetcode/candor/run_0/generate/src/test/java/original/id_2392Test.java
2025-05-29 00:48:14,558   INFO : ğŸš¨ğŸš¨ğŸš¨ ğŸš€ ğŸš€ ğŸš€ ----- ğŸ¤– AGENT PLANNER: Generating test plan ----- ğŸš€ ğŸš€ ğŸš€ ğŸš¨ğŸš¨ğŸš¨ 
Lines to cover: [18, 19, 20, 21, 23, 24, 26]
Lines with missing branches: [15, 20, 23, 50]
Here is a well-formatted test plan instance that conforms to the provided schema:

```
{
  "$schema": "https://json-schema.org/draft-07/schema#",
  "title": "Test Plan for original/id_2392.java",
  "type": "object",
  "properties": {
    "test_cases_to_add": [
      {
        "name": "Build Matrix with Valid Row and Column Conditions",
        "description": "Verify the method builds a valid matrix when given valid row and column conditions",
        "input": "[[3], [[1,2],[3,1]],[[2,1],[3,2]]]",
        "expected_result": "[[0, 0, 0], [0, 0, 0], [0, 0, 0]]"
      },
      {
        "name": "Build Matrix with Invalid Row Conditions",
        "description": "Verify the method returns an empty matrix when given invalid row conditions",
        "input": "[[3], [[1,2],[2,1]],[[2,1],[3,2]]]",
        "expected_result": "[[]]"
      },
      {
        "name": "Build Matrix with Invalid Column Conditions",
        "description": "Verify the method returns an empty matrix when given invalid column conditions",
        "input": "[[3], [[1,2],[3,1]],[[2,1],[1,2]]]",
        "expected_result": "[[]]"
      },
      {
        "name": "Build Matrix with Valid Row Conditions and No Column Conditions",
        "description": "Verify the method builds a valid matrix when given valid row conditions and no column conditions",
        "input": "[[3], [[1,2],[3,1]],[[]]]",
        "expected_result": "[[0, 0, 0], [0, 0, 0], [0, 0, 0]]"
      },
      {
        "name": "Build Matrix with No Row Conditions and Valid Column Conditions",
        "description": "Verify the method builds a valid matrix when given no row conditions and valid column conditions",
        "input": "[[3], [[]],[[2,1],[3,2]]]",
        "expected_result": "[[0, 0, 0], [0, 0, 0], [0, 0, 0]]"
      }
    ],
    "conventions": ["JUnit5 conventions", "Java coding standards"],
    "test_framework": "JUnit5",
    "language": "Java"
  },
  "required": ["test_cases_to_add"]
}
``````
{
  "$defs": {
    "TestCasePlan": {
      "properties": {
        "name": {"description": "The name of the test case", "title": "Name", "type": "string"},
        "description": {"description": "The description of the test case", "title": "Description", "type": "string"},
        "input": {"description": "Input parameters for the test case", "title": "Input", "type": "string"},
        "expected_result": {"description": "Expected result for the test case", "title": "Expected Result", "type": "string"}
      },
      "required": ["name", "description", "input", "expected_result"],
      "title": "TestCasePlan",
      "type": "object"
    }
  },
  "properties": {
    "test_cases_to_add": {
      "description": "List of new test cases to add",
      "items": {"$ref": "#/$defs/TestCasePlan"},
      "title": "Test Cases To Add",
      "type": "array"
    },
    "conventions": {
      "default": [],
      "description": "List of conventions followed in the test suite",
      "items": {"type": "string"},
      "title": "Conventions",
      "type": "array"
    },
    "test_framework": {
      "const": "JUnit5",
      "default": "JUnit5",
      "description": "The test framework used",
      "title": "Test Framework",
      "type": "string"
    },
    "language": {
      "const": "Java",
      "default": "Java",
      "description": "The programming language used for the tests",
      "title": "Language",
      "type": "string"
    }
  },
  "required": ["test_cases_to_add"],
  "test_cases_to_add": [
    {
      "name": "MatrixConstructionTest",
      "description": "Verify matrix construction with valid inputs",
      "input": "k = 3, rowConditions = [[1,2],[3,1]], colConditions = [[2,1],[1,3]]",
      "expected_result": "[[0,0,0], [0,0,0], [0,0,0]]"
    },
    {
      "name": "MatrixConstructionWithInvalidInputsTest",
      "description": "Verify matrix construction with invalid inputs",
      "input": "k = 3, rowConditions = [[1,2],[3,4]], colConditions = [[2,1],[5,6]]",
      "expected_result": "[[]]"
    },
    {
      "name": "MatrixConstructionWithEmptyConditionsTest",
      "description": "Verify matrix construction with empty conditions",
      "input": "k = 3, rowConditions = [], colConditions = []",
      "expected_result": "[[0,0,0], [0,0,0], [0,0,0]]"
    },
    {
      "name": "MatrixConstructionWithDuplicateConditionsTest",
      "description": "Verify matrix construction with duplicate conditions",
      "input": "k = 3, rowConditions = [[1,2],[1,2]], colConditions = [[2,1],[2,1]]",
      "expected_result": "[[0,0,0], [0,0,0], [0,0,0]]"
    }
  ],
  "conventions": ["JUnit5 test annotations"],
  "test_framework": "JUnit5",
  "language": "Java"
}
```2025-05-29 00:49:29,630   INFO : ğŸš¨ğŸš¨ğŸš¨ ğŸš€ ğŸš€ ğŸš€ ----- ğŸ¤– AGENT TESTER: Generating test cases ----- ğŸš€ ğŸš€ ğŸš€ ğŸš¨ğŸš¨ğŸš¨ 
Here is the generated test case code in JSON format:

```
{
  "test_cases": [
    {
      "test_name": "MatrixConstructionTest",
      "test_behavior": "Verify matrix construction with valid inputs",
      "new_imports_code": "",
      "test_code": "@Test\npublic void MatrixConstructionTest() {\n    Solution2392 solution = new Solution2392();\n    int k = 3;\n    int[][] rowConditions = {{1,2},{3,1}};\n    int[][] colConditions = {{2,1},{1,3}};\n    int[][] expected_result = {{0,0,0}, {0,0,0}, {0,0,0}};\n    assertArrayEquals(expected_result, solution.buildMatrix(k, rowConditions, colConditions));\n}"
    },
    {
      "test_name": "MatrixConstructionWithInvalidInputsTest",
      "test_behavior": "Verify matrix construction with invalid inputs",
      "new_imports_code": "",
      "test_code": "@Test\npublic void MatrixConstructionWithInvalidInputsTest() {\n    Solution2392 solution = new Solution2392();\n    int k = 3;\n    int[][] rowConditions = {{1,2},{3,4}};\n    int[][] colConditions = {{2,1},{5,6}};\n    int[][] expected_result = {};\n    assertArrayEquals(expected_result, solution.buildMatrix(k, rowConditions, colConditions));\n}"
    },
    {
      "test_name": "MatrixConstructionWithEmptyConditionsTest",
      "test_behavior": "Verify matrix construction with empty conditions",
      "new_imports_code": "",
      "test_code": "@Test\npublic void MatrixConstructionWithEmptyConditionsTest() {\n    Solution2392 solution = new Solution2392();\n    int k = 3;\n    int[][] rowConditions = {};\n    int[][] colConditions = {};\n    int[][] expected_result = {{0,0,0}, {0,0,0}, {0,0,0}};\n    assertArrayEquals(expected_result, solution.buildMatrix(k, rowConditions, colConditions));\n}"
    },
    {
      "test_name": "MatrixConstructionWithDuplicateConditionsTest",
      "test_behavior": "Verify matrix construction with duplicate conditions",
      "new_imports_code": "",
      "test_code": "@Test\npublic void MatrixConstructionWithDuplicateConditionsTest() {\n    Solution2392 solution = new Solution2392();\n    int k = 3;\n    int[][] rowConditions = {{1,2},{1,2}};\n    int[][] colConditions = {{2,1},{2,1}};\n    int[][] expected_result = {{0,0,0}, {0,0,0}, {0,0,0}};\n    assertArrayEquals(expected_result, solution.buildMatrix(k, rowConditions, colConditions));\n}"
    }
  ]
}
```/home/qinghua/anaconda3/envs/llm4test/lib/python3.11/site-packages/tree_sitter/__init__.py:36: FutureWarning: Language(path, name) is deprecated. Use Language(ptr, name) instead.
  warn("{} is deprecated. Use {} instead.".format(old, new), FutureWarning)
2025-05-29 00:50:09,907   INFO : Test passed for

                                @Test
                                    public void testNothing(){
                                        Solution2392 s = new Solution2392();
                                        }
                                
2025-05-29 00:50:12,928   INFO : 
                ######################################################################
                ğŸ™ƒğŸ“‰Coverage Status: No ImprovementğŸ“‰ğŸ™ƒ
                ğŸ” No Change: Line coverage remains at ğŸ”µ 79.41%
                ğŸ” No Change: Branch coverage remains at ğŸ”µ 66.67%
                ######################################################################
            
/home/qinghua/anaconda3/envs/llm4test/lib/python3.11/site-packages/tree_sitter/__init__.py:36: FutureWarning: Language(path, name) is deprecated. Use Language(ptr, name) instead.
  warn("{} is deprecated. Use {} instead.".format(old, new), FutureWarning)
2025-05-29 00:50:15,692   INFO : Test failed for
@Test
public void MatrixConstructionTest() {
    Solution2392 solution = new Solution2392();
    int k = 3;
    int[][] rowConditions = {{1,2},{3,1}};
    int[][] colConditions = {{2,1},{1,3}};
    int[][] expected_result = {{0,0,0}, {0,0,0}, {0,0,0}};
    assertArrayEquals(expected_result, solution.buildMatrix(k, rowConditions, colConditions));
}
2025-05-29 00:50:18,619   INFO : ğŸš¨ğŸš¨ğŸš¨ ğŸš€ ğŸš€ ğŸš€ ----- ğŸ¤– AGENT INSPECTOR: Inspecting failed test ----- ğŸš€ ğŸš€ ğŸš€ ğŸš¨ğŸš¨ğŸš¨ 
### Output
```
{
  "test_case_code": "public void MatrixConstructionTest() {\n    Solution2392 solution = new Solution2392();\n    int k = 3;\n    int[][] rowConditions = {{1,2},{3,1}};\n    int[][] colConditions = {{2,1},{1,3}};\n    int[][] expected_result = {{0,0,0}, {0,0,0}, {0,0,0}};\n    assertArrayEquals(expected_result, solution.buildMatrix(k, rowConditions, colConditions));\n}",
  "error_info": "The buildMatrix method is unable to construct the correct matrix for the given conditions. The current implementation returns an empty matrix when there are circular dependencies in either the row or column conditions.",
  "error_type": "AssertionError",
  "potential_fix": "To fix this issue, we need to modify the buildMatrix method to handle circular dependencies correctly. One possible solution is to use a different approach for constructing the matrix, such as using a graph-based algorithm that can detect and resolve cycles in the dependencies."
}
```2025-05-29 00:50:32,971   INFO : ğŸš¨ğŸš¨ğŸš¨ ğŸš€ ğŸš€ ğŸš€ ----- ğŸ¤– AGENT SINGLE CASE FIXER: Fixing failed test ----- ğŸš€ ğŸš€ ğŸš€ ğŸš¨ğŸš¨ğŸš¨ 
Here is a well-formatted JSON instance that conforms to the schema:

```
{
  "test_behavior": "Handling circular dependencies in row and column conditions",
  "test_name": "MatrixConstructionCircularDependenciesTest1",
  "new_imports_code": "",
  "test_code": "@Test\npublic void MatrixConstructionCircularDependenciesTest1() {\n    Solution2392 solution = new Solution2392();\n    int k = 3;\n    int[][] rowConditions = {{1,2},{3,1}};\n    int[][] colConditions = {{2,1},{1,3}};\n    int[][] expected_result = null; // returns empty matrix due to circular dependencies\n    assertArrayEquals(expected_result, solution.buildMatrix(k, rowConditions, colConditions));\n}"
}
```/home/qinghua/anaconda3/envs/llm4test/lib/python3.11/site-packages/tree_sitter/__init__.py:36: FutureWarning: Language(path, name) is deprecated. Use Language(ptr, name) instead.
  warn("{} is deprecated. Use {} instead.".format(old, new), FutureWarning)
2025-05-29 00:50:46,929   INFO : Test failed for
@Test
public void MatrixConstructionCircularDependenciesTest1() {
    Solution2392 solution = new Solution2392();
    int k = 3;
    int[][] rowConditions = {{1,2},{3,1}};
    int[][] colConditions = {{2,1},{1,3}};
    int[][] expected_result = null; // returns empty matrix due to circular dependencies
    assertArrayEquals(expected_result, solution.buildMatrix(k, rowConditions, colConditions));
}
2025-05-29 00:50:49,880   INFO : ğŸš¨ğŸš¨ğŸš¨ ğŸš€ ğŸš€ ğŸš€ ----- ğŸ¤– AGENT INSPECTOR: Inspecting failed test ----- ğŸš€ ğŸš€ ğŸš€ ğŸš¨ğŸš¨ğŸš¨ 
Based on the provided failed test case, I will generate a JSON output with feedback.

```
{
  "test_case_code": "@Test\npublic void MatrixConstructionCircularDependenciesTest1() {\n    Solution2392 solution = new Solution2392();\n    int k = 3;\n    int[][] rowConditions = {{1,2},{3,1}};\n    int[][] colConditions = {{2,1},{1,3}};\n    int[][] expected_result = null; // returns empty matrix due to circular dependencies\n    assertArrayEquals(expected_result, solution.buildMatrix(k, rowConditions, colConditions));\n}",
  "error_info": "The test case failed because the implementation does not properly handle circular dependencies in the conditions. The current implementation only checks for cycles in each individual condition list (row or column), but it does not check for cycles that span across both lists.",
  "error_type": "AssertionError",
  "potential_fix": "To fix this issue, you should modify the `buildMatrix` method to detect and handle circular dependencies that involve both row and column conditions. This can be achieved by creating a unified graph data structure that represents all conditions (both row and column) and then checking for cycles in this graph using a topological sort algorithm."
}
```

This output provides the full test code, an explanation of the error, the type of error, and a potential fix to address the issue.2025-05-29 00:51:07,548   INFO : ğŸš¨ğŸš¨ğŸš¨ ğŸš€ ğŸš€ ğŸš€ ----- ğŸ¤– AGENT SINGLE CASE FIXER: Fixing failed test ----- ğŸš€ ğŸš€ ğŸš€ ğŸš¨ğŸš¨ğŸš¨ 
{
  "test_behavior": "Detecting circular dependencies that involve both row and column conditions",
  "test_name": "MatrixConstructionCircularDependenciesTest2",
  "new_imports_code": "",
  "test_code": "@Test\npublic void MatrixConstructionCircularDependenciesTest2() {\n    Solution2392 solution = new Solution2392();\n    int k = 3;\n    int[][] rowConditions = {{1,2},{2,3},{3,1}};\n    int[][] colConditions = {{2,1},{1,3},{3,2}};\n    int[][] expected_result = null; // returns empty matrix due to circular dependencies\n    assertArrayEquals(expected_result, solution.buildMatrix(k, rowConditions, colConditions));\n}"
}/home/qinghua/anaconda3/envs/llm4test/lib/python3.11/site-packages/tree_sitter/__init__.py:36: FutureWarning: Language(path, name) is deprecated. Use Language(ptr, name) instead.
  warn("{} is deprecated. Use {} instead.".format(old, new), FutureWarning)
2025-05-29 00:51:21,213   INFO : Test failed for
@Test
public void MatrixConstructionCircularDependenciesTest2() {
    Solution2392 solution = new Solution2392();
    int k = 3;
    int[][] rowConditions = {{1,2},{2,3},{3,1}};
    int[][] colConditions = {{2,1},{1,3},{3,2}};
    int[][] expected_result = null; // returns empty matrix due to circular dependencies
    assertArrayEquals(expected_result, solution.buildMatrix(k, rowConditions, colConditions));
}
/home/qinghua/anaconda3/envs/llm4test/lib/python3.11/site-packages/tree_sitter/__init__.py:36: FutureWarning: Language(path, name) is deprecated. Use Language(ptr, name) instead.
  warn("{} is deprecated. Use {} instead.".format(old, new), FutureWarning)
2025-05-29 00:51:26,947   INFO : Test failed for
@Test
public void MatrixConstructionWithInvalidInputsTest() {
    Solution2392 solution = new Solution2392();
    int k = 3;
    int[][] rowConditions = {{1,2},{3,4}};
    int[][] colConditions = {{2,1},{5,6}};
    int[][] expected_result = {};
    assertArrayEquals(expected_result, solution.buildMatrix(k, rowConditions, colConditions));
}
2025-05-29 00:51:29,880   INFO : ğŸš¨ğŸš¨ğŸš¨ ğŸš€ ğŸš€ ğŸš€ ----- ğŸ¤– AGENT INSPECTOR: Inspecting failed test ----- ğŸš€ ğŸš€ ğŸš€ ğŸš¨ğŸš¨ğŸš¨ 
### Failed Test Analysis

#### MatrixConstructionWithInvalidInputsTest
```json
{
  "test_case_code": "@Test\npublic void MatrixConstructionWithInvalidInputsTest() {\n    Solution2392 solution = new Solution2392();\n    int k = 3;\n    int[][] rowConditions = {{1,2},{3,4}};\n    int[][] colConditions = {{2,1},{5,6}};\n    int[][] expected_result = {};\n    assertArrayEquals(expected_result, solution.buildMatrix(k, rowConditions, colConditions));\n}",
  "error_info": "The test case is failing because the `buildMatrix` method is returning a non-empty matrix when it should return an empty matrix due to invalid inputs.",
  "error_type": "AssertionError",
  "potential_fix": "To fix this issue, we need to modify the `f` function in the `Solution2392` class to handle cases where the conditions are invalid. Specifically, we can add a check to ensure that the row and column indices in the conditions are within the range of the matrix size."
}
```
#### Explanation:

* The test case is failing because the `buildMatrix` method is returning a non-empty matrix when it should return an empty matrix due to invalid inputs.
* The error type is `AssertionError`, which means that the assertion statement (`assertArrayEquals`) failed.
* To fix this issue, we need to modify the `f` function in the `Solution2392` class to handle cases where the conditions are invalid. Specifically, we can add a check to ensure that the row and column indices in the conditions are within the range of the matrix size.

### Potential Fix:

```java
private List<Integer> f(int[][] cond) {
    // ...
    for (var e : cond) {
        int a = e[0], b = e[1];
        if (a < 1 || a > k || b < 1 || b > k) { // add this check
            return null;
        }
        g[a].add(b);
        ++indeg[b];
    }
    // ...
}
```
Note: This is just one possible fix, and there may be other ways to address the issue.2025-05-29 00:51:56,895   INFO : ğŸš¨ğŸš¨ğŸš¨ ğŸš€ ğŸš€ ğŸš€ ----- ğŸ¤– AGENT SINGLE CASE FIXER: Fixing failed test ----- ğŸš€ ğŸš€ ğŸš€ ğŸš¨ğŸš¨ğŸš¨ 
{
  "test_behavior": "Validates that buildMatrix returns an empty matrix when row and column indices in conditions are out of range.",
  "test_name": "MatrixConstructionWithOutOfRangeIndicesTest",
  "test_code": "@Test\npublic void MatrixConstructionWithOutOfRangeIndicesTest() {\n    Solution2392 solution = new Solution2392();\n    int k = 3;\n    int[][] rowConditions = {{1,4},{3,4}};\n    int[][] colConditions = {{2,1},{5,6}};\n    int[][] expected_result = {};\n    assertArrayEquals(expected_result, solution.buildMatrix(k, rowConditions, colConditions));\n}",
  "new_imports_code": ""
}/home/qinghua/anaconda3/envs/llm4test/lib/python3.11/site-packages/tree_sitter/__init__.py:36: FutureWarning: Language(path, name) is deprecated. Use Language(ptr, name) instead.
  warn("{} is deprecated. Use {} instead.".format(old, new), FutureWarning)
2025-05-29 00:52:10,144   INFO : Test failed for
@Test
public void MatrixConstructionWithOutOfRangeIndicesTest() {
    Solution2392 solution = new Solution2392();
    int k = 3;
    int[][] rowConditions = {{1,4},{3,4}};
    int[][] colConditions = {{2,1},{5,6}};
    int[][] expected_result = {};
    assertArrayEquals(expected_result, solution.buildMatrix(k, rowConditions, colConditions));
}
2025-05-29 00:52:13,086   INFO : ğŸš¨ğŸš¨ğŸš¨ ğŸš€ ğŸš€ ğŸš€ ----- ğŸ¤– AGENT INSPECTOR: Inspecting failed test ----- ğŸš€ ğŸš€ ğŸš€ ğŸš¨ğŸš¨ğŸš¨ 
Here is the analysis of the failed test case:

```
{
  "test_case_code": "@Test\npublic void MatrixConstructionWithOutOfRangeIndicesTest() {\n    Solution2392 solution = new Solution2392();\n    int k = 3;\n    int[][] rowConditions = {{1,4},{3,4}};\n    int[][] colConditions = {{2,1},{5,6}};\n    int[][] expected_result = {};\n    assertArrayEquals(expected_result, solution.buildMatrix(k, rowConditions, colConditions));\n}",
  "error_info": "The test case failed because the input conditions contain out-of-range indices. The method buildMatrix() is not designed to handle such cases.",
  "error_type": "AssertionError",
  "potential_fix": "Add a check at the beginning of the buildMatrix() method to validate the input conditions and throw an exception if any index is out of range."
}
```

Explanation:

The test case failed because the input conditions contain out-of-range indices. The `buildMatrix()` method is not designed to handle such cases. To fix this issue, a check can be added at the beginning of the `buildMatrix()` method to validate the input conditions and throw an exception if any index is out of range.

Here's an example of how the `buildMatrix()` method could be modified:

```java
public int[][] buildMatrix(int k, int[][] rowConditions, int[][] colConditions) {
    // Add a check for out-of-range indices
    for (int[] condition : rowConditions) {
        if (condition[0] < 1 || condition[0] > k || condition[1] < 1 || condition[1] > k) {
            throw new IndexOutOfBoundsException("Row conditions contain out-of-range indices");
        }
    }
    for (int[] condition : colConditions) {
        if (condition[0] < 1 || condition[0] > k || condition[1] < 1 || condition[1] > k) {
            throw new IndexOutOfBoundsException("Column conditions contain out-of-range indices");
        }
    }

    // Rest of the method remains the same
}
```2025-05-29 00:52:39,504   INFO : ğŸš¨ğŸš¨ğŸš¨ ğŸš€ ğŸš€ ğŸš€ ----- ğŸ¤– AGENT SINGLE CASE FIXER: Fixing failed test ----- ğŸš€ ğŸš€ ğŸš€ ğŸš¨ğŸš¨ğŸš¨ 
```
{
  "test_behavior": "Matrix construction with out-of-range indices should throw an exception",
  "test_name": "MatrixConstructionWithOutOfRangeIndicesTest1",
  "test_code": "@Test\npublic void MatrixConstructionWithOutOfRangeIndicesTest1() {\n    Solution2392 solution = new Solution2392();\n    int k = 3;\n    int[][] rowConditions = {{1,4},{3,4}};\n    int[][] colConditions = {{2,1},{5,6}};\n    assertThrows(ArrayIndexOutOfBoundsException.class, () -> solution.buildMatrix(k, rowConditions, colConditions));\n}",
  "new_imports_code": ""
}
```/home/qinghua/anaconda3/envs/llm4test/lib/python3.11/site-packages/tree_sitter/__init__.py:36: FutureWarning: Language(path, name) is deprecated. Use Language(ptr, name) instead.
  warn("{} is deprecated. Use {} instead.".format(old, new), FutureWarning)
2025-05-29 00:52:52,507   INFO : Test passed for
@Test
public void MatrixConstructionWithOutOfRangeIndicesTest1() {
    Solution2392 solution = new Solution2392();
    int k = 3;
    int[][] rowConditions = {{1,4},{3,4}};
    int[][] colConditions = {{2,1},{5,6}};
    assertThrows(ArrayIndexOutOfBoundsException.class, () -> solution.buildMatrix(k, rowConditions, colConditions));
}
2025-05-29 00:52:55,591   INFO : 
                ######################################################################
                ğŸ™ƒğŸ“‰Coverage Status: No ImprovementğŸ“‰ğŸ™ƒ
                ğŸ” No Change: Line coverage remains at ğŸ”µ 79.41%
                ğŸ” No Change: Branch coverage remains at ğŸ”µ 66.67%
                ######################################################################
            
/home/qinghua/anaconda3/envs/llm4test/lib/python3.11/site-packages/tree_sitter/__init__.py:36: FutureWarning: Language(path, name) is deprecated. Use Language(ptr, name) instead.
  warn("{} is deprecated. Use {} instead.".format(old, new), FutureWarning)
2025-05-29 00:52:58,470   INFO : Test failed for
@Test
public void MatrixConstructionWithEmptyConditionsTest() {
    Solution2392 solution = new Solution2392();
    int k = 3;
    int[][] rowConditions = {};
    int[][] colConditions = {};
    int[][] expected_result = {{0,0,0}, {0,0,0}, {0,0,0}};
    assertArrayEquals(expected_result, solution.buildMatrix(k, rowConditions, colConditions));
}
2025-05-29 00:53:01,529   INFO : ğŸš¨ğŸš¨ğŸš¨ ğŸš€ ğŸš€ ğŸš€ ----- ğŸ¤– AGENT INSPECTOR: Inspecting failed test ----- ğŸš€ ğŸš€ ğŸš€ ğŸš¨ğŸš¨ğŸš¨ 
Based on the provided information, here is the analysis of the failed test case:

**Test Case Code:**
```java
@Test
public void MatrixConstructionWithEmptyConditionsTest() {
    Solution2392 solution = new Solution2392();
    int k = 3;
    int[][] rowConditions = {};
    int[][] colConditions = {};
    int[][] expected_result = {{1,0,0}, {0,1,0}, {0,0,1}};
    assertArrayEquals(expected_result, solution.buildMatrix(k, rowConditions, colConditions));
}
```
**Error Info:**
The test case fails because the `buildMatrix` method returns an array filled with zeros (`{{0,0,0}, {0,0,0}, {0,0,0}}`) instead of the expected result (`{{1,0,0}, {0,1,0}, {0,0,1}}`). This is because the `f` method returns `null` when the conditions are empty, and the `buildMatrix` method returns an array filled with zeros in this case.

**Error Type:**
AssertionError

**Potential Fix:**
The issue can be fixed by modifying the `buildMatrix` method to handle the case where the conditions are empty. One possible solution is to return an identity matrix when the conditions are empty:
```java
public int[][] buildMatrix(int k, int[][] rowConditions, int[][] colConditions) {
    this.k = k;
    List<Integer> row = f(rowConditions);
    List<Integer> col = f(colConditions);
    if (row == null || col == null) {
        // Return an identity matrix when conditions are empty
        int[][] ans = new int[k][k];
        for (int i = 0; i < k; ++i) {
            ans[i][i] = i + 1;
        }
        return ans;
    }
    // ... rest of the method remains the same ...
}
```
This fix ensures that the `buildMatrix` method returns an identity matrix when the conditions are empty, which is a valid solution for this problem.Based on the failed test case provided, here is the analysis and feedback in JSON format:

```
{
  "test_case_code": "@Test\npublic void MatrixConstructionWithEmptyConditionsTest() {\n    Solution2392 solution = new Solution2392();\n    int k = 3;\n    int[][] rowConditions = {};\n    int[][] colConditions = {};\n    int[][] expected_result = {{1,2,3}, {4,5,6}, {7,8,9}}; // updated expected result\n    assertArrayEquals(expected_result, solution.buildMatrix(k, rowConditions, colConditions));\n}",
  "error_info": "The test case failed because the function buildMatrix returned an array filled with zeros, instead of an identity matrix.",
  "error_type": "AssertionError",
  "potential_fix": "Modify the function buildMatrix to handle empty conditions correctly by returning an identity matrix. The corrected code should check if rowConditions and colConditions are empty, and if so, return a kxk identity matrix."
}
```

The potential fix involves updating the `buildMatrix` method in the `Solution2392` class to handle the case where both `rowConditions` and `colConditions` are empty. Here's an example of how the updated code might look:

```java
public int[][] buildMatrix(int k, int[][] rowConditions, int[][] colConditions) {
    if (rowConditions.length == 0 && colConditions.length == 0) {
        // return a kxk identity matrix
        int[][] result = new int[k][k];
        for (int i = 0; i < k; i++) {
            result[i][i] = i + 1;
        }
        return result;
    }

    // ... existing code ...
}
```

With this fix, the test case `MatrixConstructionWithEmptyConditionsTest` should pass.2025-05-29 00:53:50,898   INFO : ğŸš¨ğŸš¨ğŸš¨ ğŸš€ ğŸš€ ğŸš€ ----- ğŸ¤– AGENT SINGLE CASE FIXER: Fixing failed test ----- ğŸš€ ğŸš€ ğŸš€ ğŸš¨ğŸš¨ğŸš¨ 
{
  "test_behavior": "Matrix construction with empty conditions",
  "test_name": "MatrixConstructionWithEmptyConditionsTest2",
  "new_imports_code": "",
  "test_code": "@Test\npublic void MatrixConstructionWithEmptyConditionsTest2() {\n    Solution2392 solution = new Solution2392();\n    int k = 3;\n    int[][] rowConditions = {};\n    int[][] colConditions = {};\n    int[][] expected_result = {{1,0,0}, {0,2,0}, {0,0,3}}; \n    assertArrayEquals(expected_result, solution.buildMatrix(k, rowConditions, colConditions));\n}"
}/home/qinghua/anaconda3/envs/llm4test/lib/python3.11/site-packages/tree_sitter/__init__.py:36: FutureWarning: Language(path, name) is deprecated. Use Language(ptr, name) instead.
  warn("{} is deprecated. Use {} instead.".format(old, new), FutureWarning)
2025-05-29 00:54:04,441   INFO : Test passed for
@Test
public void MatrixConstructionWithEmptyConditionsTest2() {
    Solution2392 solution = new Solution2392();
    int k = 3;
    int[][] rowConditions = {};
    int[][] colConditions = {};
    int[][] expected_result = {{1,0,0}, {0,2,0}, {0,0,3}}; 
    assertArrayEquals(expected_result, solution.buildMatrix(k, rowConditions, colConditions));
}
2025-05-29 00:54:07,753   INFO : 
                ######################################################################
                ğŸš€ğŸ“ˆ Coverage Improved! ğŸ“ˆğŸš€ 
                â¡ï¸  Line coverage increased from ğŸ”´  100.00% to ğŸŸ¢ 100.00% ğŸ¯
                â¡ï¸  Branch coverage increased from ğŸ”´  66.67% to ğŸŸ¢ 91.67% ğŸ¯
                ######################################################################
            
/home/qinghua/anaconda3/envs/llm4test/lib/python3.11/site-packages/tree_sitter/__init__.py:36: FutureWarning: Language(path, name) is deprecated. Use Language(ptr, name) instead.
  warn("{} is deprecated. Use {} instead.".format(old, new), FutureWarning)
2025-05-29 00:54:10,740   INFO : Test failed for
@Test
public void MatrixConstructionWithDuplicateConditionsTest() {
    Solution2392 solution = new Solution2392();
    int k = 3;
    int[][] rowConditions = {{1,2},{1,2}};
    int[][] colConditions = {{2,1},{2,1}};
    int[][] expected_result = {{0,0,0}, {0,0,0}, {0,0,0}};
    assertArrayEquals(expected_result, solution.buildMatrix(k, rowConditions, colConditions));
}
2025-05-29 00:54:13,948   INFO : ğŸš¨ğŸš¨ğŸš¨ ğŸš€ ğŸš€ ğŸš€ ----- ğŸ¤– AGENT INSPECTOR: Inspecting failed test ----- ğŸš€ ğŸš€ ğŸš€ ğŸš¨ğŸš¨ğŸš¨ 
Based on the provided failed test case, here is the analysis in JSON format:

```
{
  "test_case_code": "@Test\npublic void MatrixConstructionWithDuplicateConditionsTest() {\n    Solution2392 solution = new Solution2392();\n    int k = 3;\n    int[][] rowConditions = {{1,2},{1,2}};\n    int[][] colConditions = {{2,1},{2,1}};\n    int[][] expected_result = {{0,0,0}, {0,0,0}, {0,0,0}};\n    assertArrayEquals(expected_result, solution.buildMatrix(k, rowConditions, colConditions));\n}",
  "error_info": "The test case failed because the implementation of the buildMatrix method does not handle duplicate conditions correctly. The current implementation returns an empty matrix when there are conflicting or duplicate conditions.",
  "error_type": "AssertionError",
  "potential_fix": "To fix this issue, you need to modify the f method in the Solution2392 class to properly handle duplicate conditions. One possible approach is to ignore duplicate edges in the graph by checking if an edge already exists before adding it. You can do this by modifying the code inside the for-each loop that populates the g array and indeg array."
}
```

In more detail, the issue here is that when there are duplicate conditions (like `{1,2},{1,2}` in `rowConditions`), the current implementation will create a cycle in the graph and then return an empty matrix. This happens because of how we're currently building our graph and calculating the indegree.

Here's a possible fix for this:

```java
private List<Integer> f(int[][] cond) {
    // existing code...

    Set<String> edges = new HashSet<>();  // New set to keep track of unique edges

    for (var e : cond) {
        int a = e[0], b = e[1];
        String edgeKey = a + "-" + b;     // Unique key for each edge
        if (!edges.contains(edgeKey)) {   // Check if the edge already exists
            g[a].add(b);
            ++indeg[b];
            edges.add(edgeKey);           // Add it to the set if not present
        }
    }

    // existing code...
}
```
By doing this, we're making sure that duplicate conditions are ignored by checking for their presence in our graph before adding them.2025-05-29 00:54:43,776   INFO : ğŸš¨ğŸš¨ğŸš¨ ğŸš€ ğŸš€ ğŸš€ ----- ğŸ¤– AGENT SINGLE CASE FIXER: Fixing failed test ----- ğŸš€ ğŸš€ ğŸš€ ğŸš¨ğŸš¨ğŸš¨ 
Here is a JSON instance that conforms to the schema:

```
{
  "test_name": "MatrixConstructionWithDuplicateConditionsTest1",
  "test_behavior": "Handling duplicate conditions in matrix construction",
  "new_imports_code": "",
  "test_code": "@Test\npublic void MatrixConstructionWithDuplicateConditionsTest1() {\n    Solution2392 solution = new Solution2392();\n    int k = 3;\n    int[][] rowConditions = {{1,2},{1,2}};\n    int[][] colConditions = {{2,1},{2,1}};\n    int[][] expected_result = {{0,0,0}, {0,0,0}, {0,0,0}};\n    assertArrayEquals(expected_result, solution.buildMatrix(k, rowConditions, colConditions));\n}"
}
```/home/qinghua/anaconda3/envs/llm4test/lib/python3.11/site-packages/tree_sitter/__init__.py:36: FutureWarning: Language(path, name) is deprecated. Use Language(ptr, name) instead.
  warn("{} is deprecated. Use {} instead.".format(old, new), FutureWarning)
2025-05-29 00:54:58,682   INFO : Test failed for
@Test
public void MatrixConstructionWithDuplicateConditionsTest1() {
    Solution2392 solution = new Solution2392();
    int k = 3;
    int[][] rowConditions = {{1,2},{1,2}};
    int[][] colConditions = {{2,1},{2,1}};
    int[][] expected_result = {{0,0,0}, {0,0,0}, {0,0,0}};
    assertArrayEquals(expected_result, solution.buildMatrix(k, rowConditions, colConditions));
}
2025-05-29 00:55:01,897   INFO : ğŸš¨ğŸš¨ğŸš¨ ğŸš€ ğŸš€ ğŸš€ ----- ğŸ¤– AGENT INSPECTOR: Inspecting failed test ----- ğŸš€ ğŸš€ ğŸš€ ğŸš¨ğŸš¨ğŸš¨ 
Here's my analysis and feedback in JSON format:

```
{
  "test_case_code": "@Test\npublic void MatrixConstructionWithDuplicateConditionsTest1() {\n    Solution2392 solution = new Solution2392();\n    int k = 3;\n    int[][] rowConditions = {{1,2},{1,2}};\n    int[][] colConditions = {{2,1},{2,1}};\n    int[][] expected_result = {{0,0,0}, {0,0,0}, {0,0,0}};\n    assertArrayEquals(expected_result, solution.buildMatrix(k, rowConditions, colConditions));\n}",
  "error_info": "The test case failed because the implementation of the buildMatrix method does not handle duplicate conditions correctly. The current implementation returns an empty matrix when it encounters any invalid or inconsistent conditions.",
  "error_type": "AssertionError",
  "potential_fix": "To fix this issue, we need to modify the buildMatrix method to handle duplicate conditions correctly. One possible solution is to remove duplicate conditions before processing them. We can use a HashSet to keep track of unique conditions and only add each condition once. Here's an example of how the modified code could look:\n\nprivate List<Integer> f(int[][] cond) {\n    // ... (rest of the method remains the same)\n    Set<int[]> uniqueConditions = new HashSet<>();\n    for (var e : cond) {\n        if (!uniqueConditions.contains(e)) {\n            uniqueConditions.add(e);\n            g[e[0]].add(e[1]);\n            ++indeg[e[1]];\n        }\n    }\n    // ... (rest of the method remains the same)\n}"
}
```

In this feedback, I provided:

*   `test_case_code`: The full Java test code that failed.
*   `error_info`: An explanation of why the test case failed, which is due to the implementation not handling duplicate conditions correctly.
*   `error_type`: A short label for the type of error (AssertionError).
*   `potential_fix`: A specific suggestion on how to fix the issue by removing duplicate conditions using a HashSet.2025-05-29 00:55:28,765   INFO : ğŸš¨ğŸš¨ğŸš¨ ğŸš€ ğŸš€ ğŸš€ ----- ğŸ¤– AGENT SINGLE CASE FIXER: Fixing failed test ----- ğŸš€ ğŸš€ ğŸš€ ğŸš¨ğŸš¨ğŸš¨ 
{
  "test_behavior": "Testing duplicate conditions are handled correctly",
  "test_name": "MatrixConstructionWithDuplicateConditionsTest1",
  "new_imports_code": "",
  "test_code": "@Test\npublic void MatrixConstructionWithDuplicateConditionsTest2() {\n    Solution2392 solution = new Solution2392();\n    int k = 3;\n    Set<int[]> uniqueRowConditions = new HashSet<>();\n    uniqueRowConditions.add(new int[]{1,2});\n    int[][] rowConditions = uniqueRowConditions.toArray(new int[0][]);\n    Set<int[]> uniqueColConditions = new HashSet<>();\n    uniqueColConditions.add(new int[]{2,1});\n    int[][] colConditions = uniqueColConditions.toArray(new int[0][]);\n    int[][] expected_result = {{0,3,0}, {0,0,0}, {0,0,0}};\n    assertArrayEquals(expected_result, solution.buildMatrix(k, rowConditions, colConditions));\n}"
}/home/qinghua/anaconda3/envs/llm4test/lib/python3.11/site-packages/tree_sitter/__init__.py:36: FutureWarning: Language(path, name) is deprecated. Use Language(ptr, name) instead.
  warn("{} is deprecated. Use {} instead.".format(old, new), FutureWarning)
2025-05-29 00:55:45,108   INFO : Test failed for
@Test
public void MatrixConstructionWithDuplicateConditionsTest2() {
    Solution2392 solution = new Solution2392();
    int k = 3;
    Set<int[]> uniqueRowConditions = new HashSet<>();
    uniqueRowConditions.add(new int[]{1,2});
    int[][] rowConditions = uniqueRowConditions.toArray(new int[0][]);
    Set<int[]> uniqueColConditions = new HashSet<>();
    uniqueColConditions.add(new int[]{2,1});
    int[][] colConditions = uniqueColConditions.toArray(new int[0][]);
    int[][] expected_result = {{0,3,0}, {0,0,0}, {0,0,0}};
    assertArrayEquals(expected_result, solution.buildMatrix(k, rowConditions, colConditions));
}
2025-05-29 00:55:51,641   INFO : 
                ######################################################################
                ğŸ™ƒğŸ“‰Coverage Status: No ImprovementğŸ“‰ğŸ™ƒ
                ğŸ” No Change: Line coverage remains at ğŸ”µ 100.00%
                ğŸ” No Change: Branch coverage remains at ğŸ”µ 91.67%
                ######################################################################
            
2025-05-29 00:55:51,644   INFO : Current line coverage: 1.0
Current branch coverage: 0.9166666666666666
2025-05-29 00:55:51,645   INFO : ğŸš¨ğŸš¨ğŸš¨ ğŸš€ ğŸš€ ğŸš€ ----- ğŸ¤– AGENT PLANNER: Generating test plan ----- ğŸš€ ğŸš€ ğŸš€ ğŸš¨ğŸš¨ğŸš¨ 
Lines to cover: []
Lines with missing branches: [15, 50]
Here is a well-formatted test plan that covers the uncovered branches in the provided Java source file:

```json
{
  "language": "Java",
  "test_framework": "JUnit5",
  "conventions": [],
  "test_cases_to_add": [
    {
      "name": "TestBuildMatrixWithNoConditions",
      "description": "Verifies that buildMatrix returns an empty matrix when conditions are invalid.",
      "input": "[1, new int[][] {}, new int[][] {}]",
      "expected_result": "[[]]"
    },
    {
      "name": "TestBuildMatrixWithValidRowAndColConditions",
      "description": "Verifies that buildMatrix correctly constructs a matrix with valid row and column conditions.",
      "input": "[3, new int[][] {{1, 2}, {3, 1}}, new int[][] {{2, 3}, {1, 3}}]",
      "expected_result": "[[0, 0, 0], [0, 3, 0], [0, 0, 1]]"
    },
    {
      "name": "TestBuildMatrixWithCyclicRowConditions",
      "description": "Verifies that buildMatrix correctly handles cyclic row conditions.",
      "input": "[3, new int[][] {{1, 2}, {2, 3}, {3, 1}}, new int[][] {}]",
      "expected_result": "[[]]"
    },
    {
      "name": "TestBuildMatrixWithCyclicColConditions",
      "description": "Verifies that buildMatrix correctly handles cyclic column conditions.",
      "input": "[3, new int[][] {}, new int[][] {{1, 2}, {2, 3}, {3, 1}}]",
      "expected_result": "[[]]"
    },
    {
      "name": "TestBuildMatrixWithSelfDependency",
      "description": "Verifies that buildMatrix correctly handles self-dependency conditions.",
      "input": "[2, new int[][] {{1, 1}}, new int[][] {}]",
      "expected_result": "[[]]"
    }
  ]
}
```
This test plan covers the following scenarios:

*   TestBuildMatrixWithNoConditions: Verifies that buildMatrix returns an empty matrix when conditions are invalid.
*   TestBuildMatrixWithValidRowAndColConditions: Verifies that buildMatrix correctly constructs a matrix with valid row and column conditions.
*   TestBuildMatrixWithCyclicRowConditions: Verifies that buildMatrix correctly handles cyclic row conditions.
*   TestBuildMatrixWithCyclicColConditions: Verifies that buildMatrix correctly handles cyclic column conditions.
*   TestBuildMatrixWithSelfDependency: Verifies that buildMatrix correctly handles self-dependency conditions.

These test cases cover the uncovered branches in lines 15 and 50 of the source file.2025-05-29 00:56:26,477   INFO : ğŸš¨ğŸš¨ğŸš¨ ğŸš€ ğŸš€ ğŸš€ ----- ğŸ¤– AGENT TESTER: Generating test cases ----- ğŸš€ ğŸš€ ğŸš€ ğŸš¨ğŸš¨ğŸš¨ 
{
  "$schema": "http://json-schema.org/draft-07/schema#",
  "definitions": {
    "TestCase": {
      "properties": {
        "test_behavior": {
          "default": " no behavior",
          "description": "The behavior of the test case",
          "title": "Test Behavior",
          "type": "string"
        },
        "test_name": {
          "default": "random_test",
          "description": "The name of the test case",
          "title": "Test Name",
          "type": "string"
        },
        "test_code": {
          "description": "The full java code of the test case. Starting with @Test ",
          "title": "Test Code",
          "type": "string"
        },
        "new_imports_code": {
          "default": "",
          "description": "New import statements needed for the test case",
          "title": "New Imports Code",
          "type": "string"
        }
      },
      "required": [
        "test_code"
      ],
      "title": "TestCase",
      "type": "object"
    }
  },
  "properties": {
    "test_cases": {
      "description": "The test cases",
      "items": {
        "$ref": "#/definitions/TestCase"
      },
      "title": "Test Cases",
      "type": "array"
    }
  },
  "required": [
    "test_cases"
  ]
}

{
  "test_cases": [
    {
      "test_behavior": "Verifies that buildMatrix returns an empty matrix when conditions are invalid.",
      "test_name": "TestBuildMatrixWithNoConditions",
      "new_imports_code": "",
      "test_code": "@Test\npublic void TestBuildMatrixWithNoConditions() {\n    Solution2392 solution = new Solution2392();\n    int[][] result = solution.buildMatrix(1, new int[][] {}, new int[][] {});\n    assertArrayEquals(new int[0][0], result);\n}"
    },
    {
      "test_behavior": "Verifies that buildMatrix correctly constructs a matrix with valid row and column conditions.",
      "test_name": "TestBuildMatrixWithValidRowAndColConditions",
      "new_imports_code": "",
      "test_code": "@Test\npublic void TestBuildMatrixWithValidRowAndColConditions() {\n    Solution2392 solution = new Solution2392();\n    int[][] result = solution.buildMatrix(3, new int[][] {{1}}, new int[][] {{1}});\n    assertArrayEquals(new int[][] {{1}}, result);\n}"
    },
    {
      "test_behavior": "Verifies that buildMatrix correctly constructs a matrix with valid row and column conditions.",
      "test_name": "TestBuildMatrixWithValidRowAndColConditions2",
      "new_imports_code": "",
      "test_code": "@Test\npublic void TestBuildMatrixWithValidRowAndColConditions2() {\n    Solution2392 solution = new Solution2392();\n    int[][] result = solution.buildMatrix(3, new int[][] {{1}, {2}}, new int[][] {{1}, {2}});\n    assertArrayEquals(new int[][] {{1}, {2}}, result);\n}"
    }
  ]
}{
  "$schema": "https://json-schema.org/draft-07/schema#",
  "test_cases": [
    {
      "test_name": "TestBuildMatrixWithNoConditions",
      "test_behavior": "Verifies that buildMatrix returns an empty matrix when conditions are invalid.",
      "new_imports_code": "",
      "test_code": "@Test\npublic void TestBuildMatrixWithNoConditions() {\n    Solution2392 solution = new Solution2392();\n    int[][] result = solution.buildMatrix(1, new int[][] {}, new int[][] {});\n    assertArrayEquals(new int[0][], result);\n}"
    },
    {
      "test_name": "TestBuildMatrixWithValidRowAndColConditions",
      "test_behavior": "Verifies that buildMatrix correctly constructs a matrix with valid row and column conditions.",
      "new_imports_code": "",
      "test_code": "@Test\npublic void TestBuildMatrixWithValidRowAndColConditions() {\n    Solution2392 solution = new Solution2392();\n    int[][] result = solution.buildMatrix(3, new int[][] {{1, 2}, {3, 1}}, new int[][] {{2, 3}, {1, 3}});\n    assertArrayEquals(new int[][] {{0, 0, 0}, {0, 3, 0}, {0, 0, 1}}, result);\n}"
    },
    {
      "test_name": "TestBuildMatrixWithCyclicRowConditions",
      "test_behavior": "Verifies that buildMatrix correctly handles cyclic row conditions.",
      "new_imports_code": "",
      "test_code": "@Test\npublic void TestBuildMatrixWithCyclicRowConditions() {\n    Solution2392 solution = new Solution2392();\n    int[][] result = solution.buildMatrix(3, new int[][] {{1, 2}, {2, 3}, {3, 1}}, new int[][] {});\n    assertArrayEquals(new int[0][], result);\n}"
    },
    {
      "test_name": "TestBuildMatrixWithCyclicColConditions",
      "test_behavior": "Verifies that buildMatrix correctly handles cyclic column conditions.",
      "new_imports_code": "",
      "test_code": "@Test\npublic void TestBuildMatrixWithCyclicColConditions() {\n    Solution2392 solution = new Solution2392();\n    int[][] result = solution.buildMatrix(3, new int[][] {}, new int[][] {{1, 2}, {2, 3}, {3, 1}});\n    assertArrayEquals(new int[0][], result);\n}"
    },
    {
      "test_name": "TestBuildMatrixWithCyclicRowAndColConditions",
      "test_behavior": "Verifies that buildMatrix correctly handles cyclic row and column conditions.",
      "new_imports_code": "",
      "test_code": "@Test\npublic void TestBuildMatrixWithCyclicRowAndColConditions() {\n    Solution2392 solution = new Solution2392();\n    int[][] result = solution.buildMatrix(3, new int[][] {{1, 2}, {2, 3}, {3, 1}}, new int[][] {{1, 2}, {2, 3}, {3, 1}});\n    assertArrayEquals(new int[0][], result);\n}"
    }
  ]
}/home/qinghua/anaconda3/envs/llm4test/lib/python3.11/site-packages/tree_sitter/__init__.py:36: FutureWarning: Language(path, name) is deprecated. Use Language(ptr, name) instead.
  warn("{} is deprecated. Use {} instead.".format(old, new), FutureWarning)
2025-05-29 00:57:55,459   INFO : Test failed for
@Test
public void TestBuildMatrixWithNoConditions() {
    Solution2392 solution = new Solution2392();
    int[][] result = solution.buildMatrix(1, new int[][] {}, new int[][] {});
    assertArrayEquals(new int[0][], result);
}
2025-05-29 00:57:58,937   INFO : ğŸš¨ğŸš¨ğŸš¨ ğŸš€ ğŸš€ ğŸš€ ----- ğŸ¤– AGENT INSPECTOR: Inspecting failed test ----- ğŸš€ ğŸš€ ğŸš€ ğŸš¨ğŸš¨ğŸš¨ 
Here is my analysis and feedback in JSON format:

```
{
  "test_case_code": "@Test\npublic void TestBuildMatrixWithNoConditions() {\n    Solution2392 solution = new Solution2392();\n    int[][] result = solution.buildMatrix(1, new int[][] {}, new int[][] {});\n    assertArrayEquals(new int[0][], result);\n}",
  "error_info": "The test case failed because the expected output is an empty matrix (new int[0][]), but the actual output is a 1x1 matrix with a single element.",
  "error_type": "AssertionError",
  "potential_fix": "Update the expected output in the assertArrayEquals statement to match the actual output when there are no conditions. For example, assertArrayEquals(new int[][] {{1}}, result);"
}
```

In this feedback, I've identified the issue as an AssertionError due to a mismatch between the expected and actual outputs. The potential fix suggests updating the expected output in the `assertArrayEquals` statement to match the actual output when there are no conditions.2025-05-29 00:58:12,797   INFO : ğŸš¨ğŸš¨ğŸš¨ ğŸš€ ğŸš€ ğŸš€ ----- ğŸ¤– AGENT SINGLE CASE FIXER: Fixing failed test ----- ğŸš€ ğŸš€ ğŸš€ ğŸš¨ğŸš¨ğŸš¨ 
{
  "test_behavior": "Testing buildMatrix with no conditions returns a 1x1 matrix",
  "test_name": "TestBuildMatrixWithNoConditions",
  "new_imports_code": "",
  "test_code": "@Test\npublic void TestBuildMatrixWithNoConditions() {\n    Solution2392 solution = new Solution2392();\n    int[][] result = solution.buildMatrix(1, new int[][] {}, new int[][] {});\n    assertArrayEquals(new int[][] {{1}}, result);\n}"
}/home/qinghua/anaconda3/envs/llm4test/lib/python3.11/site-packages/tree_sitter/__init__.py:36: FutureWarning: Language(path, name) is deprecated. Use Language(ptr, name) instead.
  warn("{} is deprecated. Use {} instead.".format(old, new), FutureWarning)
2025-05-29 00:58:24,169   INFO : Test passed for
@Test
public void TestBuildMatrixWithNoConditions() {
    Solution2392 solution = new Solution2392();
    int[][] result = solution.buildMatrix(1, new int[][] {}, new int[][] {});
    assertArrayEquals(new int[][] {{1}}, result);
}
2025-05-29 00:58:27,760   INFO : 
                ######################################################################
                ğŸ™ƒğŸ“‰Coverage Status: No ImprovementğŸ“‰ğŸ™ƒ
                ğŸ” No Change: Line coverage remains at ğŸ”µ 100.00%
                ğŸ” No Change: Branch coverage remains at ğŸ”µ 91.67%
                ######################################################################
            
/home/qinghua/anaconda3/envs/llm4test/lib/python3.11/site-packages/tree_sitter/__init__.py:36: FutureWarning: Language(path, name) is deprecated. Use Language(ptr, name) instead.
  warn("{} is deprecated. Use {} instead.".format(old, new), FutureWarning)
2025-05-29 00:58:31,067   INFO : Test failed for
@Test
public void TestBuildMatrixWithValidRowAndColConditions() {
    Solution2392 solution = new Solution2392();
    int[][] result = solution.buildMatrix(3, new int[][] {{1, 2}, {3, 1}}, new int[][] {{2, 3}, {1, 3}});
    assertArrayEquals(new int[][] {{0, 0, 0}, {0, 3, 0}, {0, 0, 1}}, result);
}
2025-05-29 00:58:34,589   INFO : ğŸš¨ğŸš¨ğŸš¨ ğŸš€ ğŸš€ ğŸš€ ----- ğŸ¤– AGENT INSPECTOR: Inspecting failed test ----- ğŸš€ ğŸš€ ğŸš€ ğŸš¨ğŸš¨ğŸš¨ 
Here is my analysis and feedback in the required format:

```
{
  "test_case_code": "@Test\npublic void TestBuildMatrixWithValidRowAndColConditions() {\n    Solution2392 solution = new Solution2392();\n    int[][] result = solution.buildMatrix(3, new int[][] {{1, 2}, {3, 1}}, new int[][] {{2, 3}, {1, 3}});\n    assertArrayEquals(new int[][] {{0, 0, 0}, {0, 3, 0}, {0, 0, 1}}, result);\n}",
  "error_info": "The test case is expecting the output [[0, 0, 0], [0, 3, 0], [0, 0, 1]] but the actual output is different. The issue seems to be with the logic of building the matrix in the buildMatrix method.",
  "error_type": "AssertionError",
  "potential_fix": "The problem lies in the way we are constructing the matrix. We need to rethink the logic of how we place the elements in the matrix based on the row and column conditions. One possible solution is to use a different approach such as using a graph to represent the conditions and then performing a topological sort to get the correct order of elements."
}
```

Note: The actual fix might require additional changes to the `buildMatrix` method, but I have provided a general direction for potential fix.2025-05-29 00:58:53,171   INFO : ğŸš¨ğŸš¨ğŸš¨ ğŸš€ ğŸš€ ğŸš€ ----- ğŸ¤– AGENT SINGLE CASE FIXER: Fixing failed test ----- ğŸš€ ğŸš€ ğŸš€ ğŸš¨ğŸš¨ğŸš¨ 
{
  "test_name": "TestBuildMatrixWithValidRowAndColConditions1",
  "test_behavior": "Test building a matrix with valid row and column conditions",
  "new_imports_code": "",
  "test_code": "@Test\npublic void TestBuildMatrixWithValidRowAndColConditions1() {\n    Solution2392 solution = new Solution2392();\n    int[][] result = solution.buildMatrix(3, new int[][] {{1, 2}, {2, 3}}, new int[][] {{2, 3}, {1, 3}});\n    assertArrayEquals(new int[][] {{0, 3, 0}, {0, 0, 1}, {0, 0, 0}}, result);\n}"
}/home/qinghua/anaconda3/envs/llm4test/lib/python3.11/site-packages/tree_sitter/__init__.py:36: FutureWarning: Language(path, name) is deprecated. Use Language(ptr, name) instead.
  warn("{} is deprecated. Use {} instead.".format(old, new), FutureWarning)
2025-05-29 00:59:07,374   INFO : Test failed for
@Test
public void TestBuildMatrixWithValidRowAndColConditions1() {
    Solution2392 solution = new Solution2392();
    int[][] result = solution.buildMatrix(3, new int[][] {{1, 2}, {2, 3}}, new int[][] {{2, 3}, {1, 3}});
    assertArrayEquals(new int[][] {{0, 3, 0}, {0, 0, 1}, {0, 0, 0}}, result);
}
2025-05-29 00:59:10,797   INFO : ğŸš¨ğŸš¨ğŸš¨ ğŸš€ ğŸš€ ğŸš€ ----- ğŸ¤– AGENT INSPECTOR: Inspecting failed test ----- ğŸš€ ğŸš€ ğŸš€ ğŸš¨ğŸš¨ğŸš¨ 
Based on the provided failed test case, I have analyzed the issue and generated feedback in the required JSON format.

```
{
  "test_case_code": "@Test\npublic void TestBuildMatrixWithValidRowAndColConditions1() {\n    Solution2392 solution = new Solution2392();\n    int[][] result = solution.buildMatrix(3, new int[][] {{1, 2}, {2, 3}}, new int[][] {{2, 3}, {1, 3}});\n    assertArrayEquals(new int[][] {{0, 3, 0}, {0, 0, 1}, {0, 0, 0}}, result);\n}",
  "error_info": "The test case failed because the expected output does not match the actual output. The expected output is [[0, 3, 0], [0, 0, 1], [0, 0, 0]], but the actual output is different.",
  "error_type": "AssertionError",
  "potential_fix": "The issue might be due to incorrect implementation of the buildMatrix method in the Solution2392 class. To fix this, review the logic of the buildMatrix method and ensure it correctly handles the given row and column conditions. Specifically, check the f method which seems to be responsible for generating the correct order of rows and columns."
}
```

Note that without more information about the expected behavior of the `buildMatrix` method, it's challenging to provide a precise fix. However, based on the failed test case, it appears that the issue lies in the implementation of the `buildMatrix` method or its helper function `f`. A thorough review of these methods should help resolve the issue.2025-05-29 00:59:31,927   INFO : ğŸš¨ğŸš¨ğŸš¨ ğŸš€ ğŸš€ ğŸš€ ----- ğŸ¤– AGENT SINGLE CASE FIXER: Fixing failed test ----- ğŸš€ ğŸš€ ğŸš€ ğŸš¨ğŸš¨ğŸš¨ 
{
  "test_behavior": "Test buildMatrix with valid row and column conditions",
  "test_name": "TestBuildMatrixWithValidRowAndColConditions1",
  "test_code": "@Test\npublic void TestBuildMatrixWithValidRowAndColConditions1() {\n    Solution2392 solution = new Solution2392();\n    int[][] result = solution.buildMatrix(3, new int[][] {{1, 2}, {2, 3}}, new int[][] {{2, 3}, {1, 3}});\n    assertArrayEquals(new int[][] {{0, 0, 3}, {1, 0, 0}, {0, 2, 0}}, result);\n}",
  "new_imports_code": ""
}/home/qinghua/anaconda3/envs/llm4test/lib/python3.11/site-packages/tree_sitter/__init__.py:36: FutureWarning: Language(path, name) is deprecated. Use Language(ptr, name) instead.
  warn("{} is deprecated. Use {} instead.".format(old, new), FutureWarning)
2025-05-29 00:59:46,123   INFO : Test failed for
@Test
public void TestBuildMatrixWithValidRowAndColConditions1() {
    Solution2392 solution = new Solution2392();
    int[][] result = solution.buildMatrix(3, new int[][] {{1, 2}, {2, 3}}, new int[][] {{2, 3}, {1, 3}});
    assertArrayEquals(new int[][] {{0, 0, 3}, {1, 0, 0}, {0, 2, 0}}, result);
}
/home/qinghua/anaconda3/envs/llm4test/lib/python3.11/site-packages/tree_sitter/__init__.py:36: FutureWarning: Language(path, name) is deprecated. Use Language(ptr, name) instead.
  warn("{} is deprecated. Use {} instead.".format(old, new), FutureWarning)
2025-05-29 00:59:52,983   INFO : Test passed for
@Test
public void TestBuildMatrixWithCyclicRowConditions() {
    Solution2392 solution = new Solution2392();
    int[][] result = solution.buildMatrix(3, new int[][] {{1, 2}, {2, 3}, {3, 1}}, new int[][] {});
    assertArrayEquals(new int[0][], result);
}
2025-05-29 00:59:56,492   INFO : 
                ######################################################################
                ğŸ™ƒğŸ“‰Coverage Status: No ImprovementğŸ“‰ğŸ™ƒ
                ğŸ” No Change: Line coverage remains at ğŸ”µ 100.00%
                ğŸ” No Change: Branch coverage remains at ğŸ”µ 91.67%
                ######################################################################
            
/home/qinghua/anaconda3/envs/llm4test/lib/python3.11/site-packages/tree_sitter/__init__.py:36: FutureWarning: Language(path, name) is deprecated. Use Language(ptr, name) instead.
  warn("{} is deprecated. Use {} instead.".format(old, new), FutureWarning)
2025-05-29 00:59:59,913   INFO : Test passed for
@Test
public void TestBuildMatrixWithCyclicColConditions() {
    Solution2392 solution = new Solution2392();
    int[][] result = solution.buildMatrix(3, new int[][] {}, new int[][] {{1, 2}, {2, 3}, {3, 1}});
    assertArrayEquals(new int[0][], result);
}
2025-05-29 01:00:03,453   INFO : 
                ######################################################################
                ğŸš€ğŸ“ˆ Coverage Improved! ğŸ“ˆğŸš€ 
                ğŸ” No Change: Line coverage remains at ğŸ”µ 100.00%
                â¡ï¸  Branch coverage increased from ğŸ”´  91.67% to ğŸŸ¢ 95.83% ğŸ¯
                ######################################################################
            
/home/qinghua/anaconda3/envs/llm4test/lib/python3.11/site-packages/tree_sitter/__init__.py:36: FutureWarning: Language(path, name) is deprecated. Use Language(ptr, name) instead.
  warn("{} is deprecated. Use {} instead.".format(old, new), FutureWarning)
2025-05-29 01:00:06,889   INFO : Test passed for
@Test
public void TestBuildMatrixWithCyclicRowAndColConditions() {
    Solution2392 solution = new Solution2392();
    int[][] result = solution.buildMatrix(3, new int[][] {{1, 2}, {2, 3}, {3, 1}}, new int[][] {{1, 2}, {2, 3}, {3, 1}});
    assertArrayEquals(new int[0][], result);
}
2025-05-29 01:00:10,370   INFO : 
                ######################################################################
                ğŸ™ƒğŸ“‰Coverage Status: No ImprovementğŸ“‰ğŸ™ƒ
                ğŸ” No Change: Line coverage remains at ğŸ”µ 100.00%
                ğŸ” No Change: Branch coverage remains at ğŸ”µ 95.83%
                ######################################################################
            
2025-05-29 01:00:13,780   INFO : 
                ######################################################################
                ğŸ™ƒğŸ“‰Coverage Status: No ImprovementğŸ“‰ğŸ™ƒ
                ğŸ” No Change: Line coverage remains at ğŸ”µ 100.00%
                ğŸ” No Change: Branch coverage remains at ğŸ”µ 95.83%
                ######################################################################
            
2025-05-29 01:00:13,783   INFO : Current line coverage: 1.0
Current branch coverage: 0.9583333333333334
2025-05-29 01:00:13,784   INFO : ğŸš¨ğŸš¨ğŸš¨ ğŸš€ ğŸš€ ğŸš€ ----- ğŸ¤– AGENT PLANNER: Generating test plan ----- ğŸš€ ğŸš€ ğŸš€ ğŸš¨ğŸš¨ğŸš¨ 
Lines to cover: []
Lines with missing branches: [50]
Here is a well-formatted test plan that covers the uncovered branches:

```
{
  "$schema": "#",
  "test_framework": "JUnit5",
  "language": "Java",
  "conventions": [],
  "test_cases_to_add": [
    {
      "name": "Test Matrix Construction with Cyclic Dependencies",
      "description": "Verify that the buildMatrix method returns an empty matrix when there are cyclic dependencies in the row or column conditions.",
      "input": "[[3], [[1,2],[2,3],[3,1]], [[1,2],[2,3]]]",
      "expected_result": "[[]]"
    },
    {
      "name": "Test Matrix Construction with Invalid Input",
      "description": "Verify that the buildMatrix method returns an empty matrix when the input is invalid (e.g., k is less than 1).",
      "input": "[0, [[1,2],[2,3]], [[1,2],[2,3]]]",
      "expected_result": "[[]]"
    },
    {
      "name": "Test Matrix Construction with No Dependencies",
      "description": "Verify that the buildMatrix method returns a valid matrix when there are no dependencies in the row or column conditions.",
      "input": "[[3], [], []]",
      "expected_result": "[[1,2,3],[1,2,3],[1,2,3]]"
    }
  ]
}
```2025-05-29 01:00:32,577   INFO : ğŸš¨ğŸš¨ğŸš¨ ğŸš€ ğŸš€ ğŸš€ ----- ğŸ¤– AGENT TESTER: Generating test cases ----- ğŸš€ ğŸš€ ğŸš€ ğŸš¨ğŸš¨ğŸš¨ 
```
{
  "$schema": "http://json-schema.org/draft-07/schema#",
  "definitions": {
    "TestCase": {
      "properties": {
        "test_behavior": {
          "default": " no behavior",
          "description": "The behavior of the test case",
          "title": "Test Behavior",
          "type": "string"
        },
        "test_name": {
          "default": "random_test",
          "description": "The name of the test case",
          "title": "Test Name",
          "type": "string"
        },
        "test_code": {
          "description": "The full java code of the test case. Starting with @Test ",
          "title": "Test Code",
          "type": "string"
        },
        "new_imports_code": {
          "default": "",
          "description": "New import statements needed for the test case",
          "title": "New Imports Code",
          "type": "string"
        }
      },
      "required": [
        "test_code"
      ],
      "title": "TestCase",
      "type": "object"
    }
  },
  "properties": {
    "test_cases": {
      "description": "The test cases",
      "items": {
        "$ref": "#/definitions/TestCase"
      },
      "title": "Test Cases",
      "type": "array"
    }
  },
  "required": [
    "test_cases"
  ],
  "title": "Test Cases",
  "type": "object"
}
```

```
{
  "test_cases": [
    {
      "test_behavior": "Matrix construction with cyclic dependencies in row or column conditions",
      "test_name": "Test Matrix Construction with Cyclic Dependencies1",
      "test_code": "@Test\npublic void testBuildMatrixCyclicDependencies() {\n    Solution2392 solution = new Solution2392();\n    int[][] result = solution.buildMatrix(3, new int[][]{{1, 2}, {2, 3}, {3, 1}}, new int[][]{{1, 2}, {2, 3}});\n    assertArrayEquals(new int[0][], result);\n}",
      "new_imports_code": ""
    },
    {
      "test_behavior": "Matrix construction with invalid input (k less than 1)",
      "test_name": "Test Matrix Construction with Invalid Input",
      "test_code": "@Test\npublic void testBuildMatrixInvalidInput() {\n    Solution2392 solution = new Solution2392();\n    int[][] result = solution.buildMatrix(0, new int[][]{{1, 2}, {2, 3}}, new int[][]{{1, 2}, {2, 3}});\n    assertArrayEquals(new int[0][], result);\n}",
      "new_imports_code": ""
    },
    {
      "test_behavior": "Matrix construction with no cyclic dependencies in row or column conditions",
      "test_name": "Test Matrix Construction No Cyclic Dependencies",
      "test_code": "@Test\npublic void testBuildMatrixNoCyclicDependencies() {\n    Solution2392 solution = new Solution2392();\n    int[][] result = solution.buildMatrix(3, new int[][]{{1, 2}, {2, 3}}, new int[][]{{1, 2}, {2, 3}});\n    assertArrayEquals(new int[][]{{1, 2}, {2, 3}, {3, 0}}, result);\n}",
      "new_imports_code": ""
    }
  ]
}
```{
  "$schema": "http://json-schema.org/draft-07/schema#",
  "test_cases": [
    {
      "test_name": "Test Matrix Construction with Cyclic Dependencies",
      "test_behavior": "Verify that the buildMatrix method returns an empty matrix when there are cyclic dependencies in the row or column conditions.",
      "new_imports_code": "",
      "test_code": "@Test\npublic void testMatrixConstructionWithCyclicDependencies() {\n    Solution2392 solution = new Solution2392();\n    int k = 3;\n    int[][] rowConditions = {{1,2},{2,3},{3,1}};\n    int[][] colConditions = {{1,2},{2,3}};\n    int[][] expected = {};\n    int[][] actual = solution.buildMatrix(k, rowConditions, colConditions);\n    assertArrayEquals(expected, actual);\n}"
    },
    {
      "test_name": "Test Matrix Construction with Invalid Input",
      "test_behavior": "Verify that the buildMatrix method returns an empty matrix when the input is invalid (e.g., k is less than 1).",
      "new_imports_code": "",
      "test_code": "@Test\npublic void testMatrixConstructionWithInvalidInput() {\n    Solution2392 solution = new Solution2392();\n    int k = 0;\n    int[][] rowConditions = {{1,2},{2,3}};\n    int[][] colConditions = {{1,2},{2,3}};\n    int[][] expected = {};\n    int[][] actual = solution.buildMatrix(k, rowConditions, colConditions);\n    assertArrayEquals(expected, actual);\n}"
    },
    {
      "test_name": "Test Matrix Construction with No Dependencies",
      "test_behavior": "Verify that the buildMatrix method returns a valid matrix when there are no dependencies in the row or column conditions.",
      "new_imports_code": "",
      "test_code": "@Test\npublic void testMatrixConstructionWithNoDependencies() {\n    Solution2392 solution = new Solution2392();\n    int k = 3;\n    int[][] rowConditions = {};\n    int[][] colConditions = {};\n    int[][] expected = {{1,2,3},{1,2,3},{1,2,3}};\n    int[][] actual = solution.buildMatrix(k, rowConditions, colConditions);\n    assertArrayEquals(expected, actual);\n}"
    }
  ]
}/home/qinghua/anaconda3/envs/llm4test/lib/python3.11/site-packages/tree_sitter/__init__.py:36: FutureWarning: Language(path, name) is deprecated. Use Language(ptr, name) instead.
  warn("{} is deprecated. Use {} instead.".format(old, new), FutureWarning)
2025-05-29 01:01:53,750   INFO : Test passed for
@Test
public void testMatrixConstructionWithCyclicDependencies() {
    Solution2392 solution = new Solution2392();
    int k = 3;
    int[][] rowConditions = {{1,2},{2,3},{3,1}};
    int[][] colConditions = {{1,2},{2,3}};
    int[][] expected = {};
    int[][] actual = solution.buildMatrix(k, rowConditions, colConditions);
    assertArrayEquals(expected, actual);
}
2025-05-29 01:01:57,030   INFO : 
                ######################################################################
                ğŸ™ƒğŸ“‰Coverage Status: No ImprovementğŸ“‰ğŸ™ƒ
                ğŸ” No Change: Line coverage remains at ğŸ”µ 100.00%
                ğŸ” No Change: Branch coverage remains at ğŸ”µ 95.83%
                ######################################################################
            
/home/qinghua/anaconda3/envs/llm4test/lib/python3.11/site-packages/tree_sitter/__init__.py:36: FutureWarning: Language(path, name) is deprecated. Use Language(ptr, name) instead.
  warn("{} is deprecated. Use {} instead.".format(old, new), FutureWarning)
2025-05-29 01:02:00,001   INFO : Test failed for
@Test
public void testMatrixConstructionWithInvalidInput() {
    Solution2392 solution = new Solution2392();
    int k = 0;
    int[][] rowConditions = {{1,2},{2,3}};
    int[][] colConditions = {{1,2},{2,3}};
    int[][] expected = {};
    int[][] actual = solution.buildMatrix(k, rowConditions, colConditions);
    assertArrayEquals(expected, actual);
}
2025-05-29 01:02:03,204   INFO : ğŸš¨ğŸš¨ğŸš¨ ğŸš€ ğŸš€ ğŸš€ ----- ğŸ¤– AGENT INSPECTOR: Inspecting failed test ----- ğŸš€ ğŸš€ ğŸš€ ğŸš¨ğŸš¨ğŸš¨ 
**Test Case Analysis**

### Test Case Code
```java
@Test
public void testMatrixConstructionWithInvalidInput() {
    Solution2392 solution = new Solution2392();
    int k = 0;
    int[][] rowConditions = {{1,2},{2,3}};
    int[][] colConditions = {{1,2},{2,3}};
    int[][] expected = {};
    int[][] actual = solution.buildMatrix(k, rowConditions, colConditions);
    assertArrayEquals(expected, actual);
}
```

### Error Information
The test case fails because the `buildMatrix` method does not handle the case when `k` is 0. The method attempts to access and manipulate arrays with a size of `k`, which results in an `ArrayIndexOutOfBoundsException`.

### Error Type
`AssertionError`: expected [][], but was [[null]]

### Potential Fix
To fix this issue, you can add a simple check at the beginning of the `buildMatrix` method to return an empty matrix when `k` is 0. Here's the updated code:
```java
public int[][] buildMatrix(int k, int[][] rowConditions, int[][] colConditions) {
    if (k == 0) {
        return new int[0][0];
    }
    // rest of the method remains the same
}
```
This fix ensures that the method returns an empty matrix when `k` is 0, which aligns with the expected output in the test case.

**Output**
```json
{
  "test_case_code": "@Test\npublic void testMatrixConstructionWithInvalidInput() {\n    Solution2392 solution = new Solution2392();\n    int k = 0;\n    int[][] rowConditions = {{1,2},{2,3}};\n    int[][] colConditions = {{1,2},{2,3}};\n    int[][] expected = {};\n    int[][] actual = solution.buildMatrix(k, rowConditions, colConditions);\n    assertArrayEquals(expected, actual);\n}",
  "error_info": "The test case fails because the buildMatrix method does not handle the case when k is 0.",
  "error_type": "AssertionError",
  "potential_fix": "Add a simple check at the beginning of the buildMatrix method to return an empty matrix when k is 0."
}
```{
  "test_case_code": "@Test\npublic void testMatrixConstructionWithInvalidInput() {\n    Solution2392 solution = new Solution2392();\n    int k = 0;\n    int[][] rowConditions = {{1,2},{2,3}};\n    int[][] colConditions = {{1,2},{2,3}};\n    int[][] expected = {};\n    int[][] actual = solution.buildMatrix(k, rowConditions, colConditions);\n    assertArrayEquals(expected, actual);\n}",
  "error_info": "The test case failed because the buildMatrix method does not handle invalid input properly. When k is 0, the method should return an empty matrix, but it throws an exception instead.",
  "error_type": "IndexOutOfBoundsException",
  "potential_fix": "Add a check at the beginning of the buildMatrix method to return an empty matrix when k is 0 or less. For example: if (k <= 0) { return new int[0][0]; }"
}2025-05-29 01:02:45,329   INFO : ğŸš¨ğŸš¨ğŸš¨ ğŸš€ ğŸš€ ğŸš€ ----- ğŸ¤– AGENT SINGLE CASE FIXER: Fixing failed test ----- ğŸš€ ğŸš€ ğŸš€ ğŸš¨ğŸš¨ğŸš¨ 
{
  "test_behavior": "Handles invalid input k <= 0",
  "test_name": "testMatrixConstructionWithInvalidInput1",
  "new_imports_code": "",
  "test_code": "@Test\npublic void testMatrixConstructionWithInvalidInput1() {\n    Solution2392 solution = new Solution2392();\n    int k = 0;\n    int[][] rowConditions = {{1,2},{2,3}};\n    int[][] colConditions = {{1,2},{2,3}};\n    int[][] expected = {};\n    int[][] actual = solution.buildMatrix(k, rowConditions, colConditions);\n    assertArrayEquals(expected, actual);\n}"
}/home/qinghua/anaconda3/envs/llm4test/lib/python3.11/site-packages/tree_sitter/__init__.py:36: FutureWarning: Language(path, name) is deprecated. Use Language(ptr, name) instead.
  warn("{} is deprecated. Use {} instead.".format(old, new), FutureWarning)
2025-05-29 01:02:58,803   INFO : Test failed for
@Test
public void testMatrixConstructionWithInvalidInput1() {
    Solution2392 solution = new Solution2392();
    int k = 0;
    int[][] rowConditions = {{1,2},{2,3}};
    int[][] colConditions = {{1,2},{2,3}};
    int[][] expected = {};
    int[][] actual = solution.buildMatrix(k, rowConditions, colConditions);
    assertArrayEquals(expected, actual);
}
2025-05-29 01:03:02,109   INFO : ğŸš¨ğŸš¨ğŸš¨ ğŸš€ ğŸš€ ğŸš€ ----- ğŸ¤– AGENT INSPECTOR: Inspecting failed test ----- ğŸš€ ğŸš€ ğŸš€ ğŸš¨ğŸš¨ğŸš¨ 
Based on the failed test case, here is the analysis:

```
{
  "test_case_code": "
@Test
public void testMatrixConstructionWithInvalidInput1() {
    Solution2392 solution = new Solution2392();
    int k = 0;
    int[][] rowConditions = {{1,2},{2,3}};
    int[][] colConditions = {{1,2},{2,3}};
    int[][] expected = {};
    int[][] actual = solution.buildMatrix(k, rowConditions, colConditions);
    assertArrayEquals(expected, actual);
}
",
  "error_info": "The test case fails because the input k is set to 0, which is an invalid input for the buildMatrix method. The method expects a positive integer value for k.",
  "error_type": "AssertionError",
  "potential_fix": "To fix this issue, we can add a check at the beginning of the buildMatrix method to throw an exception or return an error message when k is less than or equal to 0. For example: if (k <= 0) { throw new IllegalArgumentException(\"k must be a positive integer\"); }"
}
```

This analysis suggests that the test case failed because the input `k` was set to an invalid value of 0. The `buildMatrix` method expects a positive integer value for `k`. To fix this issue, we can add a check at the beginning of the `buildMatrix` method to throw an exception or return an error message when `k` is less than or equal to 0.2025-05-29 01:03:21,113   INFO : ğŸš¨ğŸš¨ğŸš¨ ğŸš€ ğŸš€ ğŸš€ ----- ğŸ¤– AGENT SINGLE CASE FIXER: Fixing failed test ----- ğŸš€ ğŸš€ ğŸš€ ğŸš¨ğŸš¨ğŸš¨ 
{
  "test_behavior": "Test buildMatrix method with invalid input k",
  "test_name": "testMatrixConstructionWithInvalidInput1",
  "test_code": "@Test\npublic void testMatrixConstructionWithInvalidInput1() {\n    Solution2392 solution = new Solution2392();\n    int k = -1;\n    try {\n        solution.buildMatrix(k, new int[][]{{}}, new int[][]{{}});\n        fail(\"Expected IllegalArgumentException for invalid input k\");\n    } catch (IllegalArgumentException e) {\n        assertEquals(\"k must be a positive integer\", e.getMessage());\n    }\n}",
  "new_imports_code": ""
}/home/qinghua/anaconda3/envs/llm4test/lib/python3.11/site-packages/tree_sitter/__init__.py:36: FutureWarning: Language(path, name) is deprecated. Use Language(ptr, name) instead.
  warn("{} is deprecated. Use {} instead.".format(old, new), FutureWarning)
2025-05-29 01:03:34,344   INFO : Test failed for
@Test
public void testMatrixConstructionWithInvalidInput1() {
    Solution2392 solution = new Solution2392();
    int k = -1;
    try {
        solution.buildMatrix(k, new int[][]{{}}, new int[][]{{}});
        fail("Expected IllegalArgumentException for invalid input k");
    } catch (IllegalArgumentException e) {
        assertEquals("k must be a positive integer", e.getMessage());
    }
}
/home/qinghua/anaconda3/envs/llm4test/lib/python3.11/site-packages/tree_sitter/__init__.py:36: FutureWarning: Language(path, name) is deprecated. Use Language(ptr, name) instead.
  warn("{} is deprecated. Use {} instead.".format(old, new), FutureWarning)
2025-05-29 01:03:41,155   INFO : Test failed for
@Test
public void testMatrixConstructionWithNoDependencies() {
    Solution2392 solution = new Solution2392();
    int k = 3;
    int[][] rowConditions = {};
    int[][] colConditions = {};
    int[][] expected = {{1,2,3},{1,2,3},{1,2,3}};
    int[][] actual = solution.buildMatrix(k, rowConditions, colConditions);
    assertArrayEquals(expected, actual);
}
2025-05-29 01:03:44,652   INFO : ğŸš¨ğŸš¨ğŸš¨ ğŸš€ ğŸš€ ğŸš€ ----- ğŸ¤– AGENT INSPECTOR: Inspecting failed test ----- ğŸš€ ğŸš€ ğŸš€ ğŸš¨ğŸš¨ğŸš¨ 
Here is the feedback in JSON format:

```
{
  "test_case_code": "@Test\npublic void testMatrixConstructionWithNoDependencies() {\n    Solution2392 solution = new Solution2392();\n    int k = 3;\n    int[][] rowConditions = {};\n    int[][] colConditions = {};\n    int[][] expected = {{1,2,3},{1,2,3},{1,2,3}};\n    int[][] actual = solution.buildMatrix(k, rowConditions, colConditions);\n    assertArrayEquals(expected, actual);\n}",
  "error_info": "The test case failed because the buildMatrix method does not handle the case where there are no dependencies correctly. The expected output is a matrix with each row containing numbers from 1 to k, but the current implementation returns an empty matrix.",
  "error_type": "AssertionError",
  "potential_fix": "Modify the f function in the Solution2392 class to return a list of integers from 1 to k when there are no dependencies. This can be done by adding a check at the beginning of the function to see if the input conditions array is empty, and if so, returning a list of integers from 1 to k."
}
```

This feedback provides the full test code that failed, an explanation of the error, the type of error (AssertionError), and a potential fix for the issue.2025-05-29 01:04:02,247   INFO : ğŸš¨ğŸš¨ğŸš¨ ğŸš€ ğŸš€ ğŸš€ ----- ğŸ¤– AGENT SINGLE CASE FIXER: Fixing failed test ----- ğŸš€ ğŸš€ ğŸš€ ğŸš¨ğŸš¨ğŸš¨ 
```
{
  "test_behavior": "Matrix construction with no dependencies returns a valid matrix",
  "test_name": "testMatrixConstructionWithNoDependencies2",
  "new_imports_code": "",
  "test_code": "@Test\npublic void testMatrixConstructionWithNoDependencies2() {\n    Solution2392 solution = new Solution2392();\n    int k = 3;\n    int[][] rowConditions = {};\n    int[][] colConditions = {};\n    int[][] expected = {{1,2,3},{2,3,1},{3,1,2}};\n    int[][] actual = solution.buildMatrix(k, rowConditions, colConditions);\n    assertArrayEquals(expected, actual);\n}"
}
```/home/qinghua/anaconda3/envs/llm4test/lib/python3.11/site-packages/tree_sitter/__init__.py:36: FutureWarning: Language(path, name) is deprecated. Use Language(ptr, name) instead.
  warn("{} is deprecated. Use {} instead.".format(old, new), FutureWarning)
2025-05-29 01:04:16,097   INFO : Test failed for
@Test
public void testMatrixConstructionWithNoDependencies2() {
    Solution2392 solution = new Solution2392();
    int k = 3;
    int[][] rowConditions = {};
    int[][] colConditions = {};
    int[][] expected = {{1,2,3},{2,3,1},{3,1,2}};
    int[][] actual = solution.buildMatrix(k, rowConditions, colConditions);
    assertArrayEquals(expected, actual);
}
2025-05-29 01:04:19,558   INFO : ğŸš¨ğŸš¨ğŸš¨ ğŸš€ ğŸš€ ğŸš€ ----- ğŸ¤– AGENT INSPECTOR: Inspecting failed test ----- ğŸš€ ğŸš€ ğŸš€ ğŸš¨ğŸš¨ğŸš¨ 
Here is the output in JSON format based on the provided schema:

```
{
  "test_case_code": "public void testMatrixConstructionWithNoDependencies2() {\n    Solution2392 solution = new Solution2392();\n    int k = 3;\n    int[][] rowConditions = {};\n    int[][] colConditions = {};\n    int[][] expected = {{1,2,3},{2,3,1},{3,1,2}};\n    int[][] actual = solution.buildMatrix(k, rowConditions, colConditions);\n    assertArrayEquals(expected, actual);\n}",
  "error_info": "The test failed because the implementation of the buildMatrix method does not correctly handle cases where there are no dependencies in either the row or column conditions. In this case, a valid permutation should be returned.",
  "error_type": "AssertionError",
  "potential_fix": "In the f(int[][] cond) function, when there are no conditions (i.e., cond is empty), return a list containing all numbers from 1 to k in any order instead of returning null."
}
```
The provided feedback includes:

- `test_case_code`: The full Java test code for the failed test case.
- `error_info`: An explanation of why the test failed. In this case, it's because the implementation does not correctly handle cases with no dependencies.
- `error_type`: A short label identifying the type of error as an AssertionError.
- `potential_fix`: A suggestion to modify the f(int[][] cond) function so that when there are no conditions (i.e., the input array is empty), it returns a valid permutation instead of null.2025-05-29 01:04:40,081   INFO : ğŸš¨ğŸš¨ğŸš¨ ğŸš€ ğŸš€ ğŸš€ ----- ğŸ¤– AGENT SINGLE CASE FIXER: Fixing failed test ----- ğŸš€ ğŸš€ ğŸš€ ğŸš¨ğŸš¨ğŸš¨ 
{"properties": {"test_behavior": {"default": "no behavior", "description": "The behavior of the test case", "title": "Test Behavior", "type": "string"}, "test_name": {"default": "random_test", "description": "The name of the test case", "title": "Test Name", "type": "string"}, "test_code": {"description": "The full java code of the test case. Starting with @Test ", "title": "Test Code", "type": "string"}, "new_imports_code": {"default": "", "description": "New import statements needed for the test case", "title": "New Imports Code", "type": "string"}}, "required": ["test_code"]}

{
    "test_behavior": "Testing that a valid permutation is returned when there are no dependencies in either the row or column conditions.",
    "test_name": "testMatrixConstructionWithNoDependencies",
    "new_imports_code": "",
    "test_code": "@Test\npublic void testMatrixConstructionWithNoDependencies() {\n    Solution2392 solution = new Solution2392();\n    int k = 3;\n    int[][] rowConditions = {};\n    int[][] colConditions = {};\n    List<int[]> expected = Arrays.asList(new int[]{1, 2, 3}, new int[]{2, 3, 1}, new int[]{3, 1, 2});\n    int[][] actual = solution.buildMatrix(k, rowConditions, colConditions);\n    List<int[]> actualList = new ArrayList<>();\n    for (int[] row : actual) {\n        actualList.add(row.clone());\n    }\n    assertTrue(expected.containsAll(actualList));\n}"
}{
  "test_behavior": "Matrix construction with no dependencies",
  "test_name": "testMatrixConstructionWithNoDependencies2",
  "new_imports_code": "",
  "test_code": "@Test\npublic void testMatrixConstructionWithNoDependencies2() {\n    Solution2392 solution = new Solution2392();\n    int k = 3;\n    int[][] rowConditions = {};\n    int[][] colConditions = {};\n    List<int[]> expectedList = Arrays.asList(new int[]{1, 2, 3}, new int[]{2, 3, 1}, new int[]{3, 1, 2});\n    List<int[]> actualList = new ArrayList<>();\n    for (int[] row : solution.buildMatrix(k, rowConditions, colConditions)) {\n        actualList.add(row);\n    }\n    assertTrue(permutations(expectedList).contains(actualList));\n}\n\nprivate Set<List<int[]>> permutations(List<int[]> list) {\n    if (list.size() == 0) {\n        return Collections.singleton(Collections.emptyList());\n    }\n    Set<List<int[]>> result = new HashSet<>();\n    for (int i = 0; i < list.size(); i++) {\n        int[] current = list.get(i);\n        List<int[]> rest = new ArrayList<>(list);\n        rest.remove(i);\n        for (List<int[]> p : permutations(rest)) {\n            List<int[]> perm = new ArrayList<>();\n            perm.add(current);\n            perm.addAll(p);\n            result.add(perm);\n        }\n    }\n    return result;\n}"
}/home/qinghua/anaconda3/envs/llm4test/lib/python3.11/site-packages/tree_sitter/__init__.py:36: FutureWarning: Language(path, name) is deprecated. Use Language(ptr, name) instead.
  warn("{} is deprecated. Use {} instead.".format(old, new), FutureWarning)
2025-05-29 01:05:26,601   INFO : Test failed for
@Test
public void testMatrixConstructionWithNoDependencies2() {
    Solution2392 solution = new Solution2392();
    int k = 3;
    int[][] rowConditions = {};
    int[][] colConditions = {};
    List<int[]> expectedList = Arrays.asList(new int[]{1, 2, 3}, new int[]{2, 3, 1}, new int[]{3, 1, 2});
    List<int[]> actualList = new ArrayList<>();
    for (int[] row : solution.buildMatrix(k, rowConditions, colConditions)) {
        actualList.add(row);
    }
    assertTrue(permutations(expectedList).contains(actualList));
}

private Set<List<int[]>> permutations(List<int[]> list) {
    if (list.size() == 0) {
        return Collections.singleton(Collections.emptyList());
    }
    Set<List<int[]>> result = new HashSet<>();
    for (int i = 0; i < list.size(); i++) {
        int[] current = list.get(i);
        List<int[]> rest = new ArrayList<>(list);
        rest.remove(i);
        for (List<int[]> p : permutations(rest)) {
            List<int[]> perm = new ArrayList<>();
            perm.add(current);
            perm.addAll(p);
            result.add(perm);
        }
    }
    return result;
}
2025-05-29 01:05:33,616   INFO : 
                ######################################################################
                ğŸ™ƒğŸ“‰Coverage Status: No ImprovementğŸ“‰ğŸ™ƒ
                ğŸ” No Change: Line coverage remains at ğŸ”µ 100.00%
                ğŸ” No Change: Branch coverage remains at ğŸ”µ 95.83%
                ######################################################################
            
2025-05-29 01:05:33,620   INFO : Current line coverage: 1.0
Current branch coverage: 0.9583333333333334
2025-05-29 01:05:33,621   INFO : Final line coverage: 1.0
2025-05-29 01:05:33,621   INFO : Final branch coverage: 0.9583333333333334
2025-05-29 01:05:33,621   INFO : Test generation process completed. Check the test file at /home/qinghua/projects/matg/data/experiments/Leetcode/candor/run_0/generate/src/test/java/original/id_2392Test.java
2025-05-29 01:05:33,621   INFO : Tensorboard logs saved at tensorboard_logs/id_2392
1it [17:26, 1046.08s/it]2025-05-29 01:05:34,449   INFO : 

 Processing file: /home/qinghua/projects/matg/data/experiments/Leetcode/candor/run_0/generate/src/main/java/original/id_2206.java
2025-05-29 01:05:35.443113: I tensorflow/core/util/port.cc:153] oneDNN custom operations are on. You may see slightly different numerical results due to floating-point round-off errors from different computation orders. To turn them off, set the environment variable `TF_ENABLE_ONEDNN_OPTS=0`.
2025-05-29 01:05:35.456507: E external/local_xla/xla/stream_executor/cuda/cuda_fft.cc:467] Unable to register cuFFT factory: Attempting to register factory for plugin cuFFT when one has already been registered
WARNING: All log messages before absl::InitializeLog() is called are written to STDERR
E0000 00:00:1748477135.472179 2694256 cuda_dnn.cc:8579] Unable to register cuDNN factory: Attempting to register factory for plugin cuDNN when one has already been registered
E0000 00:00:1748477135.476380 2694256 cuda_blas.cc:1407] Unable to register cuBLAS factory: Attempting to register factory for plugin cuBLAS when one has already been registered
W0000 00:00:1748477135.487858 2694256 computation_placer.cc:177] computation placer already registered. Please check linkage and avoid linking the same target more than once.
W0000 00:00:1748477135.487880 2694256 computation_placer.cc:177] computation placer already registered. Please check linkage and avoid linking the same target more than once.
W0000 00:00:1748477135.487882 2694256 computation_placer.cc:177] computation placer already registered. Please check linkage and avoid linking the same target more than once.
W0000 00:00:1748477135.487883 2694256 computation_placer.cc:177] computation placer already registered. Please check linkage and avoid linking the same target more than once.
2025-05-29 01:05:35.491676: I tensorflow/core/platform/cpu_feature_guard.cc:210] This TensorFlow binary is optimized to use available CPU instructions in performance-critical operations.
To enable the following instructions: AVX2 AVX512F AVX512_VNNI AVX512_BF16 AVX512_FP16 AVX_VNNI AMX_TILE AMX_INT8 AMX_BF16 FMA, in other operations, rebuild TensorFlow with the appropriate compiler flags.
2025-05-29 01:05:38,560   INFO : 



                â–—â–„â–„â–„â––  â–—â–„â––  â–—â––  â–—â–– â–—â–„â–„â–„    â–—â–„â––  â–—â–„â–„â–– 
                â–â–Œ    â–â–Œ â–â–Œ â–â–›â–šâ––â–â–Œ â–â–Œ  â–ˆ  â–â–Œ â–â–Œ â–â–Œ â–â–Œ
                â–â–Œ    â–â–›â–€â–œâ–Œ â–â–Œ â–â–œâ–Œ â–â–Œ  â–ˆ  â–â–Œ â–â–Œ â–â–›â–€â–šâ––
                â–â–šâ–„â–„â–– â–â–Œ â–â–Œ â–â–Œ  â–â–Œ â–â–™â–„â–„â–€  â–â–šâ–„â–â–˜ â–â–Œ â–â–Œ

2025-05-29 01:05:38,560   INFO : ======================================================================

2025-05-29 01:05:38,560   INFO : ğŸš€ Starting MATG: Multi-Agent LLM-Based Test Generation Framework
2025-05-29 01:05:38,560   INFO : ğŸ“˜ Purpose : Automated test generation for Java using LLM agents
2025-05-29 01:05:38,560   INFO : ğŸ§  Agents  : Planner, Generator, Executor, and Evaluator
2025-05-29 01:05:38,560   INFO : ğŸ› ï¸  Engine  : Powered by matg (Machine-Assisted Test Generation)
2025-05-29 01:05:38,560   INFO : ======================================================================


2025-05-29 01:05:42,032   INFO : Initial line coverage: 0.875
Initial branch coverage: 0.8333333333333334
2025-05-29 01:05:42,037   INFO : Improving coverage for test file /home/qinghua/projects/matg/data/experiments/Leetcode/candor/run_0/generate/src/test/java/original/id_2206Test.java
2025-05-29 01:05:42,039   INFO : ğŸš¨ğŸš¨ğŸš¨ ğŸš€ ğŸš€ ğŸš€ ----- ğŸ¤– AGENT PLANNER: Generating test plan ----- ğŸš€ ğŸš€ ğŸš€ ğŸš¨ğŸš¨ğŸš¨ 
Lines to cover: [11]
Lines with missing branches: [10]
```
{
  "test_cases_to_add": [
    {
      "name": "Test divideArray with odd count of elements",
      "description": "Verify that the method returns false when there is an odd count of elements in the array",
      "input": "[1, 2, 3]",
      "expected_result": "false"
    },
    {
      "name": "Test divideArray with even count of elements",
      "description": "Verify that the method returns true when all elements have an even count",
      "input": "[1, 1, 2, 2]",
      "expected_result": "true"
    }
  ],
  "conventions": [],
  "test_framework": "JUnit5",
  "language": "Java"
}
```2025-05-29 01:05:52,155   INFO : ğŸš¨ğŸš¨ğŸš¨ ğŸš€ ğŸš€ ğŸš€ ----- ğŸ¤– AGENT TESTER: Generating test cases ----- ğŸš€ ğŸš€ ğŸš€ ğŸš¨ğŸš¨ğŸš¨ 
Here is the generated JSON instance that conforms to the schema:

```json
{
  "test_cases": [
    {
      "test_name": "Test divideArray with odd count of elements",
      "test_behavior": "Verify that the method returns false when there is an odd count of elements in the array",
      "new_imports_code": "",
      "test_code": "@Test\npublic void test_divideArray_with_odd_count_of_elements() {\n    Solution2206 solution = new Solution2206();\n    int[] nums = {1, 2, 3};\n    assertFalse(solution.divideArray(nums));\n}"
    },
    {
      "test_name": "Test divideArray with even count of elements",
      "test_behavior": "Verify that the method returns true when all elements have an even count",
      "new_imports_code": "",
      "test_code": "@Test\npublic void test_divideArray_with_even_count_of_elements() {\n    Solution2206 solution = new Solution2206();\n    int[] nums = {1, 1, 2, 2};\n    assertTrue(solution.divideArray(nums));\n}"
    }
  ]
}
```/home/qinghua/anaconda3/envs/llm4test/lib/python3.11/site-packages/tree_sitter/__init__.py:36: FutureWarning: Language(path, name) is deprecated. Use Language(ptr, name) instead.
  warn("{} is deprecated. Use {} instead.".format(old, new), FutureWarning)
2025-05-29 01:06:10,532   INFO : Test passed for

                                @Test
                                    public void testNothing(){
                                        Solution2206 s = new Solution2206();
                                        }
                                
2025-05-29 01:06:14,073   INFO : 
                ######################################################################
                ğŸ™ƒğŸ“‰Coverage Status: No ImprovementğŸ“‰ğŸ™ƒ
                ğŸ” No Change: Line coverage remains at ğŸ”µ 87.50%
                ğŸ” No Change: Branch coverage remains at ğŸ”µ 83.33%
                ######################################################################
            
/home/qinghua/anaconda3/envs/llm4test/lib/python3.11/site-packages/tree_sitter/__init__.py:36: FutureWarning: Language(path, name) is deprecated. Use Language(ptr, name) instead.
  warn("{} is deprecated. Use {} instead.".format(old, new), FutureWarning)
2025-05-29 01:06:17,481   INFO : Test passed for
@Test
public void test_divideArray_with_odd_count_of_elements() {
    Solution2206 solution = new Solution2206();
    int[] nums = {1, 2, 3};
    assertFalse(solution.divideArray(nums));
}
2025-05-29 01:06:20,929   INFO : 
                ######################################################################
                ğŸš€ğŸ“ˆ Coverage Improved! ğŸ“ˆğŸš€ 
                â¡ï¸  Line coverage increased from ğŸ”´  100.00% to ğŸŸ¢ 100.00% ğŸ¯
                â¡ï¸  Branch coverage increased from ğŸ”´  83.33% to ğŸŸ¢ 100.00% ğŸ¯
                ######################################################################
            
2025-05-29 01:06:20,929   INFO : Target coverage reached: 
 Line coverage: 100.00%
 Branch coverage: 100.00%
2025-05-29 01:06:24,358   INFO : 
                ######################################################################
                ğŸ™ƒğŸ“‰Coverage Status: No ImprovementğŸ“‰ğŸ™ƒ
                ğŸ” No Change: Line coverage remains at ğŸ”µ 100.00%
                ğŸ” No Change: Branch coverage remains at ğŸ”µ 100.00%
                ######################################################################
            
2025-05-29 01:06:24,363   INFO : Current line coverage: 1.0
Current branch coverage: 1.0
2025-05-29 01:06:24,363   INFO : Final line coverage: 1.0
2025-05-29 01:06:24,363   INFO : Final branch coverage: 1.0
2025-05-29 01:06:24,363   INFO : Test generation process completed. Check the test file at /home/qinghua/projects/matg/data/experiments/Leetcode/candor/run_0/generate/src/test/java/original/id_2206Test.java
2025-05-29 01:06:24,363   INFO : Tensorboard logs saved at tensorboard_logs/id_2206
2it [18:16, 460.56s/it] 2025-05-29 01:06:25,136   INFO : 

 Processing file: /home/qinghua/projects/matg/data/experiments/Leetcode/candor/run_0/generate/src/main/java/original/id_1728.java
2025-05-29 01:06:26.067582: I tensorflow/core/util/port.cc:153] oneDNN custom operations are on. You may see slightly different numerical results due to floating-point round-off errors from different computation orders. To turn them off, set the environment variable `TF_ENABLE_ONEDNN_OPTS=0`.
2025-05-29 01:06:26.080254: E external/local_xla/xla/stream_executor/cuda/cuda_fft.cc:467] Unable to register cuFFT factory: Attempting to register factory for plugin cuFFT when one has already been registered
WARNING: All log messages before absl::InitializeLog() is called are written to STDERR
E0000 00:00:1748477186.094236 2695914 cuda_dnn.cc:8579] Unable to register cuDNN factory: Attempting to register factory for plugin cuDNN when one has already been registered
E0000 00:00:1748477186.098485 2695914 cuda_blas.cc:1407] Unable to register cuBLAS factory: Attempting to register factory for plugin cuBLAS when one has already been registered
W0000 00:00:1748477186.108736 2695914 computation_placer.cc:177] computation placer already registered. Please check linkage and avoid linking the same target more than once.
W0000 00:00:1748477186.108758 2695914 computation_placer.cc:177] computation placer already registered. Please check linkage and avoid linking the same target more than once.
W0000 00:00:1748477186.108760 2695914 computation_placer.cc:177] computation placer already registered. Please check linkage and avoid linking the same target more than once.
W0000 00:00:1748477186.108762 2695914 computation_placer.cc:177] computation placer already registered. Please check linkage and avoid linking the same target more than once.
2025-05-29 01:06:26.112579: I tensorflow/core/platform/cpu_feature_guard.cc:210] This TensorFlow binary is optimized to use available CPU instructions in performance-critical operations.
To enable the following instructions: AVX2 AVX512F AVX512_VNNI AVX512_BF16 AVX512_FP16 AVX_VNNI AMX_TILE AMX_INT8 AMX_BF16 FMA, in other operations, rebuild TensorFlow with the appropriate compiler flags.
2025-05-29 01:06:28,965   INFO : 



                â–—â–„â–„â–„â––  â–—â–„â––  â–—â––  â–—â–– â–—â–„â–„â–„    â–—â–„â––  â–—â–„â–„â–– 
                â–â–Œ    â–â–Œ â–â–Œ â–â–›â–šâ––â–â–Œ â–â–Œ  â–ˆ  â–â–Œ â–â–Œ â–â–Œ â–â–Œ
                â–â–Œ    â–â–›â–€â–œâ–Œ â–â–Œ â–â–œâ–Œ â–â–Œ  â–ˆ  â–â–Œ â–â–Œ â–â–›â–€â–šâ––
                â–â–šâ–„â–„â–– â–â–Œ â–â–Œ â–â–Œ  â–â–Œ â–â–™â–„â–„â–€  â–â–šâ–„â–â–˜ â–â–Œ â–â–Œ

2025-05-29 01:06:28,965   INFO : ======================================================================

2025-05-29 01:06:28,965   INFO : ğŸš€ Starting MATG: Multi-Agent LLM-Based Test Generation Framework
2025-05-29 01:06:28,965   INFO : ğŸ“˜ Purpose : Automated test generation for Java using LLM agents
2025-05-29 01:06:28,965   INFO : ğŸ§  Agents  : Planner, Generator, Executor, and Evaluator
2025-05-29 01:06:28,965   INFO : ğŸ› ï¸  Engine  : Powered by matg (Machine-Assisted Test Generation)
2025-05-29 01:06:28,965   INFO : ======================================================================


2025-05-29 01:06:31,499   ERROR : Error generating test cases: File '/home/qinghua/projects/matg/data/experiments/Leetcode/candor/run_0/generate/target/site/jacoco/jacoco.xml' not found.
Traceback (most recent call last):
  File "<frozen runpy>", line 198, in _run_module_as_main
  File "<frozen runpy>", line 88, in _run_code
  File "/home/qinghua/projects/matg/main.py", line 87, in <module>
    main()
  File "/home/qinghua/projects/matg/main.py", line 80, in main
    test_generator.run()
  File "/home/qinghua/projects/matg/generate.py", line 136, in run
    logger.info(f"Final line coverage: {self.line_coverage}")
                                        ^^^^^^^^^^^^^^^^^^
AttributeError: 'TestCaseGenerator' object has no attribute 'line_coverage'
2it [18:26, 553.18s/it]
Traceback (most recent call last):
  File "<frozen runpy>", line 198, in _run_module_as_main
  File "<frozen runpy>", line 88, in _run_code
  File "/home/qinghua/projects/matg/experiments/candor/generate/run_leetcode.py", line 57, in <module>
    subprocess.run(command, check=True)
  File "/home/qinghua/anaconda3/envs/llm4test/lib/python3.11/subprocess.py", line 571, in run
    raise CalledProcessError(retcode, process.args,
subprocess.CalledProcessError: Command '['python', '-m', 'matg.main', 'generate', '--data-path', '/home/qinghua/projects/matg/data/experiments/Leetcode/candor/run_0/generate', '--relative-source-file-path', 'src/main/java/original/id_1728.java', '--relative-test-file-path', 'src/test/java/original/id_1728Test.java', '--coverage-report-path', '/home/qinghua/projects/matg/data/experiments/Leetcode/candor/run_0/generate/target/site/jacoco', '--test-command', 'mvn -f /home/qinghua/projects/matg/data/experiments/Leetcode/candor/run_0/generate/pom.xml clean test jacoco:report', '--generator', 'matg', '--max-attempts', '2', '--target-line-coverage', '0.99']' returned non-zero exit status 1.
