<?xml version="1.0" encoding="UTF-8"?>
<testsuite xmlns:xsi="http://www.w3.org/2001/XMLSchema-instance" xsi:noNamespaceSchemaLocation="https://maven.apache.org/surefire/maven-surefire-plugin/xsd/surefire-test-report-3.0.xsd" version="3.0" name="original.ByLengthTest" time="0.016" tests="71" errors="0" skipped="0" failures="0">
  <properties>
[...]
</properties>
  <testcase name="testByLength_IgnoreOutOfRangeValues" classname="original.ByLengthTest" time="0.001"/>
  <testcase name="testNothing1" classname="original.ByLengthTest" time="0"/>
  <testcase name="testByLengthWithNegativeNumbers" classname="original.ByLengthTest" time="0"/>
  <testcase name="testEmptyArray" classname="original.ByLengthTest" time="0"/>
  <testcase name="testEmptyInput" classname="original.ByLengthTest" time="0"/>
  <testcase name="testInvalidInputType12Fixed" classname="original.ByLengthTest" time="0"/>
  <testcase name="testIgnoreOutOfRangeElements3" classname="original.ByLengthTest" time="0.001"/>
  <testcase name="testByLengthEmptyArray" classname="original.ByLengthTest" time="0"/>
  <testcase name="testEdgeCaseMaxValue" classname="original.ByLengthTest" time="0"/>
  <testcase name="testByLengthWithNoMatchingNumbers" classname="original.ByLengthTest" time="0"/>
  <testcase name="testArrayWithNonIntegerValues" classname="original.ByLengthTest" time="0"/>
  <testcase name="testArrayWithEdgeCases" classname="original.ByLengthTest" time="0"/>
  <testcase name="testByLength_InvalidElement_EdgeCase" classname="original.ByLengthTest" time="0"/>
  <testcase name="testByLengthWithEmptyInput" classname="original.ByLengthTest" time="0"/>
  <testcase name="testNonIntegerInput" classname="original.ByLengthTest" time="0"/>
  <testcase name="testEdgeCaseSingleElementOutOfRange" classname="original.ByLengthTest" time="0.001"/>
  <testcase name="testEdgeCaseMinValue1" classname="original.ByLengthTest" time="0"/>
  <testcase name="testNullInputException" classname="original.ByLengthTest" time="0"/>
  <testcase name="testEmptyList" classname="original.ByLengthTest" time="0"/>
  <testcase name="testSingleElementArray_New" classname="original.ByLengthTest" time="0"/>
  <testcase name="testNoExceptionWithInvalidInputType11" classname="original.ByLengthTest" time="0"/>
  <testcase name="testMultipleElementArray" classname="original.ByLengthTest" time="0"/>
  <testcase name="ByLength_NullInput_ThrowsNullPointerException" classname="original.ByLengthTest" time="0"/>
  <testcase name="testByLength_MultipleElements_HappyPath" classname="original.ByLengthTest" time="0"/>
  <testcase name="testArrayWithDuplicateElements" classname="original.ByLengthTest" time="0"/>
  <testcase name="testByLength_NonIntegerValues" classname="original.ByLengthTest" time="0"/>
  <testcase name="testIgnoreNonIntegerInputs" classname="original.ByLengthTest" time="0"/>
  <testcase name="testEdgeCaseArray1" classname="original.ByLengthTest" time="0"/>
  <testcase name="testEmptyArrayFixed" classname="original.ByLengthTest" time="0.001"/>
  <testcase name="testArrayWithEdgeCaseElementsCorrected" classname="original.ByLengthTest" time="0.001"/>
  <testcase name="testByLengthWithValidInput" classname="original.ByLengthTest" time="0"/>
  <testcase name="testEmptyArrayAlternative" classname="original.ByLengthTest" time="0"/>
  <testcase name="testArrayWithInvalidElementsFixed" classname="original.ByLengthTest" time="0"/>
  <testcase name="ByLength_MultipleElementsArray_ReturnsMultipleElementArray" classname="original.ByLengthTest" time="0"/>
  <testcase name="testByLength_SingleElementArray" classname="original.ByLengthTest" time="0.001"/>
  <testcase name="testEmptyListAlternative" classname="original.ByLengthTest" time="0"/>
  <testcase name="testMultipleElementsArray" classname="original.ByLengthTest" time="0"/>
  <testcase name="testMultipleElementsInput" classname="original.ByLengthTest" time="0"/>
  <testcase name="byLength_test_1" classname="original.ByLengthTest" time="0"/>
  <testcase name="testByLength_SingleElement" classname="original.ByLengthTest" time="0"/>
  <testcase name="testByLength_OutOfRangeValues" classname="original.ByLengthTest" time="0.001"/>
  <testcase name="testDuplicateValues" classname="original.ByLengthTest" time="0"/>
  <testcase name="testByLength_EmptyList_Negative" classname="original.ByLengthTest" time="0"/>
  <testcase name="testByLength_DuplicateValues" classname="original.ByLengthTest" time="0"/>
  <testcase name="testEdgeCaseMinValue" classname="original.ByLengthTest" time="0"/>
  <testcase name="testByLength_EmptyArray_1" classname="original.ByLengthTest" time="0"/>
  <testcase name="testMultipleElementsArrayCorrected" classname="original.ByLengthTest" time="0"/>
  <testcase name="ByLength_SingleElementArray_ReturnsSingleElementArray" classname="original.ByLengthTest" time="0"/>
  <testcase name="testByLength_SortAndReverseArray_ExpectedResult" classname="original.ByLengthTest" time="0"/>
  <testcase name="testSingleElementArrayUnique" classname="original.ByLengthTest" time="0"/>
  <testcase name="testByLength_OneElement_EdgeCase" classname="original.ByLengthTest" time="0"/>
  <testcase name="testByLengthWithEdgeCases" classname="original.ByLengthTest" time="0"/>
  <testcase name="testDuplicateValues1" classname="original.ByLengthTest" time="0"/>
  <testcase name="testArrayWithDuplicateValues" classname="original.ByLengthTest" time="0.001"/>
  <testcase name="testByLength_IgnoreNonIntegerValues" classname="original.ByLengthTest" time="0"/>
  <testcase name="testArrayWithNonIntegerAndNegativeValues" classname="original.ByLengthTest" time="0"/>
  <testcase name="testByLengthWithLargeNumbers" classname="original.ByLengthTest" time="0"/>
  <testcase name="testByLength_EmptyArray" classname="original.ByLengthTest" time="0"/>
  <testcase name="testByLength_MultipleElements" classname="original.ByLengthTest" time="0"/>
  <testcase name="testSingleElementArray" classname="original.ByLengthTest" time="0"/>
  <testcase name="ByLength_ArrayWithElementsOutsideRange_IgnoresElementsOutsideRange" classname="original.ByLengthTest" time="0"/>
  <testcase name="testMultipleElementsArrayCorrected_2" classname="original.ByLengthTest" time="0"/>
  <testcase name="testMultipleElementsArray_3" classname="original.ByLengthTest" time="0"/>
  <testcase name="testEmptyListCorrected" classname="original.ByLengthTest" time="0"/>
  <testcase name="testNullInput" classname="original.ByLengthTest" time="0"/>
  <testcase name="ByLength_EmptyArray_ReturnsEmptyArray" classname="original.ByLengthTest" time="0"/>
  <testcase name="testNothing" classname="original.ByLengthTest" time="0"/>
  <testcase name="testArrayWithNegativeNumber" classname="original.ByLengthTest" time="0"/>
  <testcase name="testByLength_DuplicateElements_SpecificFunctionality" classname="original.ByLengthTest" time="0"/>
  <testcase name="testEdgeCaseArray" classname="original.ByLengthTest" time="0"/>
  <testcase name="testByLength_MultipleElementsArray" classname="original.ByLengthTest" time="0"/>
</testsuite>