<?xml version="1.0" encoding="UTF-8"?>
<testsuite xmlns:xsi="http://www.w3.org/2001/XMLSchema-instance" xsi:noNamespaceSchemaLocation="https://maven.apache.org/surefire/maven-surefire-plugin/xsd/surefire-test-report-3.0.xsd" version="3.0" name="original.SumSquares1Test" time="0.007" tests="49" errors="0" skipped="0" failures="0">
  <properties>
[...]
</properties>
  <testcase name="testSingleElement" classname="original.SumSquares1Test" time="0"/>
  <testcase name="testSumSquares_SingleElementList_Duplicate" classname="original.SumSquares1Test" time="0"/>
  <testcase name="testMultipleElementsListUniqueId1" classname="original.SumSquares1Test" time="0"/>
  <testcase name="testMultipleElementsListUniqueId2" classname="original.SumSquares1Test" time="0"/>
  <testcase name="testSumSquares_NonIntegerElementsList" classname="original.SumSquares1Test" time="0.001"/>
  <testcase name="testSumSquares_NullInputFixed" classname="original.SumSquares1Test" time="0"/>
  <testcase name="testSumSquares_EmptyList" classname="original.SumSquares1Test" time="0"/>
  <testcase name="testSumSquares_SingleElementList" classname="original.SumSquares1Test" time="0"/>
  <testcase name="testSumSquares_NonIntegerInput" classname="original.SumSquares1Test" time="0.001"/>
  <testcase name="testSumSquares_NonIntegerValue" classname="original.SumSquares1Test" time="0"/>
  <testcase name="testNegativeNumbersList3" classname="original.SumSquares1Test" time="0"/>
  <testcase name="testNegativeNumbersListCorrected" classname="original.SumSquares1Test" time="0"/>
  <testcase name="testSumAndCube" classname="original.SumSquares1Test" time="0"/>
  <testcase name="testEmptyListAlternative1" classname="original.SumSquares1Test" time="0"/>
  <testcase name="testSumSquares_MultipleElementsList_Duplicate" classname="original.SumSquares1Test" time="0"/>
  <testcase name="testEmptyListUniqueName" classname="original.SumSquares1Test" time="0"/>
  <testcase name="testSumSquares_MultipleElementsList" classname="original.SumSquares1Test" time="0"/>
  <testcase name="testSumOfSquaresWithEmptyListUnique" classname="original.SumSquares1Test" time="0"/>
  <testcase name="testEmptyList" classname="original.SumSquares1Test" time="0"/>
  <testcase name="testSumSquares_LargeInputList_Fixed" classname="original.SumSquares1Test" time="0.002"/>
  <testcase name="testSumOfSquaresWithPositiveNumbers" classname="original.SumSquares1Test" time="0"/>
  <testcase name="testMultipleElementsListWithIndexMultipleOf3" classname="original.SumSquares1Test" time="0"/>
  <testcase name="test_sumSquares_NullInput" classname="original.SumSquares1Test" time="0"/>
  <testcase name="testSumSquares_SquareAndCubeOperations_Fixed" classname="original.SumSquares1Test" time="0"/>
  <testcase name="testSquareRoots" classname="original.SumSquares1Test" time="0"/>
  <testcase name="testSumSquares_NullInput_2" classname="original.SumSquares1Test" time="0"/>
  <testcase name="testSumSquares_EmptyList_Duplicate" classname="original.SumSquares1Test" time="0.001"/>
  <testcase name="testSumSquares_NullInput_New_1" classname="original.SumSquares1Test" time="0"/>
  <testcase name="testMultipleOf3" classname="original.SumSquares1Test" time="0"/>
  <testcase name="testSumSquares_SingleElementList2" classname="original.SumSquares1Test" time="0"/>
  <testcase name="testSumOfSquaresWithZero" classname="original.SumSquares1Test" time="0"/>
  <testcase name="test_sumSquares_LargeList_VariousIndexes" classname="original.SumSquares1Test" time="0"/>
  <testcase name="testNegativeNumbersListCorrected3" classname="original.SumSquares1Test" time="0"/>
  <testcase name="testSumSquares_EmptyList_New" classname="original.SumSquares1Test" time="0"/>
  <testcase name="testSumSquares_NullList" classname="original.SumSquares1Test" time="0"/>
  <testcase name="SumSquares_SingleElement" classname="original.SumSquares1Test" time="0"/>
  <testcase name="SumSquares_EmptyList" classname="original.SumSquares1Test" time="0"/>
  <testcase name="testMultipleElements" classname="original.SumSquares1Test" time="0"/>
  <testcase name="testSumSquares_ListWithNegativeNumbers_Fixed" classname="original.SumSquares1Test" time="0"/>
  <testcase name="testMultipleElementsListWithNegativeNumbers" classname="original.SumSquares1Test" time="0"/>
  <testcase name="testSumSquares_MultipleOfThreeAndFour_ReturnsCorrectResult" classname="original.SumSquares1Test" time="0"/>
  <testcase name="testSumOfSquaresWithEmptyList" classname="original.SumSquares1Test" time="0"/>
  <testcase name="SumSquares_MultipleOfThree" classname="original.SumSquares1Test" time="0"/>
  <testcase name="testMultipleElementsListWithIndexNotMultipleOf3Or4" classname="original.SumSquares1Test" time="0"/>
  <testcase name="testSumSquares_NullInput" classname="original.SumSquares1Test" time="0"/>
  <testcase name="testSingleElementListUniqueId" classname="original.SumSquares1Test" time="0"/>
  <testcase name="test_sumSquares_EmptyList" classname="original.SumSquares1Test" time="0"/>
  <testcase name="testZeroList" classname="original.SumSquares1Test" time="0"/>
  <testcase name="testNothing" classname="original.SumSquares1Test" time="0"/>
</testsuite>