<?xml version="1.0" encoding="UTF-8"?>
<testsuite xmlns:xsi="http://www.w3.org/2001/XMLSchema-instance" xsi:noNamespaceSchemaLocation="https://maven.apache.org/surefire/maven-surefire-plugin/xsd/surefire-test-report-3.0.xsd" version="3.0" name="oracle1.PrimeFibTest" time="6.608" tests="55" errors="0" skipped="0" failures="0">
  <properties>
[...]
</properties>
  <testcase name="testPrimeFib_with_1" classname="oracle1.PrimeFibTest" time="0"/>
  <testcase name="testPrimeFib_1" classname="oracle1.PrimeFibTest" time="0"/>
  <testcase name="testPrimeFib_CorrectNthPrimeFibonacciNumber" classname="oracle1.PrimeFibTest" time="0"/>
  <testcase name="testPrimeFib_with_n_equals_1" classname="oracle1.PrimeFibTest" time="0"/>
  <testcase name="PrimeFib_HappyPath_1" classname="oracle1.PrimeFibTest" time="0.001"/>
  <testcase name="PrimeFib_HappyPath_2" classname="oracle1.PrimeFibTest" time="0"/>
  <testcase name="PrimeFib_HappyPath_5" classname="oracle1.PrimeFibTest" time="0"/>
  <testcase name="test_isPrime_edge_11" classname="oracle1.PrimeFibTest" time="0"/>
  <testcase name="testIsPrimeFunctionWithPrimeNumber231" classname="oracle1.PrimeFibTest" time="0"/>
  <testcase name="testPrimeFib_WithN10_Returns433494437" classname="oracle1.PrimeFibTest" time="0.624"/>
  <testcase name="testPrimeFibLargeInput" classname="oracle1.PrimeFibTest" time="0.608"/>
  <testcase name="testIsPrimeWithCompositeNumber1" classname="oracle1.PrimeFibTest" time="0"/>
  <testcase name="testPrimeFibInitializationUnique" classname="oracle1.PrimeFibTest" time="0"/>
  <testcase name="testPrimeFibWithOne" classname="oracle1.PrimeFibTest" time="0"/>
  <testcase name="testPrimeFibInitialization" classname="oracle1.PrimeFibTest" time="0"/>
  <testcase name="testPrimeFibWithNEquals10" classname="oracle1.PrimeFibTest" time="0.605"/>
  <testcase name="testPrimeFibWithLargeInput2" classname="oracle1.PrimeFibTest" time="0.609"/>
  <testcase name="testPrimeFibWithSmallInput" classname="oracle1.PrimeFibTest" time="0"/>
  <testcase name="testPrimeFibFunctionReturnsCorrectResultForInput1" classname="oracle1.PrimeFibTest" time="0"/>
  <testcase name="testPrimeFib" classname="oracle1.PrimeFibTest" time="0.001"/>
  <testcase name="TestPrimeFib1" classname="oracle1.PrimeFibTest" time="0"/>
  <testcase name="TestPrimeFib2" classname="oracle1.PrimeFibTest" time="0"/>
  <testcase name="TestPrimeFib3" classname="oracle1.PrimeFibTest" time="0"/>
  <testcase name="testIsPrime_with_prime_number_via_wrapper" classname="oracle1.PrimeFibTest" time="0"/>
  <testcase name="primeFibTest_1" classname="oracle1.PrimeFibTest" time="0"/>
  <testcase name="testPrimeFibHappyPath" classname="oracle1.PrimeFibTest" time="0"/>
  <testcase name="TestPrimeFibLargeN" classname="oracle1.PrimeFibTest" time="0.616"/>
  <testcase name="testPrimeFibFunctionWithN10" classname="oracle1.PrimeFibTest" time="0.591"/>
  <testcase name="testPrimeFib_with_n_equals_10" classname="oracle1.PrimeFibTest" time="0.593"/>
  <testcase name="testIsPrimeFalseViaReflection" classname="oracle1.PrimeFibTest" time="0"/>
  <testcase name="testPrimeFibWithLargeInput" classname="oracle1.PrimeFibTest" time="0.592"/>
  <testcase name="testPrimeFibMethodWithValidInput" classname="oracle1.PrimeFibTest" time="0.002"/>
  <testcase name="testPrimeFibHappyPath1" classname="oracle1.PrimeFibTest" time="0"/>
  <testcase name="testIsPrimeFunctionWithEdgeCase1" classname="oracle1.PrimeFibTest" time="0"/>
  <testcase name="testPrimeFib_WithN1_Returns2" classname="oracle1.PrimeFibTest" time="0.001"/>
  <testcase name="testIsPrimePositiveInput" classname="oracle1.PrimeFibTest" time="0"/>
  <testcase name="PrimeFib_HappyPath_10" classname="oracle1.PrimeFibTest" time="0.589"/>
  <testcase name="testPrimeFibFunctionWithN1" classname="oracle1.PrimeFibTest" time="0"/>
  <testcase name="test_primeFib_edge_1" classname="oracle1.PrimeFibTest" time="0"/>
  <testcase name="testPrimeFibInitialization1" classname="oracle1.PrimeFibTest" time="0"/>
  <testcase name="testPrimeFibInitialization2" classname="oracle1.PrimeFibTest" time="0"/>
  <testcase name="testPrimeFibInitialization3" classname="oracle1.PrimeFibTest" time="0.001"/>
  <testcase name="testPrimeFibWithNEquals1" classname="oracle1.PrimeFibTest" time="0"/>
  <testcase name="testPrimeFibPositiveInput" classname="oracle1.PrimeFibTest" time="0"/>
  <testcase name="testNothing" classname="oracle1.PrimeFibTest" time="0"/>
  <testcase name="test_primeFib_small_input" classname="oracle1.PrimeFibTest" time="0"/>
  <testcase name="test_primeFib_1" classname="oracle1.PrimeFibTest" time="0"/>
  <testcase name="test_primeFib_2" classname="oracle1.PrimeFibTest" time="0"/>
  <testcase name="test_primeFib_3" classname="oracle1.PrimeFibTest" time="0.586"/>
  <testcase name="testIsPrimeNonPrimeInput" classname="oracle1.PrimeFibTest" time="0"/>
  <testcase name="testPrimeFibLargerInput" classname="oracle1.PrimeFibTest" time="0.586"/>
  <testcase name="test_prime_fib_n_1" classname="oracle1.PrimeFibTest" time="0"/>
  <testcase name="testPrimeFibWithMediumInput" classname="oracle1.PrimeFibTest" time="0"/>
  <testcase name="testIsPrimeEdgeCaseInputCorrected_1" classname="oracle1.PrimeFibTest" time="0"/>
  <testcase name="testIsPrimeFunctionWithNonPrimeNumber24_2" classname="oracle1.PrimeFibTest" time="0"/>
</testsuite>