2025-05-04 21:58:12,791   ERROR : Error in improving coverage of test file /home/qinghua/projects/matg/data/HumanEvalJava/matg/src/test/java/original/id_147Test.java: 'PosixPath' object has no attribute 'endswith'
2025-05-04 22:00:28,553   ERROR : Error in improving coverage of test file /home/qinghua/projects/matg/data/HumanEvalJava/matg/src/test/java/original/id_147Test.java: 'PosixPath' object has no attribute 'endswith'
2025-05-04 22:01:26,701   ERROR : Error in improving coverage of test file /home/qinghua/projects/matg/data/HumanEvalJava/matg/src/test/java/original/id_147Test.java: 'NoneType' object has no attribute 'replace'
2025-05-04 22:05:38,117   ERROR : Error in improving coverage of test file /home/qinghua/projects/matg/data/HumanEvalJava/matg/src/test/java/original/id_147Test.java: 'NoneType' object has no attribute 'replace'
2025-05-04 22:12:56,703   ERROR : Error in improving coverage of test file /home/qinghua/projects/matg/data/HumanEvalJava/matg/src/test/java/original/id_147Test.java: unsupported operand type(s) for +: 'PosixPath' and 'str'
2025-05-09 20:29:06,049   ERROR : Error generating test cases: Failed to parse TestCase from completion {"properties": {}}. Got: 1 validation error for TestCase
test_code
  Field required [type=missing, input_value={'properties': {}}, input_type=dict]
    For further information visit https://errors.pydantic.dev/2.10/v/missing
For troubleshooting, visit: https://python.langchain.com/docs/troubleshooting/errors/OUTPUT_PARSING_FAILURE 
2025-05-09 20:56:41,651   ERROR : Error generating test cases: File '/home/qinghua/projects/matg/data/HumanEvalJava/matg/target/site/jacoco/jacoco.xml' not found.
2025-05-10 00:15:36,234   ERROR : Error generating test cases: File '/home/qinghua/projects/matg/data/HumanEvalJava/matg/target/site/jacoco/jacoco.xml' not found.
2025-05-10 00:56:00,977   ERROR : Error generating test cases: Failed to parse TestCase from completion [{"test_behavior": "Verifies that isPrimeWrapper returns false when input is less than or equal to 1", "test_name": "testIsPrimeFunctionWithEdgeCase1", "new_imports_code": "", "test_code": "@Test\npublic void testIsPrimeFunctionWithEdgeCase1() {\nboolean result = PrimeFib.isPrimeWrapper(1);\nassertFalse(result);\n}"}, {"test_behavior": "Verifies that isPrimeWrapper returns true when input is prime number", "test_name": "testIsPrimeFunctionWithPrimeNumber", "new_imports_code": "", "test_code": "@Test\npublic void testIsPrimeFunctionWithPrimeNumber() {\nboolean result = PrimeFib.isPrimeWrapper(7);\nassertTrue(result);\n}"}, {"test_behavior": "Verifies that primeFib returns correct value for input n=1", "test_name": "testPrimeFibFunctionWithN1", "new_imports_code": "", "test_code": "@Test\npublic void testPrimeFibFunctionWithN1() {\nint result = PrimeFib.primeFib(1);\nequals(result, 2);\n}"}, {"test_behavior": "Verifies that primeFib returns correct value for input n=5", "test_name": "testPrimeFibFunctionWithN5", "new_imports_code": "", "test_code": "@Test\npublic void testPrimeFibFunctionWithN5() {\nint result = PrimeFib.primeFib(5);\nequals(result, 89);\n}"}, {"test_behavior": "Verifies that primeFib returns correct value for input n=10", "test_name": "testPrimeFibFunctionWithN10", "new_imports_code": "", "test_code": "@Test\npublic void testPrimeFibFunctionWithN10() {\nint result = PrimeFib.primeFib(10);\nequals(result, 433494437);\n}"}]. Got: 1 validation error for TestCase
  Input should be a valid dictionary or instance of TestCase [type=model_type, input_value=[{'test_behavior': 'Verif...esult, 433494437);\n}'}], input_type=list]
    For further information visit https://errors.pydantic.dev/2.10/v/model_type
For troubleshooting, visit: https://python.langchain.com/docs/troubleshooting/errors/OUTPUT_PARSING_FAILURE 
2025-05-10 04:32:10,153   ERROR : Error generating test cases: Got <class 'pandas.core.series.Series'>, but numpy array or torch tensor are expected.
2025-05-10 04:46:14,535   ERROR : Error generating test cases: Failed to parse TestCase from completion [{"test_behavior": "Verify cycpatternCheck returns false when both input strings are empty", "test_name": "testCycpatternCheckWithEmptyStringsFixed", "new_imports_code": "", "test_code": "@Test\npublic void testCycpatternCheckWithEmptyStringsFixed() {\n    assertFalse(CycpatternCheck.cycpatternCheck(\"\", \"\"));\n}"}, {"test_behavior": "Verify cycpatternCheck returns true when second word is a substring of the first word", "test_name": "testCycpatternCheckSubString1", "new_imports_code": "", "test_code": "@Test\npublic void testCycpatternCheckSubString1() {\n    assertTrue(CycpatternCheck.cycpatternCheck(\"hello\", \"ell\"));\n}"}, {"test_behavior": "Verify cycpatternCheck returns true when second word is a rotation of a substring of the first word", "test_name": "testCycpatternCheckRotation1", "new_imports_code": "", "test_code": "@Test\npublic void testCycpatternCheckRotation1() {\n    assertTrue(CycpatternCheck.cycpatternCheck(\"abab\", \"baa\"));\n}"}, {"test_behavior": "Verify cycpatternCheck returns false when second word is not a substring or rotation of the first word", "test_name": "testCycpatternCheckFalse1", "new_imports_code": "", "test_code": "@Test\npublic void testCycpatternCheckFalse1() {\n    assertFalse(CycpatternCheck.cycpatternCheck(\"abcd\", \"abd\"));\n}"}, {"test_behavior": "Verify cycpatternCheck returns true when second word is a substring of the first word, with multiple occurrences", "test_name": "testCycpatternCheckSubString2", "new_imports_code": "", "test_code": "@Test\npublic void testCycpatternCheckSubString2() {\n    assertTrue(CycpatternCheck.cycpatternCheck(\"himenss\", \"simen\"));\n}"}, {"test_behavior": "Verify cycpatternCheck returns false when second word is longer than the first word", "test_name": "testCycpatternCheckFalseLength", "new_imports_code": "", "test_code": "@Test\npublic void testCycpatternCheckFalseLength() {\n    assertFalse(CycpatternCheck.cycpatternCheck(\"xyz\", \"xywz\"));\n}"}, {"test_behavior": "Verify cycpatternCheck returns false when first word is empty", "test_name": "testCycpatternCheckEmptyFirst", "new_imports_code": "", "test_code": "@Test\npublic void testCycpatternCheckEmptyFirst() {\n    assertFalse(CycpatternCheck.cycpatternCheck(\"\", \"xyw\"));\n}"}, {"test_behavior": "Verify cycpatternCheck returns false when second word is empty", "test_name": "testCycpatternCheckEmptySecond", "new_imports_code": "", "test_code": "@Test\npublic void testCycpatternCheckEmptySecond() {\n    assertFalse(CycpatternCheck.cycpatternCheck(\"xyz\", \"\"));\n}"}]. Got: 1 validation error for TestCase
  Input should be a valid dictionary or instance of TestCase [type=model_type, input_value=[{'test_behavior': 'Verif...Check("xyz", ""));\n}'}], input_type=list]
    For further information visit https://errors.pydantic.dev/2.10/v/model_type
For troubleshooting, visit: https://python.langchain.com/docs/troubleshooting/errors/OUTPUT_PARSING_FAILURE 
2025-05-10 05:26:38,045   ERROR : Error generating test cases: Failed to parse TestCase from completion {"properties": {"test_behavior": "Test NumericalLetterGrade method with grade B-", "test_name": "NumericalLetterGradetest_GradeBMinus2", "new_imports_code": "", "test_code": "@Test\npublic void test_GradeBMinus() {\n    List<Object> input = Arrays.asList(2.1);\n    assertEquals(\"B-\", NumericalLetterGrade.numericalLetterGrade(input).get(0));\n}"}}. Got: 1 validation error for TestCase
test_code
  Field required [type=missing, input_value={'properties': {'test_beh...de(input).get(0));\n}'}}, input_type=dict]
    For further information visit https://errors.pydantic.dev/2.10/v/missing
For troubleshooting, visit: https://python.langchain.com/docs/troubleshooting/errors/OUTPUT_PARSING_FAILURE 
2025-05-10 23:59:23,565   ERROR : Error generating test cases: Got <class 'pandas.core.series.Series'>, but numpy array or torch tensor are expected.
2025-05-11 00:07:35,147   ERROR : Error generating test cases: Failed to parse TestCase from completion [{"test_behavior": "Test that a list with a single grade of 4.0 returns a list with a single grade of A+", "test_name": "test_APlus_Grade", "test_code": "@Test\npublic void test_APlus_Grade() {\n\tList<Double> grades = new ArrayList<>();\n\tgrades.add(4.0);\n\tList<String> result = NumericalLetterGrade.numericalLetterGrade((List<Number>) grades);\n\tassertEquals(\"A+\", result.get(0));\n}", "new_imports_code": ""}]. Got: 1 validation error for TestCase
  Input should be a valid dictionary or instance of TestCase [type=model_type, input_value=[{'test_behavior': 'Test ...'new_imports_code': ''}], input_type=list]
    For further information visit https://errors.pydantic.dev/2.10/v/model_type
For troubleshooting, visit: https://python.langchain.com/docs/troubleshooting/errors/OUTPUT_PARSING_FAILURE 
2025-05-11 00:50:56,163   ERROR : Error generating test cases: Got <class 'pandas.core.series.Series'>, but numpy array or torch tensor are expected.
2025-05-11 01:21:11,785   ERROR : Error generating test cases: Got <class 'pandas.core.series.Series'>, but numpy array or torch tensor are expected.
2025-05-11 18:36:22,455   ERROR : Error generating test cases: File '/home/qinghua/projects/matg/data/HumanEvalJava/matg/target/site/jacoco/jacoco.xml' not found.
2025-05-11 19:13:17,699   ERROR : Error generating test cases: Got <class 'pandas.core.series.Series'>, but numpy array or torch tensor are expected.
2025-05-11 19:22:40,249   ERROR : Error generating test cases: Failed to parse TestCase from completion [{"test_behavior": "Test numericalLetterGrade method with a single grade", "test_name": "testNumericalLetterGrade_SingleGrade", "new_imports_code": "import static org.hamcrest.Matchers.hasItem; import static org.junit.jupiter.api.Assertions.assertThat;", "test_code": "@Test void testNumericalLetterGrade_SingleGrade() {List<Number> grades = new ArrayList<>();grades.add(4.0);List<String> result = NumericalLetterGrade.numericalLetterGrade(grades);assertThat(result, hasItem(\"A+\"));}"}, {"test_behavior": "Test numericalLetterGrade method with multiple grades", "test_name": "testNumericalLetterGrade_MultipleGrades", "new_imports_code": "import static org.hamcrest.Matchers.hasItems; import static org.junit.jupiter.api.Assertions.assertThat;", "test_code": "@Test void testNumericalLetterGrade_MultipleGrades() {List<Number> grades = new ArrayList<>();grades.add(4.0);grades.add(3.7);grades.add(1.7);List<String> result = NumericalLetterGrade.numericalLetterGrade(grades);assertThat(result, hasItems(\"A+\", \"A\", \"C-\"));}"}, {"test_behavior": "Test numericalLetterGrade method with an empty list of grades", "test_name": "testNumericalLetterGrade_EmptyList", "new_imports_code": "import static org.hamcrest.Matchers.empty; import static org.junit.jupiter.api.Assertions.assertThat;", "test_code": "@Test void testNumericalLetterGrade_EmptyList() {List<Number> grades = new ArrayList<>();List<String> result = NumericalLetterGrade.numericalLetterGrade(grades);assertThat(result, empty());}"}, {"test_behavior": "Test numericalLetterGrade method with a null list of grades", "test_name": "testNumericalLetterGrade_NullList", "new_imports_code": "", "test_code": "@Test void testNumericalLetterGrade_NullList() {assertThrows(NullPointerException.class, () -> NumericalLetterGrade.numericalLetterGrade(null));}"}, {"test_behavior": "Test numericalLetterGrade method with a list containing null grades", "test_name": "testNumericalLetterGrade_ListWithNullGrades", "new_imports_code": "", "test_code": "@Test void testNumericalLetterGrade_ListWithNullGrades() {List<Number> grades = new ArrayList<>();grades.add(null);assertThrows(NullPointerException.class, () -> NumericalLetterGrade.numericalLetterGrade(grades));}"}]. Got: 1 validation error for TestCase
  Input should be a valid dictionary or instance of TestCase [type=model_type, input_value=[{'test_behavior': 'Test ...etterGrade(grades));}'}], input_type=list]
    For further information visit https://errors.pydantic.dev/2.10/v/model_type
For troubleshooting, visit: https://python.langchain.com/docs/troubleshooting/errors/OUTPUT_PARSING_FAILURE 
2025-05-11 20:18:45,282   ERROR : Error generating test cases: Got <class 'pandas.core.series.Series'>, but numpy array or torch tensor are expected.
2025-05-11 20:20:08,744   ERROR : Error generating test cases: Got <class 'pandas.core.series.Series'>, but numpy array or torch tensor are expected.
2025-05-11 23:34:38,212   ERROR : Error generating test cases: Invalid json output: Based on the provided failed test case, I'll generate feedback in the required JSON format.

```
{
  "test_case_code": "@Test\npublic void testFindMax_DuplicateWords() {\n    List<String> words = Arrays.asList(\"play\", \"play\", \"play\");\n    String result = FindMax.findMax(words);\n    assertEquals(\"play\", result);\n}",
  "error_info": "The error message 'name \'lang\' is not defined' does not provide clear information about the test failure. However, after analyzing the code and test case, it appears that there might be an issue with the JUnit framework or a dependency conflict.",
  "error_type": "UnknownError",
  "potential_fix": "To resolve this issue, ensure that you are using the correct version of JUnit5 in your project dependencies. Check for any conflicts between different versions of JUnit or other testing libraries. If the issue persists, try updating your test framework to a newer version."
}
```

However, since there's not enough information provided about the actual cause of the error (name 'lang' is not defined), my analysis and potential fix are speculative.

Here is an updated review that suggests additional investigation:

To provide more accurate feedback on this failed test case, I recommend further investigation into the root cause of the error. 

1. **Clarify Error Message:** Verify if there's a missing variable named `lang` somewhere in your code or dependencies.
2. **Check JUnit5 Configuration:** Review your project configuration to ensure that you are using the correct version of JUnit5 and that all necessary dependencies are properly imported.

If these suggestions don't help identify the root cause, it would be beneficial to receive more details about the error message or stack trace associated with this test failure.
For troubleshooting, visit: https://python.langchain.com/docs/troubleshooting/errors/OUTPUT_PARSING_FAILURE 
2025-05-12 00:19:12,619   ERROR : Error generating test cases: Invalid json output: Based on the failed test case, I'll provide the analysis and feedback in the required JSON format.

```
{
  "test_case_code": "@Test\npublic void TestMixedCaseKeys() {\n\tMap<String, String> map = new HashMap<>();\n\tmap.put(\"a\", \"apple\");\n\tmap.put(\"A\", \"banana\");\n\tassertFalse(CheckDictCase.checkDictCase(map));\n}",
  "error_info": "The error message 'name \'lang\' is not defined' is misleading. The actual issue lies in the implementation of the checkDictCase method, which does not correctly handle mixed case keys.",
  "error_type": "AssertionError",
  "potential_fix": "To fix this issue, you should modify the checkDictCase method to iterate through the map's entry set instead of just the key set. This will allow you to access both the key and value for each entry, enabling you to correctly handle mixed case keys.\n\nFor example:\n\nfor (Map.Entry<Object, Object> entry : m.entrySet()) {\n\tObject k = entry.getKey();\n\t...\n}"
}
```

Note: The `potential_fix` section provides a general suggestion on how to fix the issue. It may require additional modifications based on the specific requirements of the `checkDictCase` method.
For troubleshooting, visit: https://python.langchain.com/docs/troubleshooting/errors/OUTPUT_PARSING_FAILURE 
2025-05-12 00:47:27,093   ERROR : Error generating test cases: Failed to parse TestCase from completion {"properties": {"foo": {"title": "Foo", "description": "a list of strings", "type": "array", "items": {"type": "string"}}}, "required": ["foo"]}. Got: 1 validation error for TestCase
test_code
  Field required [type=missing, input_value={'properties': {'foo': {'...}}, 'required': ['foo']}, input_type=dict]
    For further information visit https://errors.pydantic.dev/2.10/v/missing
For troubleshooting, visit: https://python.langchain.com/docs/troubleshooting/errors/OUTPUT_PARSING_FAILURE 
2025-05-12 02:33:57,131   ERROR : Error generating test cases: Failed to parse TestCase from completion [{"test_behavior": "Test prodSigns with single element list", "test_name": "TestProdSigns_SingleElementList_ReturnsCorrectResult_1", "new_imports_code": "", "test_code": "@Test\nvoid TestProdSigns_SingleElementList_ReturnsCorrectResult_1() {\n    List<Object> arr = List.of((Object)5);\n    assertEquals(5, ProdSigns.prodSigns(arr));\n}"}]. Got: 1 validation error for TestCase
  Input should be a valid dictionary or instance of TestCase [type=model_type, input_value=[{'test_behavior': 'Test ...s.prodSigns(arr));\n}'}], input_type=list]
    For further information visit https://errors.pydantic.dev/2.10/v/model_type
For troubleshooting, visit: https://python.langchain.com/docs/troubleshooting/errors/OUTPUT_PARSING_FAILURE 
2025-05-12 03:55:03,875   ERROR : Error generating test cases: Failed to parse TestCase from completion [{"test_name": "TestByLengthWithEmptyList", "test_behavior": "Returns an empty list when input is an empty list", "new_imports_code": "", "test_code": "@Test\nvoid testNothing(){\n    List<Object> result = ByLength.byLength(new ArrayList<>());\n    assertTrue(result.isEmpty());\n}"}, {"test_name": "TestByLengthWithSingleElementList", "test_behavior": "Returns a list with the corresponding word when input is a single element list", "new_imports_code": "", "test_code": "@Test\nvoid testSingleElement(){\n    List<Object> result = ByLength.byLength(Collections.singletonList(1));\n    assertEquals(\"One\", result.get(0));\n}"}, {"test_name": "TestByLengthWithMultipleElementsList", "test_behavior": "Returns a list with the corresponding words when input is a multiple elements list", "new_imports_code": "", "test_code": "@Test\nvoid testMultipleElements(){\n    List<Object> result = ByLength.byLength(Arrays.asList(2, 1, 3));\n    assertEquals(\"Three\", result.get(0));\n    assertEquals(\"Two\", result.get(1));\n    assertEquals(\"One\", result.get(2));\n}"}, {"test_name": "TestByLengthWithInvalidElementsList", "test_behavior": "Ignores invalid elements and returns a list with the corresponding words when input is a list with invalid elements", "new_imports_code": "", "test_code": "@Test\nvoid testInvalidElements(){\n    List<Object> result = ByLength.byLength(Arrays.asList(1, -1, 3));\n    assertEquals(\"Three\", result.get(0));\n    assertEquals(\"One\", result.get(1));\n}"}, {"test_name": "TestByLengthWithOutofRangeElementsList", "test_behavior": "Ignores out of range elements and returns a list with the corresponding words when input is a list with out of range elements", "new_imports_code": "", "test_code": "@Test\nvoid testOutOfRangeElements(){\n    List<Object> result = ByLength.byLength(Arrays.asList(1, 10, 3));\n    assertEquals(\"Three\", result.get(0));\n    assertEquals(\"One\", result.get(1));\n}"}]. Got: 1 validation error for TestCase
  Input should be a valid dictionary or instance of TestCase [type=model_type, input_value=[{'test_name': 'TestByLen...", result.get(1));\n}'}], input_type=list]
    For further information visit https://errors.pydantic.dev/2.10/v/model_type
For troubleshooting, visit: https://python.langchain.com/docs/troubleshooting/errors/OUTPUT_PARSING_FAILURE 
2025-05-12 05:51:47,387   ERROR : Error generating test cases: Got <class 'pandas.core.series.Series'>, but numpy array or torch tensor are expected.
2025-05-12 05:59:17,976   ERROR : Error generating test cases: Failed to parse TestCase from completion [{"test_behavior": "Test bf function with planet1 farther away from the Sun than planet2", "test_name": "testPlanetsInReverseOrder", "new_imports_code": "", "test_code": "@Test\npublic void testPlanetsInReverseOrder() {\n    List<Object> result = Bf.bf(\"Neptune\", \"Venus\");\n    assertEquals(result, Arrays.asList((Object) \"Earth\", (Object) \"Mars\", (Object) \"Jupiter\", (Object) \"Saturn\", (Object) \"Uranus\"));\n}"}]. Got: 1 validation error for TestCase
  Input should be a valid dictionary or instance of TestCase [type=model_type, input_value=[{'test_behavior': 'Test ...bject) "Uranus"));\n}'}], input_type=list]
    For further information visit https://errors.pydantic.dev/2.10/v/model_type
For troubleshooting, visit: https://python.langchain.com/docs/troubleshooting/errors/OUTPUT_PARSING_FAILURE 
2025-05-12 09:23:23,027   ERROR : Error generating test cases: Got <class 'pandas.core.series.Series'>, but numpy array or torch tensor are expected.
2025-05-12 11:25:33,604   ERROR : Error generating test cases: Invalid json output: Based on the provided test case, here's my analysis:

**Test Case Code**
```java
@Test
public void testVeryLongString1() {
    String input = "Lorem ipsum dolor sit amet, consectetur adipiscing elit. Sed do eiusmod tempor incididunt ut labore et dolore magna aliqua. Ut enim ad minim veniam, quis nostrud exercitation ullamco laboris nisi ut aliquip ex ea commodo consequat.";
    assertEquals("9f86d081884c7d659a2feaa0c55ad023", StringToMd5.stringToMd5(input));
}
```
**Error Info**
The test case failed because the expected MD5 hash value "9f86d081884c7d659a2feaa0c55ad023" does not match the actual output of the `StringToMd5.stringToMd5()` method. The error message indicates that there is an undefined variable 'lang'.

**Error Type**
AssertionError

**Potential Fix**
Upon closer inspection, it appears that the test case input string is quite long and may be causing an issue with the MD5 hash calculation. However, the main problem lies in the fact that the test case expects a specific output hash value that doesn't match the actual output.

One potential fix could be to update the expected output hash value to match the actual output of the `StringToMd5.stringToMd5()` method for the given input string. To do this, you can temporarily modify the test case to print out the actual output hash value and then update the expected value accordingly.

Here's an updated version of the test case:
```java
@Test
public void testVeryLongString1() {
    String input = "Lorem ipsum dolor sit amet, consectetur adipiscing elit. Sed do eiusmod tempor incididunt ut labore et dolore magna aliqua. Ut enim ad minim veniam, quis nostrud exercitation ullamco laboris nisi ut aliquip ex ea commodo consequat.";
    String actualHash = StringToMd5.stringToMd5(input);
    System.out.println("Actual hash: " + actualHash);
    assertEquals(actualHash, StringToMd5.stringToMd5(input));
}
```
Run the test case again to print out the actual output hash value. Then, update the expected value in the original test case:
```java
@Test
public void testVeryLongString1() {
    String input = "Lorem ipsum dolor sit amet, consectetur adipiscing elit. Sed do eiusmod tempor incididunt ut labore et dolore magna aliqua. Ut enim ad minim veniam, quis nostrud exercitation ullamco laboris nisi ut aliquip ex ea commodo consequat.";
    assertEquals("actual_hash_value", StringToMd5.stringToMd5(input));
}
```
Replace `actual_hash_value` with the actual output hash value printed out in the previous step.

Output:
```json
{
  "test_case_code": "@Test\npublic void testVeryLongString1() {\n    String input = \"Lorem ipsum dolor sit amet, consectetur adipiscing elit. Sed do eiusmod tempor incididunt ut labore et dolore magna aliqua. Ut enim ad minim veniam, quis nostrud exercitation ullamco laboris nisi ut aliquip ex ea commodo consequat.\";\n    assertEquals(\"9f86d081884c7d659a2feaa0c55ad023\", StringToMd5.stringToMd5(input));\n}",
  "error_info": "The expected MD5 hash value does not match the actual output of the `StringToMd5.stringToMd5()` method.",
  "error_type": "AssertionError",
  "potential_fix": "Update the expected output hash value to match the actual output of the `StringToMd5.stringToMd5()` method for the given input string."
}
```
For troubleshooting, visit: https://python.langchain.com/docs/troubleshooting/errors/OUTPUT_PARSING_FAILURE 
2025-05-12 11:32:42,613   ERROR : Error generating test cases: Invalid json output: Based on the provided failed test case, I'll provide feedback in the required JSON format.

```
{
  "test_case_code": "@Test\npublic void testVeryLongString1() {\n    String input = \"Lorem ipsum dolor sit amet, consectetur adipiscing elit. Sed do eiusmod tempor incididunt ut labore et dolore magna aliqua. Ut enim ad minim veniam, quis nostrud exercitation ullamco laboris nisi ut aliquip ex ea commodo consequat.\";\n    assertEquals(\"9f86d081884c7d659a2feaa0c55ad023\", StringToMd5.stringToMd5(input));\n}",
  "error_info": "The error message 'name \'lang\' is not defined' is misleading. The actual issue lies in the fact that the test case expects a specific MD5 hash for a very long input string, but the implementation of the stringToMd5 method does not handle such cases correctly.",
  "error_type": "AssertionError",
  "potential_fix": "The potential fix involves updating the stringToMd5 method to handle longer strings by using a more efficient approach to generate the MD5 hash. One possible solution is to use a StringBuilder or ByteBuffer to concatenate the bytes of the input string before passing it to the MessageDigest instance."
}
```

Here's an explanation of my analysis:

* `test_case_code`: The full Java test code for the failed test case.
* `error_info`: An explanation of the actual issue causing the test failure. The error message 'name \'lang\' is not defined' seems unrelated, so I provided a more accurate description of the problem.
* `error_type`: The type of error that occurred during the test execution (AssertionError).
* `potential_fix`: A specific suggestion to fix the issue in the stringToMd5 method. This might involve optimizing the implementation to handle longer input strings correctly.

Please let me know if this meets your requirements or if you need further clarification!
For troubleshooting, visit: https://python.langchain.com/docs/troubleshooting/errors/OUTPUT_PARSING_FAILURE 
2025-05-12 13:51:43,286   ERROR : Error generating test cases: Failed to parse TestCase from completion [{"test_behavior": "Tests if the intersection of two intervals with prime length returns YES", "test_name": "testIntersectionOfTwoIntervalsWithPrimeLength1", "test_code": "@Test\npublic void testIntersectionOfTwoIntervalsWithPrimeLength1() {\n    List<Integer> interval1 = Arrays.asList(-3, -1);\n    List<Integer> interval2 = Arrays.asList(-5, 5);\n    String result = original.Intersection.intersection(interval1, interval2);\n    assertEquals(\"YES\", result);\n}", "new_imports_code": "import original.Intersection;"}]. Got: 1 validation error for TestCase
  Input should be a valid dictionary or instance of TestCase [type=model_type, input_value=[{'test_behavior': 'Tests...riginal.Intersection;'}], input_type=list]
    For further information visit https://errors.pydantic.dev/2.10/v/model_type
For troubleshooting, visit: https://python.langchain.com/docs/troubleshooting/errors/OUTPUT_PARSING_FAILURE 
2025-05-12 13:59:05,389   ERROR : Error generating test cases: Failed to parse TestCase from completion [{"test_name": "TestIntersectionNoInstantiation", "test_behavior": "Verify that Intersection class does not require instantiation to call static methods.", "new_imports_code": "", "test_code": "@Test\nvoid testNothing() {\n\t// No need for instantiation, Intersection has only static methods.\n}"}]. Got: 1 validation error for TestCase
  Input should be a valid dictionary or instance of TestCase [type=model_type, input_value=[{'test_name': 'TestInter...ly static methods.\n}'}], input_type=list]
    For further information visit https://errors.pydantic.dev/2.10/v/model_type
For troubleshooting, visit: https://python.langchain.com/docs/troubleshooting/errors/OUTPUT_PARSING_FAILURE 
2025-05-12 15:49:16,049   ERROR : Error generating test cases: Got <class 'pandas.core.series.Series'>, but numpy array or torch tensor are expected.
2025-05-12 15:54:18,036   ERROR : Error generating test cases: Got <class 'pandas.core.series.Series'>, but numpy array or torch tensor are expected.
2025-05-12 17:18:21,916   ERROR : Error generating test cases: Got <class 'pandas.core.series.Series'>, but numpy array or torch tensor are expected.
2025-05-12 19:30:58,004   ERROR : Error generating test cases: Failed to parse TestCase from completion {"properties": {"test_behavior": "Verifies that isEvenOrOdd returns false for an odd number", "test_name": "TestIsEvenOrOdd_NotEven", "test_code": "@Test\npublic void TestIsEvenOrOdd_NotEven() {\n    int n = 999;\n    boolean expectedResult = false;\n    assertEquals(expectedResult, !EvenOddPalindrome.evenOddPalindrome(n).get(0).equals(n));\n}", "new_imports_code": ""}}. Got: 1 validation error for TestCase
test_code
  Field required [type=missing, input_value={'properties': {'test_beh...'new_imports_code': ''}}, input_type=dict]
    For further information visit https://errors.pydantic.dev/2.10/v/missing
For troubleshooting, visit: https://python.langchain.com/docs/troubleshooting/errors/OUTPUT_PARSING_FAILURE 
2025-05-12 19:36:35,537   ERROR : Error generating test cases: Failed to parse TestCase from completion [{"test_behavior": "Testing evenOddPalindrome with input 10", "test_name": "testEvenOddPalindrome10", "new_imports_code": "", "test_code": "@Test\nvoid testEvenOddPalindrome10() {\n    List<Integer> result = EvenOddPalindrome.evenOddPalindrome(10);\n    assertEquals(2, result.get(0));\n    assertEquals(3, result.get(1));\n}"}, {"test_behavior": "Testing evenOddPalindrome with input 12", "test_name": "testEvenOddPalindrome12", "new_imports_code": "", "test_code": "@Test\nvoid testEvenOddPalindrome12() {\n    List<Integer> result = EvenOddPalindrome.evenOddPalindrome(12);\n    assertEquals(4, result.get(0));\n    assertEquals(6, result.get(1));\n}"}, {"test_behavior": "Testing evenOddPalindrome with input 3", "test_name": "testEvenOddPalindrome3", "new_imports_code": "", "test_code": "@Test\nvoid testEvenOddPalindrome3() {\n    List<Integer> result = EvenOddPalindrome.evenOddPalindrome(3);\n    assertEquals(1, result.get(0));\n    assertEquals(2, result.get(1));\n}"}, {"test_behavior": "Testing evenOddPalindrome with input 1", "test_name": "testEvenOddPalindrome1", "new_imports_code": "", "test_code": "@Test\nvoid testEvenOddPalindrome1() {\n    List<Integer> result = EvenOddPalindrome.evenOddPalindrome(1);\n    assertEquals(0, result.get(0));\n    assertEquals(1, result.get(1));\n}"}]. Got: 1 validation error for TestCase
  Input should be a valid dictionary or instance of TestCase [type=model_type, input_value=[{'test_behavior': 'Testi...1, result.get(1));\n}'}], input_type=list]
    For further information visit https://errors.pydantic.dev/2.10/v/model_type
For troubleshooting, visit: https://python.langchain.com/docs/troubleshooting/errors/OUTPUT_PARSING_FAILURE 
2025-05-13 00:35:47,569   ERROR : Error generating test cases: Failed to parse TestPlan from completion {"$defs": {"TestCasePlan": {"properties": {"name": {"description": "The name of the test case", "title": "Name", "type": "string"}, "description": {"description": "The description of the test case", "title": "Description", "type": "string"}, "input": {"description": "Input parameters for the test case", "title": "Input", "type": "string"}, "expected_result": {"description": "Expected result for the test case", "title": "Expected Result", "type": "string"}}, "required": ["name", "description", "input", "expected_result"], "title": "TestCasePlan", "type": "object"}}, "properties": {"test_cases_to_add": {"description": "List of new test cases to add", "items": {"$ref": "#/$defs/TestCasePlan"}, "title": "Test Cases To Add", "type": "array"}, "conventions": {"default": [], "description": "List of conventions followed in the test suite", "items": {"type": "string"}, "title": "Conventions", "type": "array"}, "test_framework": {"const": "JUnit5", "default": "JUnit5", "description": "The test framework used", "title": "Test Framework", "type": "string"}, "language": {"const": "Java", "default": "Java", "description": "The programming language used for the tests", "title": "Language", "type": "string"}}, "required": ["test_cases_to_add"]}. Got: 1 validation error for TestPlan
test_cases_to_add
  Field required [type=missing, input_value={'$defs': {'TestCasePlan'...: ['test_cases_to_add']}, input_type=dict]
    For further information visit https://errors.pydantic.dev/2.10/v/missing
For troubleshooting, visit: https://python.langchain.com/docs/troubleshooting/errors/OUTPUT_PARSING_FAILURE 
2025-05-13 15:20:08,737   ERROR : Error generating test cases: Got <class 'pandas.core.series.Series'>, but numpy array or torch tensor are expected.
2025-05-13 15:23:12,375   ERROR : Error generating test cases: Got <class 'pandas.core.series.Series'>, but numpy array or torch tensor are expected.
2025-05-13 15:25:09,799   ERROR : Error generating test cases: Got <class 'pandas.core.series.Series'>, but numpy array or torch tensor are expected.
2025-05-13 15:37:22,113   ERROR : Error generating test cases: Invalid json output: Based on the provided information, I'll create a JSON object that conforms to the specified schema.

Here is the output:
```
{
  "test_case_code": "void testMakePalindromeEmptyString() {\n    String result = MakePalindrome.makePalindrome(\"\");\n    assertEquals(\"\", result);\n}",
  "error_info": "The error 'name \'lang\' is not defined' suggests that there might be an issue with the import statement or the JUnit5 framework configuration. However, looking at the test code and the source file, it seems like the issue might be elsewhere. One potential cause could be a missing static import for the assertEquals method.",
  "error_type": "Compilation Error",
  "potential_fix": "Add a static import for the assertEquals method from the org.junit.jupiter.api.Assertions class. The import statement should look like this: `import static org.junit.jupiter.api.Assertions.assertEquals;` Make sure to include this import in the test file."
}
```
Please let me know if you need further assistance!
For troubleshooting, visit: https://python.langchain.com/docs/troubleshooting/errors/OUTPUT_PARSING_FAILURE 
2025-05-13 17:15:53,516   ERROR : Error generating test cases: Got <class 'pandas.core.series.Series'>, but numpy array or torch tensor are expected.
2025-05-13 17:16:10,412   ERROR : Error generating test cases: Got <class 'pandas.core.series.Series'>, but numpy array or torch tensor are expected.
2025-05-13 17:27:48,173   ERROR : Error generating test cases: Failed to parse TestCase from completion [{"test_behavior": "Test byLength with a single element array", "test_name": "testSingleElementArray", "test_code": "@Test\npublic void testSingleElementArray() {\n    List<Object> input = Arrays.asList(1);\n    List<Object> expected = Arrays.asList(\"One\");\n    assertEquals(expected, ByLength.byLength(input));\n}", "new_imports_code": "import java.util.Arrays;"}]. Got: 1 validation error for TestCase
  Input should be a valid dictionary or instance of TestCase [type=model_type, input_value=[{'test_behavior': 'Test ...ort java.util.Arrays;'}], input_type=list]
    For further information visit https://errors.pydantic.dev/2.10/v/model_type
For troubleshooting, visit: https://python.langchain.com/docs/troubleshooting/errors/OUTPUT_PARSING_FAILURE 
2025-05-13 17:49:55,474   ERROR : Error generating test cases: Failed to parse TestCase from completion [{"test_behavior": "Test that an empty list is returned when the input list is empty", "test_name": "testEmptyList", "test_code": "@Test\nvoid testEmptyList() {\n    List<Object> input = new ArrayList<>();\n    assertTrue(ByLength.byLength(input).isEmpty());\n}", "new_imports_code": ""}, {"test_behavior": "Test that the output list is empty when the input list contains only invalid numbers", "test_name": "testInvalidNumbers", "test_code": "@Test\nvoid testInvalidNumbers() {\n    List<Object> input = Arrays.asList(-1, 10, 11);\n    assertTrue(ByLength.byLength(input).isEmpty());\n}", "new_imports_code": ""}, {"test_behavior": "Test that the output list contains only valid numbers when the input list contains both valid and invalid numbers", "test_name": "testMixedNumbers", "test_code": "@Test\nvoid testMixedNumbers() {\n    List<Object> input = Arrays.asList(1, -1, 2, 10);\n    List<Object> expected = Arrays.asList(\"Two\", \"One\");\n    assertEquals(expected, ByLength.byLength(input));\n}", "new_imports_code": ""}, {"test_behavior": "Test that the output list is sorted and reversed correctly", "test_name": "testSortAndReverse", "test_code": "@Test\nvoid testSortAndReverse() {\n    List<Object> input = Arrays.asList(3, 1, 2);\n    List<Object> expected = Arrays.asList(\"Three\", \"Two\", \"One\");\n    assertEquals(expected, ByLength.byLength(input));\n}", "new_imports_code": ""}]. Got: 1 validation error for TestCase
  Input should be a valid dictionary or instance of TestCase [type=model_type, input_value=[{'test_behavior': 'Test ...'new_imports_code': ''}], input_type=list]
    For further information visit https://errors.pydantic.dev/2.10/v/model_type
For troubleshooting, visit: https://python.langchain.com/docs/troubleshooting/errors/OUTPUT_PARSING_FAILURE 
2025-05-13 18:08:50,557   ERROR : Error generating test cases: File '/home/qinghua/projects/matg/data/HumanEvalJava/matg/target/site/jacoco/jacoco.xml' not found.
2025-05-13 18:09:44,268   ERROR : Error generating test cases: File '/home/qinghua/projects/matg/data/HumanEvalJava/matg/target/site/jacoco/jacoco.xml' not found.
2025-05-13 18:10:05,973   ERROR : Error generating test cases: File '/home/qinghua/projects/matg/data/HumanEvalJava/matg/target/site/jacoco/jacoco.xml' not found.
2025-05-13 18:30:07,811   ERROR : Error generating test cases: File '/home/qinghua/projects/matg/data/HumanEvalJava/matg/target/site/jacoco/jacoco.xml' not found.
2025-05-13 18:39:27,354   ERROR : Error generating test cases: File '/home/qinghua/projects/matg/data/HumanEvalJava/matg/target/site/jacoco/jacoco.xml' not found.
2025-05-13 20:01:57,681   ERROR : Error generating test cases: Failed to parse TestCase from completion [{"test_behavior": "Test that a RuntimeException is thrown when NoSuchAlgorithmException occurs", "test_name": "testRuntimeExceptionWithNoSuchAlgorithmException", "test_code": "@Test\npublic void testRuntimeExceptionWithNoSuchAlgorithmException() {\nMessageDigest messageDigest = Mockito.mock(MessageDigest.class);\nMockito.when(messageDigest.getInstance(\"MD5\")).thenThrow(new NoSuchAlgorithmException());\ntry {\nStringToMd5.stringToMd5(\"input\");\nassert false;\n} catch (RuntimeException e) {\nassert e.getCause() instanceof NoSuchAlgorithmException;\n}\n}", "new_imports_code": "import org.mockito.Mockito;"}]. Got: 1 validation error for TestCase
  Input should be a valid dictionary or instance of TestCase [type=model_type, input_value=[{'test_behavior': 'Test ... org.mockito.Mockito;'}], input_type=list]
    For further information visit https://errors.pydantic.dev/2.10/v/model_type
For troubleshooting, visit: https://python.langchain.com/docs/troubleshooting/errors/OUTPUT_PARSING_FAILURE 
