GROUP,PACKAGE,CLASS,INSTRUCTION_MISSED,INSTRUCTION_COVERED,BRANCH_MISSED,BRANCH_COVERED,LINE_MISSED,LINE_COVERED,COMPLEXITY_MISSED,COMPLEXITY_COVERED,METHOD_MISSED,METHOD_COVERED
HumanEvalJava,original,IntToMiniRoman,3,140,0,4,1,8,1,3,1,1
HumanEvalJava,original,GetPositive,3,30,1,5,1,8,2,3,1,1
HumanEvalJava,original,LargestPrimeFactor,3,22,1,3,1,7,2,2,1,1
HumanEvalJava,original,Tri,69,11,5,1,9,2,4,1,1,1
HumanEvalJava,original,SeparateParenGroups,3,52,0,8,1,14,1,5,1,1
HumanEvalJava,original,ProdSigns,52,5,9,1,14,2,6,1,1,1
HumanEvalJava,original,GenerateIntegers,3,34,0,4,1,7,1,3,1,1
HumanEvalJava,original,Modp,3,17,0,2,1,4,1,2,1,1
HumanEvalJava,original,AllPrefixes,14,12,1,1,2,3,2,1,1,1
HumanEvalJava,original,Unique,31,0,2,0,8,0,3,0,2,0
HumanEvalJava,original,SmallestChange,4,24,1,3,2,8,2,2,1,1
HumanEvalJava,original,StringXor,3,26,0,4,1,6,1,3,1,1
HumanEvalJava,original,EvenOddPalindrome,4,62,2,8,1,17,3,5,1,2
HumanEvalJava,original,Add1,3,33,1,5,1,5,2,3,1,1
HumanEvalJava,original,StringToMd5,37,6,3,1,10,2,3,1,1,1
HumanEvalJava,original,Add,7,0,0,0,2,0,2,0,2,0
HumanEvalJava,original,HowManyTimes,15,10,3,1,6,4,3,1,1,1
HumanEvalJava,original,SortThird,57,0,8,0,11,0,6,0,2,0
HumanEvalJava,original,ParseMusic,28,31,6,4,6,6,5,2,1,1
HumanEvalJava,original,Factorize,3,27,0,4,1,6,1,3,1,1
HumanEvalJava,original,SortedListSum.new Comparator() {...},21,3,2,0,3,1,2,1,1,1
HumanEvalJava,original,CorrectBracketing1,19,14,6,2,6,3,5,1,1,1
HumanEvalJava,original,Skjkasdkd,64,0,14,0,17,0,10,0,3,0
HumanEvalJava,original,AntiShuffle,3,33,0,2,1,7,1,3,1,2
HumanEvalJava,original,ValidDate,33,57,19,11,9,11,16,1,1,1
HumanEvalJava,original,TriplesSumToZero,55,0,8,0,7,0,6,0,2,0
HumanEvalJava,original,Compare,3,30,0,2,1,4,1,2,1,1
HumanEvalJava,original,IncrList,21,12,3,1,5,3,3,1,1,1
HumanEvalJava,original,StringSequence,3,16,0,2,1,4,1,2,1,1
HumanEvalJava,original,TotalMatch,52,0,10,0,14,0,7,0,2,0
HumanEvalJava,original,HexKey,3,38,5,9,1,7,6,3,1,1
HumanEvalJava,original,SpecialFactorial,3,32,0,4,1,8,1,4,1,2
HumanEvalJava,original,RemoveDuplicates,3,31,1,3,1,5,2,2,1,1
HumanEvalJava,original,Multiply,9,12,2,2,1,3,3,1,1,1
HumanEvalJava,original,RollingMax,8,37,2,6,2,9,3,3,1,1
HumanEvalJava,original,Concatenate,12,10,1,1,3,3,2,1,1,1
HumanEvalJava,original,IsBored,3,60,2,8,1,14,3,4,1,1
HumanEvalJava,original,Solve,10,50,1,7,2,11,2,4,1,1
HumanEvalJava,original,Encrypt,8,34,3,5,2,8,4,2,1,1
HumanEvalJava,original,PairsSumToZero,30,9,5,1,4,2,4,1,1,1
HumanEvalJava,original,F,3,60,0,8,1,14,1,7,1,3
HumanEvalJava,original,AddElements,3,26,0,4,1,5,1,3,1,1
HumanEvalJava,original,TruncateNumber,3,14,0,0,1,1,1,1,1,1
HumanEvalJava,original,OrderByPoints.new Comparator() {...},51,3,8,0,12,1,6,1,2,1
HumanEvalJava,original,FixSpaces,22,62,3,9,4,17,4,4,1,1
HumanEvalJava,original,GreatestCommonDivisor,3,10,0,2,1,3,1,2,1,1
HumanEvalJava,original,NextSmallest,10,43,4,8,4,10,5,3,1,1
HumanEvalJava,original,Common.new Comparator() {...},16,3,4,0,3,1,3,1,1,1
HumanEvalJava,original,BelowThreshold,6,18,1,3,2,3,2,2,1,1
HumanEvalJava,original,DecimalToBinary,5,20,1,3,2,6,2,2,1,1
HumanEvalJava,original,Common,29,36,7,3,6,8,5,2,1,1
HumanEvalJava,original,IsPrime,20,6,5,1,5,2,4,1,1,1
HumanEvalJava,original,LargestDivisor,5,14,1,3,2,3,2,2,1,1
HumanEvalJava,original,FilterIntegers,3,23,0,4,1,6,1,3,1,1
HumanEvalJava,original,Simplify,6,35,1,1,2,6,2,1,1,1
HumanEvalJava,original,EvenOddCount,4,34,1,5,2,9,2,3,1,1
HumanEvalJava,original,PrimeLength,23,8,7,1,5,3,5,1,1,1
HumanEvalJava,original,Exchange,5,40,1,9,2,9,2,5,1,1
HumanEvalJava,original,CorrectBracketing,8,25,2,6,2,7,3,3,1,1
HumanEvalJava,original,ReverseDelete,66,0,8,0,11,0,6,0,2,0
HumanEvalJava,original,LargestSmallestIntegers,19,49,6,8,5,14,6,3,1,1
HumanEvalJava,original,CountUpper,3,28,0,8,1,6,1,5,1,1
HumanEvalJava,original,IsPalindrome,16,13,3,1,5,4,3,1,1,1
HumanEvalJava,original,WordsString,10,7,1,1,3,2,2,1,1,1
HumanEvalJava,original,CountDistinctCharacters,3,23,0,2,1,4,1,2,1,1
HumanEvalJava,original,Histogram,5,104,3,11,2,17,4,5,1,1
HumanEvalJava,original,TriangleArea1,6,49,3,3,2,3,4,1,1,1
HumanEvalJava,original,StartsOneEnds,3,43,0,8,1,10,1,5,1,1
HumanEvalJava,original,Bf,18,77,5,5,3,17,5,2,1,1
HumanEvalJava,original,CheckIfLastCharIsALetter,39,6,7,1,10,2,5,1,1,1
HumanEvalJava,original,Specialfilter,3,77,1,7,1,9,2,4,1,1
HumanEvalJava,original,GetRow,43,17,5,1,8,4,4,1,1,1
HumanEvalJava,original,AnyInt,12,36,6,6,4,5,7,1,1,1
HumanEvalJava,original,Minpath,3,132,4,14,1,21,5,6,1,1
HumanEvalJava,original,SumSquares,3,25,0,2,1,5,1,2,1,1
HumanEvalJava,original,SameChars,6,55,1,7,2,9,2,4,1,1
HumanEvalJava,original,WillItFly,55,0,8,0,10,0,6,0,2,0
HumanEvalJava,original,Solve1,3,18,0,2,1,5,1,2,1,1
HumanEvalJava,original,RescaleToUnit,3,69,1,7,1,11,2,4,1,1
HumanEvalJava,original,Pluck,3,53,3,7,1,13,4,3,1,1
HumanEvalJava,original,FizzBuzz,4,35,1,9,2,7,2,5,1,1
HumanEvalJava,original,ChangeBase,3,17,0,2,1,5,1,2,1,1
HumanEvalJava,original,Maximum1,14,76,4,10,4,15,5,4,1,1
HumanEvalJava,original,RightAngleTriangle,42,33,13,7,4,4,11,1,1,1
HumanEvalJava,original,SortedListSum,3,33,0,4,1,6,1,3,1,1
HumanEvalJava,original,RoundedAvg,36,6,3,1,7,2,3,1,1,1
HumanEvalJava,original,Monotonic,40,47,6,6,6,8,6,2,1,1
HumanEvalJava,original,Digitsum,3,26,2,4,1,6,3,2,1,1
HumanEvalJava,original,IsMultiplyPrime,4,26,1,5,1,7,2,3,1,1
HumanEvalJava,original,FilterBySubstring,3,27,0,4,1,5,1,3,1,1
HumanEvalJava,original,XOrY,7,16,2,4,3,4,3,2,1,1
HumanEvalJava,original,Strlen,3,3,0,0,1,1,1,1,1,1
HumanEvalJava,original,GetOddCollatz,3,42,0,6,1,10,1,4,1,1
HumanEvalJava,original,SortEven,3,54,0,8,1,10,1,5,1,1
HumanEvalJava,original,RemoveVowels,3,50,8,14,1,6,9,4,1,1
HumanEvalJava,original,ParseNestedParens,3,44,1,7,1,13,2,4,1,1
HumanEvalJava,original,SumProduct,8,50,1,3,2,11,2,2,1,1
HumanEvalJava,original,Encode,81,0,30,0,12,0,17,0,2,0
HumanEvalJava,original,VowelsCount,4,66,4,24,2,7,5,11,1,1
HumanEvalJava,original,Derivative,3,25,0,2,1,4,1,2,1,1
HumanEvalJava,original,FilterByPrefix,3,25,0,4,1,6,1,3,1,1
HumanEvalJava,original,StrongestExtension,3,64,1,9,1,14,2,5,1,1
HumanEvalJava,original,IsSorted,88,0,10,0,16,0,7,0,2,0
HumanEvalJava,original,CheckDictCase,17,49,8,8,5,14,8,2,1,1
HumanEvalJava,original,FlipCase,3,33,0,4,1,7,1,3,1,1
HumanEvalJava,original,MakePalindrome,41,5,5,1,6,2,4,1,1,1
HumanEvalJava,original,CarRaceCollision,3,19,0,4,1,5,1,3,1,1
HumanEvalJava,original,IsSimplePower,10,23,3,5,3,6,4,2,1,1
HumanEvalJava,original,MoveOneBall,45,0,8,0,10,0,6,0,2,0
HumanEvalJava,original,IsHappy,48,7,9,1,5,2,6,1,1,1
HumanEvalJava,original,ChooseNum,3,20,1,5,1,5,2,3,1,1
HumanEvalJava,original,FindMax,5,64,3,11,2,14,4,5,1,1
HumanEvalJava,original,GetClosestVowel,5,43,3,5,2,7,4,2,1,1
HumanEvalJava,original,Eat,19,21,1,1,2,2,2,1,1,1
HumanEvalJava,original,FruitDistribution,3,52,0,6,1,11,1,4,1,1
HumanEvalJava,original,Digits,4,31,1,5,1,10,2,3,1,1
HumanEvalJava,original,Fibfib,34,8,4,2,12,3,4,1,1,1
HumanEvalJava,original,OddCount,3,49,0,6,1,8,1,4,1,1
HumanEvalJava,original,DoubleTheDifference,3,35,3,5,1,7,4,2,1,1
HumanEvalJava,original,ClosestInteger,9,13,1,1,2,3,2,1,1,1
HumanEvalJava,original,CanArrange,3,34,1,7,1,6,2,4,1,1
HumanEvalJava,original,SortArray1.new Comparator() {...},0,11,0,0,0,2,0,2,0,2
HumanEvalJava,original,FileNameCheck,55,25,13,1,14,4,8,1,1,1
HumanEvalJava,original,Iscube,8,24,2,4,2,5,3,2,1,1
HumanEvalJava,original,SelectWords,44,37,22,4,5,7,13,2,1,1
HumanEvalJava,original,IsNested,4,72,3,9,1,16,4,4,1,1
HumanEvalJava,original,PrimeFib,15,38,5,5,4,14,5,3,1,2
HumanEvalJava,original,MakeAPile,17,39,1,5,2,9,2,3,1,1
HumanEvalJava,original,OrderByPoints,3,7,0,0,1,2,1,1,1,1
HumanEvalJava,original,Maximum1.new Comparator() {...},0,11,0,0,0,2,0,2,0,2
HumanEvalJava,original,ByLength,75,26,18,2,24,7,15,1,1,1
HumanEvalJava,original,Search,43,0,6,0,9,0,5,0,2,0
HumanEvalJava,original,HasCloseElements,6,37,1,5,2,4,2,3,1,1
HumanEvalJava,original,BelowZero,20,37,3,5,4,8,4,2,1,1
HumanEvalJava,original,CompareOne,7,40,4,4,2,8,5,1,1,1
HumanEvalJava,original,SortNumbers,43,193,10,34,10,39,11,13,1,1
HumanEvalJava,original,CountUpTo,3,36,0,8,1,13,1,6,1,2
HumanEvalJava,original,MaxElement,3,22,0,4,1,6,1,3,1,1
HumanEvalJava,original,CycpatternCheck,6,45,1,5,2,6,2,3,1,1
HumanEvalJava,original,FindClosestElements,3,63,0,6,1,12,1,4,1,1
HumanEvalJava,original,Intersection,17,48,6,4,6,8,6,2,1,2
HumanEvalJava,original,MeanAbsoluteDeviation,3,62,0,4,1,10,1,3,1,1
HumanEvalJava,original,SortArray1,7,35,2,2,3,6,3,1,1,1
HumanEvalJava,original,SortArray,82,0,6,0,14,0,5,0,2,0
HumanEvalJava,original,UniqueDigits,51,0,8,0,15,0,6,0,2,0
HumanEvalJava,original,CircularShift,61,0,8,0,12,0,6,0,2,0
HumanEvalJava,original,GetRow.new Comparator() {...},41,3,2,0,9,1,2,1,1,1
HumanEvalJava,original,Intersperse,3,31,0,4,1,6,1,3,1,1
HumanEvalJava,original,NumericalLetterGrade,57,87,11,15,12,18,9,6,1,1
HumanEvalJava,original,Fib4,43,5,5,1,15,2,4,1,1,1
HumanEvalJava,original,IsEqualToSumEven,18,0,4,0,4,0,4,0,2,0
HumanEvalJava,original,Median,10,31,1,1,2,4,2,1,1,1
HumanEvalJava,original,StrangeSortList,33,28,6,2,9,8,5,1,1,1
HumanEvalJava,original,WordsInSentence,13,39,5,5,4,9,5,3,1,2
HumanEvalJava,original,CountNums,53,10,13,1,13,3,8,1,1,1
HumanEvalJava,original,GetMaxTriples,3,56,0,8,1,7,1,5,1,1
HumanEvalJava,original,Solution,3,33,1,5,1,5,2,3,1,1
HumanEvalJava,original,TriangleArea,3,8,0,0,1,1,1,1,1,1
HumanEvalJava,original,SumToN,3,15,0,2,1,4,1,2,1,1
HumanEvalJava,original,MaxFill,3,44,0,4,1,9,1,3,1,1
HumanEvalJava,original,SumSquares1,74,20,8,2,7,5,6,1,1,1
HumanEvalJava,original,UniqueDigits.new Comparator() {...},11,0,0,0,2,0,2,0,2,0
HumanEvalJava,original,Fib,3,25,0,2,1,8,1,2,1,1
HumanEvalJava,original,Longest,10,26,2,4,3,5,3,2,1,1
HumanEvalJava,original,SplitWords,41,13,10,2,7,3,7,1,1,1
HumanEvalJava,original,SortArray.new Comparator() {...},32,0,2,0,6,0,3,0,2,0
HumanEvalJava,original,MatchParens,45,34,15,3,16,9,10,1,1,1
HumanEvalJava,original,Minsubarraysum,68,0,8,0,15,0,6,0,2,0
