2025-05-13 18:10:48,938   ERROR : Error generating test cases: Invalid json output: Based on the provided Maven test results, I'll analyze each failed Java test case and generate feedback in the specified JSON format. Please note that without the actual test code, I can only provide general feedback based on the error messages.

**Failed Test Cases:**

1. `ModuloOperationTest.testModulo()`
	* Error Message: `java.lang.ArithmeticException: / by zero`
2. `StringManipulationTest.testSubstring()`
	* Error Message: `java.lang.StringIndexOutOfBoundsException: String index out of range: 10`
3. `ArrayOperationsTest.testMergeArrays()`
	* Error Message: `java.lang.NullPointerException`
4. `MathOperationsTest.testSquareRoot()`
	* Error Message: `java.lang.ArithmeticException: sqrt of negative number`
5. `ListOperationsTest.testRemoveElement()`
	* Error Message: `java.util.ConcurrentModificationException`

**Generated Feedback:**

```
[
  {
    "test_case_code": "public class ModuloOperationTest {\n" +
      "  @Test\n" +
      "  public void testModulo() {\n" +
      "    int result = modulo(10, 0);\n" +
      "    assertEquals(1, result);\n" +
      "  }\n" +
      "\n" +
      "  private int modulo(int a, int b) {\n" +
      "    return a % b;\n" +
      "  }\n" +
      "}",
    "error_info": "/ by zero",
    "error_type": "ArithmeticException",
    "potential_fix": "Add a check for division by zero before performing the modulo operation."
  },
  {
    "test_case_code": "public class StringManipulationTest {\n" +
      "  @Test\n" +
      "  public void testSubstring() {\n" +
      "    String str = \"hello\";\n" +
      "    String substr = str.substring(10);\n" +
      "    assertEquals(\"lo\", substr);\n" +
      "  }\n" +
      "}",
    "error_info": "String index out of range: 10",
    "error_type": "StringIndexOutOfBoundsException",
    "potential_fix": "Check the length of the string before attempting to extract a substring."
  },
  {
    "test_case_code": "public class ArrayOperationsTest {\n" +
      "  @Test\n" +
      "  public void testMergeArrays() {\n" +
      "    int[] arr1 = null;\n" +
      "    int[] arr2 = {1, 2, 3};\n" +
      "    int[] merged = mergeArrays(arr1, arr2);\n" +
      "    assertArrayEquals(new int[]{1, 2, 3}, merged);\n" +
      "  }\n" +
      "\n" +
      "  private int[] mergeArrays(int[] arr1, int[] arr2) {\n" +
      "    return Arrays.copyOf(arr1, arr1.length + arr2.length);\n" +
      "  }\n" +
      "}",
    "error_info": null,
    "error_type": "NullPointerException",
    "potential_fix": "Check for null arrays before attempting to merge them."
  },
  {
    "test_case_code": "public class MathOperationsTest {\n" +
      "  @Test\n" +
      "  public void testSquareRoot() {\n" +
      "    double result = sqrt(-1);\n" +
      "    assertEquals(1, result, 0.01);\n" +
      "  }\n" +
      "\n" +
      "  private double sqrt(double x) {\n" +
      "    return Math.sqrt(x);\n" +
      "  }\n" +
      "}",
    "error_info": "sqrt of negative number",
    "error_type": "ArithmeticException",
    "potential_fix": "Check if the input is non-negative before calculating the square root."
  },
  {
    "test_case_code": "public class ListOperationsTest {\n" +
      "  @Test\n" +
      "  public void testRemoveElement() {\n" +
      "    List<String> list = new ArrayList<>();\n" +
      "    list.add(\"a\");\n" +
      "    list.remove(0);\n" +
      "    assertEquals(1, list.size());\n" +
      "  }\n" +
      "}",
    "error_info": null,
    "error_type": "ConcurrentModificationException",
    "potential_fix": "Use an Iterator to remove elements from the list instead of calling remove() directly."
  }
]
```
Note that I had to generate the test case code based on the error messages, as the actual code was not provided. The potential fixes are general suggestions and may require modifications to fit the specific use case.
For troubleshooting, visit: https://python.langchain.com/docs/troubleshooting/errors/OUTPUT_PARSING_FAILURE 
2025-05-20 21:05:39,545   ERROR : Error generating test cases: File '/home/qinghua/projects/matg/data/HumanEvalJava/matg/target/site/jacoco/jacoco.xml' not found.
2025-05-25 14:37:38,027   ERROR : Error generating test cases: Failed to parse TestCase from completion [{"test_behavior": "Test isPrime method with prime numbers", "test_name": "testIsPrimeWithPrimeNumbers", "new_imports_code": "", "test_code": "@Test\nvoid testIsPrimeWithPrimeNumbers() {\n\tint[] inputs = {2, 3, 5, 7, 11};\n\tfor (int input : inputs) {\n\t\tassertTrue(PrimeFib.isPrime(input));\n\t}\n}"}]. Got: 1 validation error for TestCase
  Input should be a valid dictionary or instance of TestCase [type=model_type, input_value=[{'test_behavior': 'Test ...rime(input));\n\t}\n}'}], input_type=list]
    For further information visit https://errors.pydantic.dev/2.10/v/model_type
For troubleshooting, visit: https://python.langchain.com/docs/troubleshooting/errors/OUTPUT_PARSING_FAILURE 
2025-08-07 15:53:57,178   ERROR : Failed to create /home/qinghua/projects/matg/data/experiments/HumanEvalJava/candor_new/run_0/initialize/src/test/java/original/id_53Test.java after 2 attempts.
2025-08-07 15:58:06,612   ERROR : Failed to create /home/qinghua/projects/matg/data/experiments/HumanEvalJava/candor_new/run_0/initialize/src/test/java/original/id_136Test.java after 2 attempts.
2025-08-07 15:59:19,339   ERROR : Failed to create /home/qinghua/projects/matg/data/experiments/HumanEvalJava/candor_new/run_0/initialize/src/test/java/original/id_81Test.java after 2 attempts.
2025-08-07 16:00:19,258   ERROR : Failed to create /home/qinghua/projects/matg/data/experiments/HumanEvalJava/candor_new/run_0/initialize/src/test/java/original/id_116Test.java after 2 attempts.
2025-08-07 16:02:13,867   ERROR : Failed to create /home/qinghua/projects/matg/data/experiments/HumanEvalJava/candor_new/run_0/initialize/src/test/java/original/id_120Test.java after 2 attempts.
2025-08-07 16:17:10,938   ERROR : Failed to create /home/qinghua/projects/matg/data/experiments/HumanEvalJava/candor_new/run_0/initialize/src/test/java/original/id_91Test.java after 2 attempts.
2025-08-07 16:23:20,264   ERROR : Failed to create /home/qinghua/projects/matg/data/experiments/HumanEvalJava/candor_new/run_0/initialize/src/test/java/original/id_115Test.java after 2 attempts.
2025-08-07 16:32:41,785   ERROR : Failed to create /home/qinghua/projects/matg/data/experiments/HumanEvalJava/candor_new/run_0/initialize/src/test/java/original/id_129Test.java after 2 attempts.
2025-08-07 16:36:20,292   ERROR : Failed to create /home/qinghua/projects/matg/data/experiments/HumanEvalJava/candor_new/run_0/initialize/src/test/java/original/id_142Test.java after 2 attempts.
2025-08-07 16:38:17,213   ERROR : Failed to create /home/qinghua/projects/matg/data/experiments/HumanEvalJava/candor_new/run_0/initialize/src/test/java/original/id_69Test.java after 2 attempts.
2025-08-07 16:42:58,736   ERROR : Failed to create /home/qinghua/projects/matg/data/experiments/HumanEvalJava/candor_new/run_0/initialize/src/test/java/original/id_116Test.java after 2 attempts.
2025-08-07 16:51:52,840   ERROR : Failed to create /home/qinghua/projects/matg/data/experiments/HumanEvalJava/candor_new/run_0/initialize/src/test/java/original/id_116Test.java after 2 attempts.
2025-08-07 16:56:36,303   ERROR : Failed to create /home/qinghua/projects/matg/data/experiments/HumanEvalJava/candor_new/run_0/initialize/src/test/java/original/id_116Test.java after 10 attempts.
2025-08-07 17:51:00,290   ERROR : Error generating test cases: Failed to parse TestCase from completion {"properties": {"test_behavior": "Test that Specialfilter.specialfilter() returns 0 when input list is empty.", "test_name": "test_specialfilter_empty_array", "test_code": "@Test\npublic void test_specialfilter_empty_array() {\n    List<Object> input = new ArrayList<>();\n    int expected_result = 0;\n    try {\n        int result = Specialfilter.specialfilter(input);\n        assertEquals(expected_result, result);\n    } catch (NullPointerException e) {\n        fail(\"Expected no exception, but got \"+e.getMessage());\n    }\n}", "new_imports_code": ""}}. Got: 1 validation error for TestCase
test_code
  Field required [type=missing, input_value={'properties': {'test_beh...'new_imports_code': ''}}, input_type=dict]
    For further information visit https://errors.pydantic.dev/2.10/v/missing
For troubleshooting, visit: https://python.langchain.com/docs/troubleshooting/errors/OUTPUT_PARSING_FAILURE 
2025-08-08 02:53:10,175   ERROR : Error generating test cases: Failed to parse TestCase from completion {"properties": {"test_behavior": "CycpatternCheck class initialization", "test_name": "testCycpatternCheckClassInitializationModified", "test_code": "@Test\npublic void testCycpatternCheckClassInitializationModified() {\n    assertDoesNotThrow(() -> CycpatternCheck.cycpatternCheck(\"hello\",\"ell\"));\n}", "new_imports_code": ""}}. Got: 1 validation error for TestCase
test_code
  Field required [type=missing, input_value={'properties': {'test_beh...'new_imports_code': ''}}, input_type=dict]
    For further information visit https://errors.pydantic.dev/2.10/v/missing
For troubleshooting, visit: https://python.langchain.com/docs/troubleshooting/errors/OUTPUT_PARSING_FAILURE 
2025-08-08 07:02:15,238   ERROR : Error generating test cases: Failed to parse TestCase from completion [{"test_behavior": "Test single character input 'a' returns correct count", "test_name": "testSplitWordsEdgeCaseSingleCharacterInput1", "test_code": "@Test\npublic void testSplitWordsEdgeCaseSingleCharacterInput1() {\n    Object result = SplitWords.splitWords(\"a\");\n    assertEquals(1, ((List<?>)result).size());\n}", "new_imports_code": ""}]. Got: 1 validation error for TestCase
  Input should be a valid dictionary or instance of TestCase [type=model_type, input_value=[{'test_behavior': "Test ...'new_imports_code': ''}], input_type=list]
    For further information visit https://errors.pydantic.dev/2.10/v/model_type
For troubleshooting, visit: https://python.langchain.com/docs/troubleshooting/errors/OUTPUT_PARSING_FAILURE 
2025-08-08 18:46:26,391   ERROR : Error generating test cases: Invalid json output: Based on the provided test case, here is the feedback in JSON format:

```
{
  "test_case_code": "@Test\npublic void testReverseDeleteAllCharactersRemoved() {\n    List<Object> result = ReverseDelete.reverseDelete(\"aaaaa\", \"a\");\n    assertEquals(Arrays.asList(\"\"," + true), result);\n}",
  "error_info": "The assertion failed because the method reverseDelete returned a list with an empty string and true, but the expected result was also an empty string and true. However, upon closer inspection, it seems that the issue lies in the fact that the input string consists of all characters to be removed.",
  "error_type": "AssertionError",
  "potential_fix": "The issue here is likely due to the incorrect assumption about the input data. The method reverseDelete works correctly for this specific test case and returns an empty string and true as expected, because an empty string is indeed a palindrome. Therefore, no changes are needed in the ReverseDelete class."
}
```

However, if I were to nitpick, I would suggest adding additional checks in the `reverseDelete` method to handle edge cases like null or empty strings.

Here's how you could modify the `reverseDelete` method:

```java
public static List<Object> reverseDelete(String s, String c) {
    if (s == null || c == null) {
        throw new NullPointerException("Input strings cannot be null");
    }
    
    String result = "";
    for (int i = 0; i < s.length(); i++) {
        if (c.indexOf(s.charAt(i)) == -1) {
            result += s.charAt(i);
        }
    }
    boolean isPalindrome = true;
    for (int i = 0; i < result.length() / 2; i++) {
        if (result.charAt(i) != result.charAt(result.length() - i - 1)) {
            isPalindrome = false;
            break;
        }
    }
    return Arrays.asList(result, isPalindrome);
}
```

But again, the original code does not actually have any bugs in it. It's just that the test case was expecting a different behavior for this specific input.
For troubleshooting, visit: https://python.langchain.com/docs/troubleshooting/errors/OUTPUT_PARSING_FAILURE 
2025-08-08 21:52:43,614   ERROR : Error generating test cases: Failed to parse TestCase from completion {"properties": {"test_behavior": {"default": "Testing False Condition", "description": "The behavior of the test case", "title": "Test Behavior", "type": "string"}, "test_name": {"default": "IntegerInputTest4", "description": "The name of the test case", "title": "Test Name", "type": "string"}, "test_code": {"description": "The full java code of the test case. Starting with @Test ", "title": "Test Code", "type": "string"}, "new_imports_code": {"default": "", "description": "New import statements needed for the test case", "title": "New Imports Code", "type": "string"}}, "required": ["test_code"]}. Got: 1 validation error for TestCase
test_code
  Field required [type=missing, input_value={'properties': {'test_beh...equired': ['test_code']}, input_type=dict]
    For further information visit https://errors.pydantic.dev/2.10/v/missing
For troubleshooting, visit: https://python.langchain.com/docs/troubleshooting/errors/OUTPUT_PARSING_FAILURE 
2025-08-08 22:16:33,964   ERROR : Error generating test cases: cannot access local variable 'new_line_coverage' where it is not associated with a value
2025-08-09 07:03:49,971   ERROR : Error generating test cases: Failed to parse TestCase from completion {"properties": {"test_behavior": {"default": " no behavior", "description": "The behavior of the test case", "title": "Test Behavior", "type": "string"}, "test_name": {"default": "random_test", "description": "The name of the test case", "title": "Test Name", "type": "string"}, "test_code": {"description": "The full java code of the test case. Starting with @Test ", "title": "Test Code", "type": "string"}, "new_imports_code": {"default": "", "description": "New import statements needed for the test case", "title": "New Imports Code", "type": "string"}}, "required": ["test_code"]}. Got: 1 validation error for TestCase
test_code
  Field required [type=missing, input_value={'properties': {'test_beh...equired': ['test_code']}, input_type=dict]
    For further information visit https://errors.pydantic.dev/2.10/v/missing
For troubleshooting, visit: https://python.langchain.com/docs/troubleshooting/errors/OUTPUT_PARSING_FAILURE 
2025-08-09 07:39:56,054   ERROR : Error generating test cases: Failed to parse TestCase from completion [{"test_name": "TestIsNestedStaticMethod", "test_behavior": "Verify that isNested method returns true when there are nested brackets", "new_imports_code": "", "test_code": "@Test\npublic void TestIsNestedStaticMethod() {\n    assertTrue(IsNested.isNested(\"[[]]\"));\n}"}, {"test_name": "TestIsNestedNoNesting", "test_behavior": "Verify that isNested method returns false when there are no nested brackets", "new_imports_code": "", "test_code": "@Test\npublic void TestIsNestedNoNesting() {\n    assertFalse(IsNested.isNested(\"[][]\"));\n}"}, {"test_name": "TestIsNestedSingleBracket", "test_behavior": "Verify that isNested method returns false when there is only one bracket", "new_imports_code": "", "test_code": "@Test\npublic void TestIsNestedSingleBracket() {\n    assertFalse(IsNested.isNested(\"[]\"));\n}"}, {"test_name": "TestIsNestedEmptyString", "test_behavior": "Verify that isNested method returns false when the input string is empty", "new_imports_code": "", "test_code": "@Test\npublic void TestIsNestedEmptyString() {\n    assertFalse(IsNested.isNested(\"\"));\n}"}, {"test_name": "TestIsNestedMultipleNesting", "test_behavior": "Verify that isNested method returns true when there are multiple nested brackets", "new_imports_code": "", "test_code": "@Test\npublic void TestIsNestedMultipleNesting() {\n    assertTrue(IsNested.isNested(\"[[][]]\"));\n}"}, {"test_name": "TestIsNestedInvalidInput1", "test_behavior": "Verify that isNested method returns false when the input string contains invalid characters", "new_imports_code": "", "test_code": "@Test\npublic void TestIsNestedInvalidInput1() {\n    assertFalse(IsNested.isNested(\"[abc]\"));\n}"}, {"test_name": "TestIsNestedInvalidInput2", "test_behavior": "Verify that isNested method returns false when the input string contains invalid characters", "new_imports_code": "", "test_code": "@Test\npublic void TestIsNestedInvalidInput2() {\n    assertFalse(IsNested.isNested(\"123\"));\n}"}]. Got: 1 validation error for TestCase
  Input should be a valid dictionary or instance of TestCase [type=model_type, input_value=[{'test_name': 'TestIsNes....isNested("123"));\n}'}], input_type=list]
    For further information visit https://errors.pydantic.dev/2.10/v/model_type
For troubleshooting, visit: https://python.langchain.com/docs/troubleshooting/errors/OUTPUT_PARSING_FAILURE 
2025-08-09 13:49:48,470   ERROR : Error generating test cases: Failed to parse TestCase from completion {"properties": {"test_behavior": "Test that isHappy method returns false for strings with repeating characters at the beginning", "test_name": "testHappyStringRepeatingCharactersAtBeginningFixed6", "new_imports_code": "", "test_code": "@Test\npublic void testHappyStringRepeatingCharactersAtBeginningFixed6() {\n    String s = \"aabbc\";\n    Boolean result = IsHappy.isHappy(s);\n    assertFalse(result);\n}"}}. Got: 1 validation error for TestCase
test_code
  Field required [type=missing, input_value={'properties': {'test_beh...sertFalse(result);\n}'}}, input_type=dict]
    For further information visit https://errors.pydantic.dev/2.10/v/missing
For troubleshooting, visit: https://python.langchain.com/docs/troubleshooting/errors/OUTPUT_PARSING_FAILURE 
2025-08-09 19:10:57,302   ERROR : Error generating test cases: cannot access local variable 'new_line_coverage' where it is not associated with a value
2025-08-09 23:23:42,122   ERROR : Error generating test cases: cannot access local variable 'new_line_coverage' where it is not associated with a value
2025-08-10 01:29:14,069   ERROR : Error generating test cases: cannot access local variable 'new_line_coverage' where it is not associated with a value
2025-08-10 02:07:11,126   ERROR : Error generating test cases: Failed to parse TestCase from completion {"properties": {"test_behavior": "Test single element list input", "test_name": "testSingleElementListInput1", "test_code": "@Test\npublic void testSingleElementListInput1() {\n    List<String> singleElementList = Arrays.asList(\"hello\");\n    String expected = \"hello\";\n    assertEquals(expected, FindMax.findMax(singleElementList));\n}", "new_imports_code": ""}}. Got: 1 validation error for TestCase
test_code
  Field required [type=missing, input_value={'properties': {'test_beh...'new_imports_code': ''}}, input_type=dict]
    For further information visit https://errors.pydantic.dev/2.10/v/missing
For troubleshooting, visit: https://python.langchain.com/docs/troubleshooting/errors/OUTPUT_PARSING_FAILURE 
2025-08-10 05:29:08,516   ERROR : Error generating test cases: Failed to parse TestCase from completion {"properties": {"test_behavior": "Check dictionary with non-string key returns false", "test_name": "testCheckDictCase_NonStringKeys_Fixed2_1", "test_code": "@Test\npublic void testCheckDictCase_NonStringKeys_Fixed2_1() {\n    Map<Object, String> dict = new HashMap<>();\n    dict.put(\"a\", \"apple\");\n    dict.put(5, \"banana\");\n    Object result = CheckDictCase.checkDictCase(dict);\n    assertNotEquals(false, result);\n}", "new_imports_code": ""}}. Got: 1 validation error for TestCase
test_code
  Field required [type=missing, input_value={'properties': {'test_beh...'new_imports_code': ''}}, input_type=dict]
    For further information visit https://errors.pydantic.dev/2.10/v/missing
For troubleshooting, visit: https://python.langchain.com/docs/troubleshooting/errors/OUTPUT_PARSING_FAILURE 
2025-08-10 12:31:00,750   ERROR : Error generating test cases: cannot access local variable 'new_line_coverage' where it is not associated with a value
2025-08-10 12:43:08,651   ERROR : Error generating test cases: cannot access local variable 'new_line_coverage' where it is not associated with a value
2025-08-10 18:31:27,717   ERROR : Error generating test cases: Failed to parse TestCase from completion [{"test_behavior": "Return null when the input list contains a zero", "test_name": "testProdSignsWithZeroInTheListReturnsNull1", "new_imports_code": "", "test_code": "@Test\nvoid testProdSignsWithZeroInTheListReturnsNull1() {\n\tList<Object> input = Arrays.asList(0, 1, -2, 3);\n\tassertNull(ProdSigns.prodSigns(input));\n}"}]. Got: 1 validation error for TestCase
  Input should be a valid dictionary or instance of TestCase [type=model_type, input_value=[{'test_behavior': 'Retur...prodSigns(input));\n}'}], input_type=list]
    For further information visit https://errors.pydantic.dev/2.10/v/model_type
For troubleshooting, visit: https://python.langchain.com/docs/troubleshooting/errors/OUTPUT_PARSING_FAILURE 
2025-08-10 22:13:57,899   ERROR : Error generating test cases: Failed to parse TestCase from completion {"properties": {"test_behavior": "Testing byLength with array containing nine, asserting unordered collection", "test_name": "testByLength_withArrayContainingNine_UnorderedCollection", "new_imports_code": "import java.util.Arrays;", "test_code": "@Test\npublic void testByLength_withArrayContainingNine_UnorderedCollection() {\n    List<Object> arr = new ArrayList<>();\n    arr.add(9);\n    arr.add(4);\n    List<Object> expected_result = Arrays.asList(\"Nine\", \"Four\");\n    Collections.sort((List<String>) expected_result);\n    assertEquals(expected_result, ByLength.byLength(arr));\n}"}}. Got: 1 validation error for TestCase
test_code
  Field required [type=missing, input_value={'properties': {'test_beh...th.byLength(arr));\n}'}}, input_type=dict]
    For further information visit https://errors.pydantic.dev/2.10/v/missing
For troubleshooting, visit: https://python.langchain.com/docs/troubleshooting/errors/OUTPUT_PARSING_FAILURE 
2025-08-11 09:44:52,985   ERROR : Error generating test cases: cannot access local variable 'new_line_coverage' where it is not associated with a value
2025-08-11 14:35:59,448   ERROR : Error generating test cases: Failed to parse TestCase from completion [{"test_behavior": "Test parseMusic with empty string", "test_name": "testParseMusicWithEmptyStringParameterizedList1", "test_code": "@Test\npublic void testParseMusicWithEmptyStringParameterizedList1() {\n    String musicString = \"\";\n    List<Object> expected = new ArrayList<>();\n    List<Object> result = ParseMusic.parseMusic(musicString);\n    assertIterableEquals(expected, result);\n}", "new_imports_code": ""}, {"test_behavior": "Test parseMusic with single whole note", "test_name": "testParseMusicWithSingleWholeNote2", "test_code": "@Test\npublic void testParseMusicWithSingleWholeNote2() {\n    String musicString = \"o\";\n    List<Object> expected = Arrays.asList(4);\n    List<Object> result = ParseMusic.parseMusic(musicString);\n    assertIterableEquals(expected, result);\n}", "new_imports_code": "import java.util.Arrays;"}, {"test_behavior": "Test parseMusic with single half note", "test_name": "testParseMusicWithSingleHalfNote3", "test_code": "@Test\npublic void testParseMusicWithSingleHalfNote3() {\n    String musicString = \"o|\";\n    List<Object> expected = Arrays.asList(2);\n    List<Object> result = ParseMusic.parseMusic(musicString);\n    assertIterableEquals(expected, result);\n}", "new_imports_code": ""}, {"test_behavior": "Test parseMusic with single quarter note", "test_name": "testParseMusicWithSingleQuarterNote4", "test_code": "@Test\npublic void testParseMusicWithSingleQuarterNote4() {\n    String musicString = \".|\";\n    List<Object> expected = Arrays.asList(1);\n    List<Object> result = ParseMusic.parseMusic(musicString);\n    assertIterableEquals(expected, result);\n}", "new_imports_code": ""}]. Got: 1 validation error for TestCase
  Input should be a valid dictionary or instance of TestCase [type=model_type, input_value=[{'test_behavior': 'Test ...'new_imports_code': ''}], input_type=list]
    For further information visit https://errors.pydantic.dev/2.10/v/model_type
For troubleshooting, visit: https://python.langchain.com/docs/troubleshooting/errors/OUTPUT_PARSING_FAILURE 
2025-08-11 18:33:02,530   ERROR : Error generating test cases: cannot access local variable 'new_line_coverage' where it is not associated with a value
2025-08-11 20:42:35,022   ERROR : Error generating test cases: Failed to parse TestCase from completion [{"test_behavior": "Checks if isBored method returns 0 when input string is empty", "test_name": "testIsBored_EmptyString_Fixed1", "new_imports_code": "", "test_code": "@Test\nvoid testIsBored_EmptyString_Fixed1() {\n    String input = \"\";\n    int expected = 0;\n    try {\n        assertEquals(expected, IsBored.isBored(input));\n    } catch (NullPointerException e) {\n        fail(\"Expected no exception but got \"+e.getMessage());\n    }\n}"}]. Got: 1 validation error for TestCase
  Input should be a valid dictionary or instance of TestCase [type=model_type, input_value=[{'test_behavior': 'Check...Message());\n    }\n}'}], input_type=list]
    For further information visit https://errors.pydantic.dev/2.10/v/model_type
For troubleshooting, visit: https://python.langchain.com/docs/troubleshooting/errors/OUTPUT_PARSING_FAILURE 
2025-08-12 00:04:56,529   ERROR : Error generating test cases: Failed to parse TestCase from completion {"properties": {"foo": {"title": "Foo", "description": "a list of strings", "type": "array", "items": {"type": "string"}}}, "required": ["foo"]}. Got: 1 validation error for TestCase
test_code
  Field required [type=missing, input_value={'properties': {'foo': {'...}}, 'required': ['foo']}, input_type=dict]
    For further information visit https://errors.pydantic.dev/2.10/v/missing
For troubleshooting, visit: https://python.langchain.com/docs/troubleshooting/errors/OUTPUT_PARSING_FAILURE 
2025-08-12 03:48:12,476   ERROR : Error generating test cases: Failed to parse TestCase from completion {"properties": {"test_behavior": {"default": "rescaleToUnit method handles division by zero and calculates scaled values correctly", "description": "The behavior of the test case", "title": "Test Behavior", "type": "string"}, "test_name": {"default": "testRescaleToUnitWithMaxAndMinValuesAtTheStartFixed1", "description": "The name of the test case", "title": "Test Name", "type": "string"}, "test_code": {"description": "The full java code of the test case. Starting with @Test ", "title": "Test Code", "type": "string"}}}. Got: 1 validation error for TestCase
test_code
  Field required [type=missing, input_value={'properties': {'test_beh...de', 'type': 'string'}}}, input_type=dict]
    For further information visit https://errors.pydantic.dev/2.10/v/missing
For troubleshooting, visit: https://python.langchain.com/docs/troubleshooting/errors/OUTPUT_PARSING_FAILURE 
2025-08-12 05:10:46,302   ERROR : Error generating test cases: cannot access local variable 'new_line_coverage' where it is not associated with a value
2025-08-12 06:02:03,013   ERROR : Error generating test cases: cannot access local variable 'new_line_coverage' where it is not associated with a value
2025-08-12 13:57:07,067   ERROR : Error generating test cases: cannot access local variable 'new_line_coverage' where it is not associated with a value
2025-08-12 16:08:46,277   ERROR : Error generating test cases: cannot access local variable 'new_line_coverage' where it is not associated with a value
2025-08-13 10:49:16,928   ERROR : Error generating test cases: cannot access local variable 'new_line_coverage' where it is not associated with a value
2025-08-13 11:17:48,773   ERROR : Error generating test cases: Failed to parse TestPlan from completion {"$defs": {"TestCasePlan": {"properties": {"name": {"description": "The name of the test case", "title": "Name", "type": "string"}, "description": {"description": "The description of the test case", "title": "Description", "type": "string"}, "input": {"description": "Input parameters for the test case", "title": "Input", "type": "string"}, "expected_result": {"description": "Expected result for the test case", "title": "Expected Result", "type": "string"}}, "required": ["name", "description", "input", "expected_result"], "title": "TestCasePlan", "type": "object"}}, "properties": {"test_cases_to_add": {"description": "List of new test cases to add", "items": {"$ref": "#/$defs/TestCasePlan"}, "title": "Test Cases To Add", "type": "array"}, "conventions": {"default": [], "description": "List of conventions followed in the test suite", "items": {"type": "string"}, "title": "Conventions", "type": "array"}, "test_framework": {"const": "JUnit5", "default": "JUnit5", "description": "The test framework used", "title": "Test Framework", "type": "string"}, "language": {"const": "Java", "default": "Java", "description": "The programming language used for the tests", "title": "Language", "type": "string"}}, "required": ["test_cases_to_add"]}. Got: 1 validation error for TestPlan
test_cases_to_add
  Field required [type=missing, input_value={'$defs': {'TestCasePlan'...: ['test_cases_to_add']}, input_type=dict]
    For further information visit https://errors.pydantic.dev/2.10/v/missing
For troubleshooting, visit: https://python.langchain.com/docs/troubleshooting/errors/OUTPUT_PARSING_FAILURE 
2025-08-13 13:00:20,198   ERROR : Error generating test cases: Failed to parse TestPlan from completion {"$defs": {"TestCasePlan": {"properties": {"name": {"description": "The name of the test case", "title": "Name", "type": "string"}, "description": {"description": "The description of the test case", "title": "Description", "type": "string"}, "input": {"description": "Input parameters for the test case", "title": "Input", "type": "string"}, "expected_result": {"description": "Expected result for the test case", "title": "Expected Result", "type": "string"}}, "required": ["name", "description", "input", "expected_result"], "title": "TestCasePlan", "type": "object"}}, "properties": {"test_cases_to_add": {"description": "List of new test cases to add", "items": {"$ref": "#/$defs/TestCasePlan"}, "title": "Test Cases To Add", "type": "array"}, "conventions": {"default": [], "description": "List of conventions followed in the test suite", "items": {"type": "string"}, "title": "Conventions", "type": "array"}, "test_framework": {"const": "JUnit5", "default": "JUnit5", "description": "The test framework used", "title": "Test Framework", "type": "string"}, "language": {"const": "Java", "default": "Java", "description": "The programming language used for the tests", "title": "Language", "type": "string"}}, "required": ["test_cases_to_add"]}. Got: 1 validation error for TestPlan
test_cases_to_add
  Field required [type=missing, input_value={'$defs': {'TestCasePlan'...: ['test_cases_to_add']}, input_type=dict]
    For further information visit https://errors.pydantic.dev/2.10/v/missing
For troubleshooting, visit: https://python.langchain.com/docs/troubleshooting/errors/OUTPUT_PARSING_FAILURE 
2025-08-13 13:51:47,126   ERROR : Error generating test cases: Failed to parse TestPlan from completion {"$defs": {"TestCasePlan": {"properties": {"name": {"description": "The name of the test case", "title": "Name", "type": "string"}, "description": {"description": "The description of the test case", "title": "Description", "type": "string"}, "input": {"description": "Input parameters for the test case", "title": "Input", "type": "string"}, "expected_result": {"description": "Expected result for the test case", "title": "Expected Result", "type": "string"}}, "required": ["name", "description", "input", "expected_result"], "title": "TestCasePlan", "type": "object"}}, "properties": {"test_cases_to_add": {"description": "List of new test cases to add", "items": {"$ref": "#/$defs/TestCasePlan"}, "title": "Test Cases To Add", "type": "array"}, "conventions": {"default": [], "description": "List of conventions followed in the test suite", "items": {"type": "string"}, "title": "Conventions", "type": "array"}, "test_framework": {"const": "JUnit5", "default": "JUnit5", "description": "The test framework used", "title": "Test Framework", "type": "string"}, "language": {"const": "Java", "default": "Java", "description": "The programming language used for the tests", "title": "Language", "type": "string"}}, "required": ["test_cases_to_add"]}. Got: 1 validation error for TestPlan
test_cases_to_add
  Field required [type=missing, input_value={'$defs': {'TestCasePlan'...: ['test_cases_to_add']}, input_type=dict]
    For further information visit https://errors.pydantic.dev/2.10/v/missing
For troubleshooting, visit: https://python.langchain.com/docs/troubleshooting/errors/OUTPUT_PARSING_FAILURE 
2025-08-13 15:28:35,472   ERROR : Error generating test cases: cannot access local variable 'new_line_coverage' where it is not associated with a value
2025-08-13 16:06:25,320   ERROR : Error generating test cases: cannot access local variable 'new_line_coverage' where it is not associated with a value
2025-08-13 16:33:37,794   ERROR : Error generating test cases: cannot access local variable 'new_line_coverage' where it is not associated with a value
2025-08-13 19:15:30,664   ERROR : Error generating test cases: Failed to parse TestCase from completion [{"test_behavior": "valid date with February 29th in a leap year", "test_name": "Test_ValidDate_With_February_29th_InLeapYear", "test_code": "@Test\npublic void Test_ValidDate_With_February_29th_InLeapYear() {\nString date = \"02-29-2000\";\nBoolean result = ValidDate.validDate(date);\nboolean isLeapYear = (Integer.parseInt(date.split(\"-\")[2]) % 4 == 0 && Integer.parseInt(date.split(\"-\")[2]) % 100 != 0) || Integer.parseInt(date.split(\"-\")[2]) % 400 == 0;\nif (isLeapYear) {\nassertTrue(result);\n} else {\nassertFalse(result);\n}\n}", "new_imports_code": ""}]. Got: 1 validation error for TestCase
  Input should be a valid dictionary or instance of TestCase [type=model_type, input_value=[{'test_behavior': 'valid...'new_imports_code': ''}], input_type=list]
    For further information visit https://errors.pydantic.dev/2.10/v/model_type
For troubleshooting, visit: https://python.langchain.com/docs/troubleshooting/errors/OUTPUT_PARSING_FAILURE 
2025-08-13 19:24:44,163   ERROR : Error generating test cases: Failed to parse TestCase from completion {"properties": {"test_behavior": "Test that validDate method returns true for February 29 in a leap year", "test_name": "test_LeapYearFebruaryTestCase", "new_imports_code": "", "test_code": "@Test\npublic void test_LeapYearFebruaryTestCase() {\n    String date = \"02-29-2020\";\n    Boolean result = ValidDate.validDate(date);\n    // Since 2020 is a leap year, February should have 29 days.\n    assertTrue(result);\n}"}}. Got: 1 validation error for TestCase
test_code
  Field required [type=missing, input_value={'properties': {'test_beh...ssertTrue(result);\n}'}}, input_type=dict]
    For further information visit https://errors.pydantic.dev/2.10/v/missing
For troubleshooting, visit: https://python.langchain.com/docs/troubleshooting/errors/OUTPUT_PARSING_FAILURE 
2025-08-13 19:30:44,310   ERROR : Error generating test cases: Failed to parse TestCase from completion [{"test_behavior": "Test a valid date with 28 days in February", "test_name": "testDateWith28DaysInFebruary", "test_code": "@Test\npublic void testDateWith28DaysInFebruary() {\n    String date = \"02-28-2000\";\n    Boolean actualResult = ValidDate.validDate(date);\n    assertEquals(true, actualResult);\n}", "new_imports_code": ""}]. Got: 1 validation error for TestCase
  Input should be a valid dictionary or instance of TestCase [type=model_type, input_value=[{'test_behavior': 'Test ...'new_imports_code': ''}], input_type=list]
    For further information visit https://errors.pydantic.dev/2.10/v/model_type
For troubleshooting, visit: https://python.langchain.com/docs/troubleshooting/errors/OUTPUT_PARSING_FAILURE 
2025-08-14 03:45:51,822   ERROR : Error generating test cases: cannot access local variable 'new_line_coverage' where it is not associated with a value
2025-08-14 17:09:15,598   ERROR : Error in oracle fixer: /home/qinghua/projects/matg/data/experiments/HumanEvalJava/candor_new/run_0/fix/src/test/java/original/id_31Test.java 
an error was encountered while running the model: unexpected EOF (status code: -1)
2025-08-14 17:42:01,838   ERROR : Error in oracle fixer: /home/qinghua/projects/matg/data/experiments/HumanEvalJava/candor_new/run_0/fix/src/test/java/original/id_150Test.java 
'Analyzer' object has no attribute 'get_test_method_name_nodes'
2025-08-14 17:43:03,976   ERROR : Error in oracle fixer: /home/qinghua/projects/matg/data/experiments/HumanEvalJava/candor_new/run_0/fix/src/test/java/original/id_130Test.java 
'Analyzer' object has no attribute 'get_test_method_name_nodes'
2025-08-14 17:44:08,795   ERROR : Error in oracle fixer: /home/qinghua/projects/matg/data/experiments/HumanEvalJava/candor_new/run_0/fix/src/test/java/original/id_146Test.java 
'Analyzer' object has no attribute 'get_test_method_name_nodes'
2025-08-14 17:44:37,888   ERROR : Error in oracle fixer: /home/qinghua/projects/matg/data/experiments/HumanEvalJava/candor_new/run_0/fix/src/test/java/original/id_111Test.java 
an error was encountered while running the model: unexpected EOF (status code: -1)
2025-08-14 17:44:58,465   ERROR : Error in oracle fixer: /home/qinghua/projects/matg/data/experiments/HumanEvalJava/candor_new/run_0/fix/src/test/java/original/id_133Test.java 
list index out of range
2025-08-14 17:44:59,847   ERROR : Error in oracle fixer: /home/qinghua/projects/matg/data/experiments/HumanEvalJava/candor_new/run_0/fix/src/test/java/original/id_39Test.java 
'Analyzer' object has no attribute 'get_test_method_name_nodes'
2025-08-14 17:45:11,633   ERROR : Error in oracle fixer: /home/qinghua/projects/matg/data/experiments/HumanEvalJava/candor_new/run_0/fix/src/test/java/original/id_53Test.java 
list index out of range
2025-08-14 17:45:19,917   ERROR : Error in oracle fixer: /home/qinghua/projects/matg/data/experiments/HumanEvalJava/candor_new/run_0/fix/src/test/java/original/id_39Test.java 
'Analyzer' object has no attribute 'get_test_method_name_nodes'
2025-08-14 17:45:28,126   ERROR : Error in oracle fixer: /home/qinghua/projects/matg/data/experiments/HumanEvalJava/candor_new/run_0/fix/src/test/java/original/id_144Test.java 
list index out of range
2025-08-14 17:45:28,656   ERROR : Error in oracle fixer: /home/qinghua/projects/matg/data/experiments/HumanEvalJava/candor_new/run_0/fix/src/test/java/original/id_53Test.java 
list index out of range
2025-08-14 17:45:41,585   ERROR : Error in oracle fixer: /home/qinghua/projects/matg/data/experiments/HumanEvalJava/candor_new/run_0/fix/src/test/java/original/id_150Test.java 
list index out of range
2025-08-14 17:45:49,800   ERROR : Error in oracle fixer: /home/qinghua/projects/matg/data/experiments/HumanEvalJava/candor_new/run_0/fix/src/test/java/original/id_31Test.java 
list index out of range
2025-08-14 17:46:06,631   ERROR : Error in oracle fixer: /home/qinghua/projects/matg/data/experiments/HumanEvalJava/candor_new/run_0/fix/src/test/java/original/id_130Test.java 
list index out of range
2025-08-14 17:46:07,560   ERROR : Error in oracle fixer: /home/qinghua/projects/matg/data/experiments/HumanEvalJava/candor_new/run_0/fix/src/test/java/original/id_8Test.java 
list index out of range
2025-08-14 17:46:20,177   ERROR : Error in oracle fixer: /home/qinghua/projects/matg/data/experiments/HumanEvalJava/candor_new/run_0/fix/src/test/java/original/id_119Test.java 
list index out of range
2025-08-14 17:46:29,972   ERROR : Error in oracle fixer: /home/qinghua/projects/matg/data/experiments/HumanEvalJava/candor_new/run_0/fix/src/test/java/original/id_72Test.java 
list index out of range
2025-08-14 17:46:36,752   ERROR : Error in oracle fixer: /home/qinghua/projects/matg/data/experiments/HumanEvalJava/candor_new/run_0/fix/src/test/java/original/id_102Test.java 
list index out of range
2025-08-14 17:46:41,980   ERROR : Error in oracle fixer: /home/qinghua/projects/matg/data/experiments/HumanEvalJava/candor_new/run_0/fix/src/test/java/original/id_146Test.java 
list index out of range
2025-08-14 17:46:42,107   ERROR : Error in oracle fixer: /home/qinghua/projects/matg/data/experiments/HumanEvalJava/candor_new/run_0/fix/src/test/java/original/id_109Test.java 
list index out of range
2025-08-14 17:47:00,385   ERROR : Error in oracle fixer: /home/qinghua/projects/matg/data/experiments/HumanEvalJava/candor_new/run_0/fix/src/test/java/original/id_111Test.java 
list index out of range
2025-08-14 17:47:04,349   ERROR : Error in oracle fixer: /home/qinghua/projects/matg/data/experiments/HumanEvalJava/candor_new/run_0/fix/src/test/java/original/id_39Test.java 
list index out of range
2025-08-14 17:47:07,816   ERROR : Error in oracle fixer: /home/qinghua/projects/matg/data/experiments/HumanEvalJava/candor_new/run_0/fix/src/test/java/original/id_85Test.java 
list index out of range
2025-08-14 17:47:19,223   ERROR : Error in oracle fixer: /home/qinghua/projects/matg/data/experiments/HumanEvalJava/candor_new/run_0/fix/src/test/java/original/id_53Test.java 
list index out of range
2025-08-14 17:47:24,361   ERROR : Error in oracle fixer: /home/qinghua/projects/matg/data/experiments/HumanEvalJava/candor_new/run_0/fix/src/test/java/original/id_133Test.java 
list index out of range
2025-08-14 17:47:37,120   ERROR : Error in oracle fixer: /home/qinghua/projects/matg/data/experiments/HumanEvalJava/candor_new/run_0/fix/src/test/java/original/id_144Test.java 
list index out of range
2025-08-14 17:47:42,199   ERROR : Error in oracle fixer: /home/qinghua/projects/matg/data/experiments/HumanEvalJava/candor_new/run_0/fix/src/test/java/original/id_31Test.java 
list index out of range
2025-08-14 17:47:48,325   ERROR : Error in oracle fixer: /home/qinghua/projects/matg/data/experiments/HumanEvalJava/candor_new/run_0/fix/src/test/java/original/id_88Test.java 
list index out of range
2025-08-14 17:47:54,848   ERROR : Error in oracle fixer: /home/qinghua/projects/matg/data/experiments/HumanEvalJava/candor_new/run_0/fix/src/test/java/original/id_8Test.java 
list index out of range
2025-08-14 17:48:09,503   ERROR : Error in oracle fixer: /home/qinghua/projects/matg/data/experiments/HumanEvalJava/candor_new/run_0/fix/src/test/java/original/id_11Test.java 
list index out of range
2025-08-14 17:48:11,198   ERROR : Error in oracle fixer: /home/qinghua/projects/matg/data/experiments/HumanEvalJava/candor_new/run_0/fix/src/test/java/original/id_72Test.java 
list index out of range
2025-08-14 17:48:21,040   ERROR : Error in oracle fixer: /home/qinghua/projects/matg/data/experiments/HumanEvalJava/candor_new/run_0/fix/src/test/java/original/id_119Test.java 
list index out of range
2025-08-14 17:48:21,232   ERROR : Error in oracle fixer: /home/qinghua/projects/matg/data/experiments/HumanEvalJava/candor_new/run_0/fix/src/test/java/original/id_154Test.java 
list index out of range
2025-08-14 17:48:37,226   ERROR : Error in oracle fixer: /home/qinghua/projects/matg/data/experiments/HumanEvalJava/candor_new/run_0/fix/src/test/java/original/id_102Test.java 
list index out of range
2025-08-14 17:48:42,318   ERROR : Error in oracle fixer: /home/qinghua/projects/matg/data/experiments/HumanEvalJava/candor_new/run_0/fix/src/test/java/original/id_42Test.java 
list index out of range
2025-08-14 17:48:49,069   ERROR : Error in oracle fixer: /home/qinghua/projects/matg/data/experiments/HumanEvalJava/candor_new/run_0/fix/src/test/java/original/id_85Test.java 
list index out of range
2025-08-14 17:48:52,337   ERROR : Error in oracle fixer: /home/qinghua/projects/matg/data/experiments/HumanEvalJava/candor_new/run_0/fix/src/test/java/original/id_109Test.java 
list index out of range
2025-08-14 17:49:04,755   ERROR : Error in oracle fixer: /home/qinghua/projects/matg/data/experiments/HumanEvalJava/candor_new/run_0/fix/src/test/java/original/id_136Test.java 
list index out of range
2025-08-14 17:49:06,080   ERROR : Error in oracle fixer: /home/qinghua/projects/matg/data/experiments/HumanEvalJava/candor_new/run_0/fix/src/test/java/original/id_88Test.java 
list index out of range
2025-08-14 17:49:26,023   ERROR : Error in oracle fixer: /home/qinghua/projects/matg/data/experiments/HumanEvalJava/candor_new/run_0/fix/src/test/java/original/id_111Test.java 
list index out of range
2025-08-14 17:49:27,710   ERROR : Error in oracle fixer: /home/qinghua/projects/matg/data/experiments/HumanEvalJava/candor_new/run_0/fix/src/test/java/original/id_125Test.java 
list index out of range
2025-08-14 17:49:28,181   ERROR : Error in oracle fixer: /home/qinghua/projects/matg/data/experiments/HumanEvalJava/candor_new/run_0/fix/src/test/java/original/id_11Test.java 
list index out of range
2025-08-14 17:49:39,800   ERROR : Error in oracle fixer: /home/qinghua/projects/matg/data/experiments/HumanEvalJava/candor_new/run_0/fix/src/test/java/original/id_48Test.java 
list index out of range
2025-08-14 17:49:50,820   ERROR : Error in oracle fixer: /home/qinghua/projects/matg/data/experiments/HumanEvalJava/candor_new/run_0/fix/src/test/java/original/id_84Test.java 
list index out of range
2025-08-14 17:49:53,239   ERROR : Error in oracle fixer: /home/qinghua/projects/matg/data/experiments/HumanEvalJava/candor_new/run_0/fix/src/test/java/original/id_133Test.java 
list index out of range
2025-08-14 17:49:57,254   ERROR : Error in oracle fixer: /home/qinghua/projects/matg/data/experiments/HumanEvalJava/candor_new/run_0/fix/src/test/java/original/id_154Test.java 
list index out of range
2025-08-14 17:50:12,244   ERROR : Error in oracle fixer: /home/qinghua/projects/matg/data/experiments/HumanEvalJava/candor_new/run_0/fix/src/test/java/original/id_144Test.java 
list index out of range
2025-08-14 17:50:23,841   ERROR : Error in oracle fixer: /home/qinghua/projects/matg/data/experiments/HumanEvalJava/candor_new/run_0/fix/src/test/java/original/id_42Test.java 
list index out of range
2025-08-14 17:50:27,076   ERROR : Error in oracle fixer: /home/qinghua/projects/matg/data/experiments/HumanEvalJava/candor_new/run_0/fix/src/test/java/original/id_8Test.java 
list index out of range
2025-08-14 17:50:27,559   ERROR : Error in oracle fixer: /home/qinghua/projects/matg/data/experiments/HumanEvalJava/candor_new/run_0/fix/src/test/java/original/id_81Test.java 
list index out of range
2025-08-14 17:50:43,393   ERROR : Error in oracle fixer: /home/qinghua/projects/matg/data/experiments/HumanEvalJava/candor_new/run_0/fix/src/test/java/original/id_119Test.java 
list index out of range
2025-08-14 17:50:44,378   ERROR : Error in oracle fixer: /home/qinghua/projects/matg/data/experiments/HumanEvalJava/candor_new/run_0/fix/src/test/java/original/id_136Test.java 
list index out of range
2025-08-14 17:51:10,680   ERROR : Error in oracle fixer: /home/qinghua/projects/matg/data/experiments/HumanEvalJava/candor_new/run_0/fix/src/test/java/original/id_102Test.java 
list index out of range
2025-08-14 17:51:11,032   ERROR : Error in oracle fixer: /home/qinghua/projects/matg/data/experiments/HumanEvalJava/candor_new/run_0/fix/src/test/java/original/id_71Test.java 
list index out of range
2025-08-14 17:51:17,414   ERROR : Error in oracle fixer: /home/qinghua/projects/matg/data/experiments/HumanEvalJava/candor_new/run_0/fix/src/test/java/original/id_125Test.java 
list index out of range
2025-08-14 17:51:25,422   ERROR : Error in oracle fixer: /home/qinghua/projects/matg/data/experiments/HumanEvalJava/candor_new/run_0/fix/src/test/java/original/id_85Test.java 
list index out of range
2025-08-14 17:51:26,956   ERROR : Error in oracle fixer: /home/qinghua/projects/matg/data/experiments/HumanEvalJava/candor_new/run_0/fix/src/test/java/original/id_48Test.java 
list index out of range
2025-08-14 17:51:28,323   ERROR : Error in oracle fixer: /home/qinghua/projects/matg/data/experiments/HumanEvalJava/candor_new/run_0/fix/src/test/java/original/id_112Test.java 
list index out of range
2025-08-14 17:51:39,724   ERROR : Error in oracle fixer: /home/qinghua/projects/matg/data/experiments/HumanEvalJava/candor_new/run_0/fix/src/test/java/original/id_84Test.java 
list index out of range
2025-08-14 17:51:42,905   ERROR : Error in oracle fixer: /home/qinghua/projects/matg/data/experiments/HumanEvalJava/candor_new/run_0/fix/src/test/java/original/id_88Test.java 
list index out of range
2025-08-14 17:51:43,317   ERROR : Error in oracle fixer: /home/qinghua/projects/matg/data/experiments/HumanEvalJava/candor_new/run_0/fix/src/test/java/original/id_116Test.java 
list index out of range
2025-08-14 17:51:59,082   ERROR : Error in oracle fixer: /home/qinghua/projects/matg/data/experiments/HumanEvalJava/candor_new/run_0/fix/src/test/java/original/id_11Test.java 
list index out of range
2025-08-14 17:52:08,010   ERROR : Error in oracle fixer: /home/qinghua/projects/matg/data/experiments/HumanEvalJava/candor_new/run_0/fix/src/test/java/original/id_81Test.java 
list index out of range
2025-08-14 17:52:11,472   ERROR : Error in oracle fixer: /home/qinghua/projects/matg/data/experiments/HumanEvalJava/candor_new/run_0/fix/src/test/java/original/id_73Test.java 
list index out of range
2025-08-14 17:52:20,473   ERROR : Error in oracle fixer: /home/qinghua/projects/matg/data/experiments/HumanEvalJava/candor_new/run_0/fix/src/test/java/original/id_154Test.java 
list index out of range
2025-08-14 17:52:25,843   ERROR : Error in oracle fixer: /home/qinghua/projects/matg/data/experiments/HumanEvalJava/candor_new/run_0/fix/src/test/java/original/id_71Test.java 
list index out of range
2025-08-14 17:52:26,172   ERROR : Error in oracle fixer: /home/qinghua/projects/matg/data/experiments/HumanEvalJava/candor_new/run_0/fix/src/test/java/original/id_99Test.java 
list index out of range
2025-08-14 17:52:40,289   ERROR : Error in oracle fixer: /home/qinghua/projects/matg/data/experiments/HumanEvalJava/candor_new/run_0/fix/src/test/java/original/id_92Test.java 
list index out of range
2025-08-14 17:52:45,518   ERROR : Error in oracle fixer: /home/qinghua/projects/matg/data/experiments/HumanEvalJava/candor_new/run_0/fix/src/test/java/original/id_42Test.java 
list index out of range
2025-08-14 17:52:53,718   ERROR : Error in oracle fixer: /home/qinghua/projects/matg/data/experiments/HumanEvalJava/candor_new/run_0/fix/src/test/java/original/id_79Test.java 
list index out of range
2025-08-14 17:53:04,604   ERROR : Error in oracle fixer: /home/qinghua/projects/matg/data/experiments/HumanEvalJava/candor_new/run_0/fix/src/test/java/original/id_112Test.java 
list index out of range
2025-08-14 17:53:05,624   ERROR : Error in oracle fixer: /home/qinghua/projects/matg/data/experiments/HumanEvalJava/candor_new/run_0/fix/src/test/java/original/id_49Test.java 
list index out of range
2025-08-14 17:53:06,724   ERROR : Error in oracle fixer: /home/qinghua/projects/matg/data/experiments/HumanEvalJava/candor_new/run_0/fix/src/test/java/original/id_136Test.java 
list index out of range
2025-08-14 17:53:36,518   ERROR : Error in oracle fixer: /home/qinghua/projects/matg/data/experiments/HumanEvalJava/candor_new/run_0/fix/src/test/java/original/id_116Test.java 
list index out of range
2025-08-14 17:53:39,294   ERROR : Error in oracle fixer: /home/qinghua/projects/matg/data/experiments/HumanEvalJava/candor_new/run_0/fix/src/test/java/original/id_150Test.java 
list index out of range
2025-08-14 17:53:40,008   ERROR : Error in oracle fixer: /home/qinghua/projects/matg/data/experiments/HumanEvalJava/candor_new/run_0/fix/src/test/java/original/id_125Test.java 
list index out of range
2025-08-14 17:53:53,563   ERROR : Error in oracle fixer: /home/qinghua/projects/matg/data/experiments/HumanEvalJava/candor_new/run_0/fix/src/test/java/original/id_48Test.java 
list index out of range
2025-08-14 17:53:59,259   ERROR : Error in oracle fixer: /home/qinghua/projects/matg/data/experiments/HumanEvalJava/candor_new/run_0/fix/src/test/java/original/id_1Test.java 
list index out of range
2025-08-14 17:54:15,563   ERROR : Error in oracle fixer: /home/qinghua/projects/matg/data/experiments/HumanEvalJava/candor_new/run_0/fix/src/test/java/original/id_120Test.java 
list index out of range
2025-08-14 17:54:25,983   ERROR : Error in oracle fixer: /home/qinghua/projects/matg/data/experiments/HumanEvalJava/candor_new/run_0/fix/src/test/java/original/id_73Test.java 
list index out of range
2025-08-14 17:54:28,089   ERROR : Error in oracle fixer: /home/qinghua/projects/matg/data/experiments/HumanEvalJava/candor_new/run_0/fix/src/test/java/original/id_139Test.java 
list index out of range
2025-08-14 17:54:29,590   ERROR : Error in oracle fixer: /home/qinghua/projects/matg/data/experiments/HumanEvalJava/candor_new/run_0/fix/src/test/java/original/id_130Test.java 
list index out of range
2025-08-14 17:54:38,053   ERROR : Error in oracle fixer: /home/qinghua/projects/matg/data/experiments/HumanEvalJava/candor_new/run_0/fix/src/test/java/original/id_84Test.java 
list index out of range
2025-08-14 17:54:45,548   ERROR : Error in oracle fixer: /home/qinghua/projects/matg/data/experiments/HumanEvalJava/candor_new/run_0/fix/src/test/java/original/id_99Test.java 
list index out of range
2025-08-14 17:55:03,974   ERROR : Error in oracle fixer: /home/qinghua/projects/matg/data/experiments/HumanEvalJava/candor_new/run_0/fix/src/test/java/original/id_146Test.java 
list index out of range
2025-08-14 17:55:16,291   ERROR : Error in oracle fixer: /home/qinghua/projects/matg/data/experiments/HumanEvalJava/candor_new/run_0/fix/src/test/java/original/id_81Test.java 
list index out of range
2025-08-14 17:55:16,974   ERROR : Error in oracle fixer: /home/qinghua/projects/matg/data/experiments/HumanEvalJava/candor_new/run_0/fix/src/test/java/original/id_39Test.java 
list index out of range
2025-08-14 17:55:20,175   ERROR : Error in oracle fixer: /home/qinghua/projects/matg/data/experiments/HumanEvalJava/candor_new/run_0/fix/src/test/java/original/id_92Test.java 
list index out of range
2025-08-14 17:55:32,405   ERROR : Error in oracle fixer: /home/qinghua/projects/matg/data/experiments/HumanEvalJava/candor_new/run_0/fix/src/test/java/original/id_53Test.java 
list index out of range
2025-08-14 17:55:46,341   ERROR : Error in oracle fixer: /home/qinghua/projects/matg/data/experiments/HumanEvalJava/candor_new/run_0/fix/src/test/java/original/id_79Test.java 
list index out of range
2025-08-14 17:56:02,385   ERROR : Error in oracle fixer: /home/qinghua/projects/matg/data/experiments/HumanEvalJava/candor_new/run_0/fix/src/test/java/original/id_31Test.java 
list index out of range
2025-08-14 17:56:04,089   ERROR : Error in oracle fixer: /home/qinghua/projects/matg/data/experiments/HumanEvalJava/candor_new/run_0/fix/src/test/java/original/id_71Test.java 
list index out of range
2025-08-14 17:56:08,326   ERROR : Error in oracle fixer: /home/qinghua/projects/matg/data/experiments/HumanEvalJava/candor_new/run_0/fix/src/test/java/original/id_132Test.java 
list index out of range
2025-08-14 17:56:16,635   ERROR : Error in oracle fixer: /home/qinghua/projects/matg/data/experiments/HumanEvalJava/candor_new/run_0/fix/src/test/java/original/id_49Test.java 
list index out of range
2025-08-14 17:56:22,563   ERROR : Error in oracle fixer: /home/qinghua/projects/matg/data/experiments/HumanEvalJava/candor_new/run_0/fix/src/test/java/original/id_112Test.java 
list index out of range
2025-08-14 17:56:38,794   ERROR : Error in oracle fixer: /home/qinghua/projects/matg/data/experiments/HumanEvalJava/candor_new/run_0/fix/src/test/java/original/id_116Test.java 
list index out of range
2025-08-14 17:56:41,994   ERROR : Error in oracle fixer: /home/qinghua/projects/matg/data/experiments/HumanEvalJava/candor_new/run_0/fix/src/test/java/original/id_93Test.java 
list index out of range
2025-08-14 17:56:44,547   ERROR : Error in oracle fixer: /home/qinghua/projects/matg/data/experiments/HumanEvalJava/candor_new/run_0/fix/src/test/java/original/id_72Test.java 
list index out of range
2025-08-14 17:57:00,249   ERROR : Error in oracle fixer: /home/qinghua/projects/matg/data/experiments/HumanEvalJava/candor_new/run_0/fix/src/test/java/original/id_73Test.java 
list index out of range
2025-08-14 17:57:02,018   ERROR : Error in oracle fixer: /home/qinghua/projects/matg/data/experiments/HumanEvalJava/candor_new/run_0/fix/src/test/java/original/id_16Test.java 
list index out of range
2025-08-14 17:57:11,513   ERROR : Error in oracle fixer: /home/qinghua/projects/matg/data/experiments/HumanEvalJava/candor_new/run_0/fix/src/test/java/original/id_109Test.java 
list index out of range
2025-08-14 17:57:14,413   ERROR : Error in oracle fixer: /home/qinghua/projects/matg/data/experiments/HumanEvalJava/candor_new/run_0/fix/src/test/java/original/id_1Test.java 
list index out of range
2025-08-14 17:57:18,014   ERROR : Error in oracle fixer: /home/qinghua/projects/matg/data/experiments/HumanEvalJava/candor_new/run_0/fix/src/test/java/original/id_80Test.java 
list index out of range
2025-08-14 17:57:30,621   ERROR : Error in oracle fixer: /home/qinghua/projects/matg/data/experiments/HumanEvalJava/candor_new/run_0/fix/src/test/java/original/id_120Test.java 
list index out of range
2025-08-14 17:57:40,358   ERROR : Error in oracle fixer: /home/qinghua/projects/matg/data/experiments/HumanEvalJava/candor_new/run_0/fix/src/test/java/original/id_23Test.java 
list index out of range
2025-08-14 17:57:40,870   ERROR : Error in oracle fixer: /home/qinghua/projects/matg/data/experiments/HumanEvalJava/candor_new/run_0/fix/src/test/java/original/id_99Test.java 
list index out of range
2025-08-14 17:57:46,908   ERROR : Error in oracle fixer: /home/qinghua/projects/matg/data/experiments/HumanEvalJava/candor_new/run_0/fix/src/test/java/original/id_139Test.java 
list index out of range
2025-08-14 17:57:58,668   ERROR : Error in oracle fixer: /home/qinghua/projects/matg/data/experiments/HumanEvalJava/candor_new/run_0/fix/src/test/java/original/id_111Test.java 
list index out of range
2025-08-14 17:58:02,971   ERROR : Error in oracle fixer: /home/qinghua/projects/matg/data/experiments/HumanEvalJava/candor_new/run_0/fix/src/test/java/original/id_132Test.java 
list index out of range
2025-08-14 17:58:04,481   ERROR : Error in oracle fixer: /home/qinghua/projects/matg/data/experiments/HumanEvalJava/candor_new/run_0/fix/src/test/java/original/id_92Test.java 
list index out of range
2025-08-14 17:58:20,616   ERROR : Error in oracle fixer: /home/qinghua/projects/matg/data/experiments/HumanEvalJava/candor_new/run_0/fix/src/test/java/original/id_140Test.java 
list index out of range
2025-08-14 17:58:22,046   ERROR : Error in oracle fixer: /home/qinghua/projects/matg/data/experiments/HumanEvalJava/candor_new/run_0/fix/src/test/java/original/id_93Test.java 
list index out of range
2025-08-14 17:58:22,525   ERROR : Error in oracle fixer: /home/qinghua/projects/matg/data/experiments/HumanEvalJava/candor_new/run_0/fix/src/test/java/original/id_79Test.java 
list index out of range
2025-08-14 17:58:31,849   ERROR : Error in oracle fixer: /home/qinghua/projects/matg/data/experiments/HumanEvalJava/candor_new/run_0/fix/src/test/java/original/id_133Test.java 
list index out of range
2025-08-14 17:58:33,779   ERROR : Error in oracle fixer: /home/qinghua/projects/matg/data/experiments/HumanEvalJava/candor_new/run_0/fix/src/test/java/original/id_16Test.java 
list index out of range
2025-08-14 17:58:35,737   ERROR : Error in oracle fixer: /home/qinghua/projects/matg/data/experiments/HumanEvalJava/candor_new/run_0/fix/src/test/java/original/id_49Test.java 
list index out of range
2025-08-14 17:58:48,261   ERROR : Error in oracle fixer: /home/qinghua/projects/matg/data/experiments/HumanEvalJava/candor_new/run_0/fix/src/test/java/original/id_144Test.java 
list index out of range
2025-08-14 17:58:53,169   ERROR : Error in oracle fixer: /home/qinghua/projects/matg/data/experiments/HumanEvalJava/candor_new/run_0/fix/src/test/java/original/id_80Test.java 
list index out of range
2025-08-14 17:58:55,445   ERROR : Error in oracle fixer: /home/qinghua/projects/matg/data/experiments/HumanEvalJava/candor_new/run_0/fix/src/test/java/original/id_123Test.java 
list index out of range
2025-08-14 17:59:02,111   ERROR : Error in oracle fixer: /home/qinghua/projects/matg/data/experiments/HumanEvalJava/candor_new/run_0/fix/src/test/java/original/id_23Test.java 
list index out of range
2025-08-14 17:59:02,697   ERROR : Error in oracle fixer: /home/qinghua/projects/matg/data/experiments/HumanEvalJava/candor_new/run_0/fix/src/test/java/original/id_8Test.java 
list index out of range
2025-08-14 17:59:13,809   ERROR : Error in oracle fixer: /home/qinghua/projects/matg/data/experiments/HumanEvalJava/candor_new/run_0/fix/src/test/java/original/id_28Test.java 
list index out of range
2025-08-14 17:59:17,835   ERROR : Error in oracle fixer: /home/qinghua/projects/matg/data/experiments/HumanEvalJava/candor_new/run_0/fix/src/test/java/original/id_1Test.java 
list index out of range
2025-08-14 17:59:21,278   ERROR : Error in oracle fixer: /home/qinghua/projects/matg/data/experiments/HumanEvalJava/candor_new/run_0/fix/src/test/java/original/id_140Test.java 
list index out of range
2025-08-14 17:59:24,482   ERROR : Error in oracle fixer: /home/qinghua/projects/matg/data/experiments/HumanEvalJava/candor_new/run_0/fix/src/test/java/original/id_34Test.java 
list index out of range
2025-08-14 17:59:45,968   ERROR : Error in oracle fixer: /home/qinghua/projects/matg/data/experiments/HumanEvalJava/candor_new/run_0/fix/src/test/java/original/id_123Test.java 
list index out of range
2025-08-14 17:59:47,926   ERROR : Error in oracle fixer: /home/qinghua/projects/matg/data/experiments/HumanEvalJava/candor_new/run_0/fix/src/test/java/original/id_153Test.java 
list index out of range
2025-08-14 17:59:54,773   ERROR : Error in oracle fixer: /home/qinghua/projects/matg/data/experiments/HumanEvalJava/candor_new/run_0/fix/src/test/java/original/id_119Test.java 
list index out of range
2025-08-14 18:00:00,081   ERROR : Error in oracle fixer: /home/qinghua/projects/matg/data/experiments/HumanEvalJava/candor_new/run_0/fix/src/test/java/original/id_3Test.java 
list index out of range
2025-08-14 18:00:00,903   ERROR : Error in oracle fixer: /home/qinghua/projects/matg/data/experiments/HumanEvalJava/candor_new/run_0/fix/src/test/java/original/id_28Test.java 
list index out of range
2025-08-14 18:00:41,215   ERROR : Error in oracle fixer: /home/qinghua/projects/matg/data/experiments/HumanEvalJava/candor_new/run_0/fix/src/test/java/original/id_34Test.java 
list index out of range
2025-08-14 18:00:41,387   ERROR : Error in oracle fixer: /home/qinghua/projects/matg/data/experiments/HumanEvalJava/candor_new/run_0/fix/src/test/java/original/id_83Test.java 
list index out of range
2025-08-14 18:00:50,687   ERROR : Error in oracle fixer: /home/qinghua/projects/matg/data/experiments/HumanEvalJava/candor_new/run_0/fix/src/test/java/original/id_120Test.java 
list index out of range
2025-08-14 18:00:51,689   ERROR : Error in oracle fixer: /home/qinghua/projects/matg/data/experiments/HumanEvalJava/candor_new/run_0/fix/src/test/java/original/id_102Test.java 
list index out of range
2025-08-14 18:00:58,916   ERROR : Error in oracle fixer: /home/qinghua/projects/matg/data/experiments/HumanEvalJava/candor_new/run_0/fix/src/test/java/original/id_18Test.java 
list index out of range
2025-08-14 18:01:07,455   ERROR : Error in oracle fixer: /home/qinghua/projects/matg/data/experiments/HumanEvalJava/candor_new/run_0/fix/src/test/java/original/id_153Test.java 
list index out of range
2025-08-14 18:01:11,040   ERROR : Error in oracle fixer: /home/qinghua/projects/matg/data/experiments/HumanEvalJava/candor_new/run_0/fix/src/test/java/original/id_85Test.java 
list index out of range
2025-08-14 18:01:14,555   ERROR : Error in oracle fixer: /home/qinghua/projects/matg/data/experiments/HumanEvalJava/candor_new/run_0/fix/src/test/java/original/id_139Test.java 
list index out of range
2025-08-14 18:01:25,701   ERROR : Error in oracle fixer: /home/qinghua/projects/matg/data/experiments/HumanEvalJava/candor_new/run_0/fix/src/test/java/original/id_3Test.java 
list index out of range
2025-08-14 18:01:27,050   ERROR : Error in oracle fixer: /home/qinghua/projects/matg/data/experiments/HumanEvalJava/candor_new/run_0/fix/src/test/java/original/id_88Test.java 
list index out of range
2025-08-14 18:01:27,199   ERROR : Error in oracle fixer: /home/qinghua/projects/matg/data/experiments/HumanEvalJava/candor_new/run_0/fix/src/test/java/original/id_10Test.java 
list index out of range
2025-08-14 18:01:44,446   ERROR : Error in oracle fixer: /home/qinghua/projects/matg/data/experiments/HumanEvalJava/candor_new/run_0/fix/src/test/java/original/id_83Test.java 
list index out of range
2025-08-14 18:01:52,249   ERROR : Error in oracle fixer: /home/qinghua/projects/matg/data/experiments/HumanEvalJava/candor_new/run_0/fix/src/test/java/original/id_11Test.java 
list index out of range
2025-08-14 18:01:56,123   ERROR : Error in oracle fixer: /home/qinghua/projects/matg/data/experiments/HumanEvalJava/candor_new/run_0/fix/src/test/java/original/id_74Test.java 
list index out of range
2025-08-14 18:02:13,591   ERROR : Error in oracle fixer: /home/qinghua/projects/matg/data/experiments/HumanEvalJava/candor_new/run_0/fix/src/test/java/original/id_18Test.java 
list index out of range
2025-08-14 18:02:14,681   ERROR : Error in oracle fixer: /home/qinghua/projects/matg/data/experiments/HumanEvalJava/candor_new/run_0/fix/src/test/java/original/id_15Test.java 
list index out of range
2025-08-14 18:02:16,433   ERROR : Error in oracle fixer: /home/qinghua/projects/matg/data/experiments/HumanEvalJava/candor_new/run_0/fix/src/test/java/original/id_132Test.java 
list index out of range
2025-08-14 18:02:24,283   ERROR : Error in oracle fixer: /home/qinghua/projects/matg/data/experiments/HumanEvalJava/candor_new/run_0/fix/src/test/java/original/id_154Test.java 
list index out of range
2025-08-14 18:02:32,575   ERROR : Error in oracle fixer: /home/qinghua/projects/matg/data/experiments/HumanEvalJava/candor_new/run_0/fix/src/test/java/original/id_9Test.java 
list index out of range
2025-08-14 18:02:33,577   ERROR : Error in oracle fixer: /home/qinghua/projects/matg/data/experiments/HumanEvalJava/candor_new/run_0/fix/src/test/java/original/id_10Test.java 
list index out of range
2025-08-14 18:02:35,290   ERROR : Error in oracle fixer: /home/qinghua/projects/matg/data/experiments/HumanEvalJava/candor_new/run_0/fix/src/test/java/original/id_42Test.java 
list index out of range
2025-08-14 18:02:51,556   ERROR : Error in oracle fixer: /home/qinghua/projects/matg/data/experiments/HumanEvalJava/candor_new/run_0/fix/src/test/java/original/id_93Test.java 
list index out of range
2025-08-14 18:02:54,491   ERROR : Error in oracle fixer: /home/qinghua/projects/matg/data/experiments/HumanEvalJava/candor_new/run_0/fix/src/test/java/original/id_74Test.java 
list index out of range
2025-08-14 18:03:01,810   ERROR : Error in oracle fixer: /home/qinghua/projects/matg/data/experiments/HumanEvalJava/candor_new/run_0/fix/src/test/java/original/id_136Test.java 
list index out of range
2025-08-14 18:03:07,613   ERROR : Error in oracle fixer: /home/qinghua/projects/matg/data/experiments/HumanEvalJava/candor_new/run_0/fix/src/test/java/original/id_15Test.java 
list index out of range
2025-08-14 18:03:07,697   ERROR : Error in oracle fixer: /home/qinghua/projects/matg/data/experiments/HumanEvalJava/candor_new/run_0/fix/src/test/java/original/id_16Test.java 
list index out of range
2025-08-14 18:03:11,956   ERROR : Error in oracle fixer: /home/qinghua/projects/matg/data/experiments/HumanEvalJava/candor_new/run_0/fix/src/test/java/original/id_33Test.java 
list index out of range
2025-08-14 18:03:20,846   ERROR : Error in oracle fixer: /home/qinghua/projects/matg/data/experiments/HumanEvalJava/candor_new/run_0/fix/src/test/java/original/id_9Test.java 
list index out of range
2025-08-14 18:03:24,350   ERROR : Error in oracle fixer: /home/qinghua/projects/matg/data/experiments/HumanEvalJava/candor_new/run_0/fix/src/test/java/original/id_80Test.java 
list index out of range
2025-08-14 18:03:28,026   ERROR : Error in oracle fixer: /home/qinghua/projects/matg/data/experiments/HumanEvalJava/candor_new/run_0/fix/src/test/java/original/id_0Test.java 
list index out of range
2025-08-14 18:03:37,920   ERROR : Error in oracle fixer: /home/qinghua/projects/matg/data/experiments/HumanEvalJava/candor_new/run_0/fix/src/test/java/original/id_125Test.java 
list index out of range
2025-08-14 18:03:42,106   ERROR : Error in oracle fixer: /home/qinghua/projects/matg/data/experiments/HumanEvalJava/candor_new/run_0/fix/src/test/java/original/id_23Test.java 
list index out of range
2025-08-14 18:03:46,025   ERROR : Error in oracle fixer: /home/qinghua/projects/matg/data/experiments/HumanEvalJava/candor_new/run_0/fix/src/test/java/original/id_19Test.java 
list index out of range
2025-08-14 18:03:57,395   ERROR : Error in oracle fixer: /home/qinghua/projects/matg/data/experiments/HumanEvalJava/candor_new/run_0/fix/src/test/java/original/id_48Test.java 
list index out of range
2025-08-14 18:03:58,842   ERROR : Error in oracle fixer: /home/qinghua/projects/matg/data/experiments/HumanEvalJava/candor_new/run_0/fix/src/test/java/original/id_33Test.java 
list index out of range
2025-08-14 18:04:00,726   ERROR : Error in oracle fixer: /home/qinghua/projects/matg/data/experiments/HumanEvalJava/candor_new/run_0/fix/src/test/java/original/id_158Test.java 
list index out of range
2025-08-14 18:04:13,920   ERROR : Error in oracle fixer: /home/qinghua/projects/matg/data/experiments/HumanEvalJava/candor_new/run_0/fix/src/test/java/original/id_140Test.java 
list index out of range
2025-08-14 18:04:16,348   ERROR : Error in oracle fixer: /home/qinghua/projects/matg/data/experiments/HumanEvalJava/candor_new/run_0/fix/src/test/java/original/id_0Test.java 
list index out of range
2025-08-14 18:04:30,496   ERROR : Error in oracle fixer: /home/qinghua/projects/matg/data/experiments/HumanEvalJava/candor_new/run_0/fix/src/test/java/original/id_135Test.java 
list index out of range
2025-08-14 18:04:34,430   ERROR : Error in oracle fixer: /home/qinghua/projects/matg/data/experiments/HumanEvalJava/candor_new/run_0/fix/src/test/java/original/id_84Test.java 
list index out of range
2025-08-14 18:04:41,169   ERROR : Error in oracle fixer: /home/qinghua/projects/matg/data/experiments/HumanEvalJava/candor_new/run_0/fix/src/test/java/original/id_123Test.java 
list index out of range
2025-08-14 18:04:48,234   ERROR : Error in oracle fixer: /home/qinghua/projects/matg/data/experiments/HumanEvalJava/candor_new/run_0/fix/src/test/java/original/id_95Test.java 
list index out of range
2025-08-14 18:05:01,774   ERROR : Error in oracle fixer: /home/qinghua/projects/matg/data/experiments/HumanEvalJava/candor_new/run_0/fix/src/test/java/original/id_19Test.java 
list index out of range
2025-08-14 18:05:09,432   ERROR : Error in oracle fixer: /home/qinghua/projects/matg/data/experiments/HumanEvalJava/candor_new/run_0/fix/src/test/java/original/id_28Test.java 
list index out of range
2025-08-14 18:05:26,066   ERROR : Error in oracle fixer: /home/qinghua/projects/matg/data/experiments/HumanEvalJava/candor_new/run_0/fix/src/test/java/original/id_117Test.java 
list index out of range
2025-08-14 18:05:29,547   ERROR : Error in oracle fixer: /home/qinghua/projects/matg/data/experiments/HumanEvalJava/candor_new/run_0/fix/src/test/java/original/id_81Test.java 
list index out of range
2025-08-14 18:05:39,760   ERROR : Error in oracle fixer: /home/qinghua/projects/matg/data/experiments/HumanEvalJava/candor_new/run_0/fix/src/test/java/original/id_158Test.java 
list index out of range
2025-08-14 18:05:43,068   ERROR : Error in oracle fixer: /home/qinghua/projects/matg/data/experiments/HumanEvalJava/candor_new/run_0/fix/src/test/java/original/id_34Test.java 
list index out of range
2025-08-14 18:05:58,294   ERROR : Error in oracle fixer: /home/qinghua/projects/matg/data/experiments/HumanEvalJava/candor_new/run_0/fix/src/test/java/original/id_67Test.java 
list index out of range
2025-08-14 18:06:03,705   ERROR : Error in oracle fixer: /home/qinghua/projects/matg/data/experiments/HumanEvalJava/candor_new/run_0/fix/src/test/java/original/id_153Test.java 
list index out of range
2025-08-14 18:06:09,335   ERROR : Error in oracle fixer: /home/qinghua/projects/matg/data/experiments/HumanEvalJava/candor_new/run_0/fix/src/test/java/original/id_71Test.java 
list index out of range
2025-08-14 18:06:10,686   ERROR : Error in oracle fixer: /home/qinghua/projects/matg/data/experiments/HumanEvalJava/candor_new/run_0/fix/src/test/java/original/id_135Test.java 
list index out of range
2025-08-14 18:06:28,131   ERROR : Error in oracle fixer: /home/qinghua/projects/matg/data/experiments/HumanEvalJava/candor_new/run_0/fix/src/test/java/original/id_66Test.java 
list index out of range
2025-08-14 18:06:33,660   ERROR : Error in oracle fixer: /home/qinghua/projects/matg/data/experiments/HumanEvalJava/candor_new/run_0/fix/src/test/java/original/id_3Test.java 
list index out of range
2025-08-14 18:06:39,591   ERROR : Error in oracle fixer: /home/qinghua/projects/matg/data/experiments/HumanEvalJava/candor_new/run_0/fix/src/test/java/original/id_41Test.java 
list index out of range
2025-08-14 18:06:45,480   ERROR : Error in oracle fixer: /home/qinghua/projects/matg/data/experiments/HumanEvalJava/candor_new/run_0/fix/src/test/java/original/id_95Test.java 
list index out of range
2025-08-14 18:06:57,353   ERROR : Error in oracle fixer: /home/qinghua/projects/matg/data/experiments/HumanEvalJava/candor_new/run_0/fix/src/test/java/original/id_112Test.java 
list index out of range
2025-08-14 18:07:01,546   ERROR : Error in oracle fixer: /home/qinghua/projects/matg/data/experiments/HumanEvalJava/candor_new/run_0/fix/src/test/java/original/id_83Test.java 
list index out of range
2025-08-14 18:07:09,998   ERROR : Error in oracle fixer: /home/qinghua/projects/matg/data/experiments/HumanEvalJava/candor_new/run_0/fix/src/test/java/original/id_117Test.java 
list index out of range
2025-08-14 18:07:19,850   ERROR : Error in oracle fixer: /home/qinghua/projects/matg/data/experiments/HumanEvalJava/candor_new/run_0/fix/src/test/java/original/id_29Test.java 
list index out of range
2025-08-14 18:07:20,720   ERROR : Error in oracle fixer: /home/qinghua/projects/matg/data/experiments/HumanEvalJava/candor_new/run_0/fix/src/test/java/original/id_116Test.java 
list index out of range
2025-08-14 18:07:28,417   ERROR : Error in oracle fixer: /home/qinghua/projects/matg/data/experiments/HumanEvalJava/candor_new/run_0/fix/src/test/java/original/id_67Test.java 
list index out of range
2025-08-14 18:07:36,591   ERROR : Error in oracle fixer: /home/qinghua/projects/matg/data/experiments/HumanEvalJava/candor_new/run_0/fix/src/test/java/original/id_78Test.java 
list index out of range
2025-08-14 18:07:38,203   ERROR : Error in oracle fixer: /home/qinghua/projects/matg/data/experiments/HumanEvalJava/candor_new/run_0/fix/src/test/java/original/id_73Test.java 
list index out of range
2025-08-14 18:07:38,359   ERROR : Error in oracle fixer: /home/qinghua/projects/matg/data/experiments/HumanEvalJava/candor_new/run_0/fix/src/test/java/original/id_18Test.java 
list index out of range
2025-08-14 18:07:39,484   ERROR : Error in oracle fixer: /home/qinghua/projects/matg/data/experiments/HumanEvalJava/candor_new/run_0/fix/src/test/java/original/id_66Test.java 
list index out of range
2025-08-14 18:07:52,067   ERROR : Error in oracle fixer: /home/qinghua/projects/matg/data/experiments/HumanEvalJava/candor_new/run_0/fix/src/test/java/original/id_41Test.java 
list index out of range
2025-08-14 18:07:59,116   ERROR : Error in oracle fixer: /home/qinghua/projects/matg/data/experiments/HumanEvalJava/candor_new/run_0/fix/src/test/java/original/id_10Test.java 
list index out of range
2025-08-14 18:08:01,370   ERROR : Error in oracle fixer: /home/qinghua/projects/matg/data/experiments/HumanEvalJava/candor_new/run_0/fix/src/test/java/original/id_99Test.java 
list index out of range
2025-08-14 18:08:15,427   ERROR : Error in oracle fixer: /home/qinghua/projects/matg/data/experiments/HumanEvalJava/candor_new/run_0/fix/src/test/java/original/id_98Test.java 
list index out of range
2025-08-14 18:08:21,098   ERROR : Error in oracle fixer: /home/qinghua/projects/matg/data/experiments/HumanEvalJava/candor_new/run_0/fix/src/test/java/original/id_29Test.java 
list index out of range
2025-08-14 18:08:23,716   ERROR : Error in oracle fixer: /home/qinghua/projects/matg/data/experiments/HumanEvalJava/candor_new/run_0/fix/src/test/java/original/id_92Test.java 
list index out of range
2025-08-14 18:08:31,837   ERROR : Error in oracle fixer: /home/qinghua/projects/matg/data/experiments/HumanEvalJava/candor_new/run_0/fix/src/test/java/original/id_108Test.java 
list index out of range
2025-08-14 18:08:36,079   ERROR : Error in oracle fixer: /home/qinghua/projects/matg/data/experiments/HumanEvalJava/candor_new/run_0/fix/src/test/java/original/id_78Test.java 
list index out of range
2025-08-14 18:08:45,961   ERROR : Error in oracle fixer: /home/qinghua/projects/matg/data/experiments/HumanEvalJava/candor_new/run_0/fix/src/test/java/original/id_79Test.java 
list index out of range
2025-08-14 18:08:49,560   ERROR : Error in oracle fixer: /home/qinghua/projects/matg/data/experiments/HumanEvalJava/candor_new/run_0/fix/src/test/java/original/id_27Test.java 
list index out of range
2025-08-14 18:09:00,863   ERROR : Error in oracle fixer: /home/qinghua/projects/matg/data/experiments/HumanEvalJava/candor_new/run_0/fix/src/test/java/original/id_74Test.java 
list index out of range
2025-08-14 18:09:00,869   ERROR : Error in oracle fixer: /home/qinghua/projects/matg/data/experiments/HumanEvalJava/candor_new/run_0/fix/src/test/java/original/id_98Test.java 
list index out of range
2025-08-14 18:09:01,737   ERROR : Error in oracle fixer: /home/qinghua/projects/matg/data/experiments/HumanEvalJava/candor_new/run_0/fix/src/test/java/original/id_49Test.java 
list index out of range
2025-08-14 18:09:18,361   ERROR : Error in oracle fixer: /home/qinghua/projects/matg/data/experiments/HumanEvalJava/candor_new/run_0/fix/src/test/java/original/id_15Test.java 
list index out of range
2025-08-14 18:09:18,784   ERROR : Error in oracle fixer: /home/qinghua/projects/matg/data/experiments/HumanEvalJava/candor_new/run_0/fix/src/test/java/original/id_108Test.java 
list index out of range
2025-08-14 18:09:19,453   ERROR : Error in oracle fixer: /home/qinghua/projects/matg/data/experiments/HumanEvalJava/candor_new/run_0/fix/src/test/java/original/id_1Test.java 
list index out of range
2025-08-14 18:09:26,280   ERROR : Error in oracle fixer: /home/qinghua/projects/matg/data/experiments/HumanEvalJava/candor_new/run_0/fix/src/test/java/original/id_82Test.java 
list index out of range
2025-08-14 18:09:34,268   ERROR : Error in oracle fixer: /home/qinghua/projects/matg/data/experiments/HumanEvalJava/candor_new/run_0/fix/src/test/java/original/id_27Test.java 
list index out of range
2025-08-14 18:09:40,627   ERROR : Error in oracle fixer: /home/qinghua/projects/matg/data/experiments/HumanEvalJava/candor_new/run_0/fix/src/test/java/original/id_143Test.java 
list index out of range
2025-08-14 18:09:49,313   ERROR : Error in oracle fixer: /home/qinghua/projects/matg/data/experiments/HumanEvalJava/candor_new/run_0/fix/src/test/java/original/id_82Test.java 
list index out of range
2025-08-14 18:09:49,406   ERROR : Error in oracle fixer: /home/qinghua/projects/matg/data/experiments/HumanEvalJava/candor_new/run_0/fix/src/test/java/original/id_9Test.java 
list index out of range
2025-08-14 18:09:51,548   ERROR : Error in oracle fixer: /home/qinghua/projects/matg/data/experiments/HumanEvalJava/candor_new/run_0/fix/src/test/java/original/id_60Test.java 
list index out of range
2025-08-14 18:10:08,734   ERROR : Error in oracle fixer: /home/qinghua/projects/matg/data/experiments/HumanEvalJava/candor_new/run_0/fix/src/test/java/original/id_128Test.java 
list index out of range
2025-08-14 18:10:24,568   ERROR : Error in oracle fixer: /home/qinghua/projects/matg/data/experiments/HumanEvalJava/candor_new/run_0/fix/src/test/java/original/id_120Test.java 
list index out of range
2025-08-14 18:10:24,998   ERROR : Error in oracle fixer: /home/qinghua/projects/matg/data/experiments/HumanEvalJava/candor_new/run_0/fix/src/test/java/original/id_143Test.java 
list index out of range
2025-08-14 18:10:32,632   ERROR : Error in oracle fixer: /home/qinghua/projects/matg/data/experiments/HumanEvalJava/candor_new/run_0/fix/src/test/java/original/id_33Test.java 
list index out of range
2025-08-14 18:10:36,275   ERROR : Error in oracle fixer: /home/qinghua/projects/matg/data/experiments/HumanEvalJava/candor_new/run_0/fix/src/test/java/original/id_139Test.java 
list index out of range
2025-08-14 18:10:48,918   ERROR : Error in oracle fixer: /home/qinghua/projects/matg/data/experiments/HumanEvalJava/candor_new/run_0/fix/src/test/java/original/id_0Test.java 
list index out of range
2025-08-14 18:10:59,797   ERROR : Error in oracle fixer: /home/qinghua/projects/matg/data/experiments/HumanEvalJava/candor_new/run_0/fix/src/test/java/original/id_60Test.java 
list index out of range
2025-08-14 18:11:03,723   ERROR : Error in oracle fixer: /home/qinghua/projects/matg/data/experiments/HumanEvalJava/candor_new/run_0/fix/src/test/java/original/id_19Test.java 
list index out of range
2025-08-14 18:11:10,294   ERROR : Error in oracle fixer: /home/qinghua/projects/matg/data/experiments/HumanEvalJava/candor_new/run_0/fix/src/test/java/original/id_132Test.java 
list index out of range
2025-08-14 18:11:20,779   ERROR : Error in oracle fixer: /home/qinghua/projects/matg/data/experiments/HumanEvalJava/candor_new/run_0/fix/src/test/java/original/id_158Test.java 
list index out of range
2025-08-14 18:11:33,143   ERROR : Error in oracle fixer: /home/qinghua/projects/matg/data/experiments/HumanEvalJava/candor_new/run_0/fix/src/test/java/original/id_128Test.java 
list index out of range
2025-08-14 18:11:51,070   ERROR : Error in oracle fixer: /home/qinghua/projects/matg/data/experiments/HumanEvalJava/candor_new/run_0/fix/src/test/java/original/id_135Test.java 
list index out of range
2025-08-14 18:11:52,109   ERROR : Error in oracle fixer: /home/qinghua/projects/matg/data/experiments/HumanEvalJava/candor_new/run_0/fix/src/test/java/original/id_93Test.java 
list index out of range
2025-08-14 18:12:15,251   ERROR : Error in oracle fixer: /home/qinghua/projects/matg/data/experiments/HumanEvalJava/candor_new/run_0/fix/src/test/java/original/id_95Test.java 
list index out of range
2025-08-14 18:12:16,372   ERROR : Error in oracle fixer: /home/qinghua/projects/matg/data/experiments/HumanEvalJava/candor_new/run_0/fix/src/test/java/original/id_16Test.java 
list index out of range
2025-08-14 18:12:19,643   ERROR : Error in oracle fixer: /home/qinghua/projects/matg/data/experiments/HumanEvalJava/candor_new/run_0/fix/src/test/java/original/id_105Test.java 
list index out of range
2025-08-14 18:12:22,397   ERROR : Error in oracle fixer: /home/qinghua/projects/matg/data/experiments/HumanEvalJava/candor_new/run_0/fix/src/test/java/original/id_105Test.java 
list index out of range
2025-08-14 18:12:34,948   ERROR : Error in oracle fixer: /home/qinghua/projects/matg/data/experiments/HumanEvalJava/candor_new/run_0/fix/src/test/java/original/id_80Test.java 
list index out of range
2025-08-14 18:12:34,948   ERROR : Error in oracle fixer: /home/qinghua/projects/matg/data/experiments/HumanEvalJava/candor_new/run_0/fix/src/test/java/original/id_121Test.java 
list index out of range
2025-08-14 18:12:51,430   ERROR : Error in oracle fixer: /home/qinghua/projects/matg/data/experiments/HumanEvalJava/candor_new/run_0/fix/src/test/java/original/id_23Test.java 
list index out of range
2025-08-14 18:12:56,857   ERROR : Error in oracle fixer: /home/qinghua/projects/matg/data/experiments/HumanEvalJava/candor_new/run_0/fix/src/test/java/original/id_121Test.java 
list index out of range
2025-08-14 18:12:58,932   ERROR : Error in oracle fixer: /home/qinghua/projects/matg/data/experiments/HumanEvalJava/candor_new/run_0/fix/src/test/java/original/id_117Test.java 
list index out of range
2025-08-14 18:13:00,363   ERROR : Error in oracle fixer: /home/qinghua/projects/matg/data/experiments/HumanEvalJava/candor_new/run_0/fix/src/test/java/original/id_137Test.java 
list index out of range
2025-08-14 18:13:06,775   ERROR : Error in oracle fixer: /home/qinghua/projects/matg/data/experiments/HumanEvalJava/candor_new/run_0/fix/src/test/java/original/id_140Test.java 
list index out of range
2025-08-14 18:13:15,720   ERROR : Error in oracle fixer: /home/qinghua/projects/matg/data/experiments/HumanEvalJava/candor_new/run_0/fix/src/test/java/original/id_67Test.java 
list index out of range
2025-08-14 18:13:38,052   ERROR : Error in oracle fixer: /home/qinghua/projects/matg/data/experiments/HumanEvalJava/candor_new/run_0/fix/src/test/java/original/id_12Test.java 
list index out of range
2025-08-14 18:13:39,659   ERROR : Error in oracle fixer: /home/qinghua/projects/matg/data/experiments/HumanEvalJava/candor_new/run_0/fix/src/test/java/original/id_137Test.java 
list index out of range
2025-08-14 18:13:49,460   ERROR : Error in oracle fixer: /home/qinghua/projects/matg/data/experiments/HumanEvalJava/candor_new/run_0/fix/src/test/java/original/id_66Test.java 
list index out of range
2025-08-14 18:13:56,161   ERROR : Error in oracle fixer: /home/qinghua/projects/matg/data/experiments/HumanEvalJava/candor_new/run_0/fix/src/test/java/original/id_134Test.java 
list index out of range
2025-08-14 18:13:57,960   ERROR : Error in oracle fixer: /home/qinghua/projects/matg/data/experiments/HumanEvalJava/candor_new/run_0/fix/src/test/java/original/id_123Test.java 
list index out of range
2025-08-14 18:14:01,429   ERROR : Error in oracle fixer: /home/qinghua/projects/matg/data/experiments/HumanEvalJava/candor_new/run_0/fix/src/test/java/original/id_12Test.java 
list index out of range
2025-08-14 18:14:12,932   ERROR : Error in oracle fixer: /home/qinghua/projects/matg/data/experiments/HumanEvalJava/candor_new/run_0/fix/src/test/java/original/id_28Test.java 
list index out of range
2025-08-14 18:14:18,675   ERROR : Error in oracle fixer: /home/qinghua/projects/matg/data/experiments/HumanEvalJava/candor_new/run_0/fix/src/test/java/original/id_41Test.java 
list index out of range
2025-08-14 18:14:21,056   ERROR : Error in oracle fixer: /home/qinghua/projects/matg/data/experiments/HumanEvalJava/candor_new/run_0/fix/src/test/java/original/id_134Test.java 
list index out of range
2025-08-14 18:14:32,187   ERROR : Error in oracle fixer: /home/qinghua/projects/matg/data/experiments/HumanEvalJava/candor_new/run_0/fix/src/test/java/original/id_94Test.java 
list index out of range
2025-08-14 18:14:35,585   ERROR : Error in oracle fixer: /home/qinghua/projects/matg/data/experiments/HumanEvalJava/candor_new/run_0/fix/src/test/java/original/id_94Test.java 
list index out of range
2025-08-14 18:14:47,067   ERROR : Error in oracle fixer: /home/qinghua/projects/matg/data/experiments/HumanEvalJava/candor_new/run_0/fix/src/test/java/original/id_29Test.java 
list index out of range
2025-08-14 18:14:48,753   ERROR : Error in oracle fixer: /home/qinghua/projects/matg/data/experiments/HumanEvalJava/candor_new/run_0/fix/src/test/java/original/id_90Test.java 
list index out of range
2025-08-14 18:14:49,978   ERROR : Error in oracle fixer: /home/qinghua/projects/matg/data/experiments/HumanEvalJava/candor_new/run_0/fix/src/test/java/original/id_34Test.java 
list index out of range
2025-08-14 18:15:04,818   ERROR : Error in oracle fixer: /home/qinghua/projects/matg/data/experiments/HumanEvalJava/candor_new/run_0/fix/src/test/java/original/id_78Test.java 
list index out of range
2025-08-14 18:15:10,580   ERROR : Error in oracle fixer: /home/qinghua/projects/matg/data/experiments/HumanEvalJava/candor_new/run_0/fix/src/test/java/original/id_90Test.java 
list index out of range
2025-08-14 18:15:29,389   ERROR : Error in oracle fixer: /home/qinghua/projects/matg/data/experiments/HumanEvalJava/candor_new/run_0/fix/src/test/java/original/id_58Test.java 
list index out of range
2025-08-14 18:15:32,045   ERROR : Error in oracle fixer: /home/qinghua/projects/matg/data/experiments/HumanEvalJava/candor_new/run_0/fix/src/test/java/original/id_58Test.java 
list index out of range
2025-08-14 18:15:32,407   ERROR : Error in oracle fixer: /home/qinghua/projects/matg/data/experiments/HumanEvalJava/candor_new/run_0/fix/src/test/java/original/id_98Test.java 
list index out of range
2025-08-14 18:15:32,551   ERROR : Error in oracle fixer: /home/qinghua/projects/matg/data/experiments/HumanEvalJava/candor_new/run_0/fix/src/test/java/original/id_153Test.java 
list index out of range
2025-08-14 18:15:56,068   ERROR : Error in oracle fixer: /home/qinghua/projects/matg/data/experiments/HumanEvalJava/candor_new/run_0/fix/src/test/java/original/id_148Test.java 
list index out of range
2025-08-14 18:16:10,621   ERROR : Error in oracle fixer: /home/qinghua/projects/matg/data/experiments/HumanEvalJava/candor_new/run_0/fix/src/test/java/original/id_148Test.java 
list index out of range
2025-08-14 18:16:10,797   ERROR : Error in oracle fixer: /home/qinghua/projects/matg/data/experiments/HumanEvalJava/candor_new/run_0/fix/src/test/java/original/id_108Test.java 
list index out of range
2025-08-14 18:16:14,102   ERROR : Error in oracle fixer: /home/qinghua/projects/matg/data/experiments/HumanEvalJava/candor_new/run_0/fix/src/test/java/original/id_157Test.java 
list index out of range
2025-08-14 18:16:20,282   ERROR : Error in oracle fixer: /home/qinghua/projects/matg/data/experiments/HumanEvalJava/candor_new/run_0/fix/src/test/java/original/id_3Test.java 
list index out of range
2025-08-14 18:16:23,545   ERROR : Error in oracle fixer: /home/qinghua/projects/matg/data/experiments/HumanEvalJava/candor_new/run_0/fix/src/test/java/original/id_157Test.java 
list index out of range
2025-08-14 18:16:35,565   ERROR : Error in oracle fixer: /home/qinghua/projects/matg/data/experiments/HumanEvalJava/candor_new/run_0/fix/src/test/java/original/id_17Test.java 
list index out of range
2025-08-14 18:16:48,729   ERROR : Error in oracle fixer: /home/qinghua/projects/matg/data/experiments/HumanEvalJava/candor_new/run_0/fix/src/test/java/original/id_27Test.java 
list index out of range
2025-08-14 18:16:55,609   ERROR : Error in oracle fixer: /home/qinghua/projects/matg/data/experiments/HumanEvalJava/candor_new/run_0/fix/src/test/java/original/id_57Test.java 
list index out of range
2025-08-14 18:16:59,629   ERROR : Error in oracle fixer: /home/qinghua/projects/matg/data/experiments/HumanEvalJava/candor_new/run_0/fix/src/test/java/original/id_17Test.java 
list index out of range
2025-08-14 18:17:02,740   ERROR : Error in oracle fixer: /home/qinghua/projects/matg/data/experiments/HumanEvalJava/candor_new/run_0/fix/src/test/java/original/id_83Test.java 
list index out of range
2025-08-14 18:17:11,190   ERROR : Error in oracle fixer: /home/qinghua/projects/matg/data/experiments/HumanEvalJava/candor_new/run_0/fix/src/test/java/original/id_70Test.java 
list index out of range
2025-08-14 18:17:16,400   ERROR : Error in oracle fixer: /home/qinghua/projects/matg/data/experiments/HumanEvalJava/candor_new/run_0/fix/src/test/java/original/id_18Test.java 
list index out of range
2025-08-14 18:17:16,670   ERROR : Error in oracle fixer: /home/qinghua/projects/matg/data/experiments/HumanEvalJava/candor_new/run_0/fix/src/test/java/original/id_57Test.java 
list index out of range
2025-08-14 18:17:24,975   ERROR : Error in oracle fixer: /home/qinghua/projects/matg/data/experiments/HumanEvalJava/candor_new/run_0/fix/src/test/java/original/id_82Test.java 
list index out of range
2025-08-14 18:17:27,075   ERROR : Error in oracle fixer: /home/qinghua/projects/matg/data/experiments/HumanEvalJava/candor_new/run_0/fix/src/test/java/original/id_51Test.java 
list index out of range
2025-08-14 18:17:42,707   ERROR : Error in oracle fixer: /home/qinghua/projects/matg/data/experiments/HumanEvalJava/candor_new/run_0/fix/src/test/java/original/id_143Test.java 
list index out of range
2025-08-14 18:17:43,044   ERROR : Error in oracle fixer: /home/qinghua/projects/matg/data/experiments/HumanEvalJava/candor_new/run_0/fix/src/test/java/original/id_20Test.java 
list index out of range
2025-08-14 18:17:54,032   ERROR : Error in oracle fixer: /home/qinghua/projects/matg/data/experiments/HumanEvalJava/candor_new/run_0/fix/src/test/java/original/id_60Test.java 
list index out of range
2025-08-14 18:17:56,660   ERROR : Error in oracle fixer: /home/qinghua/projects/matg/data/experiments/HumanEvalJava/candor_new/run_0/fix/src/test/java/original/id_70Test.java 
list index out of range
2025-08-14 18:17:57,051   ERROR : Error in oracle fixer: /home/qinghua/projects/matg/data/experiments/HumanEvalJava/candor_new/run_0/fix/src/test/java/original/id_91Test.java 
list index out of range
2025-08-14 18:18:11,825   ERROR : Error in oracle fixer: /home/qinghua/projects/matg/data/experiments/HumanEvalJava/candor_new/run_0/fix/src/test/java/original/id_51Test.java 
list index out of range
2025-08-14 18:18:13,351   ERROR : Error in oracle fixer: /home/qinghua/projects/matg/data/experiments/HumanEvalJava/candor_new/run_0/fix/src/test/java/original/id_21Test.java 
list index out of range
2025-08-14 18:18:15,346   ERROR : Error in oracle fixer: /home/qinghua/projects/matg/data/experiments/HumanEvalJava/candor_new/run_0/fix/src/test/java/original/id_10Test.java 
list index out of range
2025-08-14 18:18:25,139   ERROR : Error in oracle fixer: /home/qinghua/projects/matg/data/experiments/HumanEvalJava/candor_new/run_0/fix/src/test/java/original/id_128Test.java 
list index out of range
2025-08-14 18:18:45,143   ERROR : Error in oracle fixer: /home/qinghua/projects/matg/data/experiments/HumanEvalJava/candor_new/run_0/fix/src/test/java/original/id_20Test.java 
list index out of range
2025-08-14 18:18:58,863   ERROR : Error in oracle fixer: /home/qinghua/projects/matg/data/experiments/HumanEvalJava/candor_new/run_0/fix/src/test/java/original/id_74Test.java 
list index out of range
2025-08-14 18:18:58,931   ERROR : Error in oracle fixer: /home/qinghua/projects/matg/data/experiments/HumanEvalJava/candor_new/run_0/fix/src/test/java/original/id_126Test.java 
list index out of range
2025-08-14 18:19:11,635   ERROR : Error in oracle fixer: /home/qinghua/projects/matg/data/experiments/HumanEvalJava/candor_new/run_0/fix/src/test/java/original/id_97Test.java 
list index out of range
2025-08-14 18:19:29,667   ERROR : Error in oracle fixer: /home/qinghua/projects/matg/data/experiments/HumanEvalJava/candor_new/run_0/fix/src/test/java/original/id_91Test.java 
list index out of range
2025-08-14 18:19:56,825   ERROR : Error in oracle fixer: /home/qinghua/projects/matg/data/experiments/HumanEvalJava/candor_new/run_0/fix/src/test/java/original/id_15Test.java 
list index out of range
2025-08-14 18:19:57,599   ERROR : Error in oracle fixer: /home/qinghua/projects/matg/data/experiments/HumanEvalJava/candor_new/run_0/fix/src/test/java/original/id_159Test.java 
list index out of range
2025-08-14 18:20:04,623   ERROR : Error in oracle fixer: /home/qinghua/projects/matg/data/experiments/HumanEvalJava/candor_new/run_0/fix/src/test/java/original/id_21Test.java 
list index out of range
2025-08-14 18:20:14,701   ERROR : Error in oracle fixer: /home/qinghua/projects/matg/data/experiments/HumanEvalJava/candor_new/run_0/fix/src/test/java/original/id_9Test.java 
list index out of range
2025-08-14 18:20:23,692   ERROR : Error in oracle fixer: /home/qinghua/projects/matg/data/experiments/HumanEvalJava/candor_new/run_0/fix/src/test/java/original/id_105Test.java 
list index out of range
2025-08-14 18:20:38,831   ERROR : Error in oracle fixer: /home/qinghua/projects/matg/data/experiments/HumanEvalJava/candor_new/run_0/fix/src/test/java/original/id_121Test.java 
list index out of range
2025-08-14 18:20:40,376   ERROR : Error in oracle fixer: /home/qinghua/projects/matg/data/experiments/HumanEvalJava/candor_new/run_0/fix/src/test/java/original/id_126Test.java 
list index out of range
2025-08-14 18:20:41,713   ERROR : Error in oracle fixer: /home/qinghua/projects/matg/data/experiments/HumanEvalJava/candor_new/run_0/fix/src/test/java/original/id_104Test.java 
list index out of range
2025-08-14 18:20:50,102   ERROR : Error in oracle fixer: /home/qinghua/projects/matg/data/experiments/HumanEvalJava/candor_new/run_0/fix/src/test/java/original/id_33Test.java 
list index out of range
2025-08-14 18:20:53,247   ERROR : Error in oracle fixer: /home/qinghua/projects/matg/data/experiments/HumanEvalJava/candor_new/run_0/fix/src/test/java/original/id_97Test.java 
list index out of range
2025-08-14 18:20:57,030   ERROR : Error in oracle fixer: /home/qinghua/projects/matg/data/experiments/HumanEvalJava/candor_new/run_0/fix/src/test/java/original/id_163Test.java 
list index out of range
2025-08-14 18:21:08,773   ERROR : Error in oracle fixer: /home/qinghua/projects/matg/data/experiments/HumanEvalJava/candor_new/run_0/fix/src/test/java/original/id_137Test.java 
list index out of range
2025-08-14 18:21:23,408   ERROR : Error in oracle fixer: /home/qinghua/projects/matg/data/experiments/HumanEvalJava/candor_new/run_0/fix/src/test/java/original/id_12Test.java 
list index out of range
2025-08-14 18:21:23,586   ERROR : Error in oracle fixer: /home/qinghua/projects/matg/data/experiments/HumanEvalJava/candor_new/run_0/fix/src/test/java/original/id_0Test.java 
list index out of range
2025-08-14 18:21:25,641   ERROR : Error in oracle fixer: /home/qinghua/projects/matg/data/experiments/HumanEvalJava/candor_new/run_0/fix/src/test/java/original/id_131Test.java 
list index out of range
2025-08-14 18:21:37,117   ERROR : Error in oracle fixer: /home/qinghua/projects/matg/data/experiments/HumanEvalJava/candor_new/run_0/fix/src/test/java/original/id_159Test.java 
list index out of range
2025-08-14 18:22:02,389   ERROR : Error in oracle fixer: /home/qinghua/projects/matg/data/experiments/HumanEvalJava/candor_new/run_0/fix/src/test/java/original/id_19Test.java 
list index out of range
2025-08-14 18:22:03,749   ERROR : Error in oracle fixer: /home/qinghua/projects/matg/data/experiments/HumanEvalJava/candor_new/run_0/fix/src/test/java/original/id_104Test.java 
list index out of range
2025-08-14 18:22:04,306   ERROR : Error in oracle fixer: /home/qinghua/projects/matg/data/experiments/HumanEvalJava/candor_new/run_0/fix/src/test/java/original/id_134Test.java 
list index out of range
2025-08-14 18:22:12,601   ERROR : Error in oracle fixer: /home/qinghua/projects/matg/data/experiments/HumanEvalJava/candor_new/run_0/fix/src/test/java/original/id_37Test.java 
list index out of range
2025-08-14 18:22:23,758   ERROR : Error in oracle fixer: /home/qinghua/projects/matg/data/experiments/HumanEvalJava/candor_new/run_0/fix/src/test/java/original/id_158Test.java 
list index out of range
2025-08-14 18:22:25,362   ERROR : Error in oracle fixer: /home/qinghua/projects/matg/data/experiments/HumanEvalJava/candor_new/run_0/fix/src/test/java/original/id_163Test.java 
list index out of range
2025-08-14 18:22:36,286   ERROR : Error in oracle fixer: /home/qinghua/projects/matg/data/experiments/HumanEvalJava/candor_new/run_0/fix/src/test/java/original/id_94Test.java 
list index out of range
2025-08-14 18:22:39,665   ERROR : Error in oracle fixer: /home/qinghua/projects/matg/data/experiments/HumanEvalJava/candor_new/run_0/fix/src/test/java/original/id_131Test.java 
list index out of range
2025-08-14 18:22:42,771   ERROR : Error in oracle fixer: /home/qinghua/projects/matg/data/experiments/HumanEvalJava/candor_new/run_0/fix/src/test/java/original/id_161Test.java 
list index out of range
2025-08-14 18:22:43,051   ERROR : Error in oracle fixer: /home/qinghua/projects/matg/data/experiments/HumanEvalJava/candor_new/run_0/fix/src/test/java/original/id_135Test.java 
list index out of range
2025-08-14 18:23:01,768   ERROR : Error in oracle fixer: /home/qinghua/projects/matg/data/experiments/HumanEvalJava/candor_new/run_0/fix/src/test/java/original/id_90Test.java 
list index out of range
2025-08-14 18:23:05,316   ERROR : Error in oracle fixer: /home/qinghua/projects/matg/data/experiments/HumanEvalJava/candor_new/run_0/fix/src/test/java/original/id_37Test.java 
list index out of range
2025-08-14 18:23:13,919   ERROR : Error in oracle fixer: /home/qinghua/projects/matg/data/experiments/HumanEvalJava/candor_new/run_0/fix/src/test/java/original/id_58Test.java 
list index out of range
2025-08-14 18:23:16,256   ERROR : Error in oracle fixer: /home/qinghua/projects/matg/data/experiments/HumanEvalJava/candor_new/run_0/fix/src/test/java/original/id_95Test.java 
list index out of range
2025-08-14 18:23:24,131   ERROR : Error in oracle fixer: /home/qinghua/projects/matg/data/experiments/HumanEvalJava/candor_new/run_0/fix/src/test/java/original/id_161Test.java 
list index out of range
2025-08-14 18:23:27,432   ERROR : Error in oracle fixer: /home/qinghua/projects/matg/data/experiments/HumanEvalJava/candor_new/run_0/fix/src/test/java/original/id_26Test.java 
list index out of range
2025-08-14 18:23:31,361   ERROR : Error in oracle fixer: /home/qinghua/projects/matg/data/experiments/HumanEvalJava/candor_new/run_0/fix/src/test/java/original/id_117Test.java 
list index out of range
2025-08-14 18:23:38,083   ERROR : Error in oracle fixer: /home/qinghua/projects/matg/data/experiments/HumanEvalJava/candor_new/run_0/fix/src/test/java/original/id_148Test.java 
list index out of range
2025-08-14 18:23:55,784   ERROR : Error in oracle fixer: /home/qinghua/projects/matg/data/experiments/HumanEvalJava/candor_new/run_0/fix/src/test/java/original/id_26Test.java 
list index out of range
2025-08-14 18:24:04,240   ERROR : Error in oracle fixer: /home/qinghua/projects/matg/data/experiments/HumanEvalJava/candor_new/run_0/fix/src/test/java/original/id_100Test.java 
list index out of range
2025-08-14 18:24:04,743   ERROR : Error in oracle fixer: /home/qinghua/projects/matg/data/experiments/HumanEvalJava/candor_new/run_0/fix/src/test/java/original/id_157Test.java 
list index out of range
2025-08-14 18:24:04,746   ERROR : Error in oracle fixer: /home/qinghua/projects/matg/data/experiments/HumanEvalJava/candor_new/run_0/fix/src/test/java/original/id_67Test.java 
list index out of range
2025-08-14 18:24:18,804   ERROR : Error in oracle fixer: /home/qinghua/projects/matg/data/experiments/HumanEvalJava/candor_new/run_0/fix/src/test/java/original/id_66Test.java 
list index out of range
2025-08-14 18:24:19,731   ERROR : Error in oracle fixer: /home/qinghua/projects/matg/data/experiments/HumanEvalJava/candor_new/run_0/fix/src/test/java/original/id_100Test.java 
list index out of range
2025-08-14 18:24:33,487   ERROR : Error in oracle fixer: /home/qinghua/projects/matg/data/experiments/HumanEvalJava/candor_new/run_0/fix/src/test/java/original/id_41Test.java 
list index out of range
2025-08-14 18:24:36,175   ERROR : Error in oracle fixer: /home/qinghua/projects/matg/data/experiments/HumanEvalJava/candor_new/run_0/fix/src/test/java/original/id_118Test.java 
list index out of range
2025-08-14 18:24:48,348   ERROR : Error in oracle fixer: /home/qinghua/projects/matg/data/experiments/HumanEvalJava/candor_new/run_0/fix/src/test/java/original/id_17Test.java 
list index out of range
2025-08-14 18:24:55,744   ERROR : Error in oracle fixer: /home/qinghua/projects/matg/data/experiments/HumanEvalJava/candor_new/run_0/fix/src/test/java/original/id_29Test.java 
list index out of range
2025-08-14 18:24:58,844   ERROR : Error in oracle fixer: /home/qinghua/projects/matg/data/experiments/HumanEvalJava/candor_new/run_0/fix/src/test/java/original/id_118Test.java 
list index out of range
2025-08-14 18:25:02,337   ERROR : Error in oracle fixer: /home/qinghua/projects/matg/data/experiments/HumanEvalJava/candor_new/run_0/fix/src/test/java/original/id_57Test.java 
list index out of range
2025-08-14 18:25:07,474   ERROR : Error in oracle fixer: /home/qinghua/projects/matg/data/experiments/HumanEvalJava/candor_new/run_0/fix/src/test/java/original/id_4Test.java 
list index out of range
2025-08-14 18:25:34,253   ERROR : Error in oracle fixer: /home/qinghua/projects/matg/data/experiments/HumanEvalJava/candor_new/run_0/fix/src/test/java/original/id_70Test.java 
list index out of range
2025-08-14 18:25:35,610   ERROR : Error in oracle fixer: /home/qinghua/projects/matg/data/experiments/HumanEvalJava/candor_new/run_0/fix/src/test/java/original/id_4Test.java 
list index out of range
2025-08-14 18:25:40,956   ERROR : Error in oracle fixer: /home/qinghua/projects/matg/data/experiments/HumanEvalJava/candor_new/run_0/fix/src/test/java/original/id_78Test.java 
list index out of range
2025-08-14 18:25:42,421   ERROR : Error in oracle fixer: /home/qinghua/projects/matg/data/experiments/HumanEvalJava/candor_new/run_0/fix/src/test/java/original/id_6Test.java 
list index out of range
2025-08-14 18:25:54,077   ERROR : Error in oracle fixer: /home/qinghua/projects/matg/data/experiments/HumanEvalJava/candor_new/run_0/fix/src/test/java/original/id_98Test.java 
list index out of range
2025-08-14 18:26:11,996   ERROR : Error in oracle fixer: /home/qinghua/projects/matg/data/experiments/HumanEvalJava/candor_new/run_0/fix/src/test/java/original/id_6Test.java 
list index out of range
2025-08-14 18:26:12,495   ERROR : Error in oracle fixer: /home/qinghua/projects/matg/data/experiments/HumanEvalJava/candor_new/run_0/fix/src/test/java/original/id_114Test.java 
list index out of range
2025-08-14 18:26:13,698   ERROR : Error in oracle fixer: /home/qinghua/projects/matg/data/experiments/HumanEvalJava/candor_new/run_0/fix/src/test/java/original/id_51Test.java 
list index out of range
2025-08-14 18:26:25,047   ERROR : Error in oracle fixer: /home/qinghua/projects/matg/data/experiments/HumanEvalJava/candor_new/run_0/fix/src/test/java/original/id_108Test.java 
list index out of range
2025-08-14 18:26:32,620   ERROR : Error in oracle fixer: /home/qinghua/projects/matg/data/experiments/HumanEvalJava/candor_new/run_0/fix/src/test/java/original/id_147Test.java 
list index out of range
2025-08-14 18:26:39,327   ERROR : Error in oracle fixer: /home/qinghua/projects/matg/data/experiments/HumanEvalJava/candor_new/run_0/fix/src/test/java/original/id_20Test.java 
list index out of range
2025-08-14 18:26:40,335   ERROR : Error in oracle fixer: /home/qinghua/projects/matg/data/experiments/HumanEvalJava/candor_new/run_0/fix/src/test/java/original/id_27Test.java 
list index out of range
2025-08-14 18:26:43,141   ERROR : Error in oracle fixer: /home/qinghua/projects/matg/data/experiments/HumanEvalJava/candor_new/run_0/fix/src/test/java/original/id_114Test.java 
list index out of range
2025-08-14 18:26:55,375   ERROR : Error in oracle fixer: /home/qinghua/projects/matg/data/experiments/HumanEvalJava/candor_new/run_0/fix/src/test/java/original/id_82Test.java 
list index out of range
2025-08-14 18:26:56,472   ERROR : Error in oracle fixer: /home/qinghua/projects/matg/data/experiments/HumanEvalJava/candor_new/run_0/fix/src/test/java/original/id_91Test.java 
list index out of range
2025-08-14 18:27:05,448   ERROR : Error in oracle fixer: /home/qinghua/projects/matg/data/experiments/HumanEvalJava/candor_new/run_0/fix/src/test/java/original/id_147Test.java 
list index out of range
2025-08-14 18:27:06,307   ERROR : Error in oracle fixer: /home/qinghua/projects/matg/data/experiments/HumanEvalJava/candor_new/run_0/fix/src/test/java/original/id_43Test.java 
list index out of range
2025-08-14 18:27:09,999   ERROR : Error in oracle fixer: /home/qinghua/projects/matg/data/experiments/HumanEvalJava/candor_new/run_0/fix/src/test/java/original/id_143Test.java 
list index out of range
2025-08-14 18:27:22,717   ERROR : Error in oracle fixer: /home/qinghua/projects/matg/data/experiments/HumanEvalJava/candor_new/run_0/fix/src/test/java/original/id_21Test.java 
list index out of range
2025-08-14 18:27:29,412   ERROR : Error in oracle fixer: /home/qinghua/projects/matg/data/experiments/HumanEvalJava/candor_new/run_0/fix/src/test/java/original/id_60Test.java 
list index out of range
2025-08-14 18:27:30,920   ERROR : Error in oracle fixer: /home/qinghua/projects/matg/data/experiments/HumanEvalJava/candor_new/run_0/fix/src/test/java/original/id_43Test.java 
list index out of range
2025-08-14 18:27:33,167   ERROR : Error in oracle fixer: /home/qinghua/projects/matg/data/experiments/HumanEvalJava/candor_new/run_0/fix/src/test/java/original/id_162Test.java 
list index out of range
2025-08-14 18:27:38,884   ERROR : Error in oracle fixer: /home/qinghua/projects/matg/data/experiments/HumanEvalJava/candor_new/run_0/fix/src/test/java/original/id_126Test.java 
list index out of range
2025-08-14 18:27:45,151   ERROR : Error in oracle fixer: /home/qinghua/projects/matg/data/experiments/HumanEvalJava/candor_new/run_0/fix/src/test/java/original/id_128Test.java 
list index out of range
2025-08-14 18:27:52,004   ERROR : Error in oracle fixer: /home/qinghua/projects/matg/data/experiments/HumanEvalJava/candor_new/run_0/fix/src/test/java/original/id_97Test.java 
list index out of range
2025-08-14 18:28:02,196   ERROR : Error in oracle fixer: /home/qinghua/projects/matg/data/experiments/HumanEvalJava/candor_new/run_0/fix/src/test/java/original/id_122Test.java 
list index out of range
2025-08-14 18:28:08,748   ERROR : Error in oracle fixer: /home/qinghua/projects/matg/data/experiments/HumanEvalJava/candor_new/run_0/fix/src/test/java/original/id_162Test.java 
list index out of range
2025-08-14 18:28:17,160   ERROR : Error in oracle fixer: /home/qinghua/projects/matg/data/experiments/HumanEvalJava/candor_new/run_0/fix/src/test/java/original/id_159Test.java 
list index out of range
2025-08-14 18:28:36,232   ERROR : Error in oracle fixer: /home/qinghua/projects/matg/data/experiments/HumanEvalJava/candor_new/run_0/fix/src/test/java/original/id_105Test.java 
list index out of range
2025-08-14 18:28:39,146   ERROR : Error in oracle fixer: /home/qinghua/projects/matg/data/experiments/HumanEvalJava/candor_new/run_0/fix/src/test/java/original/id_122Test.java 
list index out of range
2025-08-14 18:28:48,563   ERROR : Error in oracle fixer: /home/qinghua/projects/matg/data/experiments/HumanEvalJava/candor_new/run_0/fix/src/test/java/original/id_121Test.java 
list index out of range
2025-08-14 18:28:54,271   ERROR : Error in oracle fixer: /home/qinghua/projects/matg/data/experiments/HumanEvalJava/candor_new/run_0/fix/src/test/java/original/id_47Test.java 
list index out of range
2025-08-14 18:28:55,702   ERROR : Error in oracle fixer: /home/qinghua/projects/matg/data/experiments/HumanEvalJava/candor_new/run_0/fix/src/test/java/original/id_104Test.java 
list index out of range
2025-08-14 18:29:13,558   ERROR : Error in oracle fixer: /home/qinghua/projects/matg/data/experiments/HumanEvalJava/candor_new/run_0/fix/src/test/java/original/id_163Test.java 
list index out of range
2025-08-14 18:29:13,808   ERROR : Error in oracle fixer: /home/qinghua/projects/matg/data/experiments/HumanEvalJava/candor_new/run_0/fix/src/test/java/original/id_40Test.java 
list index out of range
2025-08-14 18:29:16,248   ERROR : Error in oracle fixer: /home/qinghua/projects/matg/data/experiments/HumanEvalJava/candor_new/run_0/fix/src/test/java/original/id_137Test.java 
list index out of range
2025-08-14 18:29:16,903   ERROR : Error in oracle fixer: /home/qinghua/projects/matg/data/experiments/HumanEvalJava/candor_new/run_0/fix/src/test/java/original/id_47Test.java 
list index out of range
2025-08-14 18:29:29,237   ERROR : Error in oracle fixer: /home/qinghua/projects/matg/data/experiments/HumanEvalJava/candor_new/run_0/fix/src/test/java/original/id_40Test.java 
list index out of range
2025-08-14 18:29:29,910   ERROR : Error in oracle fixer: /home/qinghua/projects/matg/data/experiments/HumanEvalJava/candor_new/run_0/fix/src/test/java/original/id_131Test.java 
list index out of range
2025-08-14 18:29:32,709   ERROR : Error in oracle fixer: /home/qinghua/projects/matg/data/experiments/HumanEvalJava/candor_new/run_0/fix/src/test/java/original/id_115Test.java 
list index out of range
2025-08-14 18:29:35,322   ERROR : Error in oracle fixer: /home/qinghua/projects/matg/data/experiments/HumanEvalJava/candor_new/run_0/fix/src/test/java/original/id_12Test.java 
list index out of range
2025-08-14 18:29:47,451   ERROR : Error in oracle fixer: /home/qinghua/projects/matg/data/experiments/HumanEvalJava/candor_new/run_0/fix/src/test/java/original/id_37Test.java 
list index out of range
2025-08-14 18:29:47,795   ERROR : Error in oracle fixer: /home/qinghua/projects/matg/data/experiments/HumanEvalJava/candor_new/run_0/fix/src/test/java/original/id_152Test.java 
list index out of range
2025-08-14 18:29:50,513   ERROR : Error in oracle fixer: /home/qinghua/projects/matg/data/experiments/HumanEvalJava/candor_new/run_0/fix/src/test/java/original/id_134Test.java 
list index out of range
2025-08-14 18:30:09,302   ERROR : Error in oracle fixer: /home/qinghua/projects/matg/data/experiments/HumanEvalJava/candor_new/run_0/fix/src/test/java/original/id_115Test.java 
list index out of range
2025-08-14 18:30:11,612   ERROR : Error in oracle fixer: /home/qinghua/projects/matg/data/experiments/HumanEvalJava/candor_new/run_0/fix/src/test/java/original/id_2Test.java 
list index out of range
2025-08-14 18:30:27,444   ERROR : Error in oracle fixer: /home/qinghua/projects/matg/data/experiments/HumanEvalJava/candor_new/run_0/fix/src/test/java/original/id_161Test.java 
list index out of range
2025-08-14 18:30:28,142   ERROR : Error in oracle fixer: /home/qinghua/projects/matg/data/experiments/HumanEvalJava/candor_new/run_0/fix/src/test/java/original/id_152Test.java 
list index out of range
2025-08-14 18:30:46,171   ERROR : Error in oracle fixer: /home/qinghua/projects/matg/data/experiments/HumanEvalJava/candor_new/run_0/fix/src/test/java/original/id_101Test.java 
list index out of range
2025-08-14 18:30:52,291   ERROR : Error in oracle fixer: /home/qinghua/projects/matg/data/experiments/HumanEvalJava/candor_new/run_0/fix/src/test/java/original/id_26Test.java 
list index out of range
2025-08-14 18:30:54,867   ERROR : Error in oracle fixer: /home/qinghua/projects/matg/data/experiments/HumanEvalJava/candor_new/run_0/fix/src/test/java/original/id_2Test.java 
list index out of range
2025-08-14 18:31:10,836   ERROR : Error in oracle fixer: /home/qinghua/projects/matg/data/experiments/HumanEvalJava/candor_new/run_0/fix/src/test/java/original/id_94Test.java 
list index out of range
2025-08-14 18:31:16,882   ERROR : Error in oracle fixer: /home/qinghua/projects/matg/data/experiments/HumanEvalJava/candor_new/run_0/fix/src/test/java/original/id_101Test.java 
list index out of range
2025-08-14 18:31:34,433   ERROR : Error in oracle fixer: /home/qinghua/projects/matg/data/experiments/HumanEvalJava/candor_new/run_0/fix/src/test/java/original/id_90Test.java 
list index out of range
2025-08-14 18:31:38,695   ERROR : Error in oracle fixer: /home/qinghua/projects/matg/data/experiments/HumanEvalJava/candor_new/run_0/fix/src/test/java/original/id_106Test.java 
list index out of range
2025-08-14 18:31:45,800   ERROR : Error in oracle fixer: /home/qinghua/projects/matg/data/experiments/HumanEvalJava/candor_new/run_0/fix/src/test/java/original/id_100Test.java 
list index out of range
2025-08-14 18:31:51,891   ERROR : Error in oracle fixer: /home/qinghua/projects/matg/data/experiments/HumanEvalJava/candor_new/run_0/fix/src/test/java/original/id_138Test.java 
list index out of range
2025-08-14 18:32:03,409   ERROR : Error in oracle fixer: /home/qinghua/projects/matg/data/experiments/HumanEvalJava/candor_new/run_0/fix/src/test/java/original/id_118Test.java 
list index out of range
2025-08-14 18:32:05,893   ERROR : Error in oracle fixer: /home/qinghua/projects/matg/data/experiments/HumanEvalJava/candor_new/run_0/fix/src/test/java/original/id_106Test.java 
list index out of range
2025-08-14 18:32:16,290   ERROR : Error in oracle fixer: /home/qinghua/projects/matg/data/experiments/HumanEvalJava/candor_new/run_0/fix/src/test/java/original/id_58Test.java 
list index out of range
2025-08-14 18:32:27,922   ERROR : Error in oracle fixer: /home/qinghua/projects/matg/data/experiments/HumanEvalJava/candor_new/run_0/fix/src/test/java/original/id_138Test.java 
list index out of range
2025-08-14 18:32:34,401   ERROR : Error in oracle fixer: /home/qinghua/projects/matg/data/experiments/HumanEvalJava/candor_new/run_0/fix/src/test/java/original/id_4Test.java 
list index out of range
2025-08-14 18:32:42,962   ERROR : Error in oracle fixer: /home/qinghua/projects/matg/data/experiments/HumanEvalJava/candor_new/run_0/fix/src/test/java/original/id_127Test.java 
list index out of range
2025-08-14 18:32:48,332   ERROR : Error in oracle fixer: /home/qinghua/projects/matg/data/experiments/HumanEvalJava/candor_new/run_0/fix/src/test/java/original/id_6Test.java 
list index out of range
2025-08-14 18:32:53,908   ERROR : Error in oracle fixer: /home/qinghua/projects/matg/data/experiments/HumanEvalJava/candor_new/run_0/fix/src/test/java/original/id_148Test.java 
list index out of range
2025-08-14 18:32:56,489   ERROR : Error in oracle fixer: /home/qinghua/projects/matg/data/experiments/HumanEvalJava/candor_new/run_0/fix/src/test/java/original/id_127Test.java 
list index out of range
2025-08-14 18:33:14,828   ERROR : Error in oracle fixer: /home/qinghua/projects/matg/data/experiments/HumanEvalJava/candor_new/run_0/fix/src/test/java/original/id_157Test.java 
list index out of range
2025-08-14 18:33:22,802   ERROR : Error in oracle fixer: /home/qinghua/projects/matg/data/experiments/HumanEvalJava/candor_new/run_0/fix/src/test/java/original/id_114Test.java 
list index out of range
2025-08-14 18:33:36,824   ERROR : Error in oracle fixer: /home/qinghua/projects/matg/data/experiments/HumanEvalJava/candor_new/run_0/fix/src/test/java/original/id_17Test.java 
list index out of range
2025-08-14 18:33:46,243   ERROR : Error in oracle fixer: /home/qinghua/projects/matg/data/experiments/HumanEvalJava/candor_new/run_0/fix/src/test/java/original/id_147Test.java 
list index out of range
2025-08-14 18:33:47,707   ERROR : Error in oracle fixer: /home/qinghua/projects/matg/data/experiments/HumanEvalJava/candor_new/run_0/fix/src/test/java/original/id_25Test.java 
list index out of range
2025-08-14 18:33:54,305   ERROR : Error in oracle fixer: /home/qinghua/projects/matg/data/experiments/HumanEvalJava/candor_new/run_0/fix/src/test/java/original/id_57Test.java 
list index out of range
2025-08-14 18:34:14,647   ERROR : Error in oracle fixer: /home/qinghua/projects/matg/data/experiments/HumanEvalJava/candor_new/run_0/fix/src/test/java/original/id_43Test.java 
list index out of range
2025-08-14 18:34:16,893   ERROR : Error in oracle fixer: /home/qinghua/projects/matg/data/experiments/HumanEvalJava/candor_new/run_0/fix/src/test/java/original/id_52Test.java 
list index out of range
2025-08-14 18:34:31,881   ERROR : Error in oracle fixer: /home/qinghua/projects/matg/data/experiments/HumanEvalJava/candor_new/run_0/fix/src/test/java/original/id_70Test.java 
list index out of range
2025-08-14 18:34:33,764   ERROR : Error in oracle fixer: /home/qinghua/projects/matg/data/experiments/HumanEvalJava/candor_new/run_0/fix/src/test/java/original/id_162Test.java 
list index out of range
2025-08-14 18:34:35,916   ERROR : Error in oracle fixer: /home/qinghua/projects/matg/data/experiments/HumanEvalJava/candor_new/run_0/fix/src/test/java/original/id_63Test.java 
list index out of range
2025-08-14 18:34:54,952   ERROR : Error in oracle fixer: /home/qinghua/projects/matg/data/experiments/HumanEvalJava/candor_new/run_0/fix/src/test/java/original/id_122Test.java 
list index out of range
2025-08-14 18:35:08,181   ERROR : Error in oracle fixer: /home/qinghua/projects/matg/data/experiments/HumanEvalJava/candor_new/run_0/fix/src/test/java/original/id_51Test.java 
list index out of range
2025-08-14 18:35:14,741   ERROR : Error in oracle fixer: /home/qinghua/projects/matg/data/experiments/HumanEvalJava/candor_new/run_0/fix/src/test/java/original/id_44Test.java 
list index out of range
2025-08-14 18:35:21,356   ERROR : Error in oracle fixer: /home/qinghua/projects/matg/data/experiments/HumanEvalJava/candor_new/run_0/fix/src/test/java/original/id_47Test.java 
list index out of range
2025-08-14 18:35:25,122   ERROR : Error in oracle fixer: /home/qinghua/projects/matg/data/experiments/HumanEvalJava/candor_new/run_0/fix/src/test/java/original/id_20Test.java 
list index out of range
2025-08-14 18:35:48,839   ERROR : Error in oracle fixer: /home/qinghua/projects/matg/data/experiments/HumanEvalJava/candor_new/run_0/fix/src/test/java/original/id_40Test.java 
list index out of range
2025-08-14 18:36:00,227   ERROR : Error in oracle fixer: /home/qinghua/projects/matg/data/experiments/HumanEvalJava/candor_new/run_0/fix/src/test/java/original/id_91Test.java 
list index out of range
2025-08-14 18:36:22,313   ERROR : Error in oracle fixer: /home/qinghua/projects/matg/data/experiments/HumanEvalJava/candor_new/run_0/fix/src/test/java/original/id_103Test.java 
list index out of range
2025-08-14 18:36:22,773   ERROR : Error in oracle fixer: /home/qinghua/projects/matg/data/experiments/HumanEvalJava/candor_new/run_0/fix/src/test/java/original/id_21Test.java 
list index out of range
2025-08-14 18:36:37,136   ERROR : Error in oracle fixer: /home/qinghua/projects/matg/data/experiments/HumanEvalJava/candor_new/run_0/fix/src/test/java/original/id_25Test.java 
list index out of range
2025-08-14 18:36:42,727   ERROR : Error in oracle fixer: /home/qinghua/projects/matg/data/experiments/HumanEvalJava/candor_new/run_0/fix/src/test/java/original/id_126Test.java 
list index out of range
2025-08-14 18:36:52,083   ERROR : Error in oracle fixer: /home/qinghua/projects/matg/data/experiments/HumanEvalJava/candor_new/run_0/fix/src/test/java/original/id_52Test.java 
list index out of range
2025-08-14 18:36:53,137   ERROR : Error in oracle fixer: /home/qinghua/projects/matg/data/experiments/HumanEvalJava/candor_new/run_0/fix/src/test/java/original/id_115Test.java 
list index out of range
2025-08-14 18:37:03,537   ERROR : Error in oracle fixer: /home/qinghua/projects/matg/data/experiments/HumanEvalJava/candor_new/run_0/fix/src/test/java/original/id_86Test.java 
list index out of range
2025-08-14 18:37:11,020   ERROR : Error in oracle fixer: /home/qinghua/projects/matg/data/experiments/HumanEvalJava/candor_new/run_0/fix/src/test/java/original/id_152Test.java 
list index out of range
2025-08-14 18:37:13,037   ERROR : Error in oracle fixer: /home/qinghua/projects/matg/data/experiments/HumanEvalJava/candor_new/run_0/fix/src/test/java/original/id_97Test.java 
list index out of range
2025-08-14 18:37:14,744   ERROR : Error in oracle fixer: /home/qinghua/projects/matg/data/experiments/HumanEvalJava/candor_new/run_0/fix/src/test/java/original/id_63Test.java 
list index out of range
2025-08-14 18:37:28,125   ERROR : Error in oracle fixer: /home/qinghua/projects/matg/data/experiments/HumanEvalJava/candor_new/run_0/fix/src/test/java/original/id_35Test.java 
list index out of range
2025-08-14 18:37:29,639   ERROR : Error in oracle fixer: /home/qinghua/projects/matg/data/experiments/HumanEvalJava/candor_new/run_0/fix/src/test/java/original/id_2Test.java 
list index out of range
2025-08-14 18:37:31,370   ERROR : Error in oracle fixer: /home/qinghua/projects/matg/data/experiments/HumanEvalJava/candor_new/run_0/fix/src/test/java/original/id_159Test.java 
list index out of range
2025-08-14 18:37:47,019   ERROR : Error in oracle fixer: /home/qinghua/projects/matg/data/experiments/HumanEvalJava/candor_new/run_0/fix/src/test/java/original/id_44Test.java 
list index out of range
2025-08-14 18:37:55,086   ERROR : Error in oracle fixer: /home/qinghua/projects/matg/data/experiments/HumanEvalJava/candor_new/run_0/fix/src/test/java/original/id_46Test.java 
list index out of range
2025-08-14 18:37:56,927   ERROR : Error in oracle fixer: /home/qinghua/projects/matg/data/experiments/HumanEvalJava/candor_new/run_0/fix/src/test/java/original/id_104Test.java 
list index out of range
2025-08-14 18:38:10,270   ERROR : Error in oracle fixer: /home/qinghua/projects/matg/data/experiments/HumanEvalJava/candor_new/run_0/fix/src/test/java/original/id_101Test.java 
list index out of range
2025-08-14 18:38:10,861   ERROR : Error in oracle fixer: /home/qinghua/projects/matg/data/experiments/HumanEvalJava/candor_new/run_0/fix/src/test/java/original/id_103Test.java 
list index out of range
2025-08-14 18:38:14,023   ERROR : Error in oracle fixer: /home/qinghua/projects/matg/data/experiments/HumanEvalJava/candor_new/run_0/fix/src/test/java/original/id_163Test.java 
list index out of range
2025-08-14 18:38:17,932   ERROR : Error in oracle fixer: /home/qinghua/projects/matg/data/experiments/HumanEvalJava/candor_new/run_0/fix/src/test/java/original/id_54Test.java 
list index out of range
2025-08-14 18:38:27,116   ERROR : Error in oracle fixer: /home/qinghua/projects/matg/data/experiments/HumanEvalJava/candor_new/run_0/fix/src/test/java/original/id_86Test.java 
list index out of range
2025-08-14 18:38:35,342   ERROR : Error in oracle fixer: /home/qinghua/projects/matg/data/experiments/HumanEvalJava/candor_new/run_0/fix/src/test/java/original/id_131Test.java 
list index out of range
2025-08-14 18:38:36,439   ERROR : Error in oracle fixer: /home/qinghua/projects/matg/data/experiments/HumanEvalJava/candor_new/run_0/fix/src/test/java/original/id_65Test.java 
list index out of range
2025-08-14 18:38:38,229   ERROR : Error in oracle fixer: /home/qinghua/projects/matg/data/experiments/HumanEvalJava/candor_new/run_0/fix/src/test/java/original/id_35Test.java 
list index out of range
2025-08-14 18:38:55,560   ERROR : Error in oracle fixer: /home/qinghua/projects/matg/data/experiments/HumanEvalJava/candor_new/run_0/fix/src/test/java/original/id_106Test.java 
list index out of range
2025-08-14 18:38:56,398   ERROR : Error in oracle fixer: /home/qinghua/projects/matg/data/experiments/HumanEvalJava/candor_new/run_0/fix/src/test/java/original/id_37Test.java 
list index out of range
2025-08-14 18:39:12,737   ERROR : Error in oracle fixer: /home/qinghua/projects/matg/data/experiments/HumanEvalJava/candor_new/run_0/fix/src/test/java/original/id_138Test.java 
list index out of range
2025-08-14 18:39:14,797   ERROR : Error in oracle fixer: /home/qinghua/projects/matg/data/experiments/HumanEvalJava/candor_new/run_0/fix/src/test/java/original/id_96Test.java 
list index out of range
2025-08-14 18:39:31,463   ERROR : Error in oracle fixer: /home/qinghua/projects/matg/data/experiments/HumanEvalJava/candor_new/run_0/fix/src/test/java/original/id_46Test.java 
list index out of range
2025-08-14 18:39:35,390   ERROR : Error in oracle fixer: /home/qinghua/projects/matg/data/experiments/HumanEvalJava/candor_new/run_0/fix/src/test/java/original/id_161Test.java 
list index out of range
2025-08-14 18:39:51,312   ERROR : Error in oracle fixer: /home/qinghua/projects/matg/data/experiments/HumanEvalJava/candor_new/run_0/fix/src/test/java/original/id_149Test.java 
list index out of range
2025-08-14 18:39:59,120   ERROR : Error in oracle fixer: /home/qinghua/projects/matg/data/experiments/HumanEvalJava/candor_new/run_0/fix/src/test/java/original/id_54Test.java 
list index out of range
2025-08-14 18:40:12,233   ERROR : Error in oracle fixer: /home/qinghua/projects/matg/data/experiments/HumanEvalJava/candor_new/run_0/fix/src/test/java/original/id_26Test.java 
list index out of range
2025-08-14 18:40:12,828   ERROR : Error in oracle fixer: /home/qinghua/projects/matg/data/experiments/HumanEvalJava/candor_new/run_0/fix/src/test/java/original/id_56Test.java 
list index out of range
2025-08-14 18:40:29,258   ERROR : Error in oracle fixer: /home/qinghua/projects/matg/data/experiments/HumanEvalJava/candor_new/run_0/fix/src/test/java/original/id_65Test.java 
list index out of range
2025-08-14 18:40:32,155   ERROR : Error in oracle fixer: /home/qinghua/projects/matg/data/experiments/HumanEvalJava/candor_new/run_0/fix/src/test/java/original/id_127Test.java 
list index out of range
2025-08-14 18:40:35,055   ERROR : Error in oracle fixer: /home/qinghua/projects/matg/data/experiments/HumanEvalJava/candor_new/run_0/fix/src/test/java/original/id_145Test.java 
list index out of range
2025-08-14 18:40:53,536   ERROR : Error in oracle fixer: /home/qinghua/projects/matg/data/experiments/HumanEvalJava/candor_new/run_0/fix/src/test/java/original/id_64Test.java 
list index out of range
2025-08-14 18:40:55,434   ERROR : Error in oracle fixer: /home/qinghua/projects/matg/data/experiments/HumanEvalJava/candor_new/run_0/fix/src/test/java/original/id_100Test.java 
list index out of range
2025-08-14 18:41:07,310   ERROR : Error in oracle fixer: /home/qinghua/projects/matg/data/experiments/HumanEvalJava/candor_new/run_0/fix/src/test/java/original/id_7Test.java 
list index out of range
2025-08-14 18:41:09,564   ERROR : Error in oracle fixer: /home/qinghua/projects/matg/data/experiments/HumanEvalJava/candor_new/run_0/fix/src/test/java/original/id_25Test.java 
list index out of range
2025-08-14 18:41:09,680   ERROR : Error in oracle fixer: /home/qinghua/projects/matg/data/experiments/HumanEvalJava/candor_new/run_0/fix/src/test/java/original/id_96Test.java 
list index out of range
2025-08-14 18:41:10,808   ERROR : Error in oracle fixer: /home/qinghua/projects/matg/data/experiments/HumanEvalJava/candor_new/run_0/fix/src/test/java/original/id_118Test.java 
list index out of range
2025-08-14 18:41:18,363   ERROR : Error in oracle fixer: /home/qinghua/projects/matg/data/experiments/HumanEvalJava/candor_new/run_0/fix/src/test/java/original/id_45Test.java 
list index out of range
2025-08-14 18:41:41,624   ERROR : Error in oracle fixer: /home/qinghua/projects/matg/data/experiments/HumanEvalJava/candor_new/run_0/fix/src/test/java/original/id_22Test.java 
list index out of range
2025-08-14 18:41:45,505   ERROR : Error in oracle fixer: /home/qinghua/projects/matg/data/experiments/HumanEvalJava/candor_new/run_0/fix/src/test/java/original/id_4Test.java 
list index out of range
2025-08-14 18:41:48,081   ERROR : Error in oracle fixer: /home/qinghua/projects/matg/data/experiments/HumanEvalJava/candor_new/run_0/fix/src/test/java/original/id_52Test.java 
list index out of range
2025-08-14 18:42:02,103   ERROR : Error in oracle fixer: /home/qinghua/projects/matg/data/experiments/HumanEvalJava/candor_new/run_0/fix/src/test/java/original/id_6Test.java 
list index out of range
2025-08-14 18:42:05,810   ERROR : Error in oracle fixer: /home/qinghua/projects/matg/data/experiments/HumanEvalJava/candor_new/run_0/fix/src/test/java/original/id_149Test.java 
list index out of range
2025-08-14 18:42:08,561   ERROR : Error in oracle fixer: /home/qinghua/projects/matg/data/experiments/HumanEvalJava/candor_new/run_0/fix/src/test/java/original/id_63Test.java 
list index out of range
2025-08-14 18:42:14,699   ERROR : Error in oracle fixer: /home/qinghua/projects/matg/data/experiments/HumanEvalJava/candor_new/run_0/fix/src/test/java/original/id_114Test.java 
list index out of range
2025-08-14 18:42:24,993   ERROR : Error in oracle fixer: /home/qinghua/projects/matg/data/experiments/HumanEvalJava/candor_new/run_0/fix/src/test/java/original/id_110Test.java 
list index out of range
2025-08-14 18:42:25,156   ERROR : Error in oracle fixer: /home/qinghua/projects/matg/data/experiments/HumanEvalJava/candor_new/run_0/fix/src/test/java/original/id_44Test.java 
list index out of range
2025-08-14 18:42:25,585   ERROR : Error in oracle fixer: /home/qinghua/projects/matg/data/experiments/HumanEvalJava/candor_new/run_0/fix/src/test/java/original/id_56Test.java 
list index out of range
2025-08-14 18:42:42,878   ERROR : Error in oracle fixer: /home/qinghua/projects/matg/data/experiments/HumanEvalJava/candor_new/run_0/fix/src/test/java/original/id_89Test.java 
list index out of range
2025-08-14 18:42:52,021   ERROR : Error in oracle fixer: /home/qinghua/projects/matg/data/experiments/HumanEvalJava/candor_new/run_0/fix/src/test/java/original/id_103Test.java 
list index out of range
2025-08-14 18:42:57,899   ERROR : Error in oracle fixer: /home/qinghua/projects/matg/data/experiments/HumanEvalJava/candor_new/run_0/fix/src/test/java/original/id_145Test.java 
list index out of range
2025-08-14 18:43:00,240   ERROR : Error in oracle fixer: /home/qinghua/projects/matg/data/experiments/HumanEvalJava/candor_new/run_0/fix/src/test/java/original/id_147Test.java 
list index out of range
2025-08-14 18:43:07,856   ERROR : Error in oracle fixer: /home/qinghua/projects/matg/data/experiments/HumanEvalJava/candor_new/run_0/fix/src/test/java/original/id_155Test.java 
list index out of range
2025-08-14 18:43:16,888   ERROR : Error in oracle fixer: /home/qinghua/projects/matg/data/experiments/HumanEvalJava/candor_new/run_0/fix/src/test/java/original/id_43Test.java 
list index out of range
2025-08-14 18:43:22,396   ERROR : Error in oracle fixer: /home/qinghua/projects/matg/data/experiments/HumanEvalJava/candor_new/run_0/fix/src/test/java/original/id_86Test.java 
list index out of range
2025-08-14 18:43:26,271   ERROR : Error in oracle fixer: /home/qinghua/projects/matg/data/experiments/HumanEvalJava/candor_new/run_0/fix/src/test/java/original/id_64Test.java 
list index out of range
2025-08-14 18:43:29,073   ERROR : Error in oracle fixer: /home/qinghua/projects/matg/data/experiments/HumanEvalJava/candor_new/run_0/fix/src/test/java/original/id_162Test.java 
list index out of range
2025-08-14 18:43:29,946   ERROR : Error in oracle fixer: /home/qinghua/projects/matg/data/experiments/HumanEvalJava/candor_new/run_0/fix/src/test/java/original/id_87Test.java 
list index out of range
2025-08-14 18:43:55,182   ERROR : Error in oracle fixer: /home/qinghua/projects/matg/data/experiments/HumanEvalJava/candor_new/run_0/fix/src/test/java/original/id_35Test.java 
list index out of range
2025-08-14 18:43:55,353   ERROR : Error in oracle fixer: /home/qinghua/projects/matg/data/experiments/HumanEvalJava/candor_new/run_0/fix/src/test/java/original/id_7Test.java 
list index out of range
2025-08-14 18:43:59,585   ERROR : Error in oracle fixer: /home/qinghua/projects/matg/data/experiments/HumanEvalJava/candor_new/run_0/fix/src/test/java/original/id_122Test.java 
list index out of range
2025-08-14 18:44:08,455   ERROR : Error in oracle fixer: /home/qinghua/projects/matg/data/experiments/HumanEvalJava/candor_new/run_0/fix/src/test/java/original/id_45Test.java 
list index out of range
2025-08-14 18:44:21,861   ERROR : Error in oracle fixer: /home/qinghua/projects/matg/data/experiments/HumanEvalJava/candor_new/run_0/fix/src/test/java/original/id_46Test.java 
list index out of range
2025-08-14 18:44:22,453   ERROR : Error in oracle fixer: /home/qinghua/projects/matg/data/experiments/HumanEvalJava/candor_new/run_0/fix/src/test/java/original/id_22Test.java 
list index out of range
2025-08-14 18:44:23,207   ERROR : Error in oracle fixer: /home/qinghua/projects/matg/data/experiments/HumanEvalJava/candor_new/run_0/fix/src/test/java/original/id_113Test.java 
list index out of range
2025-08-14 18:44:23,496   ERROR : Error in oracle fixer: /home/qinghua/projects/matg/data/experiments/HumanEvalJava/candor_new/run_0/fix/src/test/java/original/id_47Test.java 
list index out of range
2025-08-14 18:44:43,603   ERROR : Error in oracle fixer: /home/qinghua/projects/matg/data/experiments/HumanEvalJava/candor_new/run_0/fix/src/test/java/original/id_110Test.java 
list index out of range
2025-08-14 18:44:54,431   ERROR : Error in oracle fixer: /home/qinghua/projects/matg/data/experiments/HumanEvalJava/candor_new/run_0/fix/src/test/java/original/id_54Test.java 
list index out of range
2025-08-14 18:44:54,760   ERROR : Error in oracle fixer: /home/qinghua/projects/matg/data/experiments/HumanEvalJava/candor_new/run_0/fix/src/test/java/original/id_89Test.java 
list index out of range
2025-08-14 18:44:55,774   ERROR : Error in oracle fixer: /home/qinghua/projects/matg/data/experiments/HumanEvalJava/candor_new/run_0/fix/src/test/java/original/id_40Test.java 
list index out of range
2025-08-14 18:44:56,372   ERROR : Error in oracle fixer: /home/qinghua/projects/matg/data/experiments/HumanEvalJava/candor_new/run_0/fix/src/test/java/original/id_68Test.java 
list index out of range
2025-08-14 18:45:11,672   ERROR : Error in oracle fixer: /home/qinghua/projects/matg/data/experiments/HumanEvalJava/candor_new/run_0/fix/src/test/java/original/id_155Test.java 
list index out of range
2025-08-14 18:45:31,505   ERROR : Error in oracle fixer: /home/qinghua/projects/matg/data/experiments/HumanEvalJava/candor_new/run_0/fix/src/test/java/original/id_65Test.java 
list index out of range
2025-08-14 18:45:32,957   ERROR : Error in oracle fixer: /home/qinghua/projects/matg/data/experiments/HumanEvalJava/candor_new/run_0/fix/src/test/java/original/id_115Test.java 
list index out of range
2025-08-14 18:45:45,453   ERROR : Error in oracle fixer: /home/qinghua/projects/matg/data/experiments/HumanEvalJava/candor_new/run_0/fix/src/test/java/original/id_96Test.java 
list index out of range
2025-08-14 18:45:47,495   ERROR : Error in oracle fixer: /home/qinghua/projects/matg/data/experiments/HumanEvalJava/candor_new/run_0/fix/src/test/java/original/id_152Test.java 
list index out of range
2025-08-14 18:45:52,888   ERROR : Error in oracle fixer: /home/qinghua/projects/matg/data/experiments/HumanEvalJava/candor_new/run_0/fix/src/test/java/original/id_129Test.java 
list index out of range
2025-08-14 18:46:02,262   ERROR : Error in oracle fixer: /home/qinghua/projects/matg/data/experiments/HumanEvalJava/candor_new/run_0/fix/src/test/java/original/id_87Test.java 
list index out of range
2025-08-14 18:46:04,015   ERROR : Error in oracle fixer: /home/qinghua/projects/matg/data/experiments/HumanEvalJava/candor_new/run_0/fix/src/test/java/original/id_77Test.java 
list index out of range
2025-08-14 18:46:22,372   ERROR : Error in oracle fixer: /home/qinghua/projects/matg/data/experiments/HumanEvalJava/candor_new/run_0/fix/src/test/java/original/id_2Test.java 
list index out of range
2025-08-14 18:46:25,099   ERROR : Error in oracle fixer: /home/qinghua/projects/matg/data/experiments/HumanEvalJava/candor_new/run_0/fix/src/test/java/original/id_61Test.java 
list index out of range
2025-08-14 18:46:28,543   ERROR : Error in oracle fixer: /home/qinghua/projects/matg/data/experiments/HumanEvalJava/candor_new/run_0/fix/src/test/java/original/id_149Test.java 
list index out of range
2025-08-14 18:46:41,580   ERROR : Error in oracle fixer: /home/qinghua/projects/matg/data/experiments/HumanEvalJava/candor_new/run_0/fix/src/test/java/original/id_156Test.java 
list index out of range
2025-08-14 18:46:47,004   ERROR : Error in oracle fixer: /home/qinghua/projects/matg/data/experiments/HumanEvalJava/candor_new/run_0/fix/src/test/java/original/id_101Test.java 
list index out of range
2025-08-14 18:46:54,215   ERROR : Error in oracle fixer: /home/qinghua/projects/matg/data/experiments/HumanEvalJava/candor_new/run_0/fix/src/test/java/original/id_75Test.java 
list index out of range
2025-08-14 18:47:10,519   ERROR : Error in oracle fixer: /home/qinghua/projects/matg/data/experiments/HumanEvalJava/candor_new/run_0/fix/src/test/java/original/id_106Test.java 
list index out of range
2025-08-14 18:47:11,757   ERROR : Error in oracle fixer: /home/qinghua/projects/matg/data/experiments/HumanEvalJava/candor_new/run_0/fix/src/test/java/original/id_113Test.java 
list index out of range
2025-08-14 18:47:23,184   ERROR : Error in oracle fixer: /home/qinghua/projects/matg/data/experiments/HumanEvalJava/candor_new/run_0/fix/src/test/java/original/id_13Test.java 
list index out of range
2025-08-14 18:47:29,219   ERROR : Error in oracle fixer: /home/qinghua/projects/matg/data/experiments/HumanEvalJava/candor_new/run_0/fix/src/test/java/original/id_56Test.java 
list index out of range
2025-08-14 18:47:37,986   ERROR : Error in oracle fixer: /home/qinghua/projects/matg/data/experiments/HumanEvalJava/candor_new/run_0/fix/src/test/java/original/id_68Test.java 
list index out of range
2025-08-14 18:47:46,284   ERROR : Error in oracle fixer: /home/qinghua/projects/matg/data/experiments/HumanEvalJava/candor_new/run_0/fix/src/test/java/original/id_138Test.java 
list index out of range
2025-08-14 18:48:13,561   ERROR : Error in oracle fixer: /home/qinghua/projects/matg/data/experiments/HumanEvalJava/candor_new/run_0/fix/src/test/java/original/id_107Test.java 
list index out of range
2025-08-14 18:48:20,948   ERROR : Error in oracle fixer: /home/qinghua/projects/matg/data/experiments/HumanEvalJava/candor_new/run_0/fix/src/test/java/original/id_127Test.java 
list index out of range
2025-08-14 18:48:24,465   ERROR : Error in oracle fixer: /home/qinghua/projects/matg/data/experiments/HumanEvalJava/candor_new/run_0/fix/src/test/java/original/id_129Test.java 
list index out of range
2025-08-14 18:48:26,544   ERROR : Error in oracle fixer: /home/qinghua/projects/matg/data/experiments/HumanEvalJava/candor_new/run_0/fix/src/test/java/original/id_145Test.java 
list index out of range
2025-08-14 18:48:30,226   ERROR : Error in oracle fixer: /home/qinghua/projects/matg/data/experiments/HumanEvalJava/candor_new/run_0/fix/src/test/java/original/id_24Test.java 
list index out of range
2025-08-14 18:48:41,282   ERROR : Error in oracle fixer: /home/qinghua/projects/matg/data/experiments/HumanEvalJava/candor_new/run_0/fix/src/test/java/original/id_77Test.java 
list index out of range
2025-08-14 18:48:53,676   ERROR : Error in oracle fixer: /home/qinghua/projects/matg/data/experiments/HumanEvalJava/candor_new/run_0/fix/src/test/java/original/id_141Test.java 
list index out of range
2025-08-14 18:48:55,385   ERROR : Error in oracle fixer: /home/qinghua/projects/matg/data/experiments/HumanEvalJava/candor_new/run_0/fix/src/test/java/original/id_64Test.java 
list index out of range
2025-08-14 18:48:55,671   ERROR : Error in oracle fixer: /home/qinghua/projects/matg/data/experiments/HumanEvalJava/candor_new/run_0/fix/src/test/java/original/id_61Test.java 
list index out of range
2025-08-14 18:48:55,877   ERROR : Error in oracle fixer: /home/qinghua/projects/matg/data/experiments/HumanEvalJava/candor_new/run_0/fix/src/test/java/original/id_25Test.java 
list index out of range
2025-08-14 18:49:08,796   ERROR : Error in oracle fixer: /home/qinghua/projects/matg/data/experiments/HumanEvalJava/candor_new/run_0/fix/src/test/java/original/id_5Test.java 
list index out of range
2025-08-14 18:49:08,797   ERROR : Error in oracle fixer: /home/qinghua/projects/matg/data/experiments/HumanEvalJava/candor_new/run_0/fix/src/test/java/original/id_52Test.java 
list index out of range
2025-08-14 18:49:18,475   ERROR : Error in oracle fixer: /home/qinghua/projects/matg/data/experiments/HumanEvalJava/candor_new/run_0/fix/src/test/java/original/id_7Test.java 
list index out of range
2025-08-14 18:49:20,911   ERROR : Error in oracle fixer: /home/qinghua/projects/matg/data/experiments/HumanEvalJava/candor_new/run_0/fix/src/test/java/original/id_156Test.java 
list index out of range
2025-08-14 18:49:21,967   ERROR : Error in oracle fixer: /home/qinghua/projects/matg/data/experiments/HumanEvalJava/candor_new/run_0/fix/src/test/java/original/id_55Test.java 
list index out of range
2025-08-14 18:49:28,326   ERROR : Error in oracle fixer: /home/qinghua/projects/matg/data/experiments/HumanEvalJava/candor_new/run_0/fix/src/test/java/original/id_45Test.java 
list index out of range
2025-08-14 18:49:32,649   ERROR : Error in oracle fixer: /home/qinghua/projects/matg/data/experiments/HumanEvalJava/candor_new/run_0/fix/src/test/java/original/id_63Test.java 
list index out of range
2025-08-14 18:49:35,215   ERROR : Error in oracle fixer: /home/qinghua/projects/matg/data/experiments/HumanEvalJava/candor_new/run_0/fix/src/test/java/original/id_36Test.java 
list index out of range
2025-08-14 18:49:43,540   ERROR : Error in oracle fixer: /home/qinghua/projects/matg/data/experiments/HumanEvalJava/candor_new/run_0/fix/src/test/java/original/id_22Test.java 
list index out of range
2025-08-14 18:49:46,267   ERROR : Error in oracle fixer: /home/qinghua/projects/matg/data/experiments/HumanEvalJava/candor_new/run_0/fix/src/test/java/original/id_14Test.java 
list index out of range
2025-08-14 18:49:52,541   ERROR : Error in oracle fixer: /home/qinghua/projects/matg/data/experiments/HumanEvalJava/candor_new/run_0/fix/src/test/java/original/id_75Test.java 
list index out of range
2025-08-14 18:50:02,663   ERROR : Error in oracle fixer: /home/qinghua/projects/matg/data/experiments/HumanEvalJava/candor_new/run_0/fix/src/test/java/original/id_44Test.java 
list index out of range
2025-08-14 18:50:17,257   ERROR : Error in oracle fixer: /home/qinghua/projects/matg/data/experiments/HumanEvalJava/candor_new/run_0/fix/src/test/java/original/id_110Test.java 
list index out of range
2025-08-14 18:50:19,610   ERROR : Error in oracle fixer: /home/qinghua/projects/matg/data/experiments/HumanEvalJava/candor_new/run_0/fix/src/test/java/original/id_124Test.java 
list index out of range
2025-08-14 18:50:28,541   ERROR : Error in oracle fixer: /home/qinghua/projects/matg/data/experiments/HumanEvalJava/candor_new/run_0/fix/src/test/java/original/id_13Test.java 
list index out of range
2025-08-14 18:50:42,176   ERROR : Error in oracle fixer: /home/qinghua/projects/matg/data/experiments/HumanEvalJava/candor_new/run_0/fix/src/test/java/original/id_103Test.java 
list index out of range
2025-08-14 18:50:48,239   ERROR : Error in oracle fixer: /home/qinghua/projects/matg/data/experiments/HumanEvalJava/candor_new/run_0/fix/src/test/java/original/id_89Test.java 
list index out of range
2025-08-14 18:50:57,576   ERROR : Error in oracle fixer: /home/qinghua/projects/matg/data/experiments/HumanEvalJava/candor_new/run_0/fix/src/test/java/original/id_86Test.java 
list index out of range
2025-08-14 18:51:07,409   ERROR : Error in oracle fixer: /home/qinghua/projects/matg/data/experiments/HumanEvalJava/candor_new/run_0/fix/src/test/java/original/id_107Test.java 
list index out of range
2025-08-14 18:51:18,966   ERROR : Error in oracle fixer: /home/qinghua/projects/matg/data/experiments/HumanEvalJava/candor_new/run_0/fix/src/test/java/original/id_155Test.java 
list index out of range
2025-08-14 18:51:19,732   ERROR : Error in oracle fixer: /home/qinghua/projects/matg/data/experiments/HumanEvalJava/candor_new/run_0/fix/src/test/java/original/id_24Test.java 
list index out of range
2025-08-14 18:51:22,430   ERROR : Error in oracle fixer: /home/qinghua/projects/matg/data/experiments/HumanEvalJava/candor_new/run_0/fix/src/test/java/original/id_35Test.java 
list index out of range
2025-08-14 18:51:23,002   ERROR : Error in oracle fixer: /home/qinghua/projects/matg/data/experiments/HumanEvalJava/candor_new/run_0/fix/src/test/java/original/id_142Test.java 
list index out of range
2025-08-14 18:51:53,682   ERROR : Error in oracle fixer: /home/qinghua/projects/matg/data/experiments/HumanEvalJava/candor_new/run_0/fix/src/test/java/original/id_59Test.java 
list index out of range
2025-08-14 18:51:59,927   ERROR : Error in oracle fixer: /home/qinghua/projects/matg/data/experiments/HumanEvalJava/candor_new/run_0/fix/src/test/java/original/id_141Test.java 
list index out of range
2025-08-14 18:52:03,251   ERROR : Error in oracle fixer: /home/qinghua/projects/matg/data/experiments/HumanEvalJava/candor_new/run_0/fix/src/test/java/original/id_46Test.java 
list index out of range
2025-08-14 18:52:10,154   ERROR : Error in oracle fixer: /home/qinghua/projects/matg/data/experiments/HumanEvalJava/candor_new/run_0/fix/src/test/java/original/id_62Test.java 
list index out of range
2025-08-14 18:52:13,210   ERROR : Error in oracle fixer: /home/qinghua/projects/matg/data/experiments/HumanEvalJava/candor_new/run_0/fix/src/test/java/original/id_87Test.java 
list index out of range
2025-08-14 18:52:24,834   ERROR : Error in oracle fixer: /home/qinghua/projects/matg/data/experiments/HumanEvalJava/candor_new/run_0/fix/src/test/java/original/id_151Test.java 
list index out of range
2025-08-14 18:52:35,039   ERROR : Error in oracle fixer: /home/qinghua/projects/matg/data/experiments/HumanEvalJava/candor_new/run_0/fix/src/test/java/original/id_5Test.java 
list index out of range
2025-08-14 18:52:37,715   ERROR : Error in oracle fixer: /home/qinghua/projects/matg/data/experiments/HumanEvalJava/candor_new/run_0/fix/src/test/java/original/id_30Test.java 
list index out of range
2025-08-14 18:52:38,672   ERROR : Error in oracle fixer: /home/qinghua/projects/matg/data/experiments/HumanEvalJava/candor_new/run_0/fix/src/test/java/original/id_54Test.java 
list index out of range
2025-08-14 18:52:56,731   ERROR : Error in oracle fixer: /home/qinghua/projects/matg/data/experiments/HumanEvalJava/candor_new/run_0/fix/src/test/java/original/id_113Test.java 
list index out of range
2025-08-14 18:52:59,619   ERROR : Error in oracle fixer: /home/qinghua/projects/matg/data/experiments/HumanEvalJava/candor_new/run_0/fix/src/test/java/original/id_55Test.java 
list index out of range
2025-08-14 18:53:00,111   ERROR : Error in oracle fixer: /home/qinghua/projects/matg/data/experiments/HumanEvalJava/candor_new/run_0/fix/src/test/java/original/id_65Test.java 
list index out of range
2025-08-14 18:53:26,632   ERROR : Error in oracle fixer: /home/qinghua/projects/matg/data/experiments/HumanEvalJava/candor_new/run_0/fix/src/test/java/original/id_69Test.java 
list index out of range
2025-08-14 18:53:37,286   ERROR : Error in oracle fixer: /home/qinghua/projects/matg/data/experiments/HumanEvalJava/candor_new/run_0/fix/src/test/java/original/id_68Test.java 
list index out of range
2025-08-14 18:53:39,895   ERROR : Error in oracle fixer: /home/qinghua/projects/matg/data/experiments/HumanEvalJava/candor_new/run_0/fix/src/test/java/original/id_36Test.java 
list index out of range
2025-08-14 18:53:45,336   ERROR : Error in oracle fixer: /home/qinghua/projects/matg/data/experiments/HumanEvalJava/candor_new/run_0/fix/src/test/java/original/id_76Test.java 
list index out of range
2025-08-14 18:53:48,171   ERROR : Error in oracle fixer: /home/qinghua/projects/matg/data/experiments/HumanEvalJava/candor_new/run_0/fix/src/test/java/original/id_96Test.java 
list index out of range
2025-08-14 18:54:01,686   ERROR : Error in oracle fixer: /home/qinghua/projects/matg/data/experiments/HumanEvalJava/candor_new/run_0/fix/src/test/java/original/id_129Test.java 
list index out of range
2025-08-14 18:54:02,098   ERROR : Error in oracle fixer: /home/qinghua/projects/matg/data/experiments/HumanEvalJava/candor_new/run_0/fix/src/test/java/original/id_149Test.java 
list index out of range
2025-08-14 18:54:04,860   ERROR : Error in oracle fixer: /home/qinghua/projects/matg/data/experiments/HumanEvalJava/candor_new/run_0/fix/src/test/java/original/id_14Test.java 
list index out of range
2025-08-14 18:54:15,222   ERROR : Error in oracle fixer: /home/qinghua/projects/matg/data/experiments/HumanEvalJava/candor_new/run_0/fix/src/test/java/original/id_77Test.java 
list index out of range
2025-08-14 18:54:21,296   ERROR : Error in oracle fixer: /home/qinghua/projects/matg/data/experiments/HumanEvalJava/candor_new/run_0/fix/src/test/java/original/id_56Test.java 
list index out of range
2025-08-14 18:54:29,705   ERROR : Error in oracle fixer: /home/qinghua/projects/matg/data/experiments/HumanEvalJava/candor_new/run_0/fix/src/test/java/original/id_61Test.java 
list index out of range
2025-08-14 18:54:32,177   ERROR : Error in oracle fixer: /home/qinghua/projects/matg/data/experiments/HumanEvalJava/candor_new/run_0/fix/src/test/java/original/id_124Test.java 
list index out of range
2025-08-14 18:54:44,458   ERROR : Error in oracle fixer: /home/qinghua/projects/matg/data/experiments/HumanEvalJava/candor_new/run_0/fix/src/test/java/original/id_145Test.java 
list index out of range
2025-08-14 18:54:44,672   ERROR : Error in oracle fixer: /home/qinghua/projects/matg/data/experiments/HumanEvalJava/candor_new/run_0/fix/src/test/java/original/id_156Test.java 
list index out of range
2025-08-14 18:55:00,258   ERROR : Error in oracle fixer: /home/qinghua/projects/matg/data/experiments/HumanEvalJava/candor_new/run_0/fix/src/test/java/original/id_75Test.java 
list index out of range
2025-08-14 18:55:00,683   ERROR : Error in oracle fixer: /home/qinghua/projects/matg/data/experiments/HumanEvalJava/candor_new/run_0/fix/src/test/java/original/id_142Test.java 
list index out of range
2025-08-14 18:55:01,524   ERROR : Error in oracle fixer: /home/qinghua/projects/matg/data/experiments/HumanEvalJava/candor_new/run_0/fix/src/test/java/original/id_64Test.java 
list index out of range
2025-08-14 18:55:16,645   ERROR : Error in oracle fixer: /home/qinghua/projects/matg/data/experiments/HumanEvalJava/candor_new/run_0/fix/src/test/java/original/id_13Test.java 
list index out of range
2025-08-14 18:55:30,942   ERROR : Error in oracle fixer: /home/qinghua/projects/matg/data/experiments/HumanEvalJava/candor_new/run_0/fix/src/test/java/original/id_59Test.java 
list index out of range
2025-08-14 18:55:31,218   ERROR : Error in oracle fixer: /home/qinghua/projects/matg/data/experiments/HumanEvalJava/candor_new/run_0/fix/src/test/java/original/id_7Test.java 
list index out of range
2025-08-14 18:55:38,926   ERROR : Error in oracle fixer: /home/qinghua/projects/matg/data/experiments/HumanEvalJava/candor_new/run_0/fix/src/test/java/original/id_107Test.java 
list index out of range
2025-08-14 18:55:50,295   ERROR : Error in oracle fixer: /home/qinghua/projects/matg/data/experiments/HumanEvalJava/candor_new/run_0/fix/src/test/java/original/id_24Test.java 
list index out of range
2025-08-14 18:55:50,508   ERROR : Error in oracle fixer: /home/qinghua/projects/matg/data/experiments/HumanEvalJava/candor_new/run_0/fix/src/test/java/original/id_45Test.java 
list index out of range
2025-08-14 18:55:52,144   ERROR : Error in oracle fixer: /home/qinghua/projects/matg/data/experiments/HumanEvalJava/candor_new/run_0/fix/src/test/java/original/id_62Test.java 
list index out of range
2025-08-14 18:56:12,243   ERROR : Error in oracle fixer: /home/qinghua/projects/matg/data/experiments/HumanEvalJava/candor_new/run_0/fix/src/test/java/original/id_22Test.java 
list index out of range
2025-08-14 18:56:23,168   ERROR : Error in oracle fixer: /home/qinghua/projects/matg/data/experiments/HumanEvalJava/candor_new/run_0/fix/src/test/java/original/id_151Test.java 
list index out of range
2025-08-14 18:56:33,488   ERROR : Error in oracle fixer: /home/qinghua/projects/matg/data/experiments/HumanEvalJava/candor_new/run_0/fix/src/test/java/original/id_141Test.java 
list index out of range
2025-08-14 18:56:47,001   ERROR : Error in oracle fixer: /home/qinghua/projects/matg/data/experiments/HumanEvalJava/candor_new/run_0/fix/src/test/java/original/id_5Test.java 
list index out of range
2025-08-14 18:56:49,597   ERROR : Error in oracle fixer: /home/qinghua/projects/matg/data/experiments/HumanEvalJava/candor_new/run_0/fix/src/test/java/original/id_30Test.java 
list index out of range
2025-08-14 18:57:00,474   ERROR : Error in oracle fixer: /home/qinghua/projects/matg/data/experiments/HumanEvalJava/candor_new/run_0/fix/src/test/java/original/id_55Test.java 
list index out of range
2025-08-14 18:57:00,643   ERROR : Error in oracle fixer: /home/qinghua/projects/matg/data/experiments/HumanEvalJava/candor_new/run_0/fix/src/test/java/original/id_110Test.java 
list index out of range
2025-08-14 18:57:17,083   ERROR : Error in oracle fixer: /home/qinghua/projects/matg/data/experiments/HumanEvalJava/candor_new/run_0/fix/src/test/java/original/id_89Test.java 
list index out of range
2025-08-14 18:57:24,534   ERROR : Error in oracle fixer: /home/qinghua/projects/matg/data/experiments/HumanEvalJava/candor_new/run_0/fix/src/test/java/original/id_69Test.java 
list index out of range
2025-08-14 18:57:31,369   ERROR : Error in oracle fixer: /home/qinghua/projects/matg/data/experiments/HumanEvalJava/candor_new/run_0/fix/src/test/java/original/id_36Test.java 
list index out of range
2025-08-14 18:57:33,494   ERROR : Error in oracle fixer: /home/qinghua/projects/matg/data/experiments/HumanEvalJava/candor_new/run_0/fix/src/test/java/original/id_155Test.java 
list index out of range
2025-08-14 18:57:43,905   ERROR : Error in oracle fixer: /home/qinghua/projects/matg/data/experiments/HumanEvalJava/candor_new/run_0/fix/src/test/java/original/id_76Test.java 
list index out of range
2025-08-14 18:57:50,460   ERROR : Error in oracle fixer: /home/qinghua/projects/matg/data/experiments/HumanEvalJava/candor_new/run_0/fix/src/test/java/original/id_14Test.java 
list index out of range
2025-08-14 18:58:12,646   ERROR : Error in oracle fixer: /home/qinghua/projects/matg/data/experiments/HumanEvalJava/candor_new/run_0/fix/src/test/java/original/id_87Test.java 
list index out of range
2025-08-14 18:58:14,283   ERROR : Error in oracle fixer: /home/qinghua/projects/matg/data/experiments/HumanEvalJava/candor_new/run_0/fix/src/test/java/original/id_124Test.java 
list index out of range
2025-08-14 18:58:33,276   ERROR : Error in oracle fixer: /home/qinghua/projects/matg/data/experiments/HumanEvalJava/candor_new/run_0/fix/src/test/java/original/id_142Test.java 
list index out of range
2025-08-14 18:58:43,713   ERROR : Error in oracle fixer: /home/qinghua/projects/matg/data/experiments/HumanEvalJava/candor_new/run_0/fix/src/test/java/original/id_113Test.java 
list index out of range
2025-08-14 18:58:44,754   ERROR : Error in oracle fixer: /home/qinghua/projects/matg/data/experiments/HumanEvalJava/candor_new/run_0/fix/src/test/java/original/id_59Test.java 
list index out of range
2025-08-14 18:58:58,508   ERROR : Error in oracle fixer: /home/qinghua/projects/matg/data/experiments/HumanEvalJava/candor_new/run_0/fix/src/test/java/original/id_62Test.java 
list index out of range
2025-08-14 18:58:59,628   ERROR : Error in oracle fixer: /home/qinghua/projects/matg/data/experiments/HumanEvalJava/candor_new/run_0/fix/src/test/java/original/id_68Test.java 
list index out of range
2025-08-14 18:59:26,543   ERROR : Error in oracle fixer: /home/qinghua/projects/matg/data/experiments/HumanEvalJava/candor_new/run_0/fix/src/test/java/original/id_151Test.java 
list index out of range
2025-08-14 18:59:37,044   ERROR : Error in oracle fixer: /home/qinghua/projects/matg/data/experiments/HumanEvalJava/candor_new/run_0/fix/src/test/java/original/id_129Test.java 
list index out of range
2025-08-14 18:59:52,397   ERROR : Error in oracle fixer: /home/qinghua/projects/matg/data/experiments/HumanEvalJava/candor_new/run_0/fix/src/test/java/original/id_30Test.java 
list index out of range
2025-08-14 18:59:54,229   ERROR : Error in oracle fixer: /home/qinghua/projects/matg/data/experiments/HumanEvalJava/candor_new/run_0/fix/src/test/java/original/id_77Test.java 
list index out of range
2025-08-14 19:00:08,154   ERROR : Error in oracle fixer: /home/qinghua/projects/matg/data/experiments/HumanEvalJava/candor_new/run_0/fix/src/test/java/original/id_61Test.java 
list index out of range
2025-08-14 19:00:18,796   ERROR : Error in oracle fixer: /home/qinghua/projects/matg/data/experiments/HumanEvalJava/candor_new/run_0/fix/src/test/java/original/id_69Test.java 
list index out of range
2025-08-14 19:00:28,446   ERROR : Error in oracle fixer: /home/qinghua/projects/matg/data/experiments/HumanEvalJava/candor_new/run_0/fix/src/test/java/original/id_156Test.java 
list index out of range
2025-08-14 19:00:33,638   ERROR : Error in oracle fixer: /home/qinghua/projects/matg/data/experiments/HumanEvalJava/candor_new/run_0/fix/src/test/java/original/id_76Test.java 
list index out of range
2025-08-14 19:00:44,178   ERROR : Error in oracle fixer: /home/qinghua/projects/matg/data/experiments/HumanEvalJava/candor_new/run_0/fix/src/test/java/original/id_75Test.java 
list index out of range
2025-08-14 19:01:09,123   ERROR : Error in oracle fixer: /home/qinghua/projects/matg/data/experiments/HumanEvalJava/candor_new/run_0/fix/src/test/java/original/id_13Test.java 
list index out of range
2025-08-14 19:01:36,036   ERROR : Error in oracle fixer: /home/qinghua/projects/matg/data/experiments/HumanEvalJava/candor_new/run_0/fix/src/test/java/original/id_107Test.java 
list index out of range
2025-08-14 19:02:00,657   ERROR : Error in oracle fixer: /home/qinghua/projects/matg/data/experiments/HumanEvalJava/candor_new/run_0/fix/src/test/java/original/id_24Test.java 
list index out of range
2025-08-14 19:02:35,416   ERROR : Error in oracle fixer: /home/qinghua/projects/matg/data/experiments/HumanEvalJava/candor_new/run_0/fix/src/test/java/original/id_141Test.java 
list index out of range
2025-08-14 19:02:51,029   ERROR : Error in oracle fixer: /home/qinghua/projects/matg/data/experiments/HumanEvalJava/candor_new/run_0/fix/src/test/java/original/id_5Test.java 
list index out of range
2025-08-14 19:02:59,578   ERROR : Error in oracle fixer: /home/qinghua/projects/matg/data/experiments/HumanEvalJava/candor_new/run_0/fix/src/test/java/original/id_55Test.java 
list index out of range
2025-08-14 19:03:10,505   ERROR : Error in oracle fixer: /home/qinghua/projects/matg/data/experiments/HumanEvalJava/candor_new/run_0/fix/src/test/java/original/id_36Test.java 
list index out of range
2025-08-14 19:03:29,303   ERROR : Error in oracle fixer: /home/qinghua/projects/matg/data/experiments/HumanEvalJava/candor_new/run_0/fix/src/test/java/original/id_14Test.java 
list index out of range
2025-08-14 19:04:06,481   ERROR : Error in oracle fixer: /home/qinghua/projects/matg/data/experiments/HumanEvalJava/candor_new/run_0/fix/src/test/java/original/id_124Test.java 
list index out of range
2025-08-14 19:04:22,439   ERROR : Error in oracle fixer: /home/qinghua/projects/matg/data/experiments/HumanEvalJava/candor_new/run_0/fix/src/test/java/original/id_142Test.java 
list index out of range
2025-08-14 19:04:44,619   ERROR : Error in oracle fixer: /home/qinghua/projects/matg/data/experiments/HumanEvalJava/candor_new/run_0/fix/src/test/java/original/id_59Test.java 
list index out of range
2025-08-14 19:05:07,488   ERROR : Error in oracle fixer: /home/qinghua/projects/matg/data/experiments/HumanEvalJava/candor_new/run_0/fix/src/test/java/original/id_62Test.java 
list index out of range
2025-08-14 19:05:18,929   ERROR : Error in oracle fixer: /home/qinghua/projects/matg/data/experiments/HumanEvalJava/candor_new/run_0/fix/src/test/java/original/id_151Test.java 
list index out of range
2025-08-14 19:05:33,956   ERROR : Error in oracle fixer: /home/qinghua/projects/matg/data/experiments/HumanEvalJava/candor_new/run_0/fix/src/test/java/original/id_30Test.java 
list index out of range
2025-08-14 19:05:59,740   ERROR : Error in oracle fixer: /home/qinghua/projects/matg/data/experiments/HumanEvalJava/candor_new/run_0/fix/src/test/java/original/id_69Test.java 
list index out of range
2025-08-14 19:06:12,176   ERROR : Error in oracle fixer: /home/qinghua/projects/matg/data/experiments/HumanEvalJava/candor_new/run_0/fix/src/test/java/original/id_76Test.java 
list index out of range
2025-08-14 23:24:48,726   ERROR : Error in oracle fixer: /home/qinghua/projects/matg/data/experiments/HumanEvalJava/candor_new/run_0/fix/src/test/java/original/id_8Test.java 
Invalid json output: Based on the analysis provided by your team members, I will provide a final judgement on the test case.

**Final Judgement**

Since all three senior testers agree that the original oracle is incorrect and should be changed to expect a ClassCastException instead of an IllegalArgumentException, I concur with their assessment.

**New Test Case Code**

Here is the updated test case code with the corrected oracle:

```java
@Test
public void testSumProductNonIntegerElement() {
    List<Object> numbers = new ArrayList<>();
    numbers.add(1);
    numbers.add("a");
    numbers.add(3);
    assertThrows(ClassCastException.class, () -> SumProduct.sumProduct(numbers));
}
```

**Output in JSON Format**

Here is the final output in JSON format:

```json
{
  "judgement": false,
  "test_case_code": "@Test\npublic void testSumProductNonIntegerElement() {\n    List<Object> numbers = new ArrayList<>();\n    numbers.add(1);\n    numbers.add(\"a\");\n    numbers.add(3);\n    assertThrows(ClassCastException.class, () -> SumProduct.sumProduct(numbers));\n}"
}
```
For troubleshooting, visit: https://python.langchain.com/docs/troubleshooting/errors/OUTPUT_PARSING_FAILURE 
2025-08-15 00:56:01,690   ERROR : Error in oracle fixer: /home/qinghua/projects/matg/data/experiments/HumanEvalJava/candor_new/run_0/fix/src/test/java/original/id_42Test.java 
Invalid json output: Based on the analysis provided by your team members, I will summarize their findings and provide a final judgment on the test case.

All three senior testers agree that the old oracle is correct. They believe that the assertions correctly verify the expected output of the `IncrList.incrList` method, which increments each element in the input list by 1.

However, upon closer inspection, it appears that there might be an issue with the test case. The assertion `assertEquals(2, result.get(0))` checks if the first element of the result list is 2, but considering the input list starts with 1 and each element should be incremented by 1, the expected first element should actually be 2.

To fully verify the correctness of the method, additional assertions for the remaining elements in the result list are necessary. The current test case only checks the size of the result list and the value of its first element.

Considering these points, I will provide a final judgment on the test case.


```
{
    "judgement": false,
    "test_case_code": 
    """
    @Test
    void testIncrList_withIntegerValues_ReturnsIncrementedValues() {
        List<Object> input = new ArrayList<>();
        input.add(1);
        input.add(2);
        input.add(3);

        List<Object> result = IncrList.incrList(input);
        assertEquals(3, result.size());
        assertEquals(2, result.get(0));
        assertEquals(3, result.get(1));
        assertEquals(4, result.get(2));
    }
    """
}
```
For troubleshooting, visit: https://python.langchain.com/docs/troubleshooting/errors/OUTPUT_PARSING_FAILURE 
2025-08-15 02:12:30,735   ERROR : Error in oracle fixer: /home/qinghua/projects/matg/data/experiments/HumanEvalJava/candor_new/run_0/fix/src/test/java/original/id_81Test.java 
Invalid json output: {"judgement": false, "old_oracle": "[\'A+\', \'B\', \'C-\', \'C\', \'A-\']", "new_oracle": "[\'A+\', \'B\', \'C-\', \'C\', \'A-\'] with a correct GPA scale: A+: >=4.0, A: 3.7 to <4.0, A-: 3.5 to <=3.7, B+: 3.2 to <=3.5, B: 3.0 to <=3.2, B-: 2.7 to <=3.0, C+: 2.3 to <=2.7, C: 2.0 to <=2.3", "explanation": "He believes the test oracle is incorrect because he doesn\'t see how [4.0,3,1.7,2,3.5] can map to [\'A+\', \'B\', \'C-\', \'C\', \'A-\'] according to a standard GPA scale. Based on his understanding of the GPA scale (A+: >=4.0, A: 3.7 to <4.0, A-: 3.5 to <=3.7, B+: 3.2 to <=3.5, B: 3.0 to <=3.2, B-: 2.7 to <=3.0, C+: 2.3 to <=2.7, C: 2.0 to <=2.3), he thinks the correct mapping is [4.0 -> \'A+\', 3 -> \'B\', 1.7 -> \'C-\', 2 -> \'C\', 3.5 -> \'A-\']. Hence, the old oracle is incorrect and needs to be updated."}
For troubleshooting, visit: https://python.langchain.com/docs/troubleshooting/errors/OUTPUT_PARSING_FAILURE 
2025-08-15 04:38:51,429   ERROR : Error in oracle fixer: /home/qinghua/projects/matg/data/experiments/HumanEvalJava/candor_new/run_0/fix/src/test/java/original/id_132Test.java 
Invalid json output: Based on the excellent tester's thoughts, here is the output in JSON format:

```
{
  "judgement": true,
  "old_oracle": "assertFalse",
  "new_oracle": "assertFalse",
  "explanation": "The function should return false because a single \'[\' cannot form a valid subsequence with nesting."
}
```
For troubleshooting, visit: https://python.langchain.com/docs/troubleshooting/errors/OUTPUT_PARSING_FAILURE 
2025-08-15 05:29:31,167   ERROR : Error in oracle fixer: /home/qinghua/projects/matg/data/experiments/HumanEvalJava/candor_new/run_0/fix/src/test/java/original/id_93Test.java 
Invalid json output: Based on the analysis provided by your team members, I will summarize their findings and provide a final judgment on the test case.

**Summary of Analysis:**

* Senior Tester 1 suggests that the test oracle is incorrect and should be `C G K Q W c g k q w`.
* Senior Tester 2 initially thought the test oracle was incorrect but later realized it was correct, suggesting `CGKQWcgkqw` as the correct oracle.
* Senior Tester 3 also believes the test oracle is incorrect and suggests `CGKWGckgkqw` as the correct output.

**Final Judgment:**

Based on the analysis, it appears that there is some disagreement among team members about the correct test oracle. However, since two out of three team members (Senior Testers 2 and 3) agree that the original test oracle `CGKQWcgkqw` is incorrect, I will err on the side of caution and conclude that the old test oracle is indeed incorrect.

However, there is no clear consensus on what the correct test oracle should be. Senior Tester 1 suggests `C G K Q W c g k q w`, while Senior Tester 3 suggests `CGKWGckgkqw`. Without further clarification or additional analysis, it's difficult to determine which of these two options is correct.

**New Test Case Code:**

Given the uncertainty surrounding the correct test oracle, I will provide a revised test case code that reflects the most commonly suggested correction. In this case, I will use Senior Tester 3's suggestion as the new test oracle.

```java
@Test
void testEncodeMethodWithConsecutiveVowelsFixed3() {
    String input = "aeiouAEIOU";
    StringBuilder expectedOutput = new StringBuilder();
    for (char c : input.toCharArray()) {
        if (c >= 'a' && c <= 'z') {
            char swappedCaseChar = Character.toUpperCase(c);
            expectedOutput.append((char) ('A' + (swappedCaseChar - 'A' + 2) % 26));
        } else if (c >= 'A' && c <= 'Z') {
            char swappedCaseChar = Character.toLowerCase(c);
            expectedOutput.append((char) ('a' + (swappedCaseChar - 'a' + 2) % 26));
        }
    }
    assertEquals("CGKWGckgkqw", Encode.encode(input));
}
```

**JSON Output:**

```json
{
  "judgement": false,
  "test_case_code": "@Test\nvoid testEncodeMethodWithConsecutiveVowelsFixed3() {\n    String input = \"aeiouAEIOU\";\n    StringBuilder expectedOutput = new StringBuilder();\n    for (char c : input.toCharArray()) {\n        if (c >= 'a' && c <= 'z') {\n            char swappedCaseChar = Character.toUpperCase(c);\n            expectedOutput.append((char) ('A' + (swappedCaseChar - 'A' + 2) % 26));\n        } else if (c >= 'A' && c <= 'Z') {\n            char swappedCaseChar = Character.toLowerCase(c);\n            expectedOutput.append((char) ('a' + (swappedCaseChar - 'a' + 2) % 26));\n        }\n    }\n    assertEquals(\"CGKWGckgkqw\", Encode.encode(input));\n}"
}
```

Note that the `test_case_code` field contains the entire test case code with the corrected oracle.
For troubleshooting, visit: https://python.langchain.com/docs/troubleshooting/errors/OUTPUT_PARSING_FAILURE 
2025-08-15 05:33:38,267   ERROR : Error in oracle fixer: /home/qinghua/projects/matg/data/experiments/HumanEvalJava/candor_new/run_0/fix/src/test/java/original/id_80Test.java 
llama runner process has terminated: error loading model: unable to allocate CUDA0 buffer
llama_load_model_from_file: failed to load model (status code: 500)
2025-08-15 06:19:42,257   ERROR : Error in oracle fixer: /home/qinghua/projects/matg/data/experiments/HumanEvalJava/candor_new/run_0/fix/src/test/java/original/id_153Test.java 
llama runner process has terminated: error loading model: unable to allocate CUDA0 buffer
llama_load_model_from_file: failed to load model (status code: 500)
2025-08-15 06:29:14,879   ERROR : Error in oracle fixer: /home/qinghua/projects/matg/data/experiments/HumanEvalJava/candor_new/run_0/fix/src/test/java/original/id_3Test.java 
Invalid json output: Based on the analysis provided by your team members, I will summarize their analysis and provide a final judgement on the test case.

## Summary of Analysis:

* Senior Tester 1 suggests that the old oracle is incorrect and proposes a new oracle `assertEquals(java.lang.Boolean.FALSE, result)`, arguing that an empty list should return false, not null.
* Senior Tester 2 agrees that the old oracle is incorrect but does not provide a specific alternative oracle. They mention that the correct assertion should check for false when given an empty list using a valid Boolean comparison.
* Senior Tester 3 also agrees that the old oracle is incorrect and suggests that it should strictly expect false for an empty list, potentially masking bugs.

## Final Judgement:

Based on the analysis provided by the team members, I conclude that the old oracle is indeed incorrect. The majority of the team members (3 out of 5) agree that the test case's oracle should not allow a null result and should strictly expect false for an empty list.

## New Test Case Code:

Here is the updated test case code with the corrected oracle:
```java
@Test
public void testBelowZeroClassStaticMethodCall2() {
    java.util.List<java.lang.Object> operations = new java.util.ArrayList<>();
    Boolean result = original.BelowZero.belowZero(operations);
    assertEquals(java.lang.Boolean.FALSE, result);
}
```
This updated test case code reflects the corrected oracle proposed by Senior Tester 1, which is supported by the majority of the team members.

The final answer in JSON format:
```json
{
  "judgement": false,
  "test_case_code": "@Test\npublic void testBelowZeroClassStaticMethodCall2() {\n    java.util.List<java.lang.Object> operations = new java.util.ArrayList<>();\n    Boolean result = original.BelowZero.belowZero(operations);\n    assertEquals(java.lang.Boolean.FALSE, result);\n}"
}
```
For troubleshooting, visit: https://python.langchain.com/docs/troubleshooting/errors/OUTPUT_PARSING_FAILURE 
2025-08-15 09:06:33,421   ERROR : Error in oracle fixer: /home/qinghua/projects/matg/data/experiments/HumanEvalJava/candor_new/run_0/fix/src/test/java/original/id_135Test.java 
Invalid json output: Based on the analysis provided by the senior testers, I will make a final judgement on the test case.

After reviewing the explanations provided, it appears that there is no consensus among the team members regarding the correctness of the old oracle. However, three out of five team members (Senior Testers 2 and 3) agree that the test case is invalid due to incorrect input type or potential exceptions.

Therefore, I will make a final judgement based on the majority's opinion.

{
"judgement": false,
"test_case_code": "@Test\npublic void TestCanArrangeWithNonIntegerValues() {\n    List<Object> input = List.of(1, 2, \"a\");\n    assertThrows(Exception.class, () -> CanArrange.canArrange(input));\n}"
}

In the new test case code, I have replaced the expected result with an exception assertion, as suggested by Senior Tester 3. This change reflects the majority's opinion that the function should handle only integer arrays and including non-integer values leads to potential exceptions.
For troubleshooting, visit: https://python.langchain.com/docs/troubleshooting/errors/OUTPUT_PARSING_FAILURE 
2025-08-15 11:08:17,513   ERROR : Error in oracle fixer: /home/qinghua/projects/matg/data/experiments/HumanEvalJava/candor_new/run_0/fix/src/test/java/original/id_108Test.java 
llama runner process has terminated: error loading model: unable to allocate CUDA0 buffer
llama_load_model_from_file: failed to load model (status code: 500)
2025-08-15 12:18:10,527   ERROR : Error in oracle fixer: /home/qinghua/projects/matg/data/experiments/HumanEvalJava/candor_new/run_0/fix/src/test/java/original/id_105Test.java 
Invalid json output: Based on the analysis provided by the team members, all three senior testers agree that the test oracle is correct. Therefore, I will provide a final judgement based on their consensus.

{
"judgement": true,
"test_case_code": "@Test\npublic void testByLength_withArrayContainingSix() {\n    List<Object> arr = new ArrayList<>();\n    arr.add(9);\n    arr.add(4);\n    arr.add(8);\n    arr.add(6);\n    List<Object> expected_result = new ArrayList<>();\n    expected_result.add(\"Nine\");\n    expected_result.add(\"Eight\");\n    expected_result.add(\"Six\");\n    expected_result.add(\"Four\");\n    assertEquals(expected_result, ByLength.byLength(arr));\n}"
}
For troubleshooting, visit: https://python.langchain.com/docs/troubleshooting/errors/OUTPUT_PARSING_FAILURE 
2025-08-15 15:02:51,981   ERROR : Error in oracle fixer: /home/qinghua/projects/matg/data/experiments/HumanEvalJava/candor_new/run_0/fix/src/test/java/original/id_157Test.java 
Invalid json output: Based on the thoughts provided by the excellent tester, I have summarized his thoughts into a JSON object that conforms to the provided schema.

Here is the output:

```
{
  "judgement": true,
  "old_oracle": "assertTrue",
  "new_oracle": "assertTrue",
  "explanation": "The test case correctly checks if (5, 12, 13) forms a right-angled triangle. Since \(5^2 + 12^2 = 13^2\), the oracle is correct."
}
```

In this output:

* `judgement` is set to `true`, indicating that the old oracle is correct.
* `old_oracle` and `new_oracle` are both set to `"assertTrue"`, as the tester did not propose any changes to the test oracle.
* `explanation` provides a clear justification for why the judgement is true, explaining how the calculation confirms that the sides form a right-angled triangle.
For troubleshooting, visit: https://python.langchain.com/docs/troubleshooting/errors/OUTPUT_PARSING_FAILURE 
2025-08-15 21:39:18,541   ERROR : Error in oracle fixer: /home/qinghua/projects/matg/data/experiments/HumanEvalJava/candor_new/run_0/fix/src/test/java/original/id_35Test.java 
Invalid json output: Based on the given test case, I extracted the following information:

**Test Prefix:** 
```
List<Integer> l = new ArrayList<>();
l.add(1);
l.add(2);
l.add(3);
MaxElement.maxElement(l)
```

**Test Oracle:**
```
assertEquals(3, 
```

In JSON format, this translates to:
```
{
  "test_prefix": "List<Integer> l = new ArrayList<>();\nl.add(1);\nl.add(2);\nl.add(3);\nMaxElement.maxElement(l)",
  "test_oracle": "assertEquals(3, "
}
```
For troubleshooting, visit: https://python.langchain.com/docs/troubleshooting/errors/OUTPUT_PARSING_FAILURE 
2025-08-16 01:15:42,605   ERROR : Error in oracle fixer: /home/qinghua/projects/matg/data/experiments/HumanEvalJava/candor_new/run_0/fix/src/test/java/original/id_129Test.java 
list index out of range
2025-08-16 02:01:23,314   ERROR : Error in oracle fixer: /home/qinghua/projects/matg/data/experiments/HumanEvalJava/candor_new/run_0/fix/src/test/java/original/id_107Test.java 
Invalid json output: Based on the analysis provided by your team members, I will summarize their analysis and provide a final judgement on the test case.

**Summary of Analysis:**

All three senior testers (1, 2, and 3) agree that the test oracle is correct. They believe that for n=3, the expected output is [1,2], which matches the current test oracle.

Although there are only analyses from 3 out of 5 team members available to me, I will proceed with providing a final judgment based on this information. 

**Final Judgement:**

Based on the analysis provided by your team members, my final judgement is that the old oracle is correct.

**New Test Case Code:**
Since the old oracle is correct, the new test case code remains the same as the old one:

```java
@Test
void testEvenOddPalindrome() {
    List<Integer> result = EvenOddPalindrome.evenOddPalindrome(3);
    assertEquals(1, (int)result.get(0));
    assertEquals(2, (int)result.get(1));
}
```

**JSON Output:**
Here is the final judgement and new test case code in JSON format:

```json
{
  "judgement": true,
  "test_case_code": "@Test\nvoid testEvenOddPalindrome() {\n    List<Integer> result = EvenOddPalindrome.evenOddPalindrome(3);\n    assertEquals(1, (int)result.get(0));\n    assertEquals(2, (int)result.get(1));\n}"
}
```
For troubleshooting, visit: https://python.langchain.com/docs/troubleshooting/errors/OUTPUT_PARSING_FAILURE 
2025-08-17 18:30:44,450   ERROR : Failed to create /home/qinghua/projects/matg/data/experiments/HumanEvalJava/candor_new/run_1/initialize/src/test/java/original/id_130Test.java after 5 attempts.
2025-08-17 19:17:38,543   ERROR : Failed to create /home/qinghua/projects/matg/data/experiments/HumanEvalJava/candor_new/run_1/initialize/src/test/java/original/id_69Test.java after 5 attempts.
2025-08-17 23:12:26,446   ERROR : Error generating test cases: Failed to parse TestCase from completion [{"test_name": "testSingleLetterFixed1", "test_behavior": "Verifies that histogram method returns a map with correct count for single letter input", "new_imports_code": "", "test_code": "@Test\npublic void testSingleLetterFixed1() {\n    Object result = Histogram.histogram(\"a\");\n    if (result instanceof Map<?, ?>) {\n        Map<String, Integer> mapResult = (Map<String, Integer>) result;\n        assertEquals(1, mapResult.size());\n        assertTrue(mapResult.containsKey(\"a\"));\n        assertEquals(1, mapResult.get(\"a\"));\n    } else {\n        fail(\"Expected a Map<String, Integer> but got \" + result.getClass().getName());\n    }\n}"}]. Got: 1 validation error for TestCase
  Input should be a valid dictionary or instance of TestCase [type=model_type, input_value=[{'test_name': 'testSingl...getName());\n    }\n}'}], input_type=list]
    For further information visit https://errors.pydantic.dev/2.10/v/model_type
For troubleshooting, visit: https://python.langchain.com/docs/troubleshooting/errors/OUTPUT_PARSING_FAILURE 
2025-08-17 23:29:11,333   ERROR : Error generating test cases: Invalid json output: Here is the output JSON that conforms to the schema:

```
{
  "test_cases": [
    {
      "test_name": "Unbalanced Strings in S2S1 Order",
      "test_behavior": "Verifying matchParens returns No for unbalanced strings in s2s1 order",
      "new_imports_code": "",
      "test_code": "@Test\npublic void testMatchParens_UnbalancedStrings_S2S1Order() {\n    List<Object> input = Arrays.asList(\")(()\", \')())\')\");\n    String result = matchParens(input);\n    assertEquals(\"No\", result);\n}"
    },
    {
      "test_name": "Balanced Strings in S2S1 Order",
      "test_behavior": "Verifying matchParens returns Yes for balanced strings in s2s1 order",
      "new_imports_code": "",
      "test_code": "@Test\npublic void testMatchParens_BalancedStrings_S2S1Order() {\n    List<Object> input = Arrays.asList(\")(()\", \')())\')\");\n    String result = matchParens(input);\n    assertEquals(\"Yes\", result);\n}"
    },
    {
      "test_name": "Unbalanced Strings in S1S2 Order",
      "test_behavior": "Verifying matchParens returns No for unbalanced strings in s1s2 order",
      "new_imports_code": "",
      "test_code": "@Test\npublic void testMatchParens_UnbalancedStrings_S1S2Order() {\n    List<Object> input = Arrays.asList(\")(()\", \')())\')\");\n    String result = matchParens(input);\n    assertEquals(\"No\", result);\n}"
    },
    {
      "test_name": "Balanced Strings in S1S2 Order",
      "test_behavior": "Verifying matchParens returns Yes for balanced strings in s1s2 order",
      "new_imports_code": "",
      "test_code": "@Test\npublic void testMatchParens_BalancedStrings_S1S2Order() {\n    List<Object> input = Arrays.asList(\")(()\", \')())\')\");\n    String result = matchParens(input);\n    assertEquals(\"Yes\", result);\n}"
    },
    {
      "test_name": "Unbalanced Strings and Count Not Zero",
      "test_behavior": "Verifying matchParens returns No when count is not zero at the end of s2s1 string",
      "new_imports_code": "",
      "test_code": "@Test\npublic void testMatchParens_UnbalancedStrings_CountNotZero() {\n    List<Object> input = Arrays.asList(\")(()\", \')())\')\");\n    String result = matchParens(input);\n    assertEquals(\"No\", result);\n}"
    },
    {
      "test_name": "Count is Zero at End of S2S1 String",
      "test_behavior": "Verifying matchParens returns Yes when count is zero at the end of s2s1 string",
      "new_imports_code": "",
      "test_code": "@Test\npublic void testMatchParens_CountIsZero() {\n    List<Object> input = Arrays.asList(\")((\", \')()(()\")\");\n    String result = matchParens(input);\n    assertEquals(\"Yes\", result);\n}"
    },
    {
      "test_name": "Unbalanced Strings in S2S1 Order with Count Not Zero",
      "test_behavior": "Verifying matchParens returns No when count is not zero at the end of s2s1 string",
      "new_imports_code": "",
      "test_code": "@Test\npublic void testMatchParens_UnbalancedStrings_S2S1Order_CountNotZero() {\n    List<Object> input = Arrays.asList(\")(()\", \')())\')\");\n    String result = matchParens(input);\n    assertEquals(\"No\", result);\n}"
    },
    {
      "test_name": "Match Parens Returns Yes for Balanced Strings in S2S1 Order",
      "test_behavior": "Verifying matchParens returns Yes when strings are balanced in s2s1 order",
      "new_imports_code": "",
      "test_code": "@Test\npublic void testMatchParens_ReturnsYes_BalancedStrings_S2S1Order() {\n    List<Object> input = Arrays.asList(\")(()\", \')())\')\");\n    String result = matchParens(input);\n    assertEquals(\"Yes\", result);\n}"
    },
    {
      "test_name": "Match Parens Returns No for Unbalanced Strings in S2S1 Order",
      "test_behavior": "Verifying matchParens returns No when strings are unbalanced in s2s1 order",
      "new_imports_code": "",
      "test_code": "@Test\npublic void testMatchParens_ReturnsNo_UnbalancedStrings_S2S1Order() {\n    List<Object> input = Arrays.asList(\")(()\", \')())\')\");\n    String result = matchParens(input);\n    assertEquals(\"No\", result);\n}"
    }
  ]
}
```
Note that the `matchParens` function is assumed to be already defined and implemented.
For troubleshooting, visit: https://python.langchain.com/docs/troubleshooting/errors/OUTPUT_PARSING_FAILURE 
2025-08-18 01:52:25,006   ERROR : Error generating test cases: cannot access local variable 'new_line_coverage' where it is not associated with a value
2025-08-18 01:56:29,598   ERROR : Error generating test cases: Failed to parse TestCase from completion [{"test_name": "testCycpatternCheckStaticMethodCall", "test_behavior": "cycpatternCheck method returns true when a substring of the first word is equal to a rotation of the second word", "test_code": "@Test\npublic void testCycpatternCheckStaticMethodCall() {\n   assertTrue(original.CycpatternCheck.cycpatternCheck(\"hello\", \"ell\"));\n}", "new_imports_code": ""}, {"test_name": "testCycpatternCheckStaticMethodCall2", "test_behavior": "cycpatternCheck method returns false when the second word is not a substring of the first word or any rotation of it", "test_code": "@Test\npublic void testCycpatternCheckStaticMethodCall2() {\n   assertFalse(original.CycpatternCheck.cycpatternCheck(\"abcd\",\"abd\"));\n}", "new_imports_code": ""}, {"test_name": "testCycpatternCheckStaticMethodCall3", "test_behavior": "cycpatternCheck method returns true when the second word is a substring of the first word", "test_code": "@Test\npublic void testCycpatternCheckStaticMethodCall3() {\n   assertTrue(original.CycpatternCheck.cycpatternCheck(\"abab\",\"baa\"));\n}", "new_imports_code": ""}, {"test_name": "testCycpatternCheckStaticMethodCall4", "test_behavior": "cycpatternCheck method returns false when the first word is null", "test_code": "@Test\npublic void testCycpatternCheckStaticMethodCall4() {\n   assertFalse(original.CycpatternCheck.cycpatternCheck(null,\"abd\"));\n}", "new_imports_code": ""}, {"test_name": "testCycpatternCheckStaticMethodCall5", "test_behavior": "cycpatternCheck method returns false when the second word is null", "test_code": "@Test\npublic void testCycpatternCheckStaticMethodCall5() {\n   assertFalse(original.CycpatternCheck.cycpatternCheck(\"abcd\",null));\n}", "new_imports_code": ""}]. Got: 1 validation error for TestCase
  Input should be a valid dictionary or instance of TestCase [type=model_type, input_value=[{'test_name': 'testCycpa...'new_imports_code': ''}], input_type=list]
    For further information visit https://errors.pydantic.dev/2.10/v/model_type
For troubleshooting, visit: https://python.langchain.com/docs/troubleshooting/errors/OUTPUT_PARSING_FAILURE 
2025-08-18 02:27:14,471   ERROR : Error generating test cases: cannot access local variable 'new_line_coverage' where it is not associated with a value
2025-08-18 06:19:44,719   ERROR : Error generating test cases: Failed to parse ErrorInfo from completion null. Got: 1 validation error for ErrorInfo
  Input should be a valid dictionary or instance of ErrorInfo [type=model_type, input_value=None, input_type=NoneType]
    For further information visit https://errors.pydantic.dev/2.10/v/model_type
For troubleshooting, visit: https://python.langchain.com/docs/troubleshooting/errors/OUTPUT_PARSING_FAILURE 
2025-08-18 07:04:12,552   ERROR : Error generating test cases: Failed to parse TestCase from completion {"properties": {"test_behavior": {"default": " no behavior", "description": "The behavior of the test case", "title": "Test Behavior", "type": "string"}, "test_name": {"default": "random_test", "description": "The name of the test case", "title": "Test Name", "type": "string"}, "test_code": {"description": "The full java code of the test case. Starting with @Test ", "title": "Test Code", "type": "string"}, "new_imports_code": {"default": "", "description": "New import statements needed for the test case", "title": "New Imports Code", "type": "string"}}, "required": ["test_code"]}. Got: 1 validation error for TestCase
test_code
  Field required [type=missing, input_value={'properties': {'test_beh...equired': ['test_code']}, input_type=dict]
    For further information visit https://errors.pydantic.dev/2.10/v/missing
For troubleshooting, visit: https://python.langchain.com/docs/troubleshooting/errors/OUTPUT_PARSING_FAILURE 
2025-08-18 11:10:39,837   ERROR : Error generating test cases: cannot access local variable 'new_line_coverage' where it is not associated with a value
2025-08-18 14:10:49,206   ERROR : Error generating test cases: cannot access local variable 'new_line_coverage' where it is not associated with a value
2025-08-18 17:44:34,034   ERROR : Error generating test cases: Failed to parse TestCase from completion [{"test_behavior": "Test longest string in a list with single element", "test_name": "test_Longest_string_in_a_list_with_single_element", "test_code": "@Test\npublic void test_Longest_string_in_a_list_with_single_element() {\n    List<Object> input = new ArrayList<>();\n    input.add(\"hello\");\n    assertEquals(\"hello\", Longest.longest(input));\n}", "new_imports_code": ""}, {"test_behavior": "Test longest string in a list with multiple elements of different lengths", "test_name": "test_Longest_string_in_a_list_with_multiple_elements_of_different_lengths", "test_code": "@Test\npublic void test_Longest_string_in_a_list_with_multiple_elements_of_different_lengths() {\n    List<Object> input = new ArrayList<>();\n    input.add(\"hello\");\n    input.add(\"world\");\n    input.add(\"a\");\n    assertEquals(\"hello\", Longest.longest(input));\n}", "new_imports_code": ""}, {"test_behavior": "Test longest string in a list with multiple elements of the same length", "test_name": "test_Longest_string_in_a_list_with_multiple_elements_of_the_same_length", "test_code": "@Test\npublic void test_Longest_string_in_a_list_with_multiple_elements_of_the_same_length() {\n    List<Object> input = new ArrayList<>();\n    input.add(\"hello\");\n    input.add(\"world\");\n    assertEquals(\"hello\", Longest.longest(input));\n}", "new_imports_code": ""}, {"test_behavior": "Test longest string in a list containing null values", "test_name": "test_Longest_string_in_a_list_containing_null_values", "test_code": "@Test\npublic void test_Longest_string_in_a_list_containing_null_values() {\n    List<Object> input = new ArrayList<>();\n    input.add(\"hello\");\n    input.add(null);\n    assertEquals(\"hello\", Longest.longest(input));\n}", "new_imports_code": ""}, {"test_behavior": "Test longest string in a list containing non-string objects", "test_name": "test_Longest_string_in_a_list_containing_non_string_objects", "test_code": "@Test\npublic void test_Longest_string_in_a_list_containing_non_string_objects() {\n    List<Object> input = new ArrayList<>();\n    input.add(\"hello\");\n    input.add(123);\n    assertEquals(\"hello\", Longest.longest(input));\n}", "new_imports_code": ""}]. Got: 1 validation error for TestCase
  Input should be a valid dictionary or instance of TestCase [type=model_type, input_value=[{'test_behavior': 'Test ...'new_imports_code': ''}], input_type=list]
    For further information visit https://errors.pydantic.dev/2.10/v/model_type
For troubleshooting, visit: https://python.langchain.com/docs/troubleshooting/errors/OUTPUT_PARSING_FAILURE 
2025-08-18 21:45:41,042   ERROR : Failed to create /home/qinghua/projects/matg/data/experiments/HumanEvalJava/candor_new/run_2/initialize/src/test/java/original/id_74Test.java after 5 attempts.
2025-08-18 22:01:19,199   ERROR : Failed to create /home/qinghua/projects/matg/data/experiments/HumanEvalJava/candor_new/run_2/initialize/src/test/java/original/id_20Test.java after 5 attempts.
2025-08-19 01:10:14,849   ERROR : Error generating test cases: Failed to parse TestCase from completion [{"test_name": "TestParseNestedParens", "test_behavior": "Test parseNestedParens method with valid input", "new_imports_code": "", "test_code": "@Test\npublic void TestParseNestedParens() {\n    List<Integer> result = ParseNestedParens.parseNestedParens(\"(()()) ((())) () ((())()())\");\n    assertEquals(Arrays.asList(2, 3, 1, 3), result);\n}"}]. Got: 1 validation error for TestCase
  Input should be a valid dictionary or instance of TestCase [type=model_type, input_value=[{'test_name': 'TestParse...3, 1, 3), result);\n}'}], input_type=list]
    For further information visit https://errors.pydantic.dev/2.10/v/model_type
For troubleshooting, visit: https://python.langchain.com/docs/troubleshooting/errors/OUTPUT_PARSING_FAILURE 
2025-08-19 04:18:52,340   ERROR : Error generating test cases: cannot access local variable 'new_line_coverage' where it is not associated with a value
2025-08-19 04:44:25,345   ERROR : Error generating test cases: Failed to parse TestCase from completion [{"test_behavior": "Test the isPrime method with a prime number", "test_name": "testIsPrimeWithPrimeNumber", "new_imports_code": "", "test_code": "@Test\npublic void testIsPrimeWithPrimeNumber() {\n    boolean result = Intersection.isPrime(7);\n    assertTrue(result);\n}"}, {"test_behavior": "Test the isPrime method with a non-prime number", "test_name": "testIsPrimeWithNonPrimeNumber", "new_imports_code": "", "test_code": "@Test\npublic void testIsPrimeWithNonPrimeNumber() {\n    boolean result = Intersection.isPrime(10);\n    assertFalse(result);\n}"}, {"test_behavior": "Test the isPrime method with a number less than 2", "test_name": "testIsPrimeWithLessThanTwo", "new_imports_code": "", "test_code": "@Test\npublic void testIsPrimeWithLessThanTwo() {\n    boolean result = Intersection.isPrime(1);\n    assertFalse(result);\n}"}, {"test_behavior": "Test the intersection method with non-overlapping intervals", "test_name": "intersectionWithNonOverlappingIntervals2", "new_imports_code": "", "test_code": "@Test\npublic void intersectionWithNonOverlappingIntervals2() {\n    List<Integer> interval1 = List.of(-5, -2);\n    List<Integer> interval2 = List.of(3, 7);\n    String result = Intersection.intersection(interval1, interval2);\n    assertEquals(\"NO\", result);\n}"}, {"test_behavior": "Test the intersection method with overlapping intervals where the intersection length is a prime number", "test_name": "intersectionWithPrimeIntersectionLength", "new_imports_code": "", "test_code": "@Test\npublic void intersectionWithPrimeIntersectionLength() {\n    List<Integer> interval1 = List.of(-11, 2);\n    List<Integer> interval2 = List.of(-8, -5);\n    String result = Intersection.intersection(interval1, interval2);\n    assertEquals(\"YES\", result);\n}"}, {"test_behavior": "Test the intersection method with overlapping intervals where the intersection length is not a prime number", "test_name": "intersectionWithNonPrimeIntersectionLength", "new_imports_code": "", "test_code": "@Test\npublic void intersectionWithNonPrimeIntersectionLength() {\n    List<Integer> interval1 = List.of(-3, 5);\n    List<Integer> interval2 = List.of(0, 7);\n    String result = Intersection.intersection(interval1, interval2);\n    assertEquals(\"NO\", result);\n}"}]. Got: 1 validation error for TestCase
  Input should be a valid dictionary or instance of TestCase [type=model_type, input_value=[{'test_behavior': 'Test ...als("NO", result);\n}'}], input_type=list]
    For further information visit https://errors.pydantic.dev/2.10/v/model_type
For troubleshooting, visit: https://python.langchain.com/docs/troubleshooting/errors/OUTPUT_PARSING_FAILURE 
2025-08-19 05:53:20,299   ERROR : Error generating test cases: Failed to parse TestCase from completion [{"test_name": "testSameCharsNullInput", "test_behavior": "Test sameChars with null input", "new_imports_code": "", "test_code": "@Test\npublic void testSameCharsNullInput() {\n    assertThrows(NullPointerException.class, () -> SameChars.sameChars(null, \"hello\"));\n}"}, {"test_name": "testSameCharsEmptyString", "test_behavior": "Test sameChars with empty string input", "new_imports_code": "", "test_code": "@Test\npublic void testSameCharsEmptyString() {\n    assertTrue(SameChars.sameChars(\"\", \"\"));\n}"}, {"test_name": "testSameCharsSingleCharacter", "test_behavior": "Test sameChars with single character input", "new_imports_code": "", "test_code": "@Test\npublic void testSameCharsSingleCharacter() {\n    assertTrue(SameChars.sameChars(\"a\", \"a\"));\n}"}, {"test_name": "testSameCharsDifferentLength", "test_behavior": "Test sameChars with different length input", "new_imports_code": "", "test_code": "@Test\npublic void testSameCharsDifferentLength() {\n    assertFalse(SameChars.sameChars(\"abc\", \"abcd\"));\n}"}, {"test_name": "testSameCharsSameCharacters", "test_behavior": "Test sameChars with same characters input", "new_imports_code": "", "test_code": "@Test\npublic void testSameCharsSameCharacters() {\n    assertTrue(SameChars.sameChars(\"abc\", \"cab\"));\n}"}, {"test_name": "testSameCharsDifferentCharacters", "test_behavior": "Test sameChars with different characters input", "new_imports_code": "", "test_code": "@Test\npublic void testSameCharsDifferentCharacters() {\n    assertFalse(SameChars.sameChars(\"abc\", \"def\"));\n}"}, {"test_name": "testSameCharsSameCharactersWithDuplicates", "test_behavior": "Test sameChars with same characters and duplicates input", "new_imports_code": "", "test_code": "@Test\npublic void testSameCharsSameCharactersWithDuplicates() {\n    assertTrue(SameChars.sameChars(\"aab\", \"aba\"));\n}"}, {"test_name": "testSameCharsDifferentCharactersWithDuplicates", "test_behavior": "Test sameChars with different characters and duplicates input", "new_imports_code": "", "test_code": "@Test\npublic void testSameCharsDifferentCharactersWithDuplicates() {\n    assertFalse(SameChars.sameChars(\"aab\", \"def\"));\n}"}, {"test_name": "testSameCharsClassInitialization1", "test_behavior": "Test sameChars class initialization by calling static method directly", "new_imports_code": "", "test_code": "@Test\npublic void testSameCharsClassInitialization() {\n    SameChars.sameChars(\"abc\", \"abc\");\n}"}]. Got: 1 validation error for TestCase
  Input should be a valid dictionary or instance of TestCase [type=model_type, input_value=[{'test_name': 'testSameC...ars("abc", "abc");\n}'}], input_type=list]
    For further information visit https://errors.pydantic.dev/2.10/v/model_type
For troubleshooting, visit: https://python.langchain.com/docs/troubleshooting/errors/OUTPUT_PARSING_FAILURE 
2025-08-19 07:40:26,926   ERROR : Error generating test cases: cannot access local variable 'new_line_coverage' where it is not associated with a value
2025-08-19 10:43:53,715   ERROR : Error generating test cases: cannot access local variable 'new_line_coverage' where it is not associated with a value
2025-08-19 11:19:25,532   ERROR : Error generating test cases: Failed to parse TestPlan from completion {"$schema": "http://json-schema.org/draft-07/schema#", "title": "Test Plan", "description": "A test plan to cover uncovered lines and branches in the given code snippet.", "type": "object", "properties": {"test_cases_to_add": {"title": "Test Cases To Add", "description": "List of new test cases to add", "type": "array", "items": {"$ref": "#/$defs/TestCasePlan"}}, "conventions": {"default": [], "description": "List of conventions followed in the test suite", "items": {"type": "string"}, "title": "Conventions", "type": "array"}, "test_framework": {"const": "JUnit5", "default": "JUnit5", "description": "The test framework used", "title": "Test Framework", "type": "string"}, "language": {"const": "Java", "default": "Java", "description": "The programming language used for the tests", "title": "Language", "type": "string"}}, "$defs": {"TestCasePlan": {"properties": {"name": {"description": "The name of the test case", "title": "Name", "type": "string"}, "description": {"description": "The description of the test case", "title": "Description", "type": "string"}, "input": {"description": "Input parameters for the test case", "title": "Input", "type": "string"}, "expected_result": {"description": "Expected result for the test case", "title": "Expected Result", "type": "string"}}, "required": ["name", "description", "input", "expected_result"], "title": "TestCasePlan", "type": "object"}}}. Got: 1 validation error for TestPlan
test_cases_to_add
  Field required [type=missing, input_value={'$schema': 'http://json-...an', 'type': 'object'}}}, input_type=dict]
    For further information visit https://errors.pydantic.dev/2.10/v/missing
For troubleshooting, visit: https://python.langchain.com/docs/troubleshooting/errors/OUTPUT_PARSING_FAILURE 
2025-08-19 12:20:19,272   ERROR : Error generating test cases: Failed to parse TestCase from completion {"properties": {"test_behavior": "Test day out of range for June greater than thirty with correct month", "test_name": "testDayOutOfRangeForJuneGreaterThanThirtyFixed", "test_code": "@Test\nvoid testDayOutOfRangeForJuneGreaterThanThirtyFixed() {\n    assertFalse(ValidDate.validDate(\"06-31-2000\"));\n}", "new_imports_code": ""}}. Got: 1 validation error for TestCase
test_code
  Field required [type=missing, input_value={'properties': {'test_beh...'new_imports_code': ''}}, input_type=dict]
    For further information visit https://errors.pydantic.dev/2.10/v/missing
For troubleshooting, visit: https://python.langchain.com/docs/troubleshooting/errors/OUTPUT_PARSING_FAILURE 
2025-08-19 13:29:28,540   ERROR : Error generating test cases: Failed to parse TestPlan from completion null. Got: 1 validation error for TestPlan
  Input should be a valid dictionary or instance of TestPlan [type=model_type, input_value=None, input_type=NoneType]
    For further information visit https://errors.pydantic.dev/2.10/v/model_type
For troubleshooting, visit: https://python.langchain.com/docs/troubleshooting/errors/OUTPUT_PARSING_FAILURE 
2025-08-19 15:56:26,915   ERROR : Error generating test cases: Failed to parse TestCase from completion [{"test_behavior": "WillItFly with balanced and underweight object", "test_name": "willItFlyBalancedAndUnderweightTest", "test_code": "@Test\nvoid willItFlyBalancedAndUnderweightTest() {\n    List<Integer> q = new ArrayList<>(Arrays.asList(3, 2, 3));\n    int w = 9;\n    assertTrue(WillItFly.willItFly(q, w));\n}", "new_imports_code": "import java.util.ArrayList;\nimport java.util.Arrays;"}, {"test_behavior": "WillItFly with unbalanced object", "test_name": "willItFlyUnbalancedTest", "test_code": "@Test\nvoid willItFlyUnbalancedTest() {\n    List<Integer> q = new ArrayList<>(Arrays.asList(1, 2));\n    int w = 5;\n    assertFalse(WillItFly.willItFly(q, w));\n}", "new_imports_code": "import java.util.ArrayList;\nimport java.util.Arrays;"}, {"test_behavior": "WillItFly with overweight object", "test_name": "willItFlyOverweightTest", "test_code": "@Test\nvoid willItFlyOverweightTest() {\n    List<Integer> q = new ArrayList<>(Arrays.asList(3, 2, 3));\n    int w = 1;\n    assertFalse(WillItFly.willItFly(q, w));\n}", "new_imports_code": "import java.util.ArrayList;\nimport java.util.Arrays;"}, {"test_behavior": "WillItFly with single element", "test_name": "willItFlySingleElementTest", "test_code": "@Test\nvoid willItFlySingleElementTest() {\n    List<Integer> q = new ArrayList<>(Arrays.asList(3));\n    int w = 5;\n    assertTrue(WillItFly.willItFly(q, w));\n}", "new_imports_code": "import java.util.ArrayList;\nimport java.util.Arrays;"}, {"test_behavior": "WillItFly with empty list", "test_name": "willItFlyEmptyListTest", "test_code": "@Test\nvoid willItFlyEmptyListTest() {\n    List<Integer> q = new ArrayList<>();\n    int w = 5;\n    assertTrue(WillItFly.willItFly(q, w));\n}", "new_imports_code": "import java.util.ArrayList;"}]. Got: 1 validation error for TestCase
  Input should be a valid dictionary or instance of TestCase [type=model_type, input_value=[{'test_behavior': 'WillI... java.util.ArrayList;'}], input_type=list]
    For further information visit https://errors.pydantic.dev/2.10/v/model_type
For troubleshooting, visit: https://python.langchain.com/docs/troubleshooting/errors/OUTPUT_PARSING_FAILURE 
2025-08-19 16:07:52,172   ERROR : Error generating test cases: Failed to parse TestCase from completion {"properties": {}}. Got: 1 validation error for TestCase
test_code
  Field required [type=missing, input_value={'properties': {}}, input_type=dict]
    For further information visit https://errors.pydantic.dev/2.10/v/missing
For troubleshooting, visit: https://python.langchain.com/docs/troubleshooting/errors/OUTPUT_PARSING_FAILURE 
2025-08-19 16:39:31,505   ERROR : Error generating test cases: cannot access local variable 'new_line_coverage' where it is not associated with a value
2025-08-19 17:08:30,748   ERROR : Error generating test cases: Failed to parse TestCase from completion [{"test_behavior": "Verify that sumProduct throws an exception when given an empty list", "test_name": "testSumProductEmptyListThrowsException1", "new_imports_code": "", "test_code": "@Test\npublic void testSumProductEmptyListThrowsException1() {\n    List<Object> numbers = new ArrayList<>();\n    assertThrows(IllegalArgumentException.class, () -> SumProduct.sumProduct(numbers));\n}"}]. Got: 1 validation error for TestCase
  Input should be a valid dictionary or instance of TestCase [type=model_type, input_value=[{'test_behavior': 'Verif...Product(numbers));\n}'}], input_type=list]
    For further information visit https://errors.pydantic.dev/2.10/v/model_type
For troubleshooting, visit: https://python.langchain.com/docs/troubleshooting/errors/OUTPUT_PARSING_FAILURE 
2025-08-19 18:16:38,708   ERROR : Failed to create /home/qinghua/projects/matg/data/experiments/Leetcode/candor_new/run_0/src/test/java/original/id_2392Test.java after 5 attempts.
2025-08-19 18:20:40,520   ERROR : Failed to create /home/qinghua/projects/matg/data/experiments/Leetcode/candor_new/run_0/src/test/java/original/id_2392Test.java after 5 attempts.
2025-08-19 18:22:27,237   ERROR : Failed to create /home/qinghua/projects/matg/data/experiments/Leetcode/candor_new/run_0/src/test/java/original/id_1728Test.java after 5 attempts.
2025-08-19 18:28:42,667   ERROR : Failed to create /home/qinghua/projects/matg/data/experiments/Leetcode/candor_new/run_0/src/test/java/original/id_1207Test.java after 5 attempts.
2025-08-19 18:35:12,110   ERROR : Failed to create /home/qinghua/projects/matg/data/experiments/Leetcode/candor_new/run_0/src/test/java/original/id_1040Test.java after 5 attempts.
2025-08-19 18:39:29,776   ERROR : Failed to create /home/qinghua/projects/matg/data/experiments/Leetcode/candor_new/run_0/src/test/java/original/id_3069Test.java after 5 attempts.
2025-08-19 18:40:46,110   ERROR : Failed to create /home/qinghua/projects/matg/data/experiments/Leetcode/candor_new/run_0/src/test/java/original/id_2409Test.java after 5 attempts.
2025-08-19 18:44:00,668   ERROR : Failed to create /home/qinghua/projects/matg/data/experiments/Leetcode/candor_new/run_0/src/test/java/original/id_1001Test.java after 5 attempts.
2025-08-19 18:45:08,751   ERROR : Failed to create /home/qinghua/projects/matg/data/experiments/Leetcode/candor_new/run_0/src/test/java/original/id_2864Test.java after 5 attempts.
2025-08-19 18:48:44,919   ERROR : Failed to create /home/qinghua/projects/matg/data/experiments/Leetcode/candor_new/run_0/src/test/java/original/id_3264Test.java after 5 attempts.
2025-08-19 18:50:24,174   ERROR : Failed to create /home/qinghua/projects/matg/data/experiments/Leetcode/candor_new/run_0/src/test/java/original/id_3467Test.java after 5 attempts.
2025-08-19 19:00:55,625   ERROR : Failed to create /home/qinghua/projects/matg/data/experiments/Leetcode/candor_new/run_0/src/test/java/original/id_2241Test.java after 5 attempts.
2025-08-19 19:03:56,527   ERROR : Failed to create /home/qinghua/projects/matg/data/experiments/Leetcode/candor_new/run_0/src/test/java/original/id_0548Test.java after 5 attempts.
2025-08-19 19:19:42,403   ERROR : Failed to create /home/qinghua/projects/matg/data/experiments/Leetcode/candor_new/run_0/src/test/java/original/id_3235Test.java after 5 attempts.
2025-08-19 19:23:53,273   ERROR : Failed to create /home/qinghua/projects/matg/data/experiments/Leetcode/candor_new/run_0/src/test/java/original/id_2912Test.java after 5 attempts.
2025-08-19 19:25:29,865   ERROR : Failed to create /home/qinghua/projects/matg/data/experiments/Leetcode/candor_new/run_0/src/test/java/original/id_1392Test.java after 5 attempts.
2025-08-19 19:32:54,728   ERROR : Failed to create /home/qinghua/projects/matg/data/experiments/Leetcode/candor_new/run_0/src/test/java/original/id_1307Test.java after 5 attempts.
2025-08-19 19:49:21,339   ERROR : Error generating test cases: Failed to parse TestCase from completion [{"test_behavior": "Test that a NullPointerException is thrown when passing null to the incrList method", "test_name": "testNullList", "test_code": "@Test\npublic void testNullList() {\n    assertThrows(NullPointerException.class, () -> IncrList.incrList(null));\n}", "new_imports_code": ""}]. Got: 1 validation error for TestCase
  Input should be a valid dictionary or instance of TestCase [type=model_type, input_value=[{'test_behavior': 'Test ...'new_imports_code': ''}], input_type=list]
    For further information visit https://errors.pydantic.dev/2.10/v/model_type
For troubleshooting, visit: https://python.langchain.com/docs/troubleshooting/errors/OUTPUT_PARSING_FAILURE 
2025-08-19 19:49:56,073   ERROR : Failed to create /home/qinghua/projects/matg/data/experiments/Leetcode/candor_new/run_0/src/test/java/original/id_2613Test.java after 5 attempts.
2025-08-19 20:07:45,144   ERROR : Failed to create /home/qinghua/projects/matg/data/experiments/Leetcode/candor_new/run_0/src/test/java/original/id_2392Test.java after 5 attempts.
2025-08-19 20:11:35,606   ERROR : Failed to create /home/qinghua/projects/matg/data/experiments/Leetcode/candor_new/run_0/src/test/java/original/id_3069Test.java after 5 attempts.
2025-08-19 20:16:57,293   ERROR : Failed to create /home/qinghua/projects/matg/data/experiments/Leetcode/candor_new/run_0/src/test/java/original/id_2241Test.java after 5 attempts.
2025-08-19 20:19:51,980   ERROR : Failed to create /home/qinghua/projects/matg/data/experiments/Leetcode/candor_new/run_0/src/test/java/original/id_3235Test.java after 5 attempts.
2025-08-19 20:21:13,062   ERROR : Failed to create /home/qinghua/projects/matg/data/experiments/Leetcode/candor_new/run_0/src/test/java/original/id_2912Test.java after 5 attempts.
2025-08-19 20:27:28,525   ERROR : Failed to create /home/qinghua/projects/matg/data/experiments/Leetcode/candor_new/run_0/src/test/java/original/id_2392Test.java after 10 attempts.
2025-08-19 20:43:14,764   ERROR : Failed to create /home/qinghua/projects/matg/data/experiments/Leetcode/candor_new/run_0/src/test/java/original/id_2392Test.java after 10 attempts.
2025-08-19 20:59:20,300   ERROR : Failed to create /home/qinghua/projects/matg/data/experiments/Leetcode/candor_new/run_0/src/test/java/original/id_2392Test.java after 20 attempts.
2025-08-19 21:22:45,239   ERROR : Failed to create /home/qinghua/projects/matg/data/experiments/Leetcode/candor_new/run_0/src/test/java/original/id_2392Test.java after 10 attempts.
2025-08-20 02:29:14,315   ERROR : Error generating test cases: Failed to parse TestCase from completion [{"test_behavior": "Test separateParenGroups with a string containing multiple groups of nested parentheses", "test_name": "testSeparateParenGroups_MultipleGroups", "test_code": "@Test\npublic void testSeparateParenGroups_MultipleGroups() {\n    String input = \"(()()) ((())) () ((())()())\";\n    List<String> expected = new ArrayList<>(Arrays.asList(\"(()())\", \"((()))\", \"()\", \"((())()())\"));\n    List<String> result = SeparateParenGroups.separateParenGroups(input);\n    assertEquals(expected, result);\n}", "new_imports_code": "import java.util.Arrays;"}, {"test_behavior": "Test separateParenGroups with a string containing no groups of parentheses", "test_name": "testSeparateParenGroups_NoGroups", "test_code": "@Test\npublic void testSeparateParenGroups_NoGroups() {\n    String input = \"\";\n    List<String> expected = new ArrayList<>();\n    List<String> result = SeparateParenGroups.separateParenGroups(input);\n    assertEquals(expected, result);\n}", "new_imports_code": ""}, {"test_behavior": "Test separateParenGroups with a string containing one group of parentheses", "test_name": "testSeparateParenGroups_OneGroup", "test_code": "@Test\npublic void testSeparateParenGroups_OneGroup() {\n    String input = \"()\";\n    List<String> expected = new ArrayList<>(Arrays.asList(\"()\"));\n    List<String> result = SeparateParenGroups.separateParenGroups(input);\n    assertEquals(expected, result);\n}", "new_imports_code": "import java.util.Arrays;"}, {"test_behavior": "Test separateParenGroups with a string containing nested groups of parentheses", "test_name": "testSeparateParenGroups_NestedGroups", "test_code": "@Test\npublic void testSeparateParenGroups_NestedGroups() {\n    String input = \"(()(())((())))\";\n    List<String> expected = new ArrayList<>(Arrays.asList(\"(()(())((())))\"));\n    List<String> result = SeparateParenGroups.separateParenGroups(input);\n    assertEquals(expected, result);\n}", "new_imports_code": "import java.util.Arrays;"}, {"test_behavior": "Test separateParenGroups with a string containing groups of parentheses and spaces", "test_name": "testSeparateParenGroups_GroupsWithSpaces", "test_code": "@Test\npublic void testSeparateParenGroups_GroupsWithSpaces() {\n    String input = \"( ) (( )) (( )( ))\";\n    List<String> expected = new ArrayList<>(Arrays.asList(\"()\", \"(())\", \"(()())\"));\n    List<String> result = SeparateParenGroups.separateParenGroups(input);\n    assertEquals(expected, result);\n}", "new_imports_code": "import java.util.Arrays;"}, {"test_behavior": "Test separateParenGroups with a null input string", "test_name": "testSeparateParenGroups_NullInput", "test_code": "@Test\npublic void testSeparateParenGroups_NullInput() {\n    String input = null;\n    assertThrows(NullPointerException.class, () -> SeparateParenGroups.separateParenGroups(input));\n}", "new_imports_code": ""}]. Got: 1 validation error for TestCase
  Input should be a valid dictionary or instance of TestCase [type=model_type, input_value=[{'test_behavior': 'Test ...'new_imports_code': ''}], input_type=list]
    For further information visit https://errors.pydantic.dev/2.10/v/model_type
For troubleshooting, visit: https://python.langchain.com/docs/troubleshooting/errors/OUTPUT_PARSING_FAILURE 
2025-08-20 02:31:58,772   ERROR : Error generating test cases: cannot access local variable 'new_line_coverage' where it is not associated with a value
2025-08-20 02:58:41,214   ERROR : Error generating test cases: Failed to parse TestCase from completion {"properties": {}}. Got: 1 validation error for TestCase
test_code
  Field required [type=missing, input_value={'properties': {}}, input_type=dict]
    For further information visit https://errors.pydantic.dev/2.10/v/missing
For troubleshooting, visit: https://python.langchain.com/docs/troubleshooting/errors/OUTPUT_PARSING_FAILURE 
2025-08-20 05:48:55,198   ERROR : Error generating test cases: cannot access local variable 'new_line_coverage' where it is not associated with a value
2025-08-20 07:11:00,386   ERROR : Error generating test cases: cannot access local variable 'new_line_coverage' where it is not associated with a value
2025-08-20 07:39:53,737   ERROR : Error generating test cases: File '/home/qinghua/projects/matg/data/experiments/HumanEvalJava/candor_new/run_2/generate/target/site/jacoco/jacoco.xml' not found.
2025-08-20 14:04:03,943   ERROR : Failed to create /home/qinghua/projects/matg/data/experiments/Leetcode/candor_new/run_1/src/test/java/original/id_2392Test.java after 10 attempts.
2025-08-20 14:07:04,413   ERROR : Failed to create /home/qinghua/projects/matg/data/experiments/Leetcode/candor_new/run_1/src/test/java/original/id_1728Test.java after 10 attempts.
2025-08-20 14:13:04,263   ERROR : Failed to create /home/qinghua/projects/matg/data/experiments/Leetcode/candor_new/run_1/src/test/java/original/id_1895Test.java after 10 attempts.
2025-08-20 14:27:28,322   ERROR : Failed to create /home/qinghua/projects/matg/data/experiments/Leetcode/candor_new/run_1/src/test/java/original/id_3219Test.java after 10 attempts.
2025-08-20 14:34:47,989   ERROR : Failed to create /home/qinghua/projects/matg/data/experiments/Leetcode/candor_new/run_1/src/test/java/original/id_0548Test.java after 10 attempts.
2025-08-20 14:58:14,839   ERROR : Failed to create /home/qinghua/projects/matg/data/experiments/Leetcode/candor_new/run_1/src/test/java/original/id_2907Test.java after 10 attempts.
2025-08-20 15:03:59,418   ERROR : Failed to create /home/qinghua/projects/matg/data/experiments/Leetcode/candor_new/run_1/src/test/java/original/id_2503Test.java after 10 attempts.
2025-08-20 15:08:38,458   ERROR : Failed to create /home/qinghua/projects/matg/data/experiments/Leetcode/candor_new/run_1/src/test/java/original/id_2141Test.java after 10 attempts.
2025-08-20 15:12:16,763   ERROR : Failed to create /home/qinghua/projects/matg/data/experiments/Leetcode/candor_new/run_1/src/test/java/original/id_1466Test.java after 10 attempts.
2025-08-20 15:18:59,963   ERROR : Failed to create /home/qinghua/projects/matg/data/experiments/Leetcode/candor_new/run_1/src/test/java/original/id_1851Test.java after 10 attempts.
2025-08-20 15:22:43,163   ERROR : Failed to create /home/qinghua/projects/matg/data/experiments/Leetcode/candor_new/run_1/src/test/java/original/id_2459Test.java after 10 attempts.
2025-08-20 20:11:16,197   ERROR : Failed to create /home/qinghua/projects/matg/data/experiments/Leetcode/candor_new/run_1/src/test/java/original/id_1728Test.java after 10 attempts.
2025-08-20 20:14:20,402   ERROR : Failed to create /home/qinghua/projects/matg/data/experiments/Leetcode/candor_new/run_1/src/test/java/original/id_3219Test.java after 10 attempts.
2025-08-20 20:20:42,602   ERROR : Failed to create /home/qinghua/projects/matg/data/experiments/Leetcode/candor_new/run_1/src/test/java/original/id_1851Test.java after 10 attempts.
2025-08-21 15:33:36,634   ERROR : Failed to create /home/qinghua/projects/matg/data/experiments/Leetcode/candor_new/run_2/src/test/java/original/id_0582Test.java after 10 attempts.
2025-08-21 15:36:23,465   ERROR : Error generating test cases: Failed to parse TestPlan from completion {"$defs": {"TestCasePlan": {"properties": {"name": {"description": "The name of the test case", "title": "Name", "type": "string"}, "description": {"description": "The description of the test case", "title": "Description", "type": "string"}, "input": {"description": "Input parameters for the test case", "title": "Input", "type": "string"}, "expected_result": {"description": "Expected result for the test case", "title": "Expected Result", "type": "string"}}, "required": ["name", "description", "input", "expected_result"], "title": "TestCasePlan", "type": "object"}}, "properties": {"test_cases_to_add": {"description": "List of new test cases to add", "items": {"$ref": "#/$defs/TestCasePlan"}, "title": "Test Cases To Add", "type": "array"}, "conventions": {"default": [], "description": "List of conventions followed in the test suite", "items": {"type": "string"}, "title": "Conventions", "type": "array"}, "test_framework": {"const": "JUnit5", "default": "JUnit5", "description": "The test framework used", "title": "Test Framework", "type": "string"}, "language": {"const": "Java", "default": "Java", "description": "The programming language used for the tests", "title": "Language", "type": "string"}}, "required": ["test_cases_to_add"]}. Got: 1 validation error for TestPlan
test_cases_to_add
  Field required [type=missing, input_value={'$defs': {'TestCasePlan'...: ['test_cases_to_add']}, input_type=dict]
    For further information visit https://errors.pydantic.dev/2.10/v/missing
For troubleshooting, visit: https://python.langchain.com/docs/troubleshooting/errors/OUTPUT_PARSING_FAILURE 
2025-08-21 15:46:57,326   ERROR : Failed to create /home/qinghua/projects/matg/data/experiments/Leetcode/candor_new/run_2/src/test/java/original/id_2241Test.java after 10 attempts.
2025-08-21 15:54:05,369   ERROR : Failed to create /home/qinghua/projects/matg/data/experiments/Leetcode/candor_new/run_2/src/test/java/original/id_2093Test.java after 10 attempts.
2025-08-21 16:01:41,206   ERROR : Failed to create /home/qinghua/projects/matg/data/experiments/Leetcode/candor_new/run_2/src/test/java/original/id_1272Test.java after 10 attempts.
2025-08-21 16:05:43,953   ERROR : Failed to create /home/qinghua/projects/matg/data/experiments/Leetcode/candor_new/run_2/src/test/java/original/id_2734Test.java after 10 attempts.
2025-08-21 16:12:01,798   ERROR : Failed to create /home/qinghua/projects/matg/data/experiments/Leetcode/candor_new/run_2/src/test/java/original/id_3235Test.java after 10 attempts.
2025-08-21 16:31:11,795   ERROR : Failed to create /home/qinghua/projects/matg/data/experiments/Leetcode/candor_new/run_2/src/test/java/original/id_0943Test.java after 10 attempts.
2025-08-21 16:35:35,685   ERROR : Failed to create /home/qinghua/projects/matg/data/experiments/Leetcode/candor_new/run_2/src/test/java/original/id_1851Test.java after 10 attempts.
2025-08-21 16:39:45,939   ERROR : Failed to create /home/qinghua/projects/matg/data/experiments/Leetcode/candor_new/run_2/src/test/java/original/id_2459Test.java after 10 attempts.
2025-08-21 17:08:38,892   ERROR : Error generating test cases: Failed to parse TestPlan from completion {"$defs": {"TestCasePlan": {"properties": {"name": {"description": "The name of the test case", "title": "Name", "type": "string"}, "description": {"description": "The description of the test case", "title": "Description", "type": "string"}, "input": {"description": "Input parameters for the test case", "title": "Input", "type": "string"}, "expected_result": {"description": "Expected result for the test case", "title": "Expected Result", "type": "string"}}, "required": ["name", "description", "input", "expected_result"], "title": "TestCasePlan", "type": "object"}}, "properties": {"test_cases_to_add": {"description": "List of new test cases to add", "items": {"$ref": "#/$defs/TestCasePlan"}, "title": "Test Cases To Add", "type": "array"}, "conventions": {"default": [], "description": "List of conventions followed in the test suite", "items": {"type": "string"}, "title": "Conventions", "type": "array"}, "test_framework": {"const": "JUnit5", "default": "JUnit5", "description": "The test framework used", "title": "Test Framework", "type": "string"}, "language": {"const": "Java", "default": "Java", "description": "The programming language used for the tests", "title": "Language", "type": "string"}}, "required": ["test_cases_to_add"]}. Got: 1 validation error for TestPlan
test_cases_to_add
  Field required [type=missing, input_value={'$defs': {'TestCasePlan'...: ['test_cases_to_add']}, input_type=dict]
    For further information visit https://errors.pydantic.dev/2.10/v/missing
For troubleshooting, visit: https://python.langchain.com/docs/troubleshooting/errors/OUTPUT_PARSING_FAILURE 
2025-08-21 19:02:27,463   ERROR : Error generating test cases: cannot access local variable 'new_line_coverage' where it is not associated with a value
2025-08-21 19:10:23,879   ERROR : Error generating test cases: cannot access local variable 'new_line_coverage' where it is not associated with a value
2025-08-21 21:31:10,605   ERROR : Error generating test cases: cannot access local variable 'new_line_coverage' where it is not associated with a value
2025-08-21 21:33:48,983   ERROR : Error generating test cases: cannot access local variable 'new_line_coverage' where it is not associated with a value
2025-08-21 21:50:50,943   ERROR : Error generating test cases: cannot access local variable 'new_line_coverage' where it is not associated with a value
2025-08-21 21:52:54,565   ERROR : Error generating test cases: cannot access local variable 'new_line_coverage' where it is not associated with a value
2025-08-21 22:11:14,826   ERROR : Error generating test cases: Failed to parse TestPlan from completion {"$schema": "http://json-schema.org/draft-07/schema#", "title": "Test Plan", "type": "object", "properties": {"test_framework": {"const": "JUnit5"}, "language": {"const": "Java"}, "conventions": {"items": ["Follow existing test suite conventions"]}, "test_cases_to_add": {"items": [{"name": "Test illumination for lamp at (0, 0)", "description": "Verify that the cell at (1, 1) is illuminated when a lamp is placed at (0, 0)", "input": "new int[] {5}, new int[][] {{0, 0}}, new int[] {1, 1}", "expected_result": "new int[] {1}"}, {"name": "Test illumination for multiple lamps", "description": "Verify that the cells at (1, 1) and (2, 2) are illuminated when lamps are placed at (0, 0) and (1, 1)", "input": "new int[] {5}, new int[][] {{0, 0}, {1, 1}}, new int[] {1, 1}", "expected_result": "new int[] {1}"}, {"name": "Test illumination for lamp outside grid", "description": "Verify that the cell at (1, 1) is not illuminated when a lamp is placed outside the grid", "input": "new int[] {5}, new int[][] {{-1, -1}}, new int[] {1, 1}", "expected_result": "new int[] {0}"}, {"name": "Test illumination for multiple lamps with some outside grid", "description": "Verify that the cells at (1, 1) and (2, 2) are illuminated when lamps are placed at (0, 0), (1, 1), and (-1, -1)", "input": "new int[] {5}, new int[][] {{0, 0}, {1, 1}, {-1, -1}}, new int[] {1, 1}", "expected_result": "new int[] {1}"}]}}, "required": ["test_framework", "language", "conventions", "test_cases_to_add"]}. Got: 1 validation error for TestPlan
test_cases_to_add
  Field required [type=missing, input_value={'$schema': 'http://json-...', 'test_cases_to_add']}, input_type=dict]
    For further information visit https://errors.pydantic.dev/2.10/v/missing
For troubleshooting, visit: https://python.langchain.com/docs/troubleshooting/errors/OUTPUT_PARSING_FAILURE 
2025-08-22 01:27:34,774   ERROR : Error generating test cases: cannot access local variable 'new_line_coverage' where it is not associated with a value
2025-08-22 01:55:21,667   ERROR : Error generating test cases: cannot access local variable 'new_line_coverage' where it is not associated with a value
2025-08-22 03:05:40,841   ERROR : Error generating test cases: cannot access local variable 'new_line_coverage' where it is not associated with a value
2025-08-22 03:21:28,717   ERROR : Error generating test cases: cannot access local variable 'new_line_coverage' where it is not associated with a value
2025-08-22 03:33:36,541   ERROR : Error generating test cases: cannot access local variable 'new_line_coverage' where it is not associated with a value
2025-08-22 05:18:22,143   ERROR : Error generating test cases: cannot access local variable 'new_line_coverage' where it is not associated with a value
2025-08-22 06:00:10,315   ERROR : Error generating test cases: Failed to parse TestCase from completion [{"test_behavior": "Test with a single digit", "test_name": "testSingleDigit", "test_code": "@Test\npublic void testSingleDigit(){\n    Solution0017 s = new Solution0017();\n    String input = \"2\";\n    List<String> expected = Arrays.asList(\"a\", \"b\", \"c\");\n    assertEquals(expected, s.letterCombinations(input));\n}", "new_imports_code": "import java.util.Arrays;"}, {"test_behavior": "Test with multiple digits", "test_name": "testMultipleDigits", "test_code": "@Test\npublic void testMultipleDigits(){\n    Solution0017 s = new Solution0017();\n    String input = \"23\";\n    List<String> expected = Arrays.asList(\"ad\", \"ae\", \"af\", \"bd\", \"be\", \"bf\", \"cd\", \"ce\", \"cf\");\n    assertEquals(expected, s.letterCombinations(input));\n}", "new_imports_code": ""}, {"test_behavior": "Test with empty string", "test_name": "testEmptyString", "test_code": "@Test\npublic void testEmptyString(){\n    Solution0017 s = new Solution0017();\n    String input = \"\";\n    List<String> expected = new ArrayList<>();\n    assertEquals(expected, s.letterCombinations(input));\n}", "new_imports_code": ""}]. Got: 1 validation error for TestCase
  Input should be a valid dictionary or instance of TestCase [type=model_type, input_value=[{'test_behavior': 'Test ...'new_imports_code': ''}], input_type=list]
    For further information visit https://errors.pydantic.dev/2.10/v/model_type
For troubleshooting, visit: https://python.langchain.com/docs/troubleshooting/errors/OUTPUT_PARSING_FAILURE 
2025-08-22 06:03:02,614   ERROR : Error generating test cases: cannot access local variable 'new_line_coverage' where it is not associated with a value
2025-08-22 06:05:05,811   ERROR : Error generating test cases: cannot access local variable 'new_line_coverage' where it is not associated with a value
2025-08-22 06:16:48,096   ERROR : Error generating test cases: cannot access local variable 'new_line_coverage' where it is not associated with a value
2025-08-22 06:26:52,716   ERROR : Error generating test cases: cannot access local variable 'new_line_coverage' where it is not associated with a value
2025-08-22 06:53:59,181   ERROR : Error generating test cases: cannot access local variable 'new_line_coverage' where it is not associated with a value
2025-08-22 10:14:55,723   ERROR : Error generating test cases: cannot access local variable 'new_line_coverage' where it is not associated with a value
2025-08-22 10:35:19,025   ERROR : Error generating test cases: cannot access local variable 'new_line_coverage' where it is not associated with a value
2025-08-22 10:39:31,935   ERROR : Error generating test cases: cannot access local variable 'new_line_coverage' where it is not associated with a value
2025-08-22 10:41:24,583   ERROR : Error generating test cases: cannot access local variable 'new_line_coverage' where it is not associated with a value
2025-08-22 10:58:48,995   ERROR : Error generating test cases: Failed to parse TestPlan from completion {"$defs": {"TestCasePlan": {"properties": {"name": {"description": "The name of the test case", "title": "Name", "type": "string"}, "description": {"description": "The description of the test case", "title": "Description", "type": "string"}, "input": {"description": "Input parameters for the test case", "title": "Input", "type": "object"}, "expected_result": {"description": "Expected result for the test case", "title": "Expected Result", "type": "boolean"}}, "required": ["name", "description", "input", "expected_result"], "title": "TestCasePlan", "type": "object"}}, "properties": {"test_cases_to_add": {"description": "List of new test cases to add", "items": {"$ref": "#/$defs/TestCasePlan"}, "title": "Test Cases To Add", "type": "array"}, "conventions": {"default": [], "description": "List of conventions followed in the test suite", "items": {"type": "string"}, "title": "Conventions", "type": "array"}, "test_framework": {"const": "JUnit5", "default": "JUnit5", "description": "The test framework used", "title": "Test Framework", "type": "string"}, "language": {"const": "Java", "default": "Java", "description": "The programming language used for the tests", "title": "Language", "type": "string"}}, "required": ["test_cases_to_add"]}. Got: 1 validation error for TestPlan
test_cases_to_add
  Field required [type=missing, input_value={'$defs': {'TestCasePlan'...: ['test_cases_to_add']}, input_type=dict]
    For further information visit https://errors.pydantic.dev/2.10/v/missing
For troubleshooting, visit: https://python.langchain.com/docs/troubleshooting/errors/OUTPUT_PARSING_FAILURE 
2025-08-22 12:18:23,651   ERROR : Error generating test cases: Failed to parse TestPlan from completion {"$defs": {"TestCasePlan": {"properties": {"name": {"description": "The name of the test case", "title": "Name", "type": "string"}, "description": {"description": "The description of the test case", "title": "Description", "type": "string"}, "input": {"description": "Input parameters for the test case", "title": "Input", "type": "string"}, "expected_result": {"description": "Expected result for the test case", "title": "Expected Result", "type": "string"}}, "required": ["name", "description", "input", "expected_result"], "title": "TestCasePlan", "type": "object"}}, "properties": {"test_cases_to_add": {"description": "List of new test cases to add", "items": {"$ref": "#/$defs/TestCasePlan"}, "title": "Test Cases To Add", "type": "array"}, "conventions": {"default": [], "description": "List of conventions followed in the test suite", "items": {"type": "string"}, "title": "Conventions", "type": "array"}, "test_framework": {"const": "JUnit5", "default": "JUnit5", "description": "The test framework used", "title": "Test Framework", "type": "string"}, "language": {"const": "Java", "default": "Java", "description": "The programming language used for the tests", "title": "Language", "type": "string"}}, "required": ["test_cases_to_add"]}. Got: 1 validation error for TestPlan
test_cases_to_add
  Field required [type=missing, input_value={'$defs': {'TestCasePlan'...: ['test_cases_to_add']}, input_type=dict]
    For further information visit https://errors.pydantic.dev/2.10/v/missing
For troubleshooting, visit: https://python.langchain.com/docs/troubleshooting/errors/OUTPUT_PARSING_FAILURE 
2025-08-22 12:22:06,459   ERROR : Error generating test cases: Failed to parse TestPlan from completion {"$defs": {"TestCasePlan": {"properties": {"name": {"description": "The name of the test case", "title": "Name", "type": "string"}, "description": {"description": "The description of the test case", "title": "Description", "type": "string"}, "input": {"description": "Input parameters for the test case", "title": "Input", "type": "string"}, "expected_result": {"description": "Expected result for the test case", "title": "Expected Result", "type": "string"}}, "required": ["name", "description", "input", "expected_result"], "title": "TestCasePlan", "type": "object"}}}. Got: 1 validation error for TestPlan
test_cases_to_add
  Field required [type=missing, input_value={'$defs': {'TestCasePlan'...an', 'type': 'object'}}}, input_type=dict]
    For further information visit https://errors.pydantic.dev/2.10/v/missing
For troubleshooting, visit: https://python.langchain.com/docs/troubleshooting/errors/OUTPUT_PARSING_FAILURE 
2025-08-22 12:25:00,586   ERROR : Error generating test cases: cannot access local variable 'new_line_coverage' where it is not associated with a value
2025-08-22 13:07:40,575   ERROR : Error generating test cases: cannot access local variable 'new_line_coverage' where it is not associated with a value
2025-08-22 13:55:43,974   ERROR : Error generating test cases: cannot access local variable 'new_line_coverage' where it is not associated with a value
2025-08-22 16:29:00,783   ERROR : Error generating test cases: cannot access local variable 'new_line_coverage' where it is not associated with a value
2025-08-22 16:56:19,880   ERROR : Error generating test cases: cannot access local variable 'new_line_coverage' where it is not associated with a value
2025-08-22 18:34:53,860   ERROR : Error generating test cases: cannot access local variable 'new_line_coverage' where it is not associated with a value
2025-08-22 18:38:19,244   ERROR : Error generating test cases: cannot access local variable 'new_line_coverage' where it is not associated with a value
