<?xml version="1.0" encoding="UTF-8"?>
<testsuite xmlns:xsi="http://www.w3.org/2001/XMLSchema-instance" xsi:noNamespaceSchemaLocation="https://maven.apache.org/surefire/maven-surefire-plugin/xsd/surefire-test-report-3.0.xsd" version="3.0" name="original.SplitWordsTest" time="0.007" tests="62" errors="0" skipped="0" failures="0">
  <properties>
[...]
</properties>
  <testcase name="SplitWords_SplitOnComma2" classname="original.SplitWordsTest" time="0.001"/>
  <testcase name="testWordWithOddNumberOfLetters1" classname="original.SplitWordsTest" time="0"/>
  <testcase name="testNoWhitespaceOrCommaReturnsZeroForEmptyString" classname="original.SplitWordsTest" time="0"/>
  <testcase name="test_Split_On_Comma" classname="original.SplitWordsTest" time="0"/>
  <testcase name="SplitWords_Comma" classname="original.SplitWordsTest" time="0"/>
  <testcase name="test_Empty_String" classname="original.SplitWordsTest" time="0"/>
  <testcase name="SplitWordsWithEmptyString" classname="original.SplitWordsTest" time="0"/>
  <testcase name="testNoLowercaseLetters" classname="original.SplitWordsTest" time="0"/>
  <testcase name="testSplitWordsMultipleSpaces2" classname="original.SplitWordsTest" time="0"/>
  <testcase name="SplitWords_SplitOnWhitespace" classname="original.SplitWordsTest" time="0"/>
  <testcase name="SplitWordsWithWhitespace" classname="original.SplitWordsTest" time="0"/>
  <testcase name="splitWords_with_commas" classname="original.SplitWordsTest" time="0"/>
  <testcase name="testSplitWords_HappyPath_WithComma" classname="original.SplitWordsTest" time="0"/>
  <testcase name="testSplitWordsCommaSeparated" classname="original.SplitWordsTest" time="0"/>
  <testcase name="test_No_Whitespace_Or_Comma" classname="original.SplitWordsTest" time="0"/>
  <testcase name="testSingleWordWithNoWhitespaceOrComma_1" classname="original.SplitWordsTest" time="0"/>
  <testcase name="SplitWords_SingleSpaceString_ReturnsEmptyList" classname="original.SplitWordsTest" time="0"/>
  <testcase name="splitWords_with_spaces" classname="original.SplitWordsTest" time="0"/>
  <testcase name="testCountLowerCaseLettersWithOddOrder" classname="original.SplitWordsTest" time="0"/>
  <testcase name="test_Odd_Lowercase_Letters" classname="original.SplitWordsTest" time="0"/>
  <testcase name="SplitWords_NoWhitespaceOrComma_EvenLetters" classname="original.SplitWordsTest" time="0"/>
  <testcase name="test_Multiple_Words_With_Commas" classname="original.SplitWordsTest" time="0"/>
  <testcase name="testSplitOnComma" classname="original.SplitWordsTest" time="0"/>
  <testcase name="testSplitWords_CommaSeparator" classname="original.SplitWordsTest" time="0.001"/>
  <testcase name="SplitWordsWithoutWhitespaceOrComma" classname="original.SplitWordsTest" time="0"/>
  <testcase name="SplitWords_EmptyString_Fixed_2" classname="original.SplitWordsTest" time="0"/>
  <testcase name="testSplitWordsWithSpaces2" classname="original.SplitWordsTest" time="0"/>
  <testcase name="testSplitOnWhitespace" classname="original.SplitWordsTest" time="0"/>
  <testcase name="testNoWhitespaceOrCommaReturnsLowerCaseCount" classname="original.SplitWordsTest" time="0"/>
  <testcase name="testSplitWordsWithEmptyString" classname="original.SplitWordsTest" time="0"/>
  <testcase name="testSplitOnWhitespaceCorrected1" classname="original.SplitWordsTest" time="0"/>
  <testcase name="test_Multiple_Words_With_Spaces" classname="original.SplitWordsTest" time="0"/>
  <testcase name="SplitWords_Whitespace" classname="original.SplitWordsTest" time="0"/>
  <testcase name="splitWords_without_spaces_or_commas_lowercase_letters" classname="original.SplitWordsTest" time="0.001"/>
  <testcase name="test_Even_Lowercase_Letters" classname="original.SplitWordsTest" time="0"/>
  <testcase name="splitWords_empty_string" classname="original.SplitWordsTest" time="0"/>
  <testcase name="test_Split_On_Whitespace" classname="original.SplitWordsTest" time="0"/>
  <testcase name="SplitWords_CountLowercaseLetters_OddOrder" classname="original.SplitWordsTest" time="0"/>
  <testcase name="testSplitOnWhitespaceAndComma" classname="original.SplitWordsTest" time="0"/>
  <testcase name="SplitWordsWithComma" classname="original.SplitWordsTest" time="0"/>
  <testcase name="testEmptyString" classname="original.SplitWordsTest" time="0"/>
  <testcase name="SplitWordsWithMultipleConsecutiveWhitespaceFixed1" classname="original.SplitWordsTest" time="0"/>
  <testcase name="SplitWordsWithMultipleConsecutiveWhitespace1" classname="original.SplitWordsTest" time="0.001"/>
  <testcase name="SplitWords_MixedCase" classname="original.SplitWordsTest" time="0"/>
  <testcase name="SplitWords_MixedCaseLetters" classname="original.SplitWordsTest" time="0"/>
  <testcase name="testSplitWordsWithNoWhitespaceOrComma" classname="original.SplitWordsTest" time="0"/>
  <testcase name="testNoLettersReturnsZero" classname="original.SplitWordsTest" time="0"/>
  <testcase name="testSplitWordsWithWhitespaceAndComma" classname="original.SplitWordsTest" time="0"/>
  <testcase name="testSplitWords_EdgeCase_WithNoWhitespaceOrComma" classname="original.SplitWordsTest" time="0"/>
  <testcase name="test_Single_Word_With_Space" classname="original.SplitWordsTest" time="0"/>
  <testcase name="testSplitWordsNoWhitespaceOrCommas" classname="original.SplitWordsTest" time="0"/>
  <testcase name="splitWords_without_spaces_or_commas_mixed_case" classname="original.SplitWordsTest" time="0"/>
  <testcase name="testSplitWords_HappyPath_WithWhitespace" classname="original.SplitWordsTest" time="0"/>
  <testcase name="SplitWords_SplitOnComma" classname="original.SplitWordsTest" time="0"/>
  <testcase name="test_Mixed_Case_Letters" classname="original.SplitWordsTest" time="0"/>
  <testcase name="SplitWords_EmptyString" classname="original.SplitWordsTest" time="0"/>
  <testcase name="testNothing" classname="original.SplitWordsTest" time="0"/>
  <testcase name="testSplitWordsWithComma" classname="original.SplitWordsTest" time="0"/>
  <testcase name="SplitWords_CountLowercaseLetters_EvenOrder" classname="original.SplitWordsTest" time="0"/>
  <testcase name="testSplitWordsEmptyString" classname="original.SplitWordsTest" time="0"/>
  <testcase name="splitWords_with_lowercase_letters_only_2" classname="original.SplitWordsTest" time="0"/>
  <testcase name="SplitWords_NoWhitespaceOrComma_OddLetters" classname="original.SplitWordsTest" time="0"/>
</testsuite>