<?xml version="1.0" encoding="UTF-8"?>
<testsuite xmlns:xsi="http://www.w3.org/2001/XMLSchema-instance" xsi:noNamespaceSchemaLocation="https://maven.apache.org/surefire/maven-surefire-plugin/xsd/surefire-test-report-3.0.xsd" version="3.0" name="original.AnyIntTest" time="0.007" tests="57" errors="0" skipped="0" failures="0">
  <properties>
[...]
</properties>
  <testcase name="testAnyInt_EdgeCase_True_NegativeNumbers" classname="original.AnyIntTest" time="0"/>
  <testcase name="test_SumOfTwoNumbersEqualsThirdNumber" classname="original.AnyIntTest" time="0"/>
  <testcase name="testAnyInt_withDecimalNumbers" classname="original.AnyIntTest" time="0"/>
  <testcase name="test_all_integers_one_sum_condition_met" classname="original.AnyIntTest" time="0"/>
  <testcase name="TestAnyInt_Positive_IntegerInputs_SumOfTwoNotEqualsThird" classname="original.AnyIntTest" time="0"/>
  <testcase name="testNonIntegerInputs" classname="original.AnyIntTest" time="0"/>
  <testcase name="testAnyInt_withNullInput" classname="original.AnyIntTest" time="0"/>
  <testcase name="testAnyInt_HappyPath_NegativeNumbers" classname="original.AnyIntTest" time="0"/>
  <testcase name="testAnyInt_WithZeroAsInput" classname="original.AnyIntTest" time="0"/>
  <testcase name="testAnyInt_Negative_NonIntegerInputs" classname="original.AnyIntTest" time="0"/>
  <testcase name="testNonSumEquality" classname="original.AnyIntTest" time="0"/>
  <testcase name="testAnyInt_withNegativeIntegers" classname="original.AnyIntTest" time="0"/>
  <testcase name="testAnyInt_withSameNumbers" classname="original.AnyIntTest" time="0"/>
  <testcase name="TestAnyInt_NonIntegerInputs" classname="original.AnyIntTest" time="0"/>
  <testcase name="testAnyInt_WithNegativeIntegers" classname="original.AnyIntTest" time="0"/>
  <testcase name="testNonIntegerInput" classname="original.AnyIntTest" time="0"/>
  <testcase name="testNegativeIntegersFixed" classname="original.AnyIntTest" time="0"/>
  <testcase name="testAnyInt_WithOneIntegerValueAndTwoNonIntegerValues" classname="original.AnyIntTest" time="0"/>
  <testcase name="test_all_integers_no_sum_condition_met" classname="original.AnyIntTest" time="0.001"/>
  <testcase name="testAnyInt_Positive_DifferentNumbers" classname="original.AnyIntTest" time="0"/>
  <testcase name="testAnyInt_Negative_NonIntegerInputs_Fixed" classname="original.AnyIntTest" time="0"/>
  <testcase name="test_SameNumberRepeated" classname="original.AnyIntTest" time="0"/>
  <testcase name="TestAnyInt_NegativeAndPositive_IntegerInputs_SumOfTwoEqualsThird" classname="original.AnyIntTest" time="0"/>
  <testcase name="testZeroIntegers" classname="original.AnyIntTest" time="0"/>
  <testcase name="test_NegativeNumbers" classname="original.AnyIntTest" time="0"/>
  <testcase name="test_non_integer_inputs_one_sum_condition_met" classname="original.AnyIntTest" time="0"/>
  <testcase name="testAnyInt_Positive_True" classname="original.AnyIntTest" time="0"/>
  <testcase name="testMixedSignIntegersFixed2" classname="original.AnyIntTest" time="0"/>
  <testcase name="test_edge_case_negative_values" classname="original.AnyIntTest" time="0.001"/>
  <testcase name="testAnyInt_Edge_ZeroInputs" classname="original.AnyIntTest" time="0"/>
  <testcase name="testAnyInt_Negative_False_NotIntegers" classname="original.AnyIntTest" time="0"/>
  <testcase name="TestAnyInt_Large_IntegerInputs_SumOfTwoEqualsThird" classname="original.AnyIntTest" time="0"/>
  <testcase name="testAnyInt_EdgeCase_ZeroInputs" classname="original.AnyIntTest" time="0"/>
  <testcase name="testAnyInt_HappyPath_Zero" classname="original.AnyIntTest" time="0"/>
  <testcase name="testIntegerSumEquality" classname="original.AnyIntTest" time="0"/>
  <testcase name="testAnyInt_Positive_EqualToSum" classname="original.AnyIntTest" time="0"/>
  <testcase name="testAnyInt_withAllNegativeIntegers" classname="original.AnyIntTest" time="0"/>
  <testcase name="testNegativeIntegers" classname="original.AnyIntTest" time="0"/>
  <testcase name="testAnyInt_SpecificFunctionality_False_2" classname="original.AnyIntTest" time="0"/>
  <testcase name="testAnyInt_WithAllIntegerValuesButNoSumMatch" classname="original.AnyIntTest" time="0.001"/>
  <testcase name="testDuplicateIntegers" classname="original.AnyIntTest" time="0"/>
  <testcase name="testAnyInt_WithNonIntegerValues" classname="original.AnyIntTest" time="0"/>
  <testcase name="testEdgeCaseZero" classname="original.AnyIntTest" time="0"/>
  <testcase name="TestAnyInt_Positive_IntegerInputs_SumOfTwoEqualsThird" classname="original.AnyIntTest" time="0"/>
  <testcase name="test_NonIntegerInput" classname="original.AnyIntTest" time="0"/>
  <testcase name="testAnyInt_SpecificFunctionality_NegativeNumbers" classname="original.AnyIntTest" time="0"/>
  <testcase name="testAnyInt_Positive_SumOfOtherTwo" classname="original.AnyIntTest" time="0"/>
  <testcase name="test_non_integer_inputs_no_sum_condition_met" classname="original.AnyIntTest" time="0"/>
  <testcase name="testAnyInt_UnhappyPath_NonIntegerArguments" classname="original.AnyIntTest" time="0"/>
  <testcase name="test_edge_case_zero_values_2" classname="original.AnyIntTest" time="0"/>
  <testcase name="testNothing" classname="original.AnyIntTest" time="0"/>
  <testcase name="anyInt_Should_Return_True_When_One_Number_Is_Sum_Of_Other_Two" classname="original.AnyIntTest" time="0"/>
  <testcase name="test_ZeroInput" classname="original.AnyIntTest" time="0"/>
  <testcase name="testAnyInt_Negative_AllNonIntegerInputs" classname="original.AnyIntTest" time="0"/>
  <testcase name="testAnyInt_withZero" classname="original.AnyIntTest" time="0"/>
  <testcase name="testEdgeCaseLargeNumbersFixed1" classname="original.AnyIntTest" time="0"/>
  <testcase name="testPositiveIntegers" classname="original.AnyIntTest" time="0"/>
</testsuite>