<?xml version="1.0" encoding="UTF-8"?>
<testsuite xmlns:xsi="http://www.w3.org/2001/XMLSchema-instance" xsi:noNamespaceSchemaLocation="https://maven.apache.org/surefire/maven-surefire-plugin/xsd/surefire-test-report-3.0.xsd" version="3.0" name="original.MonotonicTest" time="0.095" tests="79" errors="0" skipped="0" failures="0">
  <properties>
[...]
</properties>
  <testcase name="testListWithSingleElement" classname="original.MonotonicTest" time="0.028"/>
  <testcase name="testMonotonicDecreasingListUnique" classname="original.MonotonicTest" time="0"/>
  <testcase name="testMonotonicIncreasing" classname="original.MonotonicTest" time="0"/>
  <testcase name="TestSingleElementList1" classname="original.MonotonicTest" time="0"/>
  <testcase name="testNonMonotonicList2Fixed" classname="original.MonotonicTest" time="0.001"/>
  <testcase name="testMonotonicDecreasing" classname="original.MonotonicTest" time="0"/>
  <testcase name="testEmptyList2" classname="original.MonotonicTest" time="0.002"/>
  <testcase name="testNonMonotonicListWithDirectionChanges1" classname="original.MonotonicTest" time="0"/>
  <testcase name="testDuplicateElementsListFixed2" classname="original.MonotonicTest" time="0.001"/>
  <testcase name="testEmptySequenceFixed" classname="original.MonotonicTest" time="0"/>
  <testcase name="testMonotonicDecreasingSequence" classname="original.MonotonicTest" time="0"/>
  <testcase name="TestMonotonicSingleElementList" classname="original.MonotonicTest" time="0.001"/>
  <testcase name="testSequenceWithEqualElements" classname="original.MonotonicTest" time="0"/>
  <testcase name="testMonotonicDecreasingListWithEqualElements1" classname="original.MonotonicTest" time="0"/>
  <testcase name="testNullList" classname="original.MonotonicTest" time="0.001"/>
  <testcase name="testNonMonotonicList2" classname="original.MonotonicTest" time="0"/>
  <testcase name="testNonMonotonicList3" classname="original.MonotonicTest" time="0.001"/>
  <testcase name="test_single_element" classname="original.MonotonicTest" time="0"/>
  <testcase name="testListWithSameElements" classname="original.MonotonicTest" time="0"/>
  <testcase name="TestMonotonicConstantList" classname="original.MonotonicTest" time="0"/>
  <testcase name="testMonotonicDecreasingListCorrected" classname="original.MonotonicTest" time="0"/>
  <testcase name="testEmptySequenceFixed2" classname="original.MonotonicTest" time="0.001"/>
  <testcase name="testEmptyList" classname="original.MonotonicTest" time="0.001"/>
  <testcase name="test_Monotonic_IncreasingList_ReturnsTrue" classname="original.MonotonicTest" time="0.002"/>
  <testcase name="testNonMonotonicSequenceIncreasingThenDecreasing" classname="original.MonotonicTest" time="0"/>
  <testcase name="testMonotonicIncreasingSequence2" classname="original.MonotonicTest" time="0"/>
  <testcase name="testEmptyListFixed" classname="original.MonotonicTest" time="0.001"/>
  <testcase name="test_Duplicate_Elements_Test_5" classname="original.MonotonicTest" time="0"/>
  <testcase name="test_Monotonic_Decreasing_Test_2" classname="original.MonotonicTest" time="0.001"/>
  <testcase name="testMonotonicEqualElementsList" classname="original.MonotonicTest" time="0"/>
  <testcase name="testMonotonicIncreasingList2" classname="original.MonotonicTest" time="0.001"/>
  <testcase name="testMonotonicIncreasingList3" classname="original.MonotonicTest" time="0"/>
  <testcase name="testSingleElementList" classname="original.MonotonicTest" time="0.001"/>
  <testcase name="test_Non_Monotonic_Test_3" classname="original.MonotonicTest" time="0"/>
  <testcase name="test_equal_elements" classname="original.MonotonicTest" time="0"/>
  <testcase name="testSingleElementList_ReturnsTrue" classname="original.MonotonicTest" time="0"/>
  <testcase name="testMonotonicIncreasingList" classname="original.MonotonicTest" time="0"/>
  <testcase name="TestMonotonicIncreasing1" classname="original.MonotonicTest" time="0"/>
  <testcase name="testMonotonicDecreasing1" classname="original.MonotonicTest" time="0"/>
  <testcase name="testMonotonicDecreasing2" classname="original.MonotonicTest" time="0"/>
  <testcase name="testDuplicateElementsIncreasing" classname="original.MonotonicTest" time="0"/>
  <testcase name="TestMonotonicDecreasingList" classname="original.MonotonicTest" time="0"/>
  <testcase name="test_non_monotonic_increasing_decreasing" classname="original.MonotonicTest" time="0"/>
  <testcase name="testDuplicateElementsDecreasing" classname="original.MonotonicTest" time="0"/>
  <testcase name="TestEmptyList" classname="original.MonotonicTest" time="0.001"/>
  <testcase name="TestMonotonicNullList" classname="original.MonotonicTest" time="0"/>
  <testcase name="TestMonotonicEmptyList" classname="original.MonotonicTest" time="0"/>
  <testcase name="testDuplicateElements" classname="original.MonotonicTest" time="0"/>
  <testcase name="TestMonotonicNonMonotonicList" classname="original.MonotonicTest" time="0"/>
  <testcase name="testNullPointer" classname="original.MonotonicTest" time="0"/>
  <testcase name="test_monotonic_decreasing" classname="original.MonotonicTest" time="0.001"/>
  <testcase name="testMonotonicDecreasingList" classname="original.MonotonicTest" time="0"/>
  <testcase name="testMonotonicDecreasingList2" classname="original.MonotonicTest" time="0"/>
  <testcase name="testSingleElementListCorrected" classname="original.MonotonicTest" time="0"/>
  <testcase name="testNonMonotonic" classname="original.MonotonicTest" time="0.001"/>
  <testcase name="test_Negative_Numbers_Test_6" classname="original.MonotonicTest" time="0"/>
  <testcase name="testMonotonicDecreasingWithDifferentValues" classname="original.MonotonicTest" time="0.001"/>
  <testcase name="test_Single_Element_List_Test_4" classname="original.MonotonicTest" time="0"/>
  <testcase name="TestMonotonicDecreasing" classname="original.MonotonicTest" time="0.001"/>
  <testcase name="testMonotonicIncreasingListUnique" classname="original.MonotonicTest" time="0"/>
  <testcase name="testSingleElementSequence" classname="original.MonotonicTest" time="0.001"/>
  <testcase name="TestNonMonotonicList1Fixed" classname="original.MonotonicTest" time="0"/>
  <testcase name="testNullPointer2" classname="original.MonotonicTest" time="0.001"/>
  <testcase name="TestSingleElementList" classname="original.MonotonicTest" time="0.001"/>
  <testcase name="testNonMonotonicList" classname="original.MonotonicTest" time="0"/>
  <testcase name="TestEmptyList1" classname="original.MonotonicTest" time="0.001"/>
  <testcase name="testMonotonicIncreasingSequence" classname="original.MonotonicTest" time="0.001"/>
  <testcase name="testSingleElementList1" classname="original.MonotonicTest" time="0"/>
  <testcase name="testNonMonotonicListWithDirectionChange1" classname="original.MonotonicTest" time="0"/>
  <testcase name="test_Monotonic_Increasing_Test_1" classname="original.MonotonicTest" time="0"/>
  <testcase name="test_monotonic_increasing_1" classname="original.MonotonicTest" time="0"/>
  <testcase name="testSingleElementListUnique" classname="original.MonotonicTest" time="0.001"/>
  <testcase name="TestNonMonotonicList" classname="original.MonotonicTest" time="0"/>
  <testcase name="testNullInput" classname="original.MonotonicTest" time="0.001"/>
  <testcase name="testNothing" classname="original.MonotonicTest" time="0"/>
  <testcase name="test_two_elements" classname="original.MonotonicTest" time="0.001"/>
  <testcase name="testDuplicateElementsList" classname="original.MonotonicTest" time="0"/>
  <testcase name="TestMonotonicDecreasing1" classname="original.MonotonicTest" time="0"/>
  <testcase name="testNullListFixed" classname="original.MonotonicTest" time="0.001"/>
</testsuite>