nohup: ignoring input
2025-05-13 17:15:50,240   INFO : 

 Processing file: /home/qinghua/projects/matg/data/HumanEvalJava/matg/src/main/java/original/id_150.java
2025-05-13 17:15:50,240   INFO : skip id_150
2025-05-13 17:15:50,240   INFO : 

 Processing file: /home/qinghua/projects/matg/data/HumanEvalJava/matg/src/main/java/original/id_130.java
2025-05-13 17:15:50,240   INFO : skip id_130
2025-05-13 17:15:50,240   INFO : 

 Processing file: /home/qinghua/projects/matg/data/HumanEvalJava/matg/src/main/java/original/id_146.java
2025-05-13 17:15:50,240   INFO : skip id_146
2025-05-13 17:15:50,240   INFO : 

 Processing file: /home/qinghua/projects/matg/data/HumanEvalJava/matg/src/main/java/original/id_39.java
2025-05-13 17:15:50,240   INFO : skip id_39
2025-05-13 17:15:50,240   INFO : 

 Processing file: /home/qinghua/projects/matg/data/HumanEvalJava/matg/src/main/java/original/id_53.java
2025-05-13 17:15:50,240   INFO : skip id_53
2025-05-13 17:15:50,240   INFO : 

 Processing file: /home/qinghua/projects/matg/data/HumanEvalJava/matg/src/main/java/original/id_31.java
2025-05-13 17:15:50,240   INFO : skip id_31
2025-05-13 17:15:50,240   INFO : 

 Processing file: /home/qinghua/projects/matg/data/HumanEvalJava/matg/src/main/java/original/id_72.java
2025-05-13 17:15:50,240   INFO : skip id_72
2025-05-13 17:15:50,240   INFO : 

 Processing file: /home/qinghua/projects/matg/data/HumanEvalJava/matg/src/main/java/original/id_109.java
2025-05-13 17:15:50,240   INFO : skip id_109
2025-05-13 17:15:50,240   INFO : 

 Processing file: /home/qinghua/projects/matg/data/HumanEvalJava/matg/src/main/java/original/id_111.java
2025-05-13 17:15:50,240   INFO : skip id_111
2025-05-13 17:15:50,240   INFO : 

 Processing file: /home/qinghua/projects/matg/data/HumanEvalJava/matg/src/main/java/original/id_133.java
2025-05-13 17:15:50,240   INFO : skip id_133
2025-05-13 17:15:50,240   INFO : 

 Processing file: /home/qinghua/projects/matg/data/HumanEvalJava/matg/src/main/java/original/id_144.java
2025-05-13 17:15:50,240   INFO : skip id_144
2025-05-13 17:15:50,240   INFO : 

 Processing file: /home/qinghua/projects/matg/data/HumanEvalJava/matg/src/main/java/original/id_8.java
2025-05-13 17:15:50,240   INFO : skip id_8
2025-05-13 17:15:50,240   INFO : 

 Processing file: /home/qinghua/projects/matg/data/HumanEvalJava/matg/src/main/java/original/id_119.java
2025-05-13 17:15:50,240   INFO : skip id_119
2025-05-13 17:15:50,240   INFO : 

 Processing file: /home/qinghua/projects/matg/data/HumanEvalJava/matg/src/main/java/original/id_102.java
2025-05-13 17:15:50,240   INFO : skip id_102
2025-05-13 17:15:50,240   INFO : 

 Processing file: /home/qinghua/projects/matg/data/HumanEvalJava/matg/src/main/java/original/id_85.java
2025-05-13 17:15:50,240   INFO : skip id_85
2025-05-13 17:15:50,240   INFO : 

 Processing file: /home/qinghua/projects/matg/data/HumanEvalJava/matg/src/main/java/original/id_88.java
2025-05-13 17:15:51.082201: I tensorflow/core/util/port.cc:153] oneDNN custom operations are on. You may see slightly different numerical results due to floating-point round-off errors from different computation orders. To turn them off, set the environment variable `TF_ENABLE_ONEDNN_OPTS=0`.
2025-05-13 17:15:51.092423: E external/local_xla/xla/stream_executor/cuda/cuda_fft.cc:467] Unable to register cuFFT factory: Attempting to register factory for plugin cuFFT when one has already been registered
WARNING: All log messages before absl::InitializeLog() is called are written to STDERR
E0000 00:00:1747152951.104506 2816018 cuda_dnn.cc:8579] Unable to register cuDNN factory: Attempting to register factory for plugin cuDNN when one has already been registered
E0000 00:00:1747152951.107963 2816018 cuda_blas.cc:1407] Unable to register cuBLAS factory: Attempting to register factory for plugin cuBLAS when one has already been registered
W0000 00:00:1747152951.117213 2816018 computation_placer.cc:177] computation placer already registered. Please check linkage and avoid linking the same target more than once.
W0000 00:00:1747152951.117234 2816018 computation_placer.cc:177] computation placer already registered. Please check linkage and avoid linking the same target more than once.
W0000 00:00:1747152951.117244 2816018 computation_placer.cc:177] computation placer already registered. Please check linkage and avoid linking the same target more than once.
W0000 00:00:1747152951.117246 2816018 computation_placer.cc:177] computation placer already registered. Please check linkage and avoid linking the same target more than once.
2025-05-13 17:15:51.120132: I tensorflow/core/platform/cpu_feature_guard.cc:210] This TensorFlow binary is optimized to use available CPU instructions in performance-critical operations.
To enable the following instructions: AVX2 AVX512F AVX512_VNNI AVX512_BF16 AVX512_FP16 AVX_VNNI AMX_TILE AMX_INT8 AMX_BF16 FMA, in other operations, rebuild TensorFlow with the appropriate compiler flags.
2025-05-13 17:15:53,223   INFO : ======================================================================

2025-05-13 17:15:53,223   INFO : üöÄ Starting MATG: Multi-Agent LLM-Based Test Generation Framework
2025-05-13 17:15:53,223   INFO : üìò Purpose : Automated test generation for Java using LLM agents
2025-05-13 17:15:53,223   INFO : üß† Agents  : Planner, Generator, Executor, and Evaluator
2025-05-13 17:15:53,223   INFO : üõ†Ô∏è  Engine  : Powered by matg (Machine-Assisted Test Generation)
2025-05-13 17:15:53,223   INFO : ======================================================================


2025-05-13 17:15:53,513   INFO : Initial line coverage: 0.7
2025-05-13 17:15:53,516   ERROR : Error generating test cases: Got <class 'pandas.core.series.Series'>, but numpy array or torch tensor are expected.
2025-05-13 17:15:53,517   INFO : Final line coverage: id
id_88    1.000000
id_88    0.666667
Name: line_coverage, dtype: float64
2025-05-13 17:15:53,517   INFO : Test generation process completed. Check the test file at /home/qinghua/projects/matg/data/HumanEvalJava/matg/src/test/java/original/id_88Test.java
2025-05-13 17:15:53,517   INFO : Tensorboard logs saved at tensorboard_logs/id_88



                                    ‚ñà‚ñà‚ñà    ‚ñà‚ñà‚ñà      ‚ñà‚ñà‚ñà‚ñà‚ñà     ‚ñà‚ñà‚ñà‚ñà‚ñà‚ñà‚ñà       ‚ñà‚ñà‚ñà‚ñà‚ñà‚ñà  
                                    ‚ñà‚ñà‚ñà‚ñà  ‚ñà‚ñà‚ñà‚ñà     ‚ñà‚ñà   ‚ñà‚ñà      ‚ñà‚ñà‚ñà      ‚ñà‚ñà    
                                    ‚ñà‚ñà ‚ñà‚ñà‚ñà‚ñà ‚ñà‚ñà     ‚ñà‚ñà‚ñà‚ñà‚ñà‚ñà‚ñà      ‚ñà‚ñà‚ñà      ‚ñà‚ñà   ‚ñà‚ñà‚ñà‚ñà
                                    ‚ñà‚ñà  ‚ñà‚ñà  ‚ñà‚ñà     ‚ñà‚ñà   ‚ñà‚ñà      ‚ñà‚ñà‚ñà      ‚ñà‚ñà     ‚ñà‚ñà 
                                    ‚ñà‚ñà      ‚ñà‚ñà     ‚ñà‚ñà   ‚ñà‚ñà      ‚ñà‚ñà‚ñà        ‚ñà‚ñà‚ñà‚ñà‚ñà‚ñà‚ñà  

2025-05-13 17:16:07,123   INFO : 

 Processing file: /home/qinghua/projects/matg/data/HumanEvalJava/matg/src/main/java/original/id_11.java
2025-05-13 17:16:07,123   INFO : skip id_11
2025-05-13 17:16:07,123   INFO : 

 Processing file: /home/qinghua/projects/matg/data/HumanEvalJava/matg/src/main/java/original/id_154.java
2025-05-13 17:16:07,123   INFO : skip id_154
2025-05-13 17:16:07,123   INFO : 

 Processing file: /home/qinghua/projects/matg/data/HumanEvalJava/matg/src/main/java/original/id_42.java
2025-05-13 17:16:07,123   INFO : skip id_42
2025-05-13 17:16:07,123   INFO : 

 Processing file: /home/qinghua/projects/matg/data/HumanEvalJava/matg/src/main/java/original/id_136.java
2025-05-13 17:16:07,123   INFO : skip id_136
2025-05-13 17:16:07,123   INFO : 

 Processing file: /home/qinghua/projects/matg/data/HumanEvalJava/matg/src/main/java/original/id_125.java
2025-05-13 17:16:07,123   INFO : skip id_125
2025-05-13 17:16:07,124   INFO : 

 Processing file: /home/qinghua/projects/matg/data/HumanEvalJava/matg/src/main/java/original/id_48.java
2025-05-13 17:16:07,124   INFO : skip id_48
2025-05-13 17:16:07,124   INFO : 

 Processing file: /home/qinghua/projects/matg/data/HumanEvalJava/matg/src/main/java/original/id_84.java
2025-05-13 17:16:07,124   INFO : skip id_84
2025-05-13 17:16:07,124   INFO : 

 Processing file: /home/qinghua/projects/matg/data/HumanEvalJava/matg/src/main/java/original/id_81.java
2025-05-13 17:16:07,124   INFO : skip id_81
2025-05-13 17:16:07,124   INFO : 

 Processing file: /home/qinghua/projects/matg/data/HumanEvalJava/matg/src/main/java/original/id_71.java
2025-05-13 17:16:07,124   INFO : skip id_71
2025-05-13 17:16:07,124   INFO : 

 Processing file: /home/qinghua/projects/matg/data/HumanEvalJava/matg/src/main/java/original/id_112.java
2025-05-13 17:16:07,124   INFO : skip id_112
2025-05-13 17:16:07,124   INFO : 

 Processing file: /home/qinghua/projects/matg/data/HumanEvalJava/matg/src/main/java/original/id_116.java
2025-05-13 17:16:07,124   INFO : skip id_116
2025-05-13 17:16:07,124   INFO : 

 Processing file: /home/qinghua/projects/matg/data/HumanEvalJava/matg/src/main/java/original/id_73.java
2025-05-13 17:16:07,124   INFO : skip id_73
2025-05-13 17:16:07,124   INFO : 

 Processing file: /home/qinghua/projects/matg/data/HumanEvalJava/matg/src/main/java/original/id_99.java
2025-05-13 17:16:07,124   INFO : skip id_99
2025-05-13 17:16:07,124   INFO : 

 Processing file: /home/qinghua/projects/matg/data/HumanEvalJava/matg/src/main/java/original/id_92.java
2025-05-13 17:16:07,124   INFO : skip id_92
2025-05-13 17:16:07,124   INFO : 

 Processing file: /home/qinghua/projects/matg/data/HumanEvalJava/matg/src/main/java/original/id_79.java
2025-05-13 17:16:07,124   INFO : skip id_79
2025-05-13 17:16:07,124   INFO : 

 Processing file: /home/qinghua/projects/matg/data/HumanEvalJava/matg/src/main/java/original/id_49.java
2025-05-13 17:16:07,124   INFO : skip id_49
2025-05-13 17:16:07,125   INFO : 

 Processing file: /home/qinghua/projects/matg/data/HumanEvalJava/matg/src/main/java/original/id_1.java
2025-05-13 17:16:07,125   INFO : skip id_1
2025-05-13 17:16:07,125   INFO : 

 Processing file: /home/qinghua/projects/matg/data/HumanEvalJava/matg/src/main/java/original/id_120.java
2025-05-13 17:16:07.988538: I tensorflow/core/util/port.cc:153] oneDNN custom operations are on. You may see slightly different numerical results due to floating-point round-off errors from different computation orders. To turn them off, set the environment variable `TF_ENABLE_ONEDNN_OPTS=0`.
2025-05-13 17:16:07.999394: E external/local_xla/xla/stream_executor/cuda/cuda_fft.cc:467] Unable to register cuFFT factory: Attempting to register factory for plugin cuFFT when one has already been registered
WARNING: All log messages before absl::InitializeLog() is called are written to STDERR
E0000 00:00:1747152968.011777 2816490 cuda_dnn.cc:8579] Unable to register cuDNN factory: Attempting to register factory for plugin cuDNN when one has already been registered
E0000 00:00:1747152968.015372 2816490 cuda_blas.cc:1407] Unable to register cuBLAS factory: Attempting to register factory for plugin cuBLAS when one has already been registered
W0000 00:00:1747152968.025160 2816490 computation_placer.cc:177] computation placer already registered. Please check linkage and avoid linking the same target more than once.
W0000 00:00:1747152968.025182 2816490 computation_placer.cc:177] computation placer already registered. Please check linkage and avoid linking the same target more than once.
W0000 00:00:1747152968.025184 2816490 computation_placer.cc:177] computation placer already registered. Please check linkage and avoid linking the same target more than once.
W0000 00:00:1747152968.025186 2816490 computation_placer.cc:177] computation placer already registered. Please check linkage and avoid linking the same target more than once.
2025-05-13 17:16:08.027986: I tensorflow/core/platform/cpu_feature_guard.cc:210] This TensorFlow binary is optimized to use available CPU instructions in performance-critical operations.
To enable the following instructions: AVX2 AVX512F AVX512_VNNI AVX512_BF16 AVX512_FP16 AVX_VNNI AMX_TILE AMX_INT8 AMX_BF16 FMA, in other operations, rebuild TensorFlow with the appropriate compiler flags.
2025-05-13 17:16:10,133   INFO : ======================================================================

2025-05-13 17:16:10,133   INFO : üöÄ Starting MATG: Multi-Agent LLM-Based Test Generation Framework
2025-05-13 17:16:10,133   INFO : üìò Purpose : Automated test generation for Java using LLM agents
2025-05-13 17:16:10,133   INFO : üß† Agents  : Planner, Generator, Executor, and Evaluator
2025-05-13 17:16:10,133   INFO : üõ†Ô∏è  Engine  : Powered by matg (Machine-Assisted Test Generation)
2025-05-13 17:16:10,133   INFO : ======================================================================


2025-05-13 17:16:10,409   INFO : Initial line coverage: 0.15
2025-05-13 17:16:10,412   ERROR : Error generating test cases: Got <class 'pandas.core.series.Series'>, but numpy array or torch tensor are expected.
2025-05-13 17:16:10,413   INFO : Final line coverage: id
id_120    0.157895
id_120    0.000000
Name: line_coverage, dtype: float64
2025-05-13 17:16:10,413   INFO : Test generation process completed. Check the test file at /home/qinghua/projects/matg/data/HumanEvalJava/matg/src/test/java/original/id_120Test.java
2025-05-13 17:16:10,413   INFO : Tensorboard logs saved at tensorboard_logs/id_120



                                    ‚ñà‚ñà‚ñà    ‚ñà‚ñà‚ñà      ‚ñà‚ñà‚ñà‚ñà‚ñà     ‚ñà‚ñà‚ñà‚ñà‚ñà‚ñà‚ñà       ‚ñà‚ñà‚ñà‚ñà‚ñà‚ñà  
                                    ‚ñà‚ñà‚ñà‚ñà  ‚ñà‚ñà‚ñà‚ñà     ‚ñà‚ñà   ‚ñà‚ñà      ‚ñà‚ñà‚ñà      ‚ñà‚ñà    
                                    ‚ñà‚ñà ‚ñà‚ñà‚ñà‚ñà ‚ñà‚ñà     ‚ñà‚ñà‚ñà‚ñà‚ñà‚ñà‚ñà      ‚ñà‚ñà‚ñà      ‚ñà‚ñà   ‚ñà‚ñà‚ñà‚ñà
                                    ‚ñà‚ñà  ‚ñà‚ñà  ‚ñà‚ñà     ‚ñà‚ñà   ‚ñà‚ñà      ‚ñà‚ñà‚ñà      ‚ñà‚ñà     ‚ñà‚ñà 
                                    ‚ñà‚ñà      ‚ñà‚ñà     ‚ñà‚ñà   ‚ñà‚ñà      ‚ñà‚ñà‚ñà        ‚ñà‚ñà‚ñà‚ñà‚ñà‚ñà‚ñà  

2025-05-13 17:16:23,904   INFO : 

 Processing file: /home/qinghua/projects/matg/data/HumanEvalJava/matg/src/main/java/original/id_139.java
2025-05-13 17:16:23,904   INFO : skip id_139
2025-05-13 17:16:23,904   INFO : 

 Processing file: /home/qinghua/projects/matg/data/HumanEvalJava/matg/src/main/java/original/id_132.java
2025-05-13 17:16:23,904   INFO : skip id_132
2025-05-13 17:16:23,904   INFO : 

 Processing file: /home/qinghua/projects/matg/data/HumanEvalJava/matg/src/main/java/original/id_93.java
2025-05-13 17:16:23,904   INFO : skip id_93
2025-05-13 17:16:23,904   INFO : 

 Processing file: /home/qinghua/projects/matg/data/HumanEvalJava/matg/src/main/java/original/id_16.java
2025-05-13 17:16:23,904   INFO : skip id_16
2025-05-13 17:16:23,904   INFO : 

 Processing file: /home/qinghua/projects/matg/data/HumanEvalJava/matg/src/main/java/original/id_80.java
2025-05-13 17:16:23,904   INFO : skip id_80
2025-05-13 17:16:23,904   INFO : 

 Processing file: /home/qinghua/projects/matg/data/HumanEvalJava/matg/src/main/java/original/id_23.java
2025-05-13 17:16:23,904   INFO : skip id_23
2025-05-13 17:16:23,904   INFO : 

 Processing file: /home/qinghua/projects/matg/data/HumanEvalJava/matg/src/main/java/original/id_140.java
2025-05-13 17:16:23,904   INFO : skip id_140
2025-05-13 17:16:23,904   INFO : 

 Processing file: /home/qinghua/projects/matg/data/HumanEvalJava/matg/src/main/java/original/id_123.java
2025-05-13 17:16:23,904   INFO : skip id_123
2025-05-13 17:16:23,905   INFO : 

 Processing file: /home/qinghua/projects/matg/data/HumanEvalJava/matg/src/main/java/original/id_28.java
2025-05-13 17:16:23,905   INFO : skip id_28
2025-05-13 17:16:23,905   INFO : 

 Processing file: /home/qinghua/projects/matg/data/HumanEvalJava/matg/src/main/java/original/id_34.java
2025-05-13 17:16:23,905   INFO : skip id_34
2025-05-13 17:16:23,905   INFO : 

 Processing file: /home/qinghua/projects/matg/data/HumanEvalJava/matg/src/main/java/original/id_153.java
2025-05-13 17:16:23,905   INFO : skip id_153
2025-05-13 17:16:23,905   INFO : 

 Processing file: /home/qinghua/projects/matg/data/HumanEvalJava/matg/src/main/java/original/id_3.java
2025-05-13 17:16:23,905   INFO : skip id_3
2025-05-13 17:16:23,905   INFO : 

 Processing file: /home/qinghua/projects/matg/data/HumanEvalJava/matg/src/main/java/original/id_83.java
2025-05-13 17:16:23,905   INFO : skip id_83
2025-05-13 17:16:23,905   INFO : 

 Processing file: /home/qinghua/projects/matg/data/HumanEvalJava/matg/src/main/java/original/id_18.java
2025-05-13 17:16:23,905   INFO : skip id_18
2025-05-13 17:16:23,905   INFO : 

 Processing file: /home/qinghua/projects/matg/data/HumanEvalJava/matg/src/main/java/original/id_10.java
2025-05-13 17:16:23,905   INFO : skip id_10
2025-05-13 17:16:23,905   INFO : 

 Processing file: /home/qinghua/projects/matg/data/HumanEvalJava/matg/src/main/java/original/id_74.java
2025-05-13 17:16:23,905   INFO : skip id_74
2025-05-13 17:16:23,905   INFO : 

 Processing file: /home/qinghua/projects/matg/data/HumanEvalJava/matg/src/main/java/original/id_15.java
2025-05-13 17:16:23,905   INFO : skip id_15
2025-05-13 17:16:23,905   INFO : 

 Processing file: /home/qinghua/projects/matg/data/HumanEvalJava/matg/src/main/java/original/id_9.java
2025-05-13 17:16:23,905   INFO : skip id_9
2025-05-13 17:16:23,905   INFO : 

 Processing file: /home/qinghua/projects/matg/data/HumanEvalJava/matg/src/main/java/original/id_33.java
2025-05-13 17:16:23,905   INFO : skip id_33
2025-05-13 17:16:23,906   INFO : 

 Processing file: /home/qinghua/projects/matg/data/HumanEvalJava/matg/src/main/java/original/id_0.java
2025-05-13 17:16:23,906   INFO : skip id_0
2025-05-13 17:16:23,906   INFO : 

 Processing file: /home/qinghua/projects/matg/data/HumanEvalJava/matg/src/main/java/original/id_19.java
2025-05-13 17:16:23,906   INFO : skip id_19
2025-05-13 17:16:23,906   INFO : 

 Processing file: /home/qinghua/projects/matg/data/HumanEvalJava/matg/src/main/java/original/id_158.java
2025-05-13 17:16:23,906   INFO : skip id_158
2025-05-13 17:16:23,906   INFO : 

 Processing file: /home/qinghua/projects/matg/data/HumanEvalJava/matg/src/main/java/original/id_135.java
2025-05-13 17:16:23,906   INFO : skip id_135
2025-05-13 17:16:23,906   INFO : 

 Processing file: /home/qinghua/projects/matg/data/HumanEvalJava/matg/src/main/java/original/id_95.java
2025-05-13 17:16:23,906   INFO : skip id_95
2025-05-13 17:16:23,906   INFO : 

 Processing file: /home/qinghua/projects/matg/data/HumanEvalJava/matg/src/main/java/original/id_117.java
2025-05-13 17:16:23,906   INFO : skip id_117
2025-05-13 17:16:23,906   INFO : 

 Processing file: /home/qinghua/projects/matg/data/HumanEvalJava/matg/src/main/java/original/id_67.java
2025-05-13 17:16:23,906   INFO : skip id_67
2025-05-13 17:16:23,906   INFO : 

 Processing file: /home/qinghua/projects/matg/data/HumanEvalJava/matg/src/main/java/original/id_66.java
2025-05-13 17:16:23,906   INFO : skip id_66
2025-05-13 17:16:23,906   INFO : 

 Processing file: /home/qinghua/projects/matg/data/HumanEvalJava/matg/src/main/java/original/id_41.java
2025-05-13 17:16:23,906   INFO : skip id_41
2025-05-13 17:16:23,906   INFO : 

 Processing file: /home/qinghua/projects/matg/data/HumanEvalJava/matg/src/main/java/original/id_29.java
2025-05-13 17:16:23,906   INFO : skip id_29
2025-05-13 17:16:23,906   INFO : 

 Processing file: /home/qinghua/projects/matg/data/HumanEvalJava/matg/src/main/java/original/id_78.java
2025-05-13 17:16:23,906   INFO : skip id_78
2025-05-13 17:16:23,906   INFO : 

 Processing file: /home/qinghua/projects/matg/data/HumanEvalJava/matg/src/main/java/original/id_98.java
2025-05-13 17:16:23,906   INFO : skip id_98
2025-05-13 17:16:23,906   INFO : 

 Processing file: /home/qinghua/projects/matg/data/HumanEvalJava/matg/src/main/java/original/id_108.java
2025-05-13 17:16:23,906   INFO : skip id_108
2025-05-13 17:16:23,906   INFO : 

 Processing file: /home/qinghua/projects/matg/data/HumanEvalJava/matg/src/main/java/original/id_27.java
2025-05-13 17:16:23,906   INFO : skip id_27
2025-05-13 17:16:23,906   INFO : 

 Processing file: /home/qinghua/projects/matg/data/HumanEvalJava/matg/src/main/java/original/id_82.java
2025-05-13 17:16:23,906   INFO : skip id_82
2025-05-13 17:16:23,906   INFO : 

 Processing file: /home/qinghua/projects/matg/data/HumanEvalJava/matg/src/main/java/original/id_143.java
2025-05-13 17:16:23,906   INFO : skip id_143
2025-05-13 17:16:23,906   INFO : 

 Processing file: /home/qinghua/projects/matg/data/HumanEvalJava/matg/src/main/java/original/id_60.java
2025-05-13 17:16:23,906   INFO : skip id_60
2025-05-13 17:16:23,907   INFO : 

 Processing file: /home/qinghua/projects/matg/data/HumanEvalJava/matg/src/main/java/original/id_128.java
2025-05-13 17:16:23,907   INFO : skip id_128
2025-05-13 17:16:23,907   INFO : 

 Processing file: /home/qinghua/projects/matg/data/HumanEvalJava/matg/src/main/java/original/id_105.java
2025-05-13 17:16:24.758509: I tensorflow/core/util/port.cc:153] oneDNN custom operations are on. You may see slightly different numerical results due to floating-point round-off errors from different computation orders. To turn them off, set the environment variable `TF_ENABLE_ONEDNN_OPTS=0`.
2025-05-13 17:16:24.769153: E external/local_xla/xla/stream_executor/cuda/cuda_fft.cc:467] Unable to register cuFFT factory: Attempting to register factory for plugin cuFFT when one has already been registered
WARNING: All log messages before absl::InitializeLog() is called are written to STDERR
E0000 00:00:1747152984.781657 2816926 cuda_dnn.cc:8579] Unable to register cuDNN factory: Attempting to register factory for plugin cuDNN when one has already been registered
E0000 00:00:1747152984.785411 2816926 cuda_blas.cc:1407] Unable to register cuBLAS factory: Attempting to register factory for plugin cuBLAS when one has already been registered
W0000 00:00:1747152984.795000 2816926 computation_placer.cc:177] computation placer already registered. Please check linkage and avoid linking the same target more than once.
W0000 00:00:1747152984.795023 2816926 computation_placer.cc:177] computation placer already registered. Please check linkage and avoid linking the same target more than once.
W0000 00:00:1747152984.795025 2816926 computation_placer.cc:177] computation placer already registered. Please check linkage and avoid linking the same target more than once.
W0000 00:00:1747152984.795027 2816926 computation_placer.cc:177] computation placer already registered. Please check linkage and avoid linking the same target more than once.
2025-05-13 17:16:24.797826: I tensorflow/core/platform/cpu_feature_guard.cc:210] This TensorFlow binary is optimized to use available CPU instructions in performance-critical operations.
To enable the following instructions: AVX2 AVX512F AVX512_VNNI AVX512_BF16 AVX512_FP16 AVX_VNNI AMX_TILE AMX_INT8 AMX_BF16 FMA, in other operations, rebuild TensorFlow with the appropriate compiler flags.
2025-05-13 17:16:26,909   INFO : ======================================================================

2025-05-13 17:16:26,909   INFO : üöÄ Starting MATG: Multi-Agent LLM-Based Test Generation Framework
2025-05-13 17:16:26,909   INFO : üìò Purpose : Automated test generation for Java using LLM agents
2025-05-13 17:16:26,909   INFO : üß† Agents  : Planner, Generator, Executor, and Evaluator
2025-05-13 17:16:26,909   INFO : üõ†Ô∏è  Engine  : Powered by matg (Machine-Assisted Test Generation)
2025-05-13 17:16:26,909   INFO : ======================================================================


2025-05-13 17:16:27,184   INFO : Initial line coverage: 0.8709677419354839
2025-05-13 17:16:27,187   INFO : Improving coverage for test file /home/qinghua/projects/matg/data/HumanEvalJava/matg/src/test/java/original/id_105Test.java
2025-05-13 17:16:27,188   INFO : Current line coverage: 0.8709677419354839
2025-05-13 17:16:27,189   INFO : üö®üö®üö® üöÄ üöÄ üöÄ ----- ü§ñ AGENT PLANNER: Generating test plan ----- üöÄ üöÄ üöÄ üö®üö®üö® 



                                    ‚ñà‚ñà‚ñà    ‚ñà‚ñà‚ñà      ‚ñà‚ñà‚ñà‚ñà‚ñà     ‚ñà‚ñà‚ñà‚ñà‚ñà‚ñà‚ñà       ‚ñà‚ñà‚ñà‚ñà‚ñà‚ñà  
                                    ‚ñà‚ñà‚ñà‚ñà  ‚ñà‚ñà‚ñà‚ñà     ‚ñà‚ñà   ‚ñà‚ñà      ‚ñà‚ñà‚ñà      ‚ñà‚ñà    
                                    ‚ñà‚ñà ‚ñà‚ñà‚ñà‚ñà ‚ñà‚ñà     ‚ñà‚ñà‚ñà‚ñà‚ñà‚ñà‚ñà      ‚ñà‚ñà‚ñà      ‚ñà‚ñà   ‚ñà‚ñà‚ñà‚ñà
                                    ‚ñà‚ñà  ‚ñà‚ñà  ‚ñà‚ñà     ‚ñà‚ñà   ‚ñà‚ñà      ‚ñà‚ñà‚ñà      ‚ñà‚ñà     ‚ñà‚ñà 
                                    ‚ñà‚ñà      ‚ñà‚ñà     ‚ñà‚ñà   ‚ñà‚ñà      ‚ñà‚ñà‚ñà        ‚ñà‚ñà‚ñà‚ñà‚ñà‚ñà‚ñà  

Here is the test plan in JSON format:

```
{
  "$schema": "https://json-schema.org/draft/2020-12/schema",
  "test_framework": "JUnit5",
  "language": "Java",
  "conventions": [],
  "test_cases_to_add": [
    {
      "name": "Test Empty Array",
      "description": "Test that an empty array returns an empty array",
      "input": "[new ArrayList<>()]",
      "expected_result": "[]"
    },
    {
      "name": "Test Single Element Array",
      "description": "Test that a single element array returns the corresponding name",
      "input": "[Arrays.asList(1)]",
      "expected_result": "[\"One\"]"
    },
    {
      "name": "Test Multiple Elements Array",
      "description": "Test that multiple elements array returns the corresponding names in reverse order",
      "input": "[Arrays.asList(2, 1, 4, 5, 8)]",
      "expected_result": "[\"Eight\", \"Five\", \"Four\", \"Two\", \"One\"]"
    },
    {
      "name": "Test Ignore Strange Numbers",
      "description": "Test that strange numbers are ignored in the output",
      "input": "[Arrays.asList(1, -1, 55)]",
      "expected_result": "[\"One\"]"
    },
    {
      "name": "Test Edge Case Min Value",
      "description": "Test that the minimum value (1) returns the correct name",
      "input": "[Arrays.asList(1)]",
      "expected_result": "[\"One\"]"
    },
    {
      "name": "Test Edge Case Max Value",
      "description": "Test that the maximum value (9) returns the correct name",
      "input": "[Arrays.asList(9)]",
      "expected_result": "[\"Nine\"]"
    },
    {
      "name": "Test Duplicate Values",
      "description": "Test that duplicate values return the corresponding names in reverse order",
      "input": "[Arrays.asList(2, 1, 4, 5, 8, 2)]",
      "expected_result": "[\"Eight\", \"Five\", \"Four\", \"Two\", \"Two\", \"One\"]"
    }
  ]
}
```2025-05-13 17:17:01,747   INFO : üö®üö®üö® üöÄ üöÄ üöÄ ----- ü§ñ AGENT TESTER: Generating test cases ----- üöÄ üöÄ üöÄ üö®üö®üö® 
Here is the JSON instance that conforms to the schema:

```
{
  "test_cases": [
    {
      "test_name": "Test Empty Array",
      "test_behavior": "Test that an empty array returns an empty array",
      "new_imports_code": "",
      "test_code": "@Test\npublic void testEmptyArray() {\n    List<Object> input = new ArrayList<>();\n    List<Object> expected = new ArrayList<>();\n    assertEquals(expected, ByLength.byLength(input));\n}"
    },
    {
      "test_name": "Test Single Element Array",
      "test_behavior": "Test that a single element array returns the corresponding name",
      "new_imports_code": "",
      "test_code": "@Test\npublic void testSingleElementArray() {\n    List<Object> input = Arrays.asList(1);\n    List<Object> expected = Arrays.asList(\"One\");\n    assertEquals(expected, ByLength.byLength(input));\n}"
    },
    {
      "test_name": "Test Edge Case Min Value",
      "test_behavior": "Test that the minimum value (1) returns the correct name",
      "new_imports_code": "",
      "test_code": "@Test\npublic void testEdgeCaseMinValue() {\n    List<Object> input = Arrays.asList(1);\n    List<Object> expected = Arrays.asList(\"One\");\n    assertEquals(expected, ByLength.byLength(input));\n}"
    },
    {
      "test_name": "Test Edge Case Max Value",
      "test_behavior": "Test that the maximum value (9) returns the correct name",
      "new_imports_code": "",
      "test_code": "@Test\npublic void testEdgeCaseMaxValue() {\n    List<Object> input = Arrays.asList(9);\n    List<Object> expected = Arrays.asList(\"Nine\");\n    assertEquals(expected, ByLength.byLength(input));\n}"
    },
    {
      "test_name": "Test Duplicate Values",
      "test_behavior": "Test that duplicate values return the corresponding names in reverse order",
      "new_imports_code": "",
      "test_code": "@Test\npublic void testDuplicateValues() {\n    List<Object> input = Arrays.asList(2, 1, 4, 5, 8, 2);\n    List<Object> expected = Arrays.asList(\"Eight\", \"Five\", \"Four\", \"Two\", \"Two\", \"One\");\n    assertEquals(expected, ByLength.byLength(input));\n}"
    },
    {
      "test_name": "Test Duplicate Values1",
      "test_behavior": "Test that duplicate values return the corresponding names in reverse order",
      "new_imports_code": "",
      "test_code": "@Test\npublic void testDuplicateValues1() {\n    List<Object> input = Arrays.asList(2, 1, 4, 5, 8, 2);\n    List<Object> expected = Arrays.asList(\"Eight\", \"Five\", \"Four\", \"Two\", \"Two\", \"One\");\n    assertEquals(expected, ByLength.byLength(input));\n}"
    },
    {
      "test_name": "Test Edge Case Min Value1",
      "test_behavior": "Test that the minimum value (1) returns the correct name",
      "new_imports_code": "",
      "test_code": "@Test\npublic void testEdgeCaseMinValue1() {\n    List<Object> input = Arrays.asList(1);\n    List<Object> expected = Arrays.asList(\"One\");\n    assertEquals(expected, ByLength.byLength(input));\n}"
    }
  ]
}
```/home/qinghua/anaconda3/envs/llm4test/lib/python3.11/site-packages/tree_sitter/__init__.py:36: FutureWarning: Language(path, name) is deprecated. Use Language(ptr, name) instead.
  warn("{} is deprecated. Use {} instead.".format(old, new), FutureWarning)
2025-05-13 17:18:00,420   INFO : Test failed for

                                @Test
                                    void testNothing(){
                                        ByLength s = new ByLength();
                                        }
                                
/home/qinghua/anaconda3/envs/llm4test/lib/python3.11/site-packages/tree_sitter/__init__.py:36: FutureWarning: Language(path, name) is deprecated. Use Language(ptr, name) instead.
  warn("{} is deprecated. Use {} instead.".format(old, new), FutureWarning)
2025-05-13 17:18:15,499   INFO : Test failed for
@Test
public void testEmptyArray() {
    List<Object> input = new ArrayList<>();
    List<Object> expected = new ArrayList<>();
    assertEquals(expected, ByLength.byLength(input));
}
/home/qinghua/anaconda3/envs/llm4test/lib/python3.11/site-packages/tree_sitter/__init__.py:36: FutureWarning: Language(path, name) is deprecated. Use Language(ptr, name) instead.
  warn("{} is deprecated. Use {} instead.".format(old, new), FutureWarning)
2025-05-13 17:18:30,661   INFO : Test failed for
@Test
public void testSingleElementArray() {
    List<Object> input = Arrays.asList(1);
    List<Object> expected = Arrays.asList("One");
    assertEquals(expected, ByLength.byLength(input));
}
/home/qinghua/anaconda3/envs/llm4test/lib/python3.11/site-packages/tree_sitter/__init__.py:36: FutureWarning: Language(path, name) is deprecated. Use Language(ptr, name) instead.
  warn("{} is deprecated. Use {} instead.".format(old, new), FutureWarning)
2025-05-13 17:18:56,385   INFO : Test passed for
@Test
public void testEdgeCaseMinValue() {
    List<Object> input = Arrays.asList(1);
    List<Object> expected = Arrays.asList("One");
    assertEquals(expected, ByLength.byLength(input));
}
/home/qinghua/anaconda3/envs/llm4test/lib/python3.11/site-packages/tree_sitter/__init__.py:36: FutureWarning: Language(path, name) is deprecated. Use Language(ptr, name) instead.
  warn("{} is deprecated. Use {} instead.".format(old, new), FutureWarning)
2025-05-13 17:19:09,244   INFO : Test passed for
@Test
public void testEdgeCaseMaxValue() {
    List<Object> input = Arrays.asList(9);
    List<Object> expected = Arrays.asList("Nine");
    assertEquals(expected, ByLength.byLength(input));
}
/home/qinghua/anaconda3/envs/llm4test/lib/python3.11/site-packages/tree_sitter/__init__.py:36: FutureWarning: Language(path, name) is deprecated. Use Language(ptr, name) instead.
  warn("{} is deprecated. Use {} instead.".format(old, new), FutureWarning)
2025-05-13 17:19:22,180   INFO : Test passed for
@Test
public void testDuplicateValues() {
    List<Object> input = Arrays.asList(2, 1, 4, 5, 8, 2);
    List<Object> expected = Arrays.asList("Eight", "Five", "Four", "Two", "Two", "One");
    assertEquals(expected, ByLength.byLength(input));
}
/home/qinghua/anaconda3/envs/llm4test/lib/python3.11/site-packages/tree_sitter/__init__.py:36: FutureWarning: Language(path, name) is deprecated. Use Language(ptr, name) instead.
  warn("{} is deprecated. Use {} instead.".format(old, new), FutureWarning)
2025-05-13 17:19:34,998   INFO : Test passed for
@Test
public void testDuplicateValues1() {
    List<Object> input = Arrays.asList(2, 1, 4, 5, 8, 2);
    List<Object> expected = Arrays.asList("Eight", "Five", "Four", "Two", "Two", "One");
    assertEquals(expected, ByLength.byLength(input));
}
/home/qinghua/anaconda3/envs/llm4test/lib/python3.11/site-packages/tree_sitter/__init__.py:36: FutureWarning: Language(path, name) is deprecated. Use Language(ptr, name) instead.
  warn("{} is deprecated. Use {} instead.".format(old, new), FutureWarning)
2025-05-13 17:19:47,816   INFO : Test passed for
@Test
public void testEdgeCaseMinValue1() {
    List<Object> input = Arrays.asList(1);
    List<Object> expected = Arrays.asList("One");
    assertEquals(expected, ByLength.byLength(input));
}
2025-05-13 17:19:47,817   INFO : üö®üö®üö® üöÄ üöÄ üöÄ ----- ü§ñ AGENT INSPECTOR: Inspecting failed test ----- üöÄ üöÄ üöÄ üö®üö®üö® 
Based on the provided information, here is the analysis of the failed test case:

```
{
  "test_case_code": "@Test\nvoid testNothing(){\nByLength s = new ByLength();\n}",
  "error_info": "The error message 'name \'lang\' is not defined' suggests that the test case is trying to use a variable or method named 'lang' which is not defined in the scope of the test.",
  "error_type": "Compilation Error",
  "potential_fix": "Since ByLength class does not have any methods, it seems like this test case was supposed to be testing something but nothing is being tested. A potential fix could be to add an actual test method or to remove this test case if it's not needed."
}
```

However, I noticed that the `ByLength` class in the provided source code does have a static method `byLength`. If you intended to test this method, here is an updated analysis:

```
{
  "test_case_code": "@Test\nvoid testNothing(){\nList<Object> result = ByLength.byLength(Arrays.asList(1, 2, 3));\nassertNotNull(result);\n}",
  "error_info": "The original test case did not actually test the byLength method.",
  "error_type": "Incomplete Test",
  "potential_fix": "A potential fix could be to modify the test case to actually call and verify the result of the byLength method, as shown in the updated test_case_code above."
}
```Based on the provided failed test case, here is the analysis and feedback:

```
{
  "test_case_code": "@Test\nvoid testNothing(){\nByLength s = new ByLength();\n}",
  "error_info": "The error message 'name 'lang' is not defined' indicates that there is a missing import or static import for the ByLength class. However, looking at the code, it seems like the issue might be due to the fact that ByLength is not intended to be instantiated as it only contains a static method.",
  "error_type": "InstantiationException",
  "potential_fix": "Remove the instantiation of ByLength and instead directly call the byLength() method. The corrected test case could look like this: @Test\nvoid testNothing(){\nByLength.byLength(new ArrayList<>());\n}"
}
```

Note that the actual issue is likely due to the fact that `ByLength` is not intended to be instantiated, but rather its static method `byLength()` should be called directly. The error message 'name 'lang' is not defined' seems unrelated and might be a misleading artifact of the testing framework or environment.2025-05-13 17:20:27,571   INFO : üö®üö®üö® üöÄ üöÄ üöÄ ----- ü§ñ AGENT SINGLE CASE FIXER: Fixing failed test ----- üöÄ üöÄ üöÄ üö®üö®üö® 
[
  {
    "test_name": "test_empty_list",
    "test_behavior": "Passing an empty list should return an empty list",
    "new_imports_code": "",
    "test_code": "@Test\nvoid testNothing(){\n    List<Object> result = ByLength.byLength(new ArrayList<>());\n    assertEquals(0, result.size());\n}"
  },
  {
    "test_name": "test_single_element_list",
    "test_behavior": "Passing a list with a single element should return a list with the corresponding word",
    "new_imports_code": "",
    "test_code": "@Test\nvoid testSingleElementList(){\n    List<Object> result = ByLength.byLength(Collections.singletonList(5));\n    assertEquals(\"Five\", result.get(0));\n}"
  },
  {
    "test_name": "test_multiple_elements_list",
    "test_behavior": "Passing a list with multiple elements should return a list with the corresponding words in reverse order",
    "new_imports_code": "",
    "test_code": "@Test\nvoid testMultipleElementsList(){\n    List<Object> input = Arrays.asList(2, 1, 1, 4, 5, 8, 2, 3);\n    List<Object> result = ByLength.byLength(input);\n    assertEquals(\"Eight\", result.get(0));\n    assertEquals(\"Five\", result.get(1));\n    assertEquals(\"Four\", result.get(2));\n}"
  },
  {
    "test_name": "test_ignored_elements_list",
    "test_behavior": "Passing a list with elements outside the range 1-9 should ignore those elements",
    "new_imports_code": "",
    "test_code": "@Test\nvoid testIgnoredElementsList(){\n    List<Object> input = Arrays.asList(1, -1, 55);\n    List<Object> result = ByLength.byLength(input);\n    assertEquals(\"One\", result.get(0));\n}"
  }
]{"properties": {"test_behavior": {"default": "Verify that calling byLength with an empty list returns an empty list", "description": "The behavior of the test case", "title": "Test Behavior", "type": "string"}, "test_name": {"default": "random_test1", "description": "The name of the test case", "title": "Test Name", "type": "string"}, "test_code": {"description": "The full java code of the test case. Starting with @Test ", "title": "Test Code", "type": "string"}, "new_imports_code": {"default": "", "description": "New import statements needed for the test case", "title": "New Imports Code", "type": "string"}}, "required": ["test_code"]}

{"test_behavior": "Verify that calling byLength with an empty list returns an empty list", "test_name": "random_test1", "test_code": "@Test\nvoid testEmptyList() {\n    List<Object> result = ByLength.byLength(new ArrayList<>());\n    assertEquals(Collections.emptyList(), result);\n}", "new_imports_code": ""}

{"test_behavior": "Verify that calling byLength with a list containing only integers between 1 and 9 returns the expected list", "test_name": "random_test2", "test_code": "@Test\nvoid testValidList() {\n    List<Object> input = new ArrayList<>();\n    input.add(2);\n    input.add(1);\n    input.add(1);\n    input.add(4);\n    input.add(5);\n    input.add(8);\n    input.add(2);\n    input.add(3);\n    List<Object> expected = new ArrayList<>();\n    expected.add(\"Eight\");\n    expected.add(\"Five\");\n    expected.add(\"Four\");\n    expected.add(\"Three\");\n    expected.add(\"Two\");\n    expected.add(\"Two\");\n    expected.add(\"One\");\n    expected.add(\"One\");\n    List<Object> result = ByLength.byLength(input);\n    assertEquals(expected, result);\n}", "new_imports_code": ""}

{"test_behavior": "Verify that calling byLength with a list containing integers outside the range 1-9 returns an empty list", "test_name": "random_test3", "test_code": "@Test\nvoid testInvalidList() {\n    List<Object> input = new ArrayList<>();\n    input.add(0);\n    input.add(-1);\n    input.add(10);\n    input.add(100);\n    List<Object> result = ByLength.byLength(input);\n    assertEquals(Collections.emptyList(), result);\n}", "new_imports_code": ""}{
  "test_behavior": "Calling byLength() with an empty list",
  "test_name": "testNothing1",
  "new_imports_code": "",
  "test_code": "@Test\nvoid testNothing1(){\n    assertEquals(Collections.emptyList(), ByLength.byLength(new ArrayList<>()));\n}"
}/home/qinghua/anaconda3/envs/llm4test/lib/python3.11/site-packages/tree_sitter/__init__.py:36: FutureWarning: Language(path, name) is deprecated. Use Language(ptr, name) instead.
  warn("{} is deprecated. Use {} instead.".format(old, new), FutureWarning)
2025-05-13 17:22:02,344   INFO : Test passed for
@Test
void testNothing1(){
    assertEquals(Collections.emptyList(), ByLength.byLength(new ArrayList<>()));
}
2025-05-13 17:22:15,242   INFO : 
                ######################################################################
                        üü° üìä LINE COVERAGE STATUS üìä üü°
                        üîÅ No Change: Coverage remains at üîµ 87.10% 
                        ######################################################################
                        
2025-05-13 17:22:15,242   INFO : üö®üö®üö® üöÄ üöÄ üöÄ ----- ü§ñ AGENT INSPECTOR: Inspecting failed test ----- üöÄ üöÄ üöÄ üö®üö®üö® 
After analyzing the failed test case, I provide the following feedback:

```
{
  "test_case_code": "@Test\npublic void testEmptyArray() {\n    List<Object> input = new ArrayList<>();\n    List<Object> expected = new ArrayList<>();\n    assertEquals(expected, ByLength.byLength(input));\n}",
  "error_info": "The error message 'name \'lang\' is not defined' does not seem to be related to the test case. However, after reviewing the code, it appears that the test case itself is correct. The issue might be with the JUnit configuration or the environment where the tests are being run.",
  "error_type": "Unknown Error",
  "potential_fix": "Verify that the JUnit configuration and environment are correctly set up. Ensure that the necessary dependencies are included in the project's classpath. If using an IDE, try running the test from the command line or terminal to isolate the issue."
}
```

In this case, I couldn't find any obvious issues with the test code itself. The error message doesn't seem to be related to the test case, which makes it difficult to provide a specific fix. However, I provided some general guidance on how to troubleshoot the issue.Based on the provided information, I'll analyze the failed test case and provide feedback in the required JSON format.

```
{
  "test_case_code": "@Test\npublic void testEmptyArray() {\n    List<Object> input = new ArrayList<>();\n    List<Object> expected = new ArrayList<>();\n    assertEquals(expected, ByLength.byLength(input));\n}",
  "error_info": "The error message 'name 'lang' is not defined' indicates that the JUnit test framework is trying to use a variable named 'lang' which is not defined in the test method. However, upon reviewing the code, it seems that this error might be misleading or unrelated to the actual issue.",
  "error_type": "AssertionError",
  "potential_fix": "The potential fix for this issue could be to ensure that the JUnit framework version being used is compatible with the Java version and other dependencies. Additionally, you can try cleaning and rebuilding the project to resolve any potential issues with classloading or caching. If the issue persists, please provide more information about your environment and setup."
}
```

However, after analyzing the code again, I realized that the error might not be directly related to the test case itself but rather an environmental or configuration issue.

A closer look at the provided source code reveals that it does not have any apparent issues with variable 'lang'. The function under test seems to work as expected and should correctly handle the empty array. 

Given this, I would recommend verifying the environment setup and ensuring the compatibility of JUnit version being used with other dependencies in the project.

If you're still experiencing issues after trying these suggestions, please provide more details about your environment, setup, or any additional error messages that might help identify the root cause of the problem.2025-05-13 17:23:03,179   INFO : üö®üö®üö® üöÄ üöÄ üöÄ ----- ü§ñ AGENT SINGLE CASE FIXER: Fixing failed test ----- üöÄ üöÄ üöÄ üö®üö®üö® 
{
    "test_behavior": "Verifies that an empty array is handled correctly",
    "test_name": "testEmptyArrayFixed1",
    "new_imports_code": "",
    "test_code": "@Test\npublic void testEmptyArrayFixed() {\n    List<Object> input = new ArrayList<>();\n    List<Object> expected = new ArrayList<>();\n    assertIterableEquals(expected, ByLength.byLength(input));\n}"
}/home/qinghua/anaconda3/envs/llm4test/lib/python3.11/site-packages/tree_sitter/__init__.py:36: FutureWarning: Language(path, name) is deprecated. Use Language(ptr, name) instead.
  warn("{} is deprecated. Use {} instead.".format(old, new), FutureWarning)
2025-05-13 17:23:15,238   INFO : Test failed for
@Test
public void testEmptyArrayFixed() {
    List<Object> input = new ArrayList<>();
    List<Object> expected = new ArrayList<>();
    assertIterableEquals(expected, ByLength.byLength(input));
}
2025-05-13 17:23:28,032   INFO : üö®üö®üö® üöÄ üöÄ üöÄ ----- ü§ñ AGENT INSPECTOR: Inspecting failed test ----- üöÄ üöÄ üöÄ üö®üö®üö® 
After analyzing the failed test case, I've generated feedback in the required JSON format:

```
{
  "test_case_code": "@Test\npublic void testEmptyArrayFixed() {\n    List<Object> input = new ArrayList<>();\n    List<Object> expected = new ArrayList<>();\n    assertIterableEquals(expected, ByLength.byLength(input));\n}",
  "error_info": "The error 'name 'lang' is not defined' is likely due to a missing import statement or an undefined variable in the test class.",
  "error_type": "AssertionError",
  "potential_fix": "Ensure that all necessary imports are included at the beginning of the test file, and verify that no variables are used before being declared. Additionally, check if there's a dependency on a 'lang' variable or class that needs to be resolved."
}
```

However, I suspect the actual issue lies in the fact that the `ByLength` class is defined in the `original` package, but the test case doesn't seem to import it correctly.

If I were to rewrite the feedback based on this assumption:

```
{
  "test_case_code": "@Test\npublic void testEmptyArrayFixed() {\n    List<Object> input = new ArrayList<>();\n    List<Object> expected = new ArrayList<>();\n    assertIterableEquals(expected, ByLength.byLength(input));\n}",
  "error_info": "The class 'ByLength' is not found in the current package. It's possible that it's defined in a different package or module.",
  "error_type": "ClassNotFoundException",
  "potential_fix": "Add an import statement at the beginning of the test file to correctly import the 'ByLength' class from its original package, e.g., `import original.ByLength;`. If the class is defined in a different module, ensure that the necessary dependencies are included in the project configuration."
}
```2025-05-13 17:23:58,422   INFO : üö®üö®üö® üöÄ üöÄ üöÄ ----- ü§ñ AGENT SINGLE CASE FIXER: Fixing failed test ----- üöÄ üöÄ üöÄ üö®üö®üö® 
[
  {
    "test_name": "testEmptyArrayFixed",
    "test_behavior": "Test that an empty array is returned when the input is an empty array",
    "new_imports_code": "",
    "test_code": "@Test\npublic void testEmptyArrayFixed() {\n    List<Object> input = new ArrayList<>();\n    List<Object> expected = new ArrayList<>();\n    assertIterableEquals(expected, ByLength.byLength(input));\n}"
  }
][
  {
    "test_behavior": "Test byLength function with an empty array",
    "test_name": "testEmptyArrayFixed",
    "test_code": "@Test\npublic void testEmptyArrayFixed() {\n    List<Object> input = new ArrayList<>();\n    List<Object> expected = new ArrayList<>();\n    assertIterableEquals(expected, ByLength.byLength(input));\n}",
    "new_imports_code": ""
  },
  {
    "test_behavior": "Test byLength function with a single element array",
    "test_name": "testSingleElementArray1",
    "test_code": "@Test\npublic void testSingleElementArray1() {\n    List<Object> input = new ArrayList<>();\n    input.add(5);\n    List<Object> expected = new ArrayList<>();\n    expected.add(\"Five\");\n    assertIterableEquals(expected, ByLength.byLength(input));\n}",
    "new_imports_code": ""
  },
  {
    "test_behavior": "Test byLength function with a single element array with invalid value",
    "test_name": "testSingleElementArrayInvalidValue1",
    "test_code": "@Test\npublic void testSingleElementArrayInvalidValue1() {\n    List<Object> input = new ArrayList<>();\n    input.add(15);\n    List<Object> expected = new ArrayList<>();\n    assertIterableEquals(expected, ByLength.byLength(input));\n}",
    "new_imports_code": ""
  },
  {
    "test_behavior": "Test byLength function with a multiple element array",
    "test_name": "testMultipleElementArray2",
    "test_code": "@Test\npublic void testMultipleElementArray2() {\n    List<Object> input = new ArrayList<>();\n    input.add(5);\n    input.add(1);\n    input.add(3);\n    List<Object> expected = new ArrayList<>();\n    expected.add(\"Five\");\n    expected.add(\"Three\");\n    expected.add(\"One\");\n    assertIterableEquals(expected, ByLength.byLength(input));\n}",
    "new_imports_code": ""
  },
  {
    "test_behavior": "Test byLength function with a multiple element array with invalid values",
    "test_name": "testMultipleElementArrayInvalidValues3",
    "test_code": "@Test\npublic void testMultipleElementArrayInvalidValues3() {\n    List<Object> input = new ArrayList<>();\n    input.add(5);\n    input.add(15);\n    input.add(3);\n    input.add(20);\n    List<Object> expected = new ArrayList<>();\n    expected.add(\"Five\");\n    expected.add(\"Three\");\n    assertIterableEquals(expected, ByLength.byLength(input));\n}",
    "new_imports_code": ""
  }
]{
    "test_name": "testEmptyArrayFixed",
    "test_behavior": "Test byLength with empty input array and verify it returns an empty list.",
    "new_imports_code": "",
    "test_code": "@Test\npublic void testEmptyArrayFixed() {\n    java.util.List<java.lang.Object> input = new java.util.ArrayList<>();\n    java.util.List<java.lang.Object> expected = new java.util.ArrayList<>();\n    assertIterableEquals(expected, original.ByLength.byLength(input));\n}"
}/home/qinghua/anaconda3/envs/llm4test/lib/python3.11/site-packages/tree_sitter/__init__.py:36: FutureWarning: Language(path, name) is deprecated. Use Language(ptr, name) instead.
  warn("{} is deprecated. Use {} instead.".format(old, new), FutureWarning)
2025-05-13 17:25:09,249   INFO : Test failed for
@Test
public void testEmptyArrayFixed() {
    java.util.List<java.lang.Object> input = new java.util.ArrayList<>();
    java.util.List<java.lang.Object> expected = new java.util.ArrayList<>();
    assertIterableEquals(expected, original.ByLength.byLength(input));
}
2025-05-13 17:25:22,267   INFO : üö®üö®üö® üöÄ üöÄ üöÄ ----- ü§ñ AGENT INSPECTOR: Inspecting failed test ----- üöÄ üöÄ üöÄ üö®üö®üö® 
Here is my analysis and feedback in JSON format:

```
{
  "test_case_code": "@Test\npublic void testEmptyArrayFixed() {\n    java.util.List<java.lang.Object> input = new java.util.ArrayList<>();\n    java.util.List<java.lang.Object> expected = new java.util.ArrayList<>();\n    assertIterableEquals(expected, original.ByLength.byLength(input));\n}",
  "error_info": "The error is due to an import issue. The test code uses 'java.lang.Object' but it should be imported or use the fully qualified name.",
  "error_type": "ImportError",
  "potential_fix": "Add an import statement for java.lang.Object at the beginning of the test class, e.g., 'import java.lang.Object;' or use the fully qualified name 'java.lang.Object' instead of just 'Object'. Alternatively, remove '.lang.' from the type names in the test method."
}
```

This feedback explains that the error is due to an import issue. The potential fix suggests adding an import statement for `java.lang.Object` or using its fully qualified name instead of just `Object`.2025-05-13 17:25:41,500   INFO : üö®üö®üö® üöÄ üöÄ üöÄ ----- ü§ñ AGENT SINGLE CASE FIXER: Fixing failed test ----- üöÄ üöÄ üöÄ üö®üö®üö® 
{"properties": {}}[
  {
    "test_behavior": "Test that an empty array returns an empty list",
    "test_name": "testEmptyArrayFixed",
    "test_code": "@Test\npublic void testEmptyArrayFixed() {\n\tjava.util.List<java.lang.Object> input = new java.util.ArrayList<>();\n\tjava.util.List<java.lang.Object> expected = new java.util.ArrayList<>();\n\tassertIterableEquals(expected, original.ByLength.byLength(input));\n}",
    "new_imports_code": ""
  }
]{"properties": {"foo": {"title": "Foo", "description": "a list of strings", "type": "array", "items": {"type": "string"}}}, "required": ["foo"]}

Here is the JSON output as per your requirements: 

```
{
  "test_behavior": "Test that an empty array returns an empty array",
  "test_name": "testEmptyArrayFixed",
  "new_imports_code": "",
  "test_code": "@Test\npublic void testEmptyArrayFixed() {\n    java.util.List<java.lang.Object> input = new java.util.ArrayList<>();\n    java.util.List<java.lang.Object> expected = new java.util.ArrayList<>();\n    assertIterableEquals(expected, original.ByLength.byLength(input));\n}"
}
```{
  "test_behavior": "Test that an empty array input returns an empty array",
  "test_name": "testEmptyArrayFixed",
  "test_code": "@Test\npublic void testEmptyArrayFixed() {\n    java.util.List<java.lang.Object> input = new java.util.ArrayList<>();\n    java.util.List<java.lang.Object> expected = new java.util.ArrayList<>();\n    assertIterableEquals(expected, original.ByLength.byLength(input));\n}",
  "new_imports_code": ""
}/home/qinghua/anaconda3/envs/llm4test/lib/python3.11/site-packages/tree_sitter/__init__.py:36: FutureWarning: Language(path, name) is deprecated. Use Language(ptr, name) instead.
  warn("{} is deprecated. Use {} instead.".format(old, new), FutureWarning)
2025-05-13 17:26:23,657   INFO : Test failed for
@Test
public void testEmptyArrayFixed() {
    java.util.List<java.lang.Object> input = new java.util.ArrayList<>();
    java.util.List<java.lang.Object> expected = new java.util.ArrayList<>();
    assertIterableEquals(expected, original.ByLength.byLength(input));
}
2025-05-13 17:26:36,521   INFO : üö®üö®üö® üöÄ üöÄ üöÄ ----- ü§ñ AGENT INSPECTOR: Inspecting failed test ----- üöÄ üöÄ üöÄ üö®üö®üö® 
After analyzing the failed test case, I have found that the issue is due to a missing import statement. The `Arrays` class used in the test case is not imported.

Here is the output in the required JSON format:

```
{
  "test_case_code": "@Test\npublic void testSingleElementArray() {\n    List<Object> input = Arrays.asList(1);\n    List<Object> expected = Arrays.asList(\"One\");\n    assertEquals(expected, ByLength.byLength(input));\n}",
  "error_info": "The error occurs because the Arrays class is not imported. The compiler does not recognize the 'Arrays' name.",
  "error_type": "CompilationError",
  "potential_fix": "Add the following import statement at the top of the test file: import java.util.Arrays;"
}
```

By adding the missing import statement, the test case should compile and run successfully.2025-05-13 17:26:52,147   INFO : üö®üö®üö® üöÄ üöÄ üöÄ ----- ü§ñ AGENT SINGLE CASE FIXER: Fixing failed test ----- üöÄ üöÄ üöÄ üö®üö®üö® 
[
  {
    "test_behavior": "Test single element array",
    "test_name": "testSingleElementArray",
    "test_code": "@Test\npublic void testSingleElementArray() {\n\tList<Object> input = Arrays.asList(1);\n\tList<Object> expected = Arrays.asList(\"One\");\n\tassertEquals(expected, ByLength.byLength(input));\n}",
    "new_imports_code": "import java.util.Arrays;"
  }
][
  {
    "test_behavior": "Test single element array with valid input",
    "test_name": "testSingleElementArray1",
    "test_code": "@Test\npublic void testSingleElementArray1() {\n    List<Object> input = Arrays.asList(1);\n    List<Object> expected = Arrays.asList(\"One\");\n    assertEquals(expected, ByLength.byLength(input));\n}",
    "new_imports_code": "import java.util.Arrays;"
  }
][
  {
    "test_behavior": "Test single element array",
    "test_name": "testSingleElementArray1",
    "test_code": "@Test\npublic void testSingleElementArray1() {\n\tList<Object> input = Arrays.asList(1);\n\tList<Object> expected = Arrays.asList(\"One\");\n\tassertEquals(expected, ByLength.byLength(input));\n}",
    "new_imports_code": "import java.util.Arrays;"
  }
][
  {
    "test_behavior": "Test byLength method with single element array",
    "test_name": "testSingleElementArray",
    "test_code": "@Test\npublic void testSingleElementArray() {\n    List<Object> input = Arrays.asList(1);\n    List<Object> expected = Arrays.asList(\"One\");\n    assertEquals(expected, ByLength.byLength(input));\n}",
    "new_imports_code": "import java.util.Arrays;"
  }
][
  {
    "test_behavior": "Test byLength with a single element array",
    "test_name": "testSingleElementArray",
    "test_code": "@Test\npublic void testSingleElementArray() {\n    List<Object> input = Arrays.asList(1);\n    List<Object> expected = Arrays.asList(\"One\");\n    assertEquals(expected, ByLength.byLength(input));\n}",
    "new_imports_code": "import java.util.Arrays;"
  }
]2025-05-13 17:27:48,173   ERROR : Error generating test cases: Failed to parse TestCase from completion [{"test_behavior": "Test byLength with a single element array", "test_name": "testSingleElementArray", "test_code": "@Test\npublic void testSingleElementArray() {\n    List<Object> input = Arrays.asList(1);\n    List<Object> expected = Arrays.asList(\"One\");\n    assertEquals(expected, ByLength.byLength(input));\n}", "new_imports_code": "import java.util.Arrays;"}]. Got: 1 validation error for TestCase
  Input should be a valid dictionary or instance of TestCase [type=model_type, input_value=[{'test_behavior': 'Test ...ort java.util.Arrays;'}], input_type=list]
    For further information visit https://errors.pydantic.dev/2.10/v/model_type
For troubleshooting, visit: https://python.langchain.com/docs/troubleshooting/errors/OUTPUT_PARSING_FAILURE 
2025-05-13 17:27:48,173   INFO : Current line coverage: 0.8709677419354839
2025-05-13 17:27:48,175   INFO : üö®üö®üö® üöÄ üöÄ üöÄ ----- ü§ñ AGENT PLANNER: Generating test plan ----- üöÄ üöÄ üöÄ üö®üö®üö® 
```
{
  "$schema": "",
  "conventions": [],
  "language": "Java",
  "test_framework": "JUnit5",
  "test_cases_to_add": [
    {
      "name": "Positive Test - Happy Path with multiple elements",
      "description": "Test byLength() method with a list containing multiple integers between 1 and 9",
      "input": "[2, 1, 1, 4, 5, 8, 2, 3]",
      "expected_result": "['Eight', 'Five', 'Four', 'Three', 'Two', 'Two', 'One', 'One']"
    },
    {
      "name": "Negative Test - Empty list",
      "description": "Test byLength() method with an empty list",
      "input": "[]",
      "expected_result": "[]"
    },
    {
      "name": "Edge Case Test - List containing integers outside the range 1-9",
      "description": "Test byLength() method with a list containing integers less than 1 or greater than 9",
      "input": "[1, -1, 55]",
      "expected_result": "['One']"
    },
    {
      "name": "Specific Functionality Test - List containing duplicate elements",
      "description": "Test byLength() method with a list containing duplicate integers between 1 and 9",
      "input": "[2, 2, 3, 4, 5, 6]",
      "expected_result": "['Six', 'Five', 'Four', 'Three', 'Two', 'Two']"
    },
    {
      "name": "Edge Case Test - List containing only one element",
      "description": "Test byLength() method with a list containing a single integer between 1 and 9",
      "input": "[5]",
      "expected_result": "['Five']"
    }
  ]
}
```2025-05-13 17:28:19,786   INFO : üö®üö®üö® üöÄ üöÄ üöÄ ----- ü§ñ AGENT TESTER: Generating test cases ----- üöÄ üöÄ üöÄ üö®üö®üö® 
```json
{
  "$schema": "",
  "test_cases": [
    {
      "test_behavior": "Test byLength() method with a list containing multiple integers between 1 and 9",
      "test_name": "Positive Test - Happy Path with multiple elements",
      "new_imports_code": "",
      "test_code": "@Test\npublic void testByLength_MultipleElements_HappyPath() {\n    List<Object> input = Arrays.asList(2, 1, 1, 4, 5, 8, 2, 3);\n    List<Object> expected = Arrays.asList(\"Eight\", \"Five\", \"Four\", \"Three\", \"Two\", \"Two\", \"One\", \"One\");\n    assertEquals(expected, ByLength.byLength(input));\n}"
    },
    {
      "test_behavior": "Test byLength() method with an empty list",
      "test_name": "Negative Test - Empty list",
      "new_imports_code": "",
      "test_code": "@Test\npublic void testByLength_EmptyList_Negative() {\n    List<Object> input = new ArrayList<>();\n    List<Object> expected = new ArrayList<>();\n    assertEquals(expected, ByLength.byLength(input));\n}"
    },
    {
      "test_behavior": "Test byLength() method with a list containing duplicate elements",
      "test_name": "Specific Functionality Test - List containing duplicate elements",
      "new_imports_code": "",
      "test_code": "@Test\npublic void testByLength_DuplicateElements_SpecificFunctionality() {\n    List<Object> input = Arrays.asList(2, 2, 3, 4, 5, 6);\n    List<Object> expected = Arrays.asList(\"Six\", \"Five\", \"Four\", \"Three\", \"Two\", \"Two\");\n    assertEquals(expected, ByLength.byLength(input));\n}"
    },
    {
      "test_behavior": "Test byLength() method with a list containing only one element",
      "test_name": "Edge Case Test - List containing only one element",
      "new_imports_code": "",
      "test_code": "@Test\npublic void testByLength_OneElement_EdgeCase() {\n    List<Object> input = Arrays.asList(5);\n    List<Object> expected = Arrays.asList(\"Five\");\n    assertEquals(expected, ByLength.byLength(input));\n}"
    },
    {
      "test_behavior": "Test byLength() method with a list containing an invalid element",
      "test_name": "Edge Case Test - List containing an invalid element",
      "new_imports_code": "",
      "test_code": "@Test\npublic void testByLength_InvalidElement_EdgeCase() {\n    List<Object> input = Arrays.asList(1, -1, 55);\n    List<Object> expected = Arrays.asList(\"One\");\n    assertEquals(expected, ByLength.byLength(input));\n}"
    }
  ]
}
```/home/qinghua/anaconda3/envs/llm4test/lib/python3.11/site-packages/tree_sitter/__init__.py:36: FutureWarning: Language(path, name) is deprecated. Use Language(ptr, name) instead.
  warn("{} is deprecated. Use {} instead.".format(old, new), FutureWarning)
2025-05-13 17:29:09,807   INFO : Test failed for

                                @Test
                                    void testNothing(){
                                        ByLength s = new ByLength();
                                        }
                                
/home/qinghua/anaconda3/envs/llm4test/lib/python3.11/site-packages/tree_sitter/__init__.py:36: FutureWarning: Language(path, name) is deprecated. Use Language(ptr, name) instead.
  warn("{} is deprecated. Use {} instead.".format(old, new), FutureWarning)
2025-05-13 17:29:35,464   INFO : Test passed for
@Test
public void testByLength_MultipleElements_HappyPath() {
    List<Object> input = Arrays.asList(2, 1, 1, 4, 5, 8, 2, 3);
    List<Object> expected = Arrays.asList("Eight", "Five", "Four", "Three", "Two", "Two", "One", "One");
    assertEquals(expected, ByLength.byLength(input));
}
/home/qinghua/anaconda3/envs/llm4test/lib/python3.11/site-packages/tree_sitter/__init__.py:36: FutureWarning: Language(path, name) is deprecated. Use Language(ptr, name) instead.
  warn("{} is deprecated. Use {} instead.".format(old, new), FutureWarning)
2025-05-13 17:29:48,386   INFO : Test passed for
@Test
public void testByLength_EmptyList_Negative() {
    List<Object> input = new ArrayList<>();
    List<Object> expected = new ArrayList<>();
    assertEquals(expected, ByLength.byLength(input));
}
/home/qinghua/anaconda3/envs/llm4test/lib/python3.11/site-packages/tree_sitter/__init__.py:36: FutureWarning: Language(path, name) is deprecated. Use Language(ptr, name) instead.
  warn("{} is deprecated. Use {} instead.".format(old, new), FutureWarning)
2025-05-13 17:30:01,234   INFO : Test passed for
@Test
public void testByLength_DuplicateElements_SpecificFunctionality() {
    List<Object> input = Arrays.asList(2, 2, 3, 4, 5, 6);
    List<Object> expected = Arrays.asList("Six", "Five", "Four", "Three", "Two", "Two");
    assertEquals(expected, ByLength.byLength(input));
}
/home/qinghua/anaconda3/envs/llm4test/lib/python3.11/site-packages/tree_sitter/__init__.py:36: FutureWarning: Language(path, name) is deprecated. Use Language(ptr, name) instead.
  warn("{} is deprecated. Use {} instead.".format(old, new), FutureWarning)
2025-05-13 17:30:14,226   INFO : Test passed for
@Test
public void testByLength_OneElement_EdgeCase() {
    List<Object> input = Arrays.asList(5);
    List<Object> expected = Arrays.asList("Five");
    assertEquals(expected, ByLength.byLength(input));
}
/home/qinghua/anaconda3/envs/llm4test/lib/python3.11/site-packages/tree_sitter/__init__.py:36: FutureWarning: Language(path, name) is deprecated. Use Language(ptr, name) instead.
  warn("{} is deprecated. Use {} instead.".format(old, new), FutureWarning)
2025-05-13 17:30:27,103   INFO : Test passed for
@Test
public void testByLength_InvalidElement_EdgeCase() {
    List<Object> input = Arrays.asList(1, -1, 55);
    List<Object> expected = Arrays.asList("One");
    assertEquals(expected, ByLength.byLength(input));
}
2025-05-13 17:30:27,103   INFO : üö®üö®üö® üöÄ üöÄ üöÄ ----- ü§ñ AGENT INSPECTOR: Inspecting failed test ----- üöÄ üöÄ üöÄ üö®üö®üö® 
Based on the failed test case, I will provide a detailed analysis and feedback in JSON format.

```
{
  "test_case_code": "@Test\nvoid testNothing(){\nByLength s = new ByLength();\n}",
  "error_info": "The error occurs because the class 'ByLength' is not instantiable as it has no constructor. The test case tries to create an instance of 'ByLength' but fails.",
  "error_type": "InstantiationError",
  "potential_fix": "Since 'ByLength' is a utility class with static methods, there's no need to instantiate it. Remove the instantiation and directly call the static method 'byLength'. Replace the test code with something like: @Test void testNothing(){ List<Object> result = ByLength.byLength(new ArrayList<>()); Assert.assertTrue(result.isEmpty()); }"
}
```

Note:

* The error is due to trying to instantiate a class that has no constructor, which is an InstantiationError.
* The potential fix suggests removing the instantiation and directly calling the static method `byLength`. Also, I added a simple assertion to test the method's behavior with an empty list.2025-05-13 17:30:44,731   INFO : üö®üö®üö® üöÄ üöÄ üöÄ ----- ü§ñ AGENT SINGLE CASE FIXER: Fixing failed test ----- üöÄ üöÄ üöÄ üö®üö®üö® 
[
  {
    "test_behavior": "Verify that an empty list is returned when the input array is empty",
    "test_name": "testNothing1",
    "test_code": "@Test\nvoid testNothing1() {\n\tList<Object> result = ByLength.byLength(new ArrayList<>());\n\tAssert.assertTrue(result.isEmpty());\n}",
    "new_imports_code": ""
  }
]{"properties": {
"test_behavior": "Verify that an empty list returns an empty list",
"test_name": "testEmptyList",
"new_imports_code": "import static org.junit.jupiter.api.Assertions.assertTrue;",
"test_code": "@Test void testEmptyList(){ List<Object> result = ByLength.byLength(new ArrayList<>()); assertTrue(result.isEmpty()); }"
}}Here is a JSON instance that conforms to the provided schema:

```
{
  "test_behavior": "Testing an empty list",
  "test_name": "testEmptyList",
  "new_imports_code": "",
  "test_code": "@Test\nvoid testEmptyList(){\n    List<Object> result = ByLength.byLength(new ArrayList<>());\n    Assert.assertTrue(result.isEmpty());\n}"
}
```

I will generate more test cases.

Here is another JSON instance that conforms to the provided schema:

```
{
  "test_behavior": "Testing a list with single element",
  "test_name": "testSingleElement",
  "new_imports_code": "",
  "test_code": "@Test\nvoid testSingleElement(){\n    List<Object> input = new ArrayList<>();\n    input.add(5);\n    List<Object> result = ByLength.byLength(input);\n    Assert.assertEquals(\"Five\", result.get(0));\n}"
}
```

Here is another JSON instance that conforms to the provided schema:

```
{
  "test_behavior": "Testing a list with multiple elements in reverse order",
  "test_name": "testMultipleElementsReverseOrder",
  "new_imports_code": "",
  "test_code": "@Test\nvoid testMultipleElementsReverseOrder(){\n    List<Object> input = new ArrayList<>();\n    input.add(2);\n    input.add(1);\n    input.add(4);\n    input.add(5);\n    input.add(8);\n    input.add(2);\n    input.add(3);\n    List<Object> result = ByLength.byLength(input);\n    Assert.assertEquals(\"Eight\", result.get(0));\n    Assert.assertEquals(\"Five\", result.get(1));\n    Assert.assertEquals(\"Four\", result.get(2));\n    Assert.assertEquals(\"Three\", result.get(3));\n    Assert.assertEquals(\"Two\", result.get(4));\n    Assert.assertEquals(\"Two\", result.get(5));\n    Assert.assertEquals(\"One\", result.get(6));\n}"
}
```

Here is another JSON instance that conforms to the provided schema:

```
{
  "test_behavior": "Testing a list with elements out of range",
  "test_name": "testElementsOutOfRange",
  "new_imports_code": "",
  "test_code": "@Test\nvoid testElementsOutOfRange(){\n    List<Object> input = new ArrayList<>();\n    input.add(1);\n    input.add(-1);\n    input.add(55);\n    List<Object> result = ByLength.byLength(input);\n    Assert.assertEquals(\"One\", result.get(0));\n}"
}
```

Here is another JSON instance that conforms to the provided schema:

```
{
  "test_behavior": "Testing a list with duplicate elements",
  "test_name": "testDuplicateElements",
  "new_imports_code": "",
  "test_code": "@Test\nvoid testDuplicateElements(){\n    List<Object> input = new ArrayList<>();\n    input.add(2);\n    input.add(1);\n    input.add(2);\n    List<Object> result = ByLength.byLength(input);\n    Assert.assertEquals(\"Two\", result.get(0));\n    Assert.assertEquals(\"Two\", result.get(1));\n    Assert.assertEquals(\"One\", result.get(2));\n}"
}
```

Here is another JSON instance that conforms to the provided schema:

```
{
  "test_behavior": "Testing a list with null elements",
  "test_name": "testNullElements",
  "new_imports_code": "",
  "test_code": "@Test\nvoid testNullElements(){\n    List<Object> input = new ArrayList<>();\n    input.add(null);\n    input.add(5);\n    List<Object> result = ByLength.byLength(input);\n    Assert.assertEquals(\"Five\", result.get(0));\n}"
}
```

Here is another JSON instance that conforms to the provided schema:

```
{
  "test_behavior": "Testing an empty list with null",
  "test_name": "testEmptyListNull",
  "new_imports_code": "",
  "test_code": "@Test\nvoid testEmptyListNull(){\n    List<Object> result = ByLength.byLength(null);\n    Assert.assertNull(result);\n}"
}
```/home/qinghua/anaconda3/envs/llm4test/lib/python3.11/site-packages/tree_sitter/__init__.py:36: FutureWarning: Language(path, name) is deprecated. Use Language(ptr, name) instead.
  warn("{} is deprecated. Use {} instead.".format(old, new), FutureWarning)
2025-05-13 17:32:04,596   INFO : Test failed for
@Test
void testEmptyList(){
    List<Object> result = ByLength.byLength(new ArrayList<>());
    Assert.assertTrue(result.isEmpty());
}
2025-05-13 17:32:17,407   INFO : üö®üö®üö® üöÄ üöÄ üöÄ ----- ü§ñ AGENT INSPECTOR: Inspecting failed test ----- üöÄ üöÄ üöÄ üö®üö®üö® 
Here is the analysis of the failed Java test case:

```
{
  "test_case_code": "@Test\nvoid testEmptyList(){\n    List<Object> result = ByLength.byLength(new ArrayList<>());\n    Assert.assertTrue(result.isEmpty());\n}",
  "error_info": "The error message 'name 'lang' is not defined' suggests that the test case is trying to use a variable or method named 'lang' which is not declared anywhere in the code. However, upon closer inspection, it seems that this error is actually caused by a missing import statement for the JUnit framework's Assert class.",
  "error_type": "AssertionError",
  "potential_fix": "Add the necessary import statement at the top of the test file: 'import static org.junit.jupiter.api.Assertions.assertTrue;' or 'import org.junit.jupiter.api.Assertions;'. Alternatively, use the fully qualified name of the assertTrue method: 'org.junit.jupiter.api.Assertions.assertTrue(result.isEmpty());'"
}
```

The error message is misleading and does not directly point to the root cause of the issue. However, upon closer inspection, it becomes apparent that the test case is missing an import statement for the JUnit framework's Assert class. To fix this issue, you can either add a static import statement at the top of the test file or use the fully qualified name of the assertTrue method.2025-05-13 17:32:39,248   INFO : üö®üö®üö® üöÄ üöÄ üöÄ ----- ü§ñ AGENT SINGLE CASE FIXER: Fixing failed test ----- üöÄ üöÄ üöÄ üö®üö®üö® 
{
  "test_behavior": "Test an empty list returns an empty list",
  "test_name": "testEmptyList",
  "test_code": "@Test\nvoid testEmptyList(){\n    List<Object> result = ByLength.byLength(new ArrayList<>());\n    org.junit.jupiter.api.Assertions.assertTrue(result.isEmpty());\n}",
  "new_imports_code": "import java.util.ArrayList;\nimport java.util.List;\nimport org.junit.jupiter.api.Test;\nimport org.junit.jupiter.api.Assertions;"
}/home/qinghua/anaconda3/envs/llm4test/lib/python3.11/site-packages/tree_sitter/__init__.py:36: FutureWarning: Language(path, name) is deprecated. Use Language(ptr, name) instead.
  warn("{} is deprecated. Use {} instead.".format(old, new), FutureWarning)
2025-05-13 17:33:02,744   INFO : Test passed for
@Test
void testEmptyList(){
    List<Object> result = ByLength.byLength(new ArrayList<>());
    org.junit.jupiter.api.Assertions.assertTrue(result.isEmpty());
}
2025-05-13 17:33:02,745   INFO : üö®üö®üö® üöÄ üöÄ üöÄ ----- ü§ñ AGENT INSPECTOR: Inspecting failed test ----- üöÄ üöÄ üöÄ üö®üö®üö® 
Here is the feedback in JSON format:

```
{
  "test_case_code": "@Test\nvoid testEmptyList(){\n    List<Object> result = ByLength.byLength(new ArrayList<>());\n    Assert.assertTrue(result.isEmpty());\n}",
  "error_info": "The error message 'name \'lang\' is not defined' suggests that the JUnit test framework is trying to use a language-specific assertion method, but it cannot find the definition of the 'lang' variable. However, upon closer inspection, this error seems unrelated to the provided source code and test case.",
  "error_type": "AssertionError",
  "potential_fix": "The issue might be caused by an incorrect import statement or a missing static import for the Assert class. Make sure you have imported the correct assertion class (e.g., org.junit.jupiter.api.Assertions.assertTrue). Additionally, verify that there are no language-specific configuration issues in your project setup."
}
```

Please note that based on the provided source code and test case, the error message 'name \'lang\' is not defined' seems unrelated. However, I have still provided a potential fix for a common issue related to assertion errors. If you could provide more context or details about the project setup, I may be able to offer a more specific solution.Based on the provided failed test case, here is the analysis and feedback in JSON format:

```
{
  "test_case_code": "@Test\nvoid testEmptyList(){\n    List<Object> result = ByLength.byLength(new ArrayList<>());\n    Assert.assertTrue(result.isEmpty());\n}",
  "error_info": "The error message 'name \'lang\' is not defined' suggests that there is an issue with the imports or the JUnit test framework. However, upon closer inspection, it seems that the error is not directly related to the code in this test case.",
  "error_type": "AssertionError",
  "potential_fix": "The issue might be caused by a missing import statement or a configuration problem in the test environment. Make sure that all necessary imports are present and that the JUnit test framework is properly configured. If the issue persists, try to isolate the problem by commenting out parts of the code or using a debugger to identify the root cause."
}
```

Note that the error message "name 'lang' is not defined" does not seem to be directly related to the provided test case, and it's possible that there is an issue with the test environment or configuration. The potential fix suggests checking imports and configurations, but further investigation may be necessary to identify the root cause of the problem.Based on the failed test case, here is the feedback in JSON format:

```
{
  "test_case_code": "@Test\nvoid testEmptyList(){\n    List<Object> result = ByLength.byLength(new ArrayList<>());\n    Assert.assertTrue(result.isEmpty());\n}",
  "error_info": "The error message 'name \'lang\' is not defined' suggests that the JUnit5 testing framework is not properly configured or imported. The test case itself appears to be correct, but the test runner is encountering an issue.",
  "error_type": "JUnit5 Configuration Error",
  "potential_fix": "Check if the JUnit5 dependency is added to the project and if the necessary imports are included in the test class. Ensure that the @Test annotation is from the org.junit.jupiter.api package."
}
```

Note: The error message 'name \'lang\' is not defined' does not seem directly related to the provided test case or source code. However, I have attempted to provide a plausible explanation and potential fix based on the information given. If more context or details about the project setup are available, it may be possible to provide a more accurate diagnosis and solution.Based on the provided information, I will generate the feedback in JSON format as requested.

Here is the output:

```
{
  "test_case_code": "void testEmptyList(){\n    List<Object> result = ByLength.byLength(new ArrayList<>());\n    Assert.assertTrue(result.isEmpty());\n}",
  "error_info": "The error 'name 'lang' is not defined' suggests that the testing framework or environment is missing a required configuration or dependency. However, this error seems unrelated to the actual test case code.",
  "error_type": "UndefinedVariableError",
  "potential_fix": "Review the testing environment and ensure that all necessary dependencies are included. Verify that the 'lang' variable is defined elsewhere in the codebase. If not, consider adding a mock or stub for the 'lang' variable to isolate its impact on the test case."
}
```

Note: The `error_info` field suggests that there might be an issue with the testing environment rather than the actual test case code. However, without more context, it's challenging to provide a precise solution.

As a side note, I would recommend reviewing the test suite and ensuring that all necessary dependencies are included in the testing environment. Additionally, consider adding more robust error handling or mocking/stubbing to isolate the impact of external variables on the test cases.2025-05-13 17:34:26,028   INFO : üö®üö®üö® üöÄ üöÄ üöÄ ----- ü§ñ AGENT SINGLE CASE FIXER: Fixing failed test ----- üöÄ üöÄ üöÄ üö®üö®üö® 
Here is a well-formatted JSON instance that conforms to the schema:

```
{
  "test_behavior": "Tests if an empty list returns an empty list",
  "test_name": "testEmptyList",
  "new_imports_code": "",
  "test_code": "@Test\npublic void testEmptyList() {\n    List<Object> result = ByLength.byLength(new ArrayList<>());\n    assertTrue(result.isEmpty());\n}"
}
```/home/qinghua/anaconda3/envs/llm4test/lib/python3.11/site-packages/tree_sitter/__init__.py:36: FutureWarning: Language(path, name) is deprecated. Use Language(ptr, name) instead.
  warn("{} is deprecated. Use {} instead.".format(old, new), FutureWarning)
2025-05-13 17:34:37,797   INFO : Test failed for
@Test
public void testEmptyList() {
    List<Object> result = ByLength.byLength(new ArrayList<>());
    assertTrue(result.isEmpty());
}
2025-05-13 17:35:03,571   INFO : 
                ######################################################################
                üöÄüìà LINE COVERAGE UPDATE üìàüöÄ 
                ‚û°Ô∏è  Line coverage increased from üî¥  87.10% to üü¢ 93.55% üéØ
                ######################################################################
                
2025-05-13 17:35:03,574   INFO : Current line coverage: 0.9354838709677419
2025-05-13 17:35:03,575   INFO : üö®üö®üö® üöÄ üöÄ üöÄ ----- ü§ñ AGENT PLANNER: Generating test plan ----- üöÄ üöÄ üöÄ üö®üö®üö® 
Here is the test plan generated based on the provided source file:

```json
{
  "test_framework": "JUnit5",
  "language": "Java",
  "conventions": [],
  "test_cases_to_add": [
    {
      "name": "ByLength_EmptyArray_ReturnsEmptyArray",
      "description": "Verify that an empty array is returned when the input array is empty",
      "input": "[new ArrayList<>()]",
      "expected_result": "[new ArrayList<>()]"
    },
    {
      "name": "ByLength_SingleElementArray_ReturnsSingleElementArray",
      "description": "Verify that a single element array is returned when the input array has one element between 1 and 9",
      "input": "[new ArrayList<>(Arrays.asList(5))]",
      "expected_result": "[new ArrayList<>(Arrays.asList(\"Five\"))]"
    },
    {
      "name": "ByLength_MultipleElementsArray_ReturnsSortedAndReversedArray",
      "description": "Verify that the input array is sorted, reversed and elements between 1 and 9 are replaced with their corresponding names",
      "input": "[new ArrayList<>(Arrays.asList(2, 1, 1, 4, 5, 8, 2, 3))]",
      "expected_result": "[new ArrayList<>(Arrays.asList(\"Eight\", \"Five\", \"Four\", \"Three\", \"Two\", \"Two\", \"One\", \"One\"))]"
    },
    {
      "name": "ByLength_ArrayWithElementsOutsideRange_IgnoresElementsOutsideRange",
      "description": "Verify that elements outside the range 1-9 are ignored and only elements between 1 and 9 are processed",
      "input": "[new ArrayList<>(Arrays.asList(1, -1, 55))]",
      "expected_result": "[new ArrayList<>(Arrays.asList(\"One\"))]"
    },
    {
      "name": "ByLength_NullInput_ThrowsNullPointerException",
      "description": "Verify that a NullPointerException is thrown when the input array is null",
      "input": "[null]",
      "expected_result": "java.lang.NullPointerException"
    }
  ]
}
```2025-05-13 17:35:39,321   INFO : üö®üö®üö® üöÄ üöÄ üöÄ ----- ü§ñ AGENT TESTER: Generating test cases ----- üöÄ üöÄ üöÄ üö®üö®üö® 
{"test_cases": [
  {
    "test_name": "ByLength_EmptyArray_ReturnsEmptyArray",
    "test_behavior": "Verify that an empty array is returned when the input array is empty",
    "new_imports_code": "",
    "test_code": "@Test\nvoid ByLength_EmptyArray_ReturnsEmptyArray() {\n    List<Object> result = ByLength.byLength(new ArrayList<>());\n    assertEquals(0, result.size());\n}"
  },
  {
    "test_name": "ByLength_SingleElementArray_ReturnsSingleElementArray",
    "test_behavior": "Verify that a single element array is returned when the input array has one element between 1 and 9",
    "new_imports_code": "",
    "test_code": "@Test\nvoid ByLength_SingleElementArray_ReturnsSingleElementArray() {\n    List<Object> result = ByLength.byLength(new ArrayList<>(Arrays.asList(5)));\n    assertEquals(\"Five\", result.get(0));\n}"
  },
  {
    "test_name": "ByLength_ArrayWithElementsOutsideRange_IgnoresElementsOutsideRange",
    "test_behavior": "Verify that elements outside the range 1-9 are ignored and only elements between 1 and 9 are processed",
    "new_imports_code": "",
    "test_code": "@Test\nvoid ByLength_ArrayWithElementsOutsideRange_IgnoresElementsOutsideRange() {\n    List<Object> result = ByLength.byLength(new ArrayList<>(Arrays.asList(1, -1, 55)));\n    assertEquals(\"One\", result.get(0));\n}"
  },
  {
    "test_name": "ByLength_NullInput_ThrowsNullPointerException",
    "test_behavior": "Verify that a NullPointerException is thrown when the input array is null",
    "new_imports_code": "",
    "test_code": "@Test\nvoid ByLength_NullInput_ThrowsNullPointerException() {\n    assertThrows(NullPointerException.class, () -> ByLength.byLength(null));\n}"
  },
  {
    "test_name": "ByLength_MultipleElementsArray_ReturnsMultipleElementArray",
    "test_behavior": "Verify that multiple elements array is returned when the input array has multiple elements between 1 and 9",
    "new_imports_code": "",
    "test_code": "@Test\nvoid ByLength_MultipleElementsArray_ReturnsMultipleElementArray() {\n    List<Object> result = ByLength.byLength(new ArrayList<>(Arrays.asList(2, 1, 1, 4, 5, 8, 2, 3)));\n    assertEquals(\"Eight\", result.get(0));\n    assertEquals(\"Five\", result.get(1));\n}"
  }
]}/home/qinghua/anaconda3/envs/llm4test/lib/python3.11/site-packages/tree_sitter/__init__.py:36: FutureWarning: Language(path, name) is deprecated. Use Language(ptr, name) instead.
  warn("{} is deprecated. Use {} instead.".format(old, new), FutureWarning)
2025-05-13 17:36:26,990   INFO : Test failed for

                                @Test
                                    void testNothing(){
                                        ByLength s = new ByLength();
                                        }
                                
/home/qinghua/anaconda3/envs/llm4test/lib/python3.11/site-packages/tree_sitter/__init__.py:36: FutureWarning: Language(path, name) is deprecated. Use Language(ptr, name) instead.
  warn("{} is deprecated. Use {} instead.".format(old, new), FutureWarning)
2025-05-13 17:36:52,709   INFO : Test passed for
@Test
void ByLength_EmptyArray_ReturnsEmptyArray() {
    List<Object> result = ByLength.byLength(new ArrayList<>());
    assertEquals(0, result.size());
}
/home/qinghua/anaconda3/envs/llm4test/lib/python3.11/site-packages/tree_sitter/__init__.py:36: FutureWarning: Language(path, name) is deprecated. Use Language(ptr, name) instead.
  warn("{} is deprecated. Use {} instead.".format(old, new), FutureWarning)
2025-05-13 17:37:05,564   INFO : Test passed for
@Test
void ByLength_SingleElementArray_ReturnsSingleElementArray() {
    List<Object> result = ByLength.byLength(new ArrayList<>(Arrays.asList(5)));
    assertEquals("Five", result.get(0));
}
/home/qinghua/anaconda3/envs/llm4test/lib/python3.11/site-packages/tree_sitter/__init__.py:36: FutureWarning: Language(path, name) is deprecated. Use Language(ptr, name) instead.
  warn("{} is deprecated. Use {} instead.".format(old, new), FutureWarning)
2025-05-13 17:37:18,318   INFO : Test passed for
@Test
void ByLength_ArrayWithElementsOutsideRange_IgnoresElementsOutsideRange() {
    List<Object> result = ByLength.byLength(new ArrayList<>(Arrays.asList(1, -1, 55)));
    assertEquals("One", result.get(0));
}
/home/qinghua/anaconda3/envs/llm4test/lib/python3.11/site-packages/tree_sitter/__init__.py:36: FutureWarning: Language(path, name) is deprecated. Use Language(ptr, name) instead.
  warn("{} is deprecated. Use {} instead.".format(old, new), FutureWarning)
2025-05-13 17:37:31,108   INFO : Test passed for
@Test
void ByLength_NullInput_ThrowsNullPointerException() {
    assertThrows(NullPointerException.class, () -> ByLength.byLength(null));
}
/home/qinghua/anaconda3/envs/llm4test/lib/python3.11/site-packages/tree_sitter/__init__.py:36: FutureWarning: Language(path, name) is deprecated. Use Language(ptr, name) instead.
  warn("{} is deprecated. Use {} instead.".format(old, new), FutureWarning)
2025-05-13 17:37:43,895   INFO : Test passed for
@Test
void ByLength_MultipleElementsArray_ReturnsMultipleElementArray() {
    List<Object> result = ByLength.byLength(new ArrayList<>(Arrays.asList(2, 1, 1, 4, 5, 8, 2, 3)));
    assertEquals("Eight", result.get(0));
    assertEquals("Five", result.get(1));
}
2025-05-13 17:37:43,896   INFO : üö®üö®üö® üöÄ üöÄ üöÄ ----- ü§ñ AGENT INSPECTOR: Inspecting failed test ----- üöÄ üöÄ üöÄ üö®üö®üö® 
Based on the provided failed test case, here is the analysis and feedback in JSON format:

```
{
  "test_case_code": "@Test\npublic void testEmptyList() {\n    List<Object> result = ByLength.byLength(new ArrayList<>());\n    assertTrue(result.isEmpty());\n}",
  "error_info": "The error message 'name \'lang\' is not defined' suggests that the test case is failing due to a missing import statement or an undefined variable. However, upon closer inspection, it appears that this error message does not relate to the provided test case code.",
  "error_type": "UnknownError",
  "potential_fix": "The issue seems unrelated to the provided test case. The test case itself looks correct and should pass if the ByLength.byLength() method is implemented correctly. To fix the issue, ensure that the ByLength class is properly imported in the test file and that the byLength() method is correctly defined."
}
```

However, considering the code of `ByLength` class and the provided unit test, there are no obvious errors or issues that would cause a failure with an error message about 'lang' being undefined. 

It seems likely that this error message is actually related to a different part of the codebase. The unit test itself appears to be correct for testing if `byLength()` returns an empty list when given an empty input.

Here's how I'd suggest modifying the ByLength class for better test coverage:

- Add null checks: Currently, the method does not handle cases where the input is null.
- Use a more robust data structure for mapping integers to strings. Instead of using a switch statement with magic numbers (1-9), consider using an Enum or a Map.

Here's how you might implement these changes:

```java
public class ByLength {
    private static final Map<Integer, String> NUMBER_NAMES = new HashMap<>();

    static {
        NUMBER_NAMES.put(1, "One");
        NUMBER_NAMES.put(2, "Two");
        // Add the rest of the numbers here...
    }

    public static List<Object> byLength(List<Object> arr) {
        if (arr == null || arr.isEmpty()) {
            return new ArrayList<>();
        }
        
        List<Integer> sorted = new ArrayList<>();
        for (Object value : arr) {
            if (value instanceof Integer) {
                sorted.add((Integer) value);
            }
        }
        Collections.sort(sorted);
        Collections.reverse(sorted);
        List<Object> result = new ArrayList<>();
        for (Integer value : sorted) {
            if (NUMBER_NAMES.containsKey(value)) {
                result.add(NUMBER_NAMES.get(value));
            }
        }
        return result;
    }
}
```
Then, you might want to add additional test cases to cover these scenarios:

```java
@Test
public void testNullList() {
    List<Object> result = ByLength.byLength(null);
    assertTrue(result.isEmpty());
}

@Test
public void testNonIntegerValuesInList() {
    List<Object> input = new ArrayList<>();
    input.add(1);
    input.add("non-integer");
    input.add(2);
    
    List<Object> result = ByLength.byLength(input);
    assertEquals(Arrays.asList("Two", "One"), result);
}
```Based on the provided information, here is the analysis of the failed test case:

```
{
  "test_case_code": "@Test\npublic void testEmptyList() {\n    List<Object> result = ByLength.byLength(new ArrayList<>());\n    assertTrue(result.isEmpty());\n}",
  "error_info": "The error message 'name 'lang' is not defined' suggests that there might be an issue with the import statements or the Java version being used. However, based on the provided code, it seems unlikely that this is the actual cause of the failure.",
  "error_type": "AssertionError",
  "potential_fix": "The provided test case seems to be correct and should pass if the implementation of ByLength.byLength() is correct. The issue might be with the implementation of byLength() method in ByLength class, not with the test case itself. Make sure that the byLength() method correctly handles an empty list as input."
}
```

However, after reviewing the code again, I think there might be a different issue here. 

The `byLength` function does not handle null inputs properly. The first line of the function iterates over each value in the input array and checks if it's an instance of Integer. If the input array is null, this will throw a NullPointerException.

Here is a more accurate analysis:

```
{
  "test_case_code": "@Test\npublic void testEmptyList() {\n    List<Object> result = ByLength.byLength(new ArrayList<>());\n    assertTrue(result.isEmpty());\n}",
  "error_info": "The byLength function does not handle null inputs properly.",
  "error_type": "NullPointerException",
  "potential_fix": "You should add a null check at the beginning of the byLength function. If the input array is null, return an empty list or throw an exception as per your requirements."
}
```2025-05-13 17:38:55,670   INFO : üö®üö®üö® üöÄ üöÄ üöÄ ----- ü§ñ AGENT SINGLE CASE FIXER: Fixing failed test ----- üöÄ üöÄ üöÄ üö®üö®üö® 
{
  "test_behavior": "Testing that byLength method returns an empty list when given an empty list as input.",
  "test_name": "testEmptyList",
  "test_code": "@Test\npublic void testEmptyList() {\n    List<Object> result = ByLength.byLength(new ArrayList<>());\n    assertTrue(result.isEmpty());\n}",
  "new_imports_code": ""
}

{
  "test_behavior": "Testing that byLength method returns a list with correct number names when given a list of integers between 1 and 9.",
  "test_name": "testCorrectNumberNames",
  "test_code": "@Test\npublic void testCorrectNumberNames() {\n    List<Object> input = new ArrayList<>();\n    input.add(2);\n    input.add(1);\n    input.add(4);\n    input.add(5);\n    input.add(8);\n    List<Object> expected = new ArrayList<>();\n    expected.add(\"Eight\");\n    expected.add(\"Five\");\n    expected.add(\"Four\");\n    expected.add(\"Two\");\n    expected.add(\"One\");\n    assertEquals(expected, ByLength.byLength(input));\n}",
  "new_imports_code": ""
}

{
  "test_behavior": "Testing that byLength method returns a list with correct number names when given a list of integers between 1 and 9 in reverse order.",
  "test_name": "testCorrectNumberNamesReverseOrder",
  "test_code": "@Test\npublic void testCorrectNumberNamesReverseOrder() {\n    List<Object> input = new ArrayList<>();\n    input.add(8);\n    input.add(5);\n    input.add(4);\n    input.add(2);\n    input.add(1);\n    List<Object> expected = new ArrayList<>();\n    expected.add(\"Eight\");\n    expected.add(\"Five\");\n    expected.add(\"Four\");\n    expected.add(\"Two\");\n    expected.add(\"One\");\n    assertEquals(expected, ByLength.byLength(input));\n}",
  "new_imports_code": ""
}

{
  "test_behavior": "Testing that byLength method returns an empty list when given a list of integers outside the range of 1 to 9.",
  "test_name": "testOutsideRange",
  "test_code": "@Test\npublic void testOutsideRange() {\n    List<Object> input = new ArrayList<>();\n    input.add(0);\n    input.add(-1);\n    input.add(10);\n    input.add(100);\n    assertTrue(ByLength.byLength(input).isEmpty());\n}",
  "new_imports_code": ""
}

{
  "test_behavior": "Testing that byLength method returns an empty list when given a null input.",
  "test_name": "testNullInput",
  "test_code": "@Test\npublic void testNullInput() {\n    List<Object> result = ByLength.byLength(null);\n    assertTrue(result.isEmpty());\n}",
  "new_imports_code": ""
}

{
  "test_behavior": "Testing that byLength method returns a list with correct number names when given a list containing duplicate integers.",
  "test_name": "testDuplicateNumbers",
  "test_code": "@Test\npublic void testDuplicateNumbers() {\n    List<Object> input = new ArrayList<>();\n    input.add(2);\n    input.add(1);\n    input.add(4);\n    input.add(5);\n    input.add(8);\n    input.add(2);\n    input.add(1);\n    List<Object> expected = new ArrayList<>();\n    expected.add(\"Eight\");\n    expected.add(\"Five\");\n    expected.add(\"Four\");\n    expected.add(\"Two\");\n    expected.add(\"Two\");\n    expected.add(\"One\");\n    expected.add(\"One\");\n    assertEquals(expected, ByLength.byLength(input));\n}",
  "new_imports_code": ""
}/home/qinghua/anaconda3/envs/llm4test/lib/python3.11/site-packages/tree_sitter/__init__.py:36: FutureWarning: Language(path, name) is deprecated. Use Language(ptr, name) instead.
  warn("{} is deprecated. Use {} instead.".format(old, new), FutureWarning)
2025-05-13 17:40:00,635   INFO : Test failed for
@Test
public void testEmptyList() {
    List<Object> result = ByLength.byLength(new ArrayList<>());
    assertTrue(result.isEmpty());
}
2025-05-13 17:40:13,498   INFO : üö®üö®üö® üöÄ üöÄ üöÄ ----- ü§ñ AGENT INSPECTOR: Inspecting failed test ----- üöÄ üöÄ üöÄ üö®üö®üö® 
Here is my evaluation and feedback for the failed test case:

```
{
  "test_case_code": "@Test\npublic void testEmptyList() {\n    List<Object> result = ByLength.byLength(new ArrayList<>());\n    assertTrue(result.isEmpty());\n}",
  "error_info": "The error message 'name 'lang' is not defined' does not make sense in the context of this test case. However, upon closer inspection, it appears that there is no issue with the test code itself. The error might be related to an external dependency or configuration.",
  "error_type": "UnknownError",
  "potential_fix": "Check the test environment and dependencies for any issues. Verify that all required libraries are properly imported and configured. If using a specific language or locale, ensure it is correctly set up."
}
```

Note: Since I couldn't find any obvious issue with the provided test code, I've marked the error type as `UnknownError` and suggested checking the test environment and dependencies for potential issues.

However, if you'd like me to provide additional feedback or suggestions on how to improve the test case or the `ByLength.byLength()` method itself, please let me know!2025-05-13 17:40:32,917   INFO : üö®üö®üö® üöÄ üöÄ üöÄ ----- ü§ñ AGENT SINGLE CASE FIXER: Fixing failed test ----- üöÄ üöÄ üöÄ üö®üö®üö® 
{
    "test_behavior": "Verifies that an empty list is returned when the input list is empty",
    "test_name": "testEmptyList",
    "new_imports_code": "",
    "test_code": "@Test\npublic void testEmptyList() {\n    List<Object> result = ByLength.byLength(new ArrayList<>());\n    assertTrue(result.isEmpty());\n}"
}/home/qinghua/anaconda3/envs/llm4test/lib/python3.11/site-packages/tree_sitter/__init__.py:36: FutureWarning: Language(path, name) is deprecated. Use Language(ptr, name) instead.
  warn("{} is deprecated. Use {} instead.".format(old, new), FutureWarning)
2025-05-13 17:40:44,004   INFO : Test failed for
@Test
public void testEmptyList() {
    List<Object> result = ByLength.byLength(new ArrayList<>());
    assertTrue(result.isEmpty());
}
2025-05-13 17:40:56,788   INFO : üö®üö®üö® üöÄ üöÄ üöÄ ----- ü§ñ AGENT INSPECTOR: Inspecting failed test ----- üöÄ üöÄ üöÄ üö®üö®üö® 
Based on the provided information, here is the analysis of the failed test case:

```
{
  "test_case_code": "@Test\npublic void testEmptyList() {\n    List<Object> result = ByLength.byLength(new ArrayList<>());\n    assertTrue(result.isEmpty());\n}",
  "error_info": "The error message 'name 'lang' is not defined' suggests that the JUnit5 testing framework is expecting a language or locale to be set, but it's not defined. However, looking at the test case code, it seems like the issue might be related to the fact that the byLength method is returning an empty list as expected, but the test is failing due to some other reason.",
  "error_type": "AssertionError",
  "potential_fix": "The potential fix for this error could be to check if there are any other issues in the test suite or environment that might be causing this failure. It's also possible that the test case needs to be modified to handle the expected result correctly."
}
```

However, after analyzing the code again, I realize that the issue is not with the test case itself but rather with the JUnit5 configuration. The `lang` variable is likely a system property or environment variable required by JUnit5 for some reason.

In this case, here's an updated response:

```
{
  "test_case_code": "@Test\npublic void testEmptyList() {\n    List<Object> result = ByLength.byLength(new ArrayList<>());\n    assertTrue(result.isEmpty());\n}",
  "error_info": "The error message 'name 'lang' is not defined' suggests that JUnit5 requires a language or locale to be set, but it's not defined.",
  "error_type": "JUnit5 Configuration Error",
  "potential_fix": "To fix this issue, you need to define the language or locale system property. You can do this by adding the following line of code before running your JUnit tests: System.setProperty(\"lang\", \"en\"); // replace 'en' with your desired language or locale."
}
```2025-05-13 17:41:29,236   INFO : üö®üö®üö® üöÄ üöÄ üöÄ ----- ü§ñ AGENT SINGLE CASE FIXER: Fixing failed test ----- üöÄ üöÄ üöÄ üö®üö®üö® 
{"properties": {}} is not a valid response. I will provide the correct JSON instance.


Here are the new test cases that have been added to improve code coverage:

{"test_behavior": "Test empty list with no integers", 
"test_name": "testEmptyList2", 
"test_code": "@Test\npublic void testEmptyList() {\n    List<Object> result = ByLength.byLength(new ArrayList<>());\n    assertTrue(result.isEmpty());\n}", 
"new_imports_code": ""}

{"test_behavior": "Test list with single integer that is within the range", 
"test_name": "testSingleIntegerInRange", 
"test_code": "@Test\npublic void testSingleIntegerInRange() {\n    List<Object> input = new ArrayList<>();\n    input.add(5);\n    List<Object> result = ByLength.byLength(input);\n    assertEquals(\"Five\", result.get(0));\n}", 
"new_imports_code": ""}

{"test_behavior": "Test list with single integer that is outside the range", 
"test_name": "testSingleIntegerOutOfRange", 
"test_code": "@Test\npublic void testSingleIntegerOutOfRange() {\n    List<Object> input = new ArrayList<>();\n    input.add(15);\n    List<Object> result = ByLength.byLength(input);\n    assertTrue(result.isEmpty());\n}", 
"new_imports_code": ""}

{"test_behavior": "Test list with multiple integers in the range", 
"test_name": "testMultipleIntegersInRange", 
"test_code": "@Test\npublic void testMultipleIntegersInRange() {\n    List<Object> input = new ArrayList<>();\n    input.add(1);\n    input.add(2);\n    input.add(3);\n    List<Object> result = ByLength.byLength(input);\n    assertEquals(\"Three\", result.get(0));\n    assertEquals(\"Two\", result.get(1));\n    assertEquals(\"One\", result.get(2));\n}", 
"new_imports_code": ""}

{"test_behavior": "Test list with multiple integers outside the range", 
"test_name": "testMultipleIntegersOutOfRange", 
"test_code": "@Test\npublic void testMultipleIntegersOutOfRange() {\n    List<Object> input = new ArrayList<>();\n    input.add(15);\n    input.add(20);\n    input.add(25);\n    List<Object> result = ByLength.byLength(input);\n    assertTrue(result.isEmpty());\n}", 
"new_imports_code": ""}

{"test_behavior": "Test list with mixed data types", 
"test_name": "testMixedDataTypes", 
"test_code": "@Test\npublic void testMixedDataTypes() {\n    List<Object> input = new ArrayList<>();\n    input.add(5);\n    input.add(\"hello\");\n    input.add(10);\n    List<Object> result = ByLength.byLength(input);\n    assertEquals(\"Ten\", result.get(0));\n    assertEquals(\"Five\", result.get(1));\n}", 
"new_imports_code": ""}{"properties": {"test_behavior": {"default": "Verify that byLength method returns an empty list when input list is empty", "description": "The behavior of the test case", "title": "Test Behavior", "type": "string"}, "test_name": {"default": "testEmptyList2", "description": "The name of the test case", "title": "Test Name", "type": "string"}, "test_code": {"description": "The full java code of the test case. Starting with @Test ", "title": "Test Code", "type": "string"}, "new_imports_code": {"default": "", "description": "New import statements needed for the test case", "title": "New Imports Code", "type": "string"}}, "required": ["test_code"]}

{
  "test_behavior": "Verify that byLength method returns an empty list when input list is empty",
  "test_name": "testEmptyList2",
  "test_code": "@Test\npublic void testEmptyList2() {\n    List<Object> result = ByLength.byLength(new ArrayList<>());\n    assertEquals(Collections.emptyList(), result);\n}",
  "new_imports_code": ""
}```
{
  "test_behavior": "Test that an empty list is returned when the input list is empty",
  "test_name": "testEmptyListCorrected",
  "new_imports_code": "",
  "test_code": "@Test\npublic void testEmptyListCorrected() {\n    List<Object> result = ByLength.byLength(new ArrayList<>());\n    assertEquals(0, result.size());\n}"
}
```/home/qinghua/anaconda3/envs/llm4test/lib/python3.11/site-packages/tree_sitter/__init__.py:36: FutureWarning: Language(path, name) is deprecated. Use Language(ptr, name) instead.
  warn("{} is deprecated. Use {} instead.".format(old, new), FutureWarning)
2025-05-13 17:43:02,268   INFO : Test passed for
@Test
public void testEmptyListCorrected() {
    List<Object> result = ByLength.byLength(new ArrayList<>());
    assertEquals(0, result.size());
}
2025-05-13 17:43:02,269   INFO : üö®üö®üö® üöÄ üöÄ üöÄ ----- ü§ñ AGENT INSPECTOR: Inspecting failed test ----- üöÄ üöÄ üöÄ üö®üö®üö® 
Based on the provided failed test case, I will provide a JSON-formatted feedback.

```
{
  "test_case_code": "@Test\nvoid testNothing(){\n    ByLength s = new ByLength();\n}",
  "error_info": "The error message indicates that 'lang' is not defined. However, upon closer inspection of the provided test code, it appears to be incomplete or unrelated to the actual failure cause. The test method 'testNothing' does not contain any assertions or calls to the 'byLength' method. It seems like this might be a placeholder or an empty test.",
  "error_type": "NoAssertionError",
  "potential_fix": "To fix this issue, you should add meaningful assertions to the test method 'testNothing'. For example, you could call the 'byLength' method with specific inputs and verify its output using assertions. Additionally, ensure that the 'lang' variable is properly defined if it's being used elsewhere in your codebase."
}
```

However, upon reviewing the source code provided, I noticed a few issues:

1.  The `ByLength` class has no constructor.
2.  The test method `testNothing` does not actually test anything.

To improve the code coverage and fix the failed test case, here is an updated version of the test suite with additional tests:

```java
import org.junit.jupiter.api.Test;
import static org.junit.jupiter.api.Assertions.*;
import java.util.*;

public class ByLengthTest {

    @Test
    void testEmptyArray() {
        List<Object> input = new ArrayList<>();
        List<Object> expectedOutput = new ArrayList<>();
        assertEquals(expectedOutput, ByLength.byLength(input));
    }

    @Test
    void testSingleElement() {
        List<Object> input = Arrays.asList(1);
        List<Object> expectedOutput = Arrays.asList("One");
        assertEquals(expectedOutput, ByLength.byLength(input));
    }

    @Test
    void testMultipleElements() {
        List<Object> input = Arrays.asList(2, 1, 1, 4, 5, 8, 2, 3);
        List<Object> expectedOutput = Arrays.asList("Eight", "Five", "Four", "Three", "Two", "Two", "One", "One");
        assertEquals(expectedOutput, ByLength.byLength(input));
    }

    @Test
    void testIgnoredElements() {
        List<Object> input = Arrays.asList(1, -1, 55);
        List<Object> expectedOutput = Arrays.asList("One");
        assertEquals(expectedOutput, ByLength.byLength(input));
    }
}
```

With these additional tests in place, the `ByLength` class can be further improved to handle various edge cases and ensure its correctness.2025-05-13 17:43:43,635   INFO : üö®üö®üö® üöÄ üöÄ üöÄ ----- ü§ñ AGENT SINGLE CASE FIXER: Fixing failed test ----- üöÄ üöÄ üöÄ üö®üö®üö® 
{"properties": {"test_behavior": {"default": "Verify that an empty list is returned when the input list is empty", "description": "The behavior of the test case", "title": "Test Behavior", "type": "string"}, "test_name": {"default": "testEmptyListReturnsEmptyList", "description": "The name of the test case", "title": "Test Name", "type": "string"}, "test_code": {"description": "The full java code of the test case. Starting with @Test ", "title": "Test Code", "type": "string"}}}

{
  "test_behavior": "Verify that an empty list is returned when the input list is empty",
  "test_name": "testEmptyListReturnsEmptyList1",
  "test_code": "@Test
void testEmptyListReturnsEmptyList(){
    List<Object> result = ByLength.byLength(new ArrayList<>());
    assertTrue(result.isEmpty());
}",
  "new_imports_code": ""
}

{
  "test_behavior": "Verify that the list is sorted in descending order and contains only numbers between 1 and 9",
  "test_name": "testSortedListWithNumbersBetween1And91",
  "test_code": "@Test
void testSortedListWithNumbersBetween1And9(){
    List<Object> input = Arrays.asList(5, 3, 8, 4, 2);
    List<Object> result = ByLength.byLength(input);
    assertEquals(Arrays.asList(\"Eight\", \"Five\", \"Four\", \"Three\", \"Two\"), result);
}",
  "new_imports_code": ""
}

{
  "test_behavior": "Verify that the list is sorted in descending order and contains only numbers between 1 and 9",
  "test_name": "testSortedListWithNumbersBetween1And92",
  "test_code": "@Test
void testSortedListWithNumbersBetween1And9(){
    List<Object> input = Arrays.asList(2, 9, 4, 7, 6);
    List<Object> result = ByLength.byLength(input);
    assertEquals(Arrays.asList(\"Nine\", \"Seven\", \"Six\", \"Four\", \"Two\"), result);
}",
  "new_imports_code": ""
}

{
  "test_behavior": "Verify that the list is sorted in descending order and contains only numbers between 1 and 9",
  "test_name": "testSortedListWithNumbersBetween1And93",
  "test_code": "@Test
void testSortedListWithNumbersBetween1And9(){
    List<Object> input = Arrays.asList(1, 3, 5, 7, 9);
    List<Object> result = ByLength.byLength(input);
    assertEquals(Arrays.asList(\"Nine\", \"Seven\", \"Five\", \"Three\", \"One\"), result);
}",
  "new_imports_code": ""
}

{
  "test_behavior": "Verify that the list is sorted in descending order and contains only numbers between 1 and 9",
  "test_name": "testSortedListWithNumbersBetween1And94",
  "test_code": "@Test
void testSortedListWithNumbersBetween1And9(){
    List<Object> input = Arrays.asList(2, 4, 6, 8);
    List<Object> result = ByLength.byLength(input);
    assertEquals(Arrays.asList(\"Eight\", \"Six\", \"Four\", \"Two\"), result);
}",
  "new_imports_code": ""
}{"properties": {"test_behavior": {"default": "test byLength function with empty input array ", "description": "The behavior of the test case", "title": "Test Behavior", "type": "string"}, "test_name": {"default": "random_test_1", "description": "The name of the test case", "title": "Test Name", "type": "string"}, "test_code": {"description": "The full java code of the test case. Starting with @Test ", "title": "Test Code", "type": "string"}, "new_imports_code": {"default": "", "description": "New import statements needed for the test case", "title": "New Imports Code", "type": "string"}}, "required": ["test_code"]}

Here is the generated JSON output in a valid format:

```json
{
  "test_behavior": "test byLength function with empty input array",
  "test_name": "random_test_1",
  "test_code": "@Test\nvoid testNothing(){\n    List<Object> result = ByLength.byLength(new ArrayList<>());\n    assertTrue(result.isEmpty());\n}",
  "new_imports_code": ""
}
```Here is a generated test case that follows the provided schema:

```
{
  "test_behavior": "Test byLength method with an empty list",
  "test_name": "testEmptyList",
  "test_code": "@Test\nvoid testEmptyList() {\n    List<Object> input = new ArrayList<>();\n    assertEquals(Collections.emptyList(), ByLength.byLength(input));\n}",
  "new_imports_code": ""
}
```

This test case checks if the `byLength` method returns an empty list when given an empty list as input. 

Please let me know if you need any further assistance or additional test cases.

Here is another generated test case that follows the provided schema:

```
{
  "test_behavior": "Test byLength method with a list containing only valid numbers",
  "test_name": "testValidNumbers1",
  "test_code": "@Test\nvoid testValidNumbers1() {\n    List<Object> input = Arrays.asList(2, 1, 1, 4, 5, 8, 2, 3);\n    List<Object> expected = Arrays.asList(\"Eight\", \"Five\", \"Four\", \"Three\", \"Two\", \"Two\", \"One\", \"One\");\n    assertEquals(expected, ByLength.byLength(input));\n}",
  "new_imports_code": "import java.util.Arrays;"
}
```

This test case checks if the `byLength` method returns the correct output when given a list containing only valid numbers.

Please let me know if you need any further assistance or additional test cases.


Here is another generated test case that follows the provided schema:

```
{
  "test_behavior": "Test byLength method with a list containing invalid numbers",
  "test_name": "testInvalidNumbers1",
  "test_code": "@Test\nvoid testInvalidNumbers1() {\n    List<Object> input = Arrays.asList(2, -1, 55);\n    List<Object> expected = Collections.singletonList(\"Two\");\n    assertEquals(expected, ByLength.byLength(input));\n}",
  "new_imports_code": "import java.util.Arrays;"
}
```

This test case checks if the `byLength` method ignores invalid numbers and returns the correct output when given a list containing both valid and invalid numbers.

Please let me know if you need any further assistance or additional test cases.


Here is another generated test case that follows the provided schema:

```
{
  "test_behavior": "Test byLength method with a list containing null elements",
  "test_name": "testNullElements1",
  "test_code": "@Test\nvoid testNullElements1() {\n    List<Object> input = Arrays.asList(2, null, 55);\n    assertThrows(NullPointerException.class, () -> ByLength.byLength(input));\n}",
  "new_imports_code": "import java.util.Arrays;"
}
```

This test case checks if the `byLength` method throws a NullPointerException when given a list containing null elements.

Please let me know if you need any further assistance or additional test cases.


Here is another generated test case that follows the provided schema:

```
{
  "test_behavior": "Test byLength method with a list containing duplicate valid numbers",
  "test_name": "testDuplicateValidNumbers1",
  "test_code": "@Test\nvoid testDuplicateValidNumbers1() {\n    List<Object> input = Arrays.asList(2, 1, 1, 4, 5, 8, 2, 3);\n    List<Object> expected = Arrays.asList(\"Eight\", \"Five\", \"Four\", \"Three\", \"Two\", \"Two\", \"One\", \"One\");\n    assertEquals(expected, ByLength.byLength(input));\n}",
  "new_imports_code": "import java.util.Arrays;"
}
```

This test case checks if the `byLength` method returns the correct output when given a list containing duplicate valid numbers.

Please let me know if you need any further assistance or additional test cases.


Here is another generated test case that follows the provided schema:

```
{
  "test_behavior": "Test byLength method with a null input",
  "test_name": "testNullInput1",
  "test_code": "@Test\nvoid testNullInput1() {\n    assertThrows(NullPointerException.class, () -> ByLength.byLength(null));\n}",
  "new_imports_code": ""
}
```

This test case checks if the `byLength` method throws a NullPointerException when given a null input.

Please let me know if you need any further assistance or additional test cases./home/qinghua/anaconda3/envs/llm4test/lib/python3.11/site-packages/tree_sitter/__init__.py:36: FutureWarning: Language(path, name) is deprecated. Use Language(ptr, name) instead.
  warn("{} is deprecated. Use {} instead.".format(old, new), FutureWarning)
2025-05-13 17:46:14,404   INFO : Test failed for
@Test
void testEmptyList() {
    List<Object> input = new ArrayList<>();
    assertEquals(Collections.emptyList(), ByLength.byLength(input));
}
2025-05-13 17:46:27,274   INFO : üö®üö®üö® üöÄ üöÄ üöÄ ----- ü§ñ AGENT INSPECTOR: Inspecting failed test ----- üöÄ üöÄ üöÄ üö®üö®üö® 
Based on the failed test case, here is the feedback in JSON format:

```
{
  "test_case_code": "@Test\nvoid testEmptyList() {\n    List<Object> input = new ArrayList<>();\n    assertEquals(Collections.emptyList(), ByLength.byLength(input));\n}",
  "error_info": "The error 'name 'lang' is not defined' suggests that the JUnit5 testing framework is expecting a lang parameter, but it's not provided. However, upon closer inspection, this error doesn't seem to be related to the test case itself, but rather an issue with the test setup or configuration.",
  "error_type": "TestSetupError",
  "potential_fix": "Check the JUnit5 configuration and ensure that all required parameters are properly set up. If you're using a testing framework like Maven or Gradle, verify that the dependencies are correctly configured. Additionally, review the test class and method annotations to ensure they match the expected format."
}
```

Note: The `error_info` field is not directly related to the test case code itself but rather points out an issue with the test setup or configuration. The potential fix provided aims to guide the developer towards resolving this configuration issue.2025-05-13 17:46:47,409   INFO : üö®üö®üö® üöÄ üöÄ üöÄ ----- ü§ñ AGENT SINGLE CASE FIXER: Fixing failed test ----- üöÄ üöÄ üöÄ üö®üö®üö® 
```
{
  "test_behavior": "Test empty list input",
  "test_name": "testEmptyList",
  "new_imports_code": "",
  "test_code": "@Test\nvoid testEmptyList() {\n    List<Object> input = new ArrayList<>();\n    assertTrue(ByLength.byLength(input).isEmpty());\n}"
}
```/home/qinghua/anaconda3/envs/llm4test/lib/python3.11/site-packages/tree_sitter/__init__.py:36: FutureWarning: Language(path, name) is deprecated. Use Language(ptr, name) instead.
  warn("{} is deprecated. Use {} instead.".format(old, new), FutureWarning)
2025-05-13 17:46:58,016   INFO : Test failed for
@Test
void testEmptyList() {
    List<Object> input = new ArrayList<>();
    assertTrue(ByLength.byLength(input).isEmpty());
}
2025-05-13 17:47:11,063   INFO : üö®üö®üö® üöÄ üöÄ üöÄ ----- ü§ñ AGENT INSPECTOR: Inspecting failed test ----- üöÄ üöÄ üöÄ üö®üö®üö® 
Here is the analysis and feedback in JSON format:

```
{
  "test_case_code": "@Test\nvoid testEmptyList() {\n    List<Object> input = new ArrayList<>();\n    assertTrue(ByLength.byLength(input).isEmpty());\n}",
  "error_info": "The error message 'name 'lang' is not defined' suggests that the JUnit5 testing framework is expecting a language configuration but it's not provided. However, this error doesn't seem to be related to the test case itself, as it does not use any specific language features.",
  "error_type": "AssertionError",
  "potential_fix": "Check your JUnit5 configuration and ensure that the correct language configuration is set. If you are using a build tool like Maven or Gradle, verify that the necessary dependencies are included in your project."
}
```

However, after carefully examining the source code of `ByLength` class, I found that there was no usage of any variable named 'lang'. It seems to be an environment-specific issue rather than a programming error.

Here's another potential fix:
Try changing the import statements at the beginning of your test file. Replace
```java
import java.util.ArrayList;
import java.util.Collections;
import java.util.List;
```
with 
```java
import org.junit.jupiter.api.Test;
import static org.junit.jupiter.api.Assertions.assertTrue;
import java.util.ArrayList;
import java.util.Collections;
import java.util.List;
```

Please note that you may need to adjust the import statements according to your project setup.2025-05-13 17:47:35,747   INFO : üö®üö®üö® üöÄ üöÄ üöÄ ----- ü§ñ AGENT SINGLE CASE FIXER: Fixing failed test ----- üöÄ üöÄ üöÄ üö®üö®üö® 
[
  {
    "test_behavior": "Test that an empty list returns an empty result",
    "test_name": "testEmptyList",
    "test_code": "@Test\nvoid testEmptyList() {\n    List<Object> input = new ArrayList<>();\n    assertTrue(ByLength.byLength(input).isEmpty());\n}",
    "new_imports_code": ""
  },
  {
    "test_behavior": "Test that a list with no numbers between 1 and 9 returns an empty result",
    "test_name": "testNoNumbersBetween1And9",
    "test_code": "@Test\nvoid testNoNumbersBetween1And9() {\n    List<Object> input = Arrays.asList(0, 10, -1);\n    assertTrue(ByLength.byLength(input).isEmpty());\n}",
    "new_imports_code": "import java.util.Arrays;"
  },
  {
    "test_behavior": "Test that a list with only one number between 1 and 9 returns the correct result",
    "test_name": "testOneNumberBetween1And9",
    "test_code": "@Test\nvoid testOneNumberBetween1And9() {\n    List<Object> input = Arrays.asList(5);\n    assertEquals(Collections.singletonList(\"Five\"), ByLength.byLength(input));\n}",
    "new_imports_code": "import java.util.Arrays;\nimport static org.junit.jupiter.api.Assertions.assertEquals;"
  },
  {
    "test_behavior": "Test that a list with multiple numbers between 1 and 9 returns the correct result",
    "test_name": "testMultipleNumbersBetween1And9",
    "test_code": "@Test\nvoid testMultipleNumbersBetween1And9() {\n    List<Object> input = Arrays.asList(2, 5, 8);\n    assertEquals(Arrays.asList(\"Eight\", \"Five\", \"Two\"), ByLength.byLength(input));\n}",
    "new_imports_code": "import java.util.Arrays;\nimport static org.junit.jupiter.api.Assertions.assertEquals;"
  },
  {
    "test_behavior": "Test that a list with duplicate numbers between 1 and 9 returns the correct result",
    "test_name": "testDuplicateNumbersBetween1And9",
    "test_code": "@Test\nvoid testDuplicateNumbersBetween1And9() {\n    List<Object> input = Arrays.asList(2, 5, 5, 8);\n    assertEquals(Arrays.asList(\"Eight\", \"Five\", \"Five\", \"Two\"), ByLength.byLength(input));\n}",
    "new_imports_code": "import java.util.Arrays;\nimport static org.junit.jupiter.api.Assertions.assertEquals;"
  },
  {
    "test_behavior": "Test that a list with numbers and non-numbers returns the correct result",
    "test_name": "testNumbersAndNonNumbers",
    "test_code": "@Test\nvoid testNumbersAndNonNumbers() {\n    List<Object> input = Arrays.asList(2, \"hello\", 5, null);\n    assertEquals(Collections.singletonList(\"Five\"), ByLength.byLength(input));\n}",
    "new_imports_code": "import java.util.Arrays;\nimport static org.junit.jupiter.api.Assertions.assertEquals;"
  }
]{"properties": {
  "test_behavior": "The byLength method returns an empty list when given an empty list",
  "test_name": "testEmptyList",
  "new_imports_code": "",
  "test_code": "@Test\nvoid testEmptyList() {\n    List<Object> input = new ArrayList<>();\n    assertTrue(ByLength.byLength(input).isEmpty());\n}"
}}[
  {
    "test_behavior": "Test that byLength function returns an empty list when given a list with non-integer values",
    "test_name": "testNonIntegerValues",
    "new_imports_code": "",
    "test_code": "@Test\nvoid testNonIntegerValues() {\n    List<Object> input = new ArrayList<>();\n    input.add(\"hello\");\n    input.add(123);\n    assertTrue(ByLength.byLength(input).isEmpty());\n}"
  },
  {
    "test_behavior": "Test that byLength function returns a list with correct names when given a list of integers between 1 and 9",
    "test_name": "testCorrectNames",
    "new_imports_code": "",
    "test_code": "@Test\nvoid testCorrectNames() {\n    List<Object> input = new ArrayList<>();\n    input.add(2);\n    input.add(1);\n    input.add(3);\n    List<Object> expected = new ArrayList<>();\n    expected.add(\"Three\");\n    expected.add(\"Two\");\n    expected.add(\"One\");\n    assertEquals(expected, ByLength.byLength(input));\n}"
  },
  {
    "test_behavior": "Test that byLength function returns an empty list when given an empty list",
    "test_name": "testEmptyList1",
    "new_imports_code": "",
    "test_code": "@Test\nvoid testEmptyList1() {\n    List<Object> input = new ArrayList<>();\n    assertTrue(ByLength.byLength(input).isEmpty());\n}"
  },
  {
    "test_behavior": "Test that byLength function returns a list with correct names when given a list of integers in reverse order",
    "test_name": "testReverseOrder",
    "new_imports_code": "",
    "test_code": "@Test\nvoid testReverseOrder() {\n    List<Object> input = new ArrayList<>();\n    input.add(9);\n    input.add(4);\n    input.add(8);\n    List<Object> expected = new ArrayList<>();\n    expected.add(\"Nine\");\n    expected.add(\"Eight\");\n    expected.add(\"Four\");\n    assertEquals(expected, ByLength.byLength(input));\n}"
  }
][
  {
    "test_behavior": "Verifies that an empty list is returned when the input list is empty",
    "test_name": "testEmptyList",
    "test_code": "@Test\nvoid testEmptyList() {\n    List<Object> input = new ArrayList<>();\n    assertTrue(ByLength.byLength(input).isEmpty());\n}",
    "new_imports_code": ""
  }
][
  {
    "test_behavior": "Test that an empty list is returned when the input list is empty",
    "test_name": "testEmptyList",
    "test_code": "@Test\nvoid testEmptyList() {\n    List<Object> input = new ArrayList<>();\n    assertTrue(ByLength.byLength(input).isEmpty());\n}",
    "new_imports_code": ""
  },
  {
    "test_behavior": "Test that the output list is empty when the input list contains only invalid numbers",
    "test_name": "testInvalidNumbers",
    "test_code": "@Test\nvoid testInvalidNumbers() {\n    List<Object> input = Arrays.asList(-1, 10, 11);\n    assertTrue(ByLength.byLength(input).isEmpty());\n}",
    "new_imports_code": ""
  },
  {
    "test_behavior": "Test that the output list contains only valid numbers when the input list contains both valid and invalid numbers",
    "test_name": "testMixedNumbers",
    "test_code": "@Test\nvoid testMixedNumbers() {\n    List<Object> input = Arrays.asList(1, -1, 2, 10);\n    List<Object> expected = Arrays.asList(\"Two\", \"One\");\n    assertEquals(expected, ByLength.byLength(input));\n}",
    "new_imports_code": ""
  },
  {
    "test_behavior": "Test that the output list is sorted and reversed correctly",
    "test_name": "testSortAndReverse",
    "test_code": "@Test\nvoid testSortAndReverse() {\n    List<Object> input = Arrays.asList(3, 1, 2);\n    List<Object> expected = Arrays.asList(\"Three\", \"Two\", \"One\");\n    assertEquals(expected, ByLength.byLength(input));\n}",
    "new_imports_code": ""
  }
]2025-05-13 17:49:55,474   ERROR : Error generating test cases: Failed to parse TestCase from completion [{"test_behavior": "Test that an empty list is returned when the input list is empty", "test_name": "testEmptyList", "test_code": "@Test\nvoid testEmptyList() {\n    List<Object> input = new ArrayList<>();\n    assertTrue(ByLength.byLength(input).isEmpty());\n}", "new_imports_code": ""}, {"test_behavior": "Test that the output list is empty when the input list contains only invalid numbers", "test_name": "testInvalidNumbers", "test_code": "@Test\nvoid testInvalidNumbers() {\n    List<Object> input = Arrays.asList(-1, 10, 11);\n    assertTrue(ByLength.byLength(input).isEmpty());\n}", "new_imports_code": ""}, {"test_behavior": "Test that the output list contains only valid numbers when the input list contains both valid and invalid numbers", "test_name": "testMixedNumbers", "test_code": "@Test\nvoid testMixedNumbers() {\n    List<Object> input = Arrays.asList(1, -1, 2, 10);\n    List<Object> expected = Arrays.asList(\"Two\", \"One\");\n    assertEquals(expected, ByLength.byLength(input));\n}", "new_imports_code": ""}, {"test_behavior": "Test that the output list is sorted and reversed correctly", "test_name": "testSortAndReverse", "test_code": "@Test\nvoid testSortAndReverse() {\n    List<Object> input = Arrays.asList(3, 1, 2);\n    List<Object> expected = Arrays.asList(\"Three\", \"Two\", \"One\");\n    assertEquals(expected, ByLength.byLength(input));\n}", "new_imports_code": ""}]. Got: 1 validation error for TestCase
  Input should be a valid dictionary or instance of TestCase [type=model_type, input_value=[{'test_behavior': 'Test ...'new_imports_code': ''}], input_type=list]
    For further information visit https://errors.pydantic.dev/2.10/v/model_type
For troubleshooting, visit: https://python.langchain.com/docs/troubleshooting/errors/OUTPUT_PARSING_FAILURE 
2025-05-13 17:49:55,475   INFO : Final line coverage: 0.9354838709677419
2025-05-13 17:49:55,475   INFO : Test generation process completed. Check the test file at /home/qinghua/projects/matg/data/HumanEvalJava/matg/src/test/java/original/id_105Test.java
2025-05-13 17:49:55,475   INFO : Tensorboard logs saved at tensorboard_logs/id_105
